[0.508s] DEBUG:colcon:Command line arguments: ['/home/ubuntu/.local/bin/colcon', 'build']
[0.508s] DEBUG:colcon:Parsed command line arguments: Namespace(log_base=None, log_level=None, verb_name='build', build_base='build', install_base='install', merge_install=False, symlink_install=False, test_result_base=None, continue_on_error=False, executor='parallel', parallel_workers=16, event_handlers=None, ignore_user_meta=False, metas=['./colcon.meta'], base_paths=['.'], packages_ignore=None, packages_ignore_regex=None, paths=None, packages_up_to=None, packages_up_to_regex=None, packages_above=None, packages_above_and_dependencies=None, packages_above_depth=None, packages_select_by_dep=None, packages_skip_by_dep=None, packages_skip_up_to=None, packages_select_build_failed=False, packages_skip_build_finished=False, packages_select_test_failures=False, packages_skip_test_passed=False, packages_select=None, packages_skip=None, packages_select_regex=None, packages_skip_regex=None, packages_start=None, packages_end=None, allow_overriding=[], cmake_args=None, cmake_target=None, cmake_target_skip_unavailable=False, cmake_clean_cache=False, cmake_clean_first=False, cmake_force_configure=False, ament_cmake_args=None, catkin_cmake_args=None, catkin_skip_building_tests=False, verb_parser=<colcon_defaults.argument_parser.defaults.DefaultArgumentsDecorator object at 0x7f1c0056bc10>, verb_extension=<colcon_core.verb.build.BuildVerb object at 0x7f1c0176a3e0>, main=<bound method BuildVerb.main of <colcon_core.verb.build.BuildVerb object at 0x7f1c0176a3e0>>)
[0.533s] Level 1:colcon.colcon_core.package_discovery:discover_packages(colcon_meta) check parameters
[0.533s] Level 1:colcon.colcon_core.package_discovery:discover_packages(recursive) check parameters
[0.533s] Level 1:colcon.colcon_core.package_discovery:discover_packages(ignore) check parameters
[0.533s] Level 1:colcon.colcon_core.package_discovery:discover_packages(path) check parameters
[0.533s] Level 1:colcon.colcon_core.package_discovery:discover_packages(colcon_meta) discover
[0.533s] Level 1:colcon.colcon_core.package_discovery:discover_packages(recursive) discover
[0.533s] INFO:colcon.colcon_core.package_discovery:Crawling recursively for packages in '/home/ubuntu/ros2_ws2'
[0.533s] Level 1:colcon.colcon_core.package_identification:_identify(.) by extensions ['ignore', 'ignore_ament_install']
[0.534s] Level 1:colcon.colcon_core.package_identification:_identify(.) by extension 'ignore'
[0.534s] Level 1:colcon.colcon_core.package_identification:_identify(.) by extension 'ignore_ament_install'
[0.534s] Level 1:colcon.colcon_core.package_identification:_identify(.) by extensions ['colcon_pkg']
[0.534s] Level 1:colcon.colcon_core.package_identification:_identify(.) by extension 'colcon_pkg'
[0.534s] Level 1:colcon.colcon_core.package_identification:_identify(.) by extensions ['colcon_meta']
[0.534s] Level 1:colcon.colcon_core.package_identification:_identify(.) by extension 'colcon_meta'
[0.534s] Level 1:colcon.colcon_core.package_identification:_identify(.) by extensions ['ros']
[0.534s] Level 1:colcon.colcon_core.package_identification:_identify(.) by extension 'ros'
[0.540s] Level 1:colcon.colcon_core.package_identification:_identify(.) by extensions ['cmake', 'python']
[0.540s] Level 1:colcon.colcon_core.package_identification:_identify(.) by extension 'cmake'
[0.540s] Level 1:colcon.colcon_core.package_identification:_identify(.) by extension 'python'
[0.540s] Level 1:colcon.colcon_core.package_identification:_identify(.) by extensions ['python_setup_py']
[0.540s] Level 1:colcon.colcon_core.package_identification:_identify(.) by extension 'python_setup_py'
[0.541s] Level 1:colcon.colcon_core.package_identification:_identify(build) by extensions ['ignore', 'ignore_ament_install']
[0.541s] Level 1:colcon.colcon_core.package_identification:_identify(build) by extension 'ignore'
[0.541s] Level 1:colcon.colcon_core.package_identification:_identify(build) ignored
[0.541s] Level 1:colcon.colcon_core.package_identification:_identify(install) by extensions ['ignore', 'ignore_ament_install']
[0.541s] Level 1:colcon.colcon_core.package_identification:_identify(install) by extension 'ignore'
[0.541s] Level 1:colcon.colcon_core.package_identification:_identify(install) ignored
[0.541s] Level 1:colcon.colcon_core.package_identification:_identify(launch) by extensions ['ignore', 'ignore_ament_install']
[0.541s] Level 1:colcon.colcon_core.package_identification:_identify(launch) by extension 'ignore'
[0.541s] Level 1:colcon.colcon_core.package_identification:_identify(launch) by extension 'ignore_ament_install'
[0.541s] Level 1:colcon.colcon_core.package_identification:_identify(launch) by extensions ['colcon_pkg']
[0.541s] Level 1:colcon.colcon_core.package_identification:_identify(launch) by extension 'colcon_pkg'
[0.541s] Level 1:colcon.colcon_core.package_identification:_identify(launch) by extensions ['colcon_meta']
[0.541s] Level 1:colcon.colcon_core.package_identification:_identify(launch) by extension 'colcon_meta'
[0.541s] Level 1:colcon.colcon_core.package_identification:_identify(launch) by extensions ['ros']
[0.541s] Level 1:colcon.colcon_core.package_identification:_identify(launch) by extension 'ros'
[0.541s] Level 1:colcon.colcon_core.package_identification:_identify(launch) by extensions ['cmake', 'python']
[0.541s] Level 1:colcon.colcon_core.package_identification:_identify(launch) by extension 'cmake'
[0.541s] Level 1:colcon.colcon_core.package_identification:_identify(launch) by extension 'python'
[0.541s] Level 1:colcon.colcon_core.package_identification:_identify(launch) by extensions ['python_setup_py']
[0.541s] Level 1:colcon.colcon_core.package_identification:_identify(launch) by extension 'python_setup_py'
[0.541s] Level 1:colcon.colcon_core.package_identification:_identify(log) by extensions ['ignore', 'ignore_ament_install']
[0.541s] Level 1:colcon.colcon_core.package_identification:_identify(log) by extension 'ignore'
[0.541s] Level 1:colcon.colcon_core.package_identification:_identify(log) ignored
[0.541s] Level 1:colcon.colcon_core.package_identification:_identify(resources) by extensions ['ignore', 'ignore_ament_install']
[0.541s] Level 1:colcon.colcon_core.package_identification:_identify(resources) by extension 'ignore'
[0.541s] Level 1:colcon.colcon_core.package_identification:_identify(resources) by extension 'ignore_ament_install'
[0.541s] Level 1:colcon.colcon_core.package_identification:_identify(resources) by extensions ['colcon_pkg']
[0.541s] Level 1:colcon.colcon_core.package_identification:_identify(resources) by extension 'colcon_pkg'
[0.541s] Level 1:colcon.colcon_core.package_identification:_identify(resources) by extensions ['colcon_meta']
[0.541s] Level 1:colcon.colcon_core.package_identification:_identify(resources) by extension 'colcon_meta'
[0.541s] Level 1:colcon.colcon_core.package_identification:_identify(resources) by extensions ['ros']
[0.541s] Level 1:colcon.colcon_core.package_identification:_identify(resources) by extension 'ros'
[0.542s] Level 1:colcon.colcon_core.package_identification:_identify(resources) by extensions ['cmake', 'python']
[0.542s] Level 1:colcon.colcon_core.package_identification:_identify(resources) by extension 'cmake'
[0.542s] Level 1:colcon.colcon_core.package_identification:_identify(resources) by extension 'python'
[0.542s] Level 1:colcon.colcon_core.package_identification:_identify(resources) by extensions ['python_setup_py']
[0.542s] Level 1:colcon.colcon_core.package_identification:_identify(resources) by extension 'python_setup_py'
[0.542s] Level 1:colcon.colcon_core.package_identification:_identify(src) by extensions ['ignore', 'ignore_ament_install']
[0.542s] Level 1:colcon.colcon_core.package_identification:_identify(src) by extension 'ignore'
[0.542s] Level 1:colcon.colcon_core.package_identification:_identify(src) by extension 'ignore_ament_install'
[0.542s] Level 1:colcon.colcon_core.package_identification:_identify(src) by extensions ['colcon_pkg']
[0.542s] Level 1:colcon.colcon_core.package_identification:_identify(src) by extension 'colcon_pkg'
[0.542s] Level 1:colcon.colcon_core.package_identification:_identify(src) by extensions ['colcon_meta']
[0.542s] Level 1:colcon.colcon_core.package_identification:_identify(src) by extension 'colcon_meta'
[0.542s] Level 1:colcon.colcon_core.package_identification:_identify(src) by extensions ['ros']
[0.542s] Level 1:colcon.colcon_core.package_identification:_identify(src) by extension 'ros'
[0.542s] Level 1:colcon.colcon_core.package_identification:_identify(src) by extensions ['cmake', 'python']
[0.542s] Level 1:colcon.colcon_core.package_identification:_identify(src) by extension 'cmake'
[0.542s] Level 1:colcon.colcon_core.package_identification:_identify(src) by extension 'python'
[0.542s] Level 1:colcon.colcon_core.package_identification:_identify(src) by extensions ['python_setup_py']
[0.542s] Level 1:colcon.colcon_core.package_identification:_identify(src) by extension 'python_setup_py'
[0.542s] Level 1:colcon.colcon_core.package_identification:_identify(src/build) by extensions ['ignore', 'ignore_ament_install']
[0.542s] Level 1:colcon.colcon_core.package_identification:_identify(src/build) by extension 'ignore'
[0.542s] Level 1:colcon.colcon_core.package_identification:_identify(src/build) ignored
[0.542s] Level 1:colcon.colcon_core.package_identification:_identify(src/install) by extensions ['ignore', 'ignore_ament_install']
[0.542s] Level 1:colcon.colcon_core.package_identification:_identify(src/install) by extension 'ignore'
[0.542s] Level 1:colcon.colcon_core.package_identification:_identify(src/install) ignored
[0.542s] Level 1:colcon.colcon_core.package_identification:_identify(src/log) by extensions ['ignore', 'ignore_ament_install']
[0.542s] Level 1:colcon.colcon_core.package_identification:_identify(src/log) by extension 'ignore'
[0.542s] Level 1:colcon.colcon_core.package_identification:_identify(src/log) ignored
[0.542s] Level 1:colcon.colcon_core.package_identification:_identify(src/rob599_hw3) by extensions ['ignore', 'ignore_ament_install']
[0.542s] Level 1:colcon.colcon_core.package_identification:_identify(src/rob599_hw3) by extension 'ignore'
[0.542s] Level 1:colcon.colcon_core.package_identification:_identify(src/rob599_hw3) by extension 'ignore_ament_install'
[0.542s] Level 1:colcon.colcon_core.package_identification:_identify(src/rob599_hw3) by extensions ['colcon_pkg']
[0.543s] Level 1:colcon.colcon_core.package_identification:_identify(src/rob599_hw3) by extension 'colcon_pkg'
[0.543s] Level 1:colcon.colcon_core.package_identification:_identify(src/rob599_hw3) by extensions ['colcon_meta']
[0.543s] Level 1:colcon.colcon_core.package_identification:_identify(src/rob599_hw3) by extension 'colcon_meta'
[0.543s] Level 1:colcon.colcon_core.package_identification:_identify(src/rob599_hw3) by extensions ['ros']
[0.543s] Level 1:colcon.colcon_core.package_identification:_identify(src/rob599_hw3) by extension 'ros'
[0.544s] DEBUG:colcon.colcon_core.package_identification:Package 'src/rob599_hw3' with type 'ros.ament_python' and name 'rob599_hw3'
[0.544s] Level 1:colcon.colcon_core.package_identification:_identify(src/rob599_msgs2) by extensions ['ignore', 'ignore_ament_install']
[0.545s] Level 1:colcon.colcon_core.package_identification:_identify(src/rob599_msgs2) by extension 'ignore'
[0.545s] Level 1:colcon.colcon_core.package_identification:_identify(src/rob599_msgs2) by extension 'ignore_ament_install'
[0.545s] Level 1:colcon.colcon_core.package_identification:_identify(src/rob599_msgs2) by extensions ['colcon_pkg']
[0.545s] Level 1:colcon.colcon_core.package_identification:_identify(src/rob599_msgs2) by extension 'colcon_pkg'
[0.545s] Level 1:colcon.colcon_core.package_identification:_identify(src/rob599_msgs2) by extensions ['colcon_meta']
[0.545s] Level 1:colcon.colcon_core.package_identification:_identify(src/rob599_msgs2) by extension 'colcon_meta'
[0.545s] Level 1:colcon.colcon_core.package_identification:_identify(src/rob599_msgs2) by extensions ['ros']
[0.545s] Level 1:colcon.colcon_core.package_identification:_identify(src/rob599_msgs2) by extension 'ros'
[0.545s] DEBUG:colcon.colcon_core.package_identification:Package 'src/rob599_msgs2' with type 'ros.ament_cmake' and name 'rob599_msgs2'
[0.545s] Level 1:colcon.colcon_core.package_identification:_identify(src/turtlebot3_simulations) by extensions ['ignore', 'ignore_ament_install']
[0.545s] Level 1:colcon.colcon_core.package_identification:_identify(src/turtlebot3_simulations) by extension 'ignore'
[0.545s] Level 1:colcon.colcon_core.package_identification:_identify(src/turtlebot3_simulations) by extension 'ignore_ament_install'
[0.545s] Level 1:colcon.colcon_core.package_identification:_identify(src/turtlebot3_simulations) by extensions ['colcon_pkg']
[0.545s] Level 1:colcon.colcon_core.package_identification:_identify(src/turtlebot3_simulations) by extension 'colcon_pkg'
[0.545s] Level 1:colcon.colcon_core.package_identification:_identify(src/turtlebot3_simulations) by extensions ['colcon_meta']
[0.545s] Level 1:colcon.colcon_core.package_identification:_identify(src/turtlebot3_simulations) by extension 'colcon_meta'
[0.545s] Level 1:colcon.colcon_core.package_identification:_identify(src/turtlebot3_simulations) by extensions ['ros']
[0.545s] Level 1:colcon.colcon_core.package_identification:_identify(src/turtlebot3_simulations) by extension 'ros'
[0.545s] Level 1:colcon.colcon_core.package_identification:_identify(src/turtlebot3_simulations) by extensions ['cmake', 'python']
[0.545s] Level 1:colcon.colcon_core.package_identification:_identify(src/turtlebot3_simulations) by extension 'cmake'
[0.545s] Level 1:colcon.colcon_core.package_identification:_identify(src/turtlebot3_simulations) by extension 'python'
[0.545s] Level 1:colcon.colcon_core.package_identification:_identify(src/turtlebot3_simulations) by extensions ['python_setup_py']
[0.545s] Level 1:colcon.colcon_core.package_identification:_identify(src/turtlebot3_simulations) by extension 'python_setup_py'
[0.545s] Level 1:colcon.colcon_core.package_identification:_identify(src/turtlebot3_simulations/turtlebot3_fake_node) by extensions ['ignore', 'ignore_ament_install']
[0.545s] Level 1:colcon.colcon_core.package_identification:_identify(src/turtlebot3_simulations/turtlebot3_fake_node) by extension 'ignore'
[0.545s] Level 1:colcon.colcon_core.package_identification:_identify(src/turtlebot3_simulations/turtlebot3_fake_node) by extension 'ignore_ament_install'
[0.545s] Level 1:colcon.colcon_core.package_identification:_identify(src/turtlebot3_simulations/turtlebot3_fake_node) by extensions ['colcon_pkg']
[0.545s] Level 1:colcon.colcon_core.package_identification:_identify(src/turtlebot3_simulations/turtlebot3_fake_node) by extension 'colcon_pkg'
[0.546s] Level 1:colcon.colcon_core.package_identification:_identify(src/turtlebot3_simulations/turtlebot3_fake_node) by extensions ['colcon_meta']
[0.546s] Level 1:colcon.colcon_core.package_identification:_identify(src/turtlebot3_simulations/turtlebot3_fake_node) by extension 'colcon_meta'
[0.546s] Level 1:colcon.colcon_core.package_identification:_identify(src/turtlebot3_simulations/turtlebot3_fake_node) by extensions ['ros']
[0.546s] Level 1:colcon.colcon_core.package_identification:_identify(src/turtlebot3_simulations/turtlebot3_fake_node) by extension 'ros'
[0.546s] DEBUG:colcon.colcon_core.package_identification:Package 'src/turtlebot3_simulations/turtlebot3_fake_node' with type 'ros.ament_cmake' and name 'turtlebot3_fake_node'
[0.546s] Level 1:colcon.colcon_core.package_identification:_identify(src/turtlebot3_simulations/turtlebot3_gazebo) by extensions ['ignore', 'ignore_ament_install']
[0.546s] Level 1:colcon.colcon_core.package_identification:_identify(src/turtlebot3_simulations/turtlebot3_gazebo) by extension 'ignore'
[0.546s] Level 1:colcon.colcon_core.package_identification:_identify(src/turtlebot3_simulations/turtlebot3_gazebo) by extension 'ignore_ament_install'
[0.546s] Level 1:colcon.colcon_core.package_identification:_identify(src/turtlebot3_simulations/turtlebot3_gazebo) by extensions ['colcon_pkg']
[0.546s] Level 1:colcon.colcon_core.package_identification:_identify(src/turtlebot3_simulations/turtlebot3_gazebo) by extension 'colcon_pkg'
[0.546s] Level 1:colcon.colcon_core.package_identification:_identify(src/turtlebot3_simulations/turtlebot3_gazebo) by extensions ['colcon_meta']
[0.546s] Level 1:colcon.colcon_core.package_identification:_identify(src/turtlebot3_simulations/turtlebot3_gazebo) by extension 'colcon_meta'
[0.546s] Level 1:colcon.colcon_core.package_identification:_identify(src/turtlebot3_simulations/turtlebot3_gazebo) by extensions ['ros']
[0.547s] Level 1:colcon.colcon_core.package_identification:_identify(src/turtlebot3_simulations/turtlebot3_gazebo) by extension 'ros'
[0.547s] DEBUG:colcon.colcon_core.package_identification:Package 'src/turtlebot3_simulations/turtlebot3_gazebo' with type 'ros.ament_cmake' and name 'turtlebot3_gazebo'
[0.547s] Level 1:colcon.colcon_core.package_identification:_identify(src/turtlebot3_simulations/turtlebot3_simulations) by extensions ['ignore', 'ignore_ament_install']
[0.547s] Level 1:colcon.colcon_core.package_identification:_identify(src/turtlebot3_simulations/turtlebot3_simulations) by extension 'ignore'
[0.547s] Level 1:colcon.colcon_core.package_identification:_identify(src/turtlebot3_simulations/turtlebot3_simulations) by extension 'ignore_ament_install'
[0.547s] Level 1:colcon.colcon_core.package_identification:_identify(src/turtlebot3_simulations/turtlebot3_simulations) by extensions ['colcon_pkg']
[0.547s] Level 1:colcon.colcon_core.package_identification:_identify(src/turtlebot3_simulations/turtlebot3_simulations) by extension 'colcon_pkg'
[0.547s] Level 1:colcon.colcon_core.package_identification:_identify(src/turtlebot3_simulations/turtlebot3_simulations) by extensions ['colcon_meta']
[0.547s] Level 1:colcon.colcon_core.package_identification:_identify(src/turtlebot3_simulations/turtlebot3_simulations) by extension 'colcon_meta'
[0.547s] Level 1:colcon.colcon_core.package_identification:_identify(src/turtlebot3_simulations/turtlebot3_simulations) by extensions ['ros']
[0.547s] Level 1:colcon.colcon_core.package_identification:_identify(src/turtlebot3_simulations/turtlebot3_simulations) by extension 'ros'
[0.548s] DEBUG:colcon.colcon_core.package_identification:Package 'src/turtlebot3_simulations/turtlebot3_simulations' with type 'ros.ament_cmake' and name 'turtlebot3_simulations'
[0.548s] Level 1:colcon.colcon_core.package_discovery:discover_packages(recursive) using defaults
[0.548s] Level 1:colcon.colcon_core.package_discovery:discover_packages(ignore) discover
[0.548s] Level 1:colcon.colcon_core.package_discovery:discover_packages(ignore) using defaults
[0.548s] Level 1:colcon.colcon_core.package_discovery:discover_packages(path) discover
[0.548s] Level 1:colcon.colcon_core.package_discovery:discover_packages(path) using defaults
[0.594s] Level 1:colcon.colcon_core.package_discovery:discover_packages(prefix_path) check parameters
[0.594s] Level 1:colcon.colcon_core.package_discovery:discover_packages(prefix_path) discover
[0.610s] DEBUG:colcon.colcon_installed_package_information.package_discovery:Found 5 installed packages in /home/ubuntu/ros2_ws2/install
[0.617s] DEBUG:colcon.colcon_installed_package_information.package_discovery:Found 381 installed packages in /opt/ros/humble
[0.618s] Level 1:colcon.colcon_core.package_discovery:discover_packages(prefix_path) using defaults
[0.677s] Level 5:colcon.colcon_core.verb:set package 'rob599_msgs2' build argument 'cmake_args' from command line to 'None'
[0.677s] Level 5:colcon.colcon_core.verb:set package 'rob599_msgs2' build argument 'cmake_target' from command line to 'None'
[0.677s] Level 5:colcon.colcon_core.verb:set package 'rob599_msgs2' build argument 'cmake_target_skip_unavailable' from command line to 'False'
[0.677s] Level 5:colcon.colcon_core.verb:set package 'rob599_msgs2' build argument 'cmake_clean_cache' from command line to 'False'
[0.677s] Level 5:colcon.colcon_core.verb:set package 'rob599_msgs2' build argument 'cmake_clean_first' from command line to 'False'
[0.677s] Level 5:colcon.colcon_core.verb:set package 'rob599_msgs2' build argument 'cmake_force_configure' from command line to 'False'
[0.677s] Level 5:colcon.colcon_core.verb:set package 'rob599_msgs2' build argument 'ament_cmake_args' from command line to 'None'
[0.677s] Level 5:colcon.colcon_core.verb:set package 'rob599_msgs2' build argument 'catkin_cmake_args' from command line to 'None'
[0.677s] Level 5:colcon.colcon_core.verb:set package 'rob599_msgs2' build argument 'catkin_skip_building_tests' from command line to 'False'
[0.677s] DEBUG:colcon.colcon_core.verb:Building package 'rob599_msgs2' with the following arguments: {'ament_cmake_args': None, 'build_base': '/home/ubuntu/ros2_ws2/build/rob599_msgs2', 'catkin_cmake_args': None, 'catkin_skip_building_tests': False, 'cmake_args': None, 'cmake_clean_cache': False, 'cmake_clean_first': False, 'cmake_force_configure': False, 'cmake_target': None, 'cmake_target_skip_unavailable': False, 'install_base': '/home/ubuntu/ros2_ws2/install/rob599_msgs2', 'merge_install': False, 'path': '/home/ubuntu/ros2_ws2/src/rob599_msgs2', 'symlink_install': False, 'test_result_base': None}
[0.684s] Level 5:colcon.colcon_core.verb:set package 'turtlebot3_fake_node' build argument 'cmake_args' from command line to 'None'
[0.684s] Level 5:colcon.colcon_core.verb:set package 'turtlebot3_fake_node' build argument 'cmake_target' from command line to 'None'
[0.684s] Level 5:colcon.colcon_core.verb:set package 'turtlebot3_fake_node' build argument 'cmake_target_skip_unavailable' from command line to 'False'
[0.684s] Level 5:colcon.colcon_core.verb:set package 'turtlebot3_fake_node' build argument 'cmake_clean_cache' from command line to 'False'
[0.684s] Level 5:colcon.colcon_core.verb:set package 'turtlebot3_fake_node' build argument 'cmake_clean_first' from command line to 'False'
[0.684s] Level 5:colcon.colcon_core.verb:set package 'turtlebot3_fake_node' build argument 'cmake_force_configure' from command line to 'False'
[0.684s] Level 5:colcon.colcon_core.verb:set package 'turtlebot3_fake_node' build argument 'ament_cmake_args' from command line to 'None'
[0.684s] Level 5:colcon.colcon_core.verb:set package 'turtlebot3_fake_node' build argument 'catkin_cmake_args' from command line to 'None'
[0.684s] Level 5:colcon.colcon_core.verb:set package 'turtlebot3_fake_node' build argument 'catkin_skip_building_tests' from command line to 'False'
[0.684s] DEBUG:colcon.colcon_core.verb:Building package 'turtlebot3_fake_node' with the following arguments: {'ament_cmake_args': None, 'build_base': '/home/ubuntu/ros2_ws2/build/turtlebot3_fake_node', 'catkin_cmake_args': None, 'catkin_skip_building_tests': False, 'cmake_args': None, 'cmake_clean_cache': False, 'cmake_clean_first': False, 'cmake_force_configure': False, 'cmake_target': None, 'cmake_target_skip_unavailable': False, 'install_base': '/home/ubuntu/ros2_ws2/install/turtlebot3_fake_node', 'merge_install': False, 'path': '/home/ubuntu/ros2_ws2/src/turtlebot3_simulations/turtlebot3_fake_node', 'symlink_install': False, 'test_result_base': None}
[0.691s] Level 5:colcon.colcon_core.verb:set package 'turtlebot3_gazebo' build argument 'cmake_args' from command line to 'None'
[0.691s] Level 5:colcon.colcon_core.verb:set package 'turtlebot3_gazebo' build argument 'cmake_target' from command line to 'None'
[0.691s] Level 5:colcon.colcon_core.verb:set package 'turtlebot3_gazebo' build argument 'cmake_target_skip_unavailable' from command line to 'False'
[0.691s] Level 5:colcon.colcon_core.verb:set package 'turtlebot3_gazebo' build argument 'cmake_clean_cache' from command line to 'False'
[0.691s] Level 5:colcon.colcon_core.verb:set package 'turtlebot3_gazebo' build argument 'cmake_clean_first' from command line to 'False'
[0.691s] Level 5:colcon.colcon_core.verb:set package 'turtlebot3_gazebo' build argument 'cmake_force_configure' from command line to 'False'
[0.691s] Level 5:colcon.colcon_core.verb:set package 'turtlebot3_gazebo' build argument 'ament_cmake_args' from command line to 'None'
[0.691s] Level 5:colcon.colcon_core.verb:set package 'turtlebot3_gazebo' build argument 'catkin_cmake_args' from command line to 'None'
[0.691s] Level 5:colcon.colcon_core.verb:set package 'turtlebot3_gazebo' build argument 'catkin_skip_building_tests' from command line to 'False'
[0.691s] DEBUG:colcon.colcon_core.verb:Building package 'turtlebot3_gazebo' with the following arguments: {'ament_cmake_args': None, 'build_base': '/home/ubuntu/ros2_ws2/build/turtlebot3_gazebo', 'catkin_cmake_args': None, 'catkin_skip_building_tests': False, 'cmake_args': None, 'cmake_clean_cache': False, 'cmake_clean_first': False, 'cmake_force_configure': False, 'cmake_target': None, 'cmake_target_skip_unavailable': False, 'install_base': '/home/ubuntu/ros2_ws2/install/turtlebot3_gazebo', 'merge_install': False, 'path': '/home/ubuntu/ros2_ws2/src/turtlebot3_simulations/turtlebot3_gazebo', 'symlink_install': False, 'test_result_base': None}
[0.698s] Level 5:colcon.colcon_core.verb:set package 'rob599_hw3' build argument 'cmake_args' from command line to 'None'
[0.698s] Level 5:colcon.colcon_core.verb:set package 'rob599_hw3' build argument 'cmake_target' from command line to 'None'
[0.698s] Level 5:colcon.colcon_core.verb:set package 'rob599_hw3' build argument 'cmake_target_skip_unavailable' from command line to 'False'
[0.698s] Level 5:colcon.colcon_core.verb:set package 'rob599_hw3' build argument 'cmake_clean_cache' from command line to 'False'
[0.698s] Level 5:colcon.colcon_core.verb:set package 'rob599_hw3' build argument 'cmake_clean_first' from command line to 'False'
[0.698s] Level 5:colcon.colcon_core.verb:set package 'rob599_hw3' build argument 'cmake_force_configure' from command line to 'False'
[0.698s] Level 5:colcon.colcon_core.verb:set package 'rob599_hw3' build argument 'ament_cmake_args' from command line to 'None'
[0.698s] Level 5:colcon.colcon_core.verb:set package 'rob599_hw3' build argument 'catkin_cmake_args' from command line to 'None'
[0.698s] Level 5:colcon.colcon_core.verb:set package 'rob599_hw3' build argument 'catkin_skip_building_tests' from command line to 'False'
[0.698s] DEBUG:colcon.colcon_core.verb:Building package 'rob599_hw3' with the following arguments: {'ament_cmake_args': None, 'build_base': '/home/ubuntu/ros2_ws2/build/rob599_hw3', 'catkin_cmake_args': None, 'catkin_skip_building_tests': False, 'cmake_args': None, 'cmake_clean_cache': False, 'cmake_clean_first': False, 'cmake_force_configure': False, 'cmake_target': None, 'cmake_target_skip_unavailable': False, 'install_base': '/home/ubuntu/ros2_ws2/install/rob599_hw3', 'merge_install': False, 'path': '/home/ubuntu/ros2_ws2/src/rob599_hw3', 'symlink_install': False, 'test_result_base': None}
[0.705s] Level 5:colcon.colcon_core.verb:set package 'turtlebot3_simulations' build argument 'cmake_args' from command line to 'None'
[0.705s] Level 5:colcon.colcon_core.verb:set package 'turtlebot3_simulations' build argument 'cmake_target' from command line to 'None'
[0.705s] Level 5:colcon.colcon_core.verb:set package 'turtlebot3_simulations' build argument 'cmake_target_skip_unavailable' from command line to 'False'
[0.705s] Level 5:colcon.colcon_core.verb:set package 'turtlebot3_simulations' build argument 'cmake_clean_cache' from command line to 'False'
[0.705s] Level 5:colcon.colcon_core.verb:set package 'turtlebot3_simulations' build argument 'cmake_clean_first' from command line to 'False'
[0.705s] Level 5:colcon.colcon_core.verb:set package 'turtlebot3_simulations' build argument 'cmake_force_configure' from command line to 'False'
[0.705s] Level 5:colcon.colcon_core.verb:set package 'turtlebot3_simulations' build argument 'ament_cmake_args' from command line to 'None'
[0.705s] Level 5:colcon.colcon_core.verb:set package 'turtlebot3_simulations' build argument 'catkin_cmake_args' from command line to 'None'
[0.706s] Level 5:colcon.colcon_core.verb:set package 'turtlebot3_simulations' build argument 'catkin_skip_building_tests' from command line to 'False'
[0.706s] DEBUG:colcon.colcon_core.verb:Building package 'turtlebot3_simulations' with the following arguments: {'ament_cmake_args': None, 'build_base': '/home/ubuntu/ros2_ws2/build/turtlebot3_simulations', 'catkin_cmake_args': None, 'catkin_skip_building_tests': False, 'cmake_args': None, 'cmake_clean_cache': False, 'cmake_clean_first': False, 'cmake_force_configure': False, 'cmake_target': None, 'cmake_target_skip_unavailable': False, 'install_base': '/home/ubuntu/ros2_ws2/install/turtlebot3_simulations', 'merge_install': False, 'path': '/home/ubuntu/ros2_ws2/src/turtlebot3_simulations/turtlebot3_simulations', 'symlink_install': False, 'test_result_base': None}
[0.712s] INFO:colcon.colcon_core.executor:Executing jobs using 'parallel' executor
[0.720s] DEBUG:colcon.colcon_parallel_executor.executor.parallel:run_until_complete
[0.720s] INFO:colcon.colcon_ros.task.ament_cmake.build:Building ROS package in '/home/ubuntu/ros2_ws2/src/turtlebot3_simulations/turtlebot3_gazebo' with build type 'ament_cmake'
[0.720s] INFO:colcon.colcon_cmake.task.cmake.build:Building CMake package in '/home/ubuntu/ros2_ws2/src/turtlebot3_simulations/turtlebot3_gazebo'
[0.728s] INFO:colcon.colcon_core.plugin_system:Skipping extension 'colcon_core.shell.bat': Not used on non-Windows systems
[0.729s] INFO:colcon.colcon_core.shell:Skip shell extension 'powershell' for command environment: Not usable outside of PowerShell
[0.729s] DEBUG:colcon.colcon_core.shell:Skip shell extension 'dsv' for command environment
[0.753s] INFO:colcon.colcon_ros.task.ament_cmake.build:Building ROS package in '/home/ubuntu/ros2_ws2/src/rob599_msgs2' with build type 'ament_cmake'
[0.753s] INFO:colcon.colcon_cmake.task.cmake.build:Building CMake package in '/home/ubuntu/ros2_ws2/src/rob599_msgs2'
[0.763s] INFO:colcon.colcon_core.shell:Skip shell extension 'powershell' for command environment: Not usable outside of PowerShell
[0.763s] DEBUG:colcon.colcon_core.shell:Skip shell extension 'dsv' for command environment
[0.791s] INFO:colcon.colcon_ros.task.ament_cmake.build:Building ROS package in '/home/ubuntu/ros2_ws2/src/turtlebot3_simulations/turtlebot3_fake_node' with build type 'ament_cmake'
[0.792s] INFO:colcon.colcon_cmake.task.cmake.build:Building CMake package in '/home/ubuntu/ros2_ws2/src/turtlebot3_simulations/turtlebot3_fake_node'
[0.799s] INFO:colcon.colcon_core.shell:Skip shell extension 'powershell' for command environment: Not usable outside of PowerShell
[0.799s] DEBUG:colcon.colcon_core.shell:Skip shell extension 'dsv' for command environment
[0.826s] DEBUG:colcon.colcon_core.event_handler.log_command:Invoking command in '/home/ubuntu/ros2_ws2/build/turtlebot3_gazebo': CMAKE_PREFIX_PATH=${CMAKE_PREFIX_PATH}:/home/ubuntu/ros2_ws2/install/rob599_hw3:/opt/ros/humble /usr/bin/cmake --build /home/ubuntu/ros2_ws2/build/turtlebot3_gazebo -- -j16 -l16
[0.829s] DEBUG:colcon.colcon_core.event_handler.log_command:Invoking command in '/home/ubuntu/ros2_ws2/build/rob599_msgs2': CMAKE_PREFIX_PATH=${CMAKE_PREFIX_PATH}:/home/ubuntu/ros2_ws2/install/rob599_hw3:/opt/ros/humble /usr/bin/cmake --build /home/ubuntu/ros2_ws2/build/rob599_msgs2 -- -j16 -l16
[0.831s] DEBUG:colcon.colcon_core.event_handler.log_command:Invoking command in '/home/ubuntu/ros2_ws2/build/turtlebot3_fake_node': CMAKE_PREFIX_PATH=${CMAKE_PREFIX_PATH}:/home/ubuntu/ros2_ws2/install/rob599_hw3:/opt/ros/humble /usr/bin/cmake --build /home/ubuntu/ros2_ws2/build/turtlebot3_fake_node -- -j16 -l16
[0.878s] DEBUG:colcon.colcon_core.event_handler.log_command:Invoked command in '/home/ubuntu/ros2_ws2/build/turtlebot3_fake_node' returned '0': CMAKE_PREFIX_PATH=${CMAKE_PREFIX_PATH}:/home/ubuntu/ros2_ws2/install/rob599_hw3:/opt/ros/humble /usr/bin/cmake --build /home/ubuntu/ros2_ws2/build/turtlebot3_fake_node -- -j16 -l16
[0.891s] DEBUG:colcon.colcon_core.event_handler.log_command:Invoked command in '/home/ubuntu/ros2_ws2/build/turtlebot3_gazebo' returned '0': CMAKE_PREFIX_PATH=${CMAKE_PREFIX_PATH}:/home/ubuntu/ros2_ws2/install/rob599_hw3:/opt/ros/humble /usr/bin/cmake --build /home/ubuntu/ros2_ws2/build/turtlebot3_gazebo -- -j16 -l16
[0.902s] DEBUG:colcon.colcon_core.event_handler.log_command:Invoking command in '/home/ubuntu/ros2_ws2/build/turtlebot3_fake_node': CMAKE_PREFIX_PATH=${CMAKE_PREFIX_PATH}:/home/ubuntu/ros2_ws2/install/rob599_hw3:/opt/ros/humble /usr/bin/cmake --install /home/ubuntu/ros2_ws2/build/turtlebot3_fake_node
[0.908s] Level 1:colcon.colcon_core.environment:create_environment_scripts_only(turtlebot3_fake_node)
[0.908s] DEBUG:colcon.colcon_core.event_handler.log_command:Invoked command in '/home/ubuntu/ros2_ws2/build/turtlebot3_fake_node' returned '0': CMAKE_PREFIX_PATH=${CMAKE_PREFIX_PATH}:/home/ubuntu/ros2_ws2/install/rob599_hw3:/opt/ros/humble /usr/bin/cmake --install /home/ubuntu/ros2_ws2/build/turtlebot3_fake_node
[0.919s] Level 1:colcon.colcon_core.environment:checking '/home/ubuntu/ros2_ws2/install/turtlebot3_fake_node' for CMake module files
[0.919s] Level 1:colcon.colcon_core.environment:checking '/home/ubuntu/ros2_ws2/install/turtlebot3_fake_node' for CMake config files
[0.919s] Level 1:colcon.colcon_core.shell:create_environment_hook('turtlebot3_fake_node', 'cmake_prefix_path')
[0.928s] INFO:colcon.colcon_core.shell:Creating environment hook '/home/ubuntu/ros2_ws2/install/turtlebot3_fake_node/share/turtlebot3_fake_node/hook/cmake_prefix_path.ps1'
[0.928s] INFO:colcon.colcon_core.shell:Creating environment descriptor '/home/ubuntu/ros2_ws2/install/turtlebot3_fake_node/share/turtlebot3_fake_node/hook/cmake_prefix_path.dsv'
[0.929s] INFO:colcon.colcon_core.shell:Creating environment hook '/home/ubuntu/ros2_ws2/install/turtlebot3_fake_node/share/turtlebot3_fake_node/hook/cmake_prefix_path.sh'
[0.929s] Level 1:colcon.colcon_core.environment:checking '/home/ubuntu/ros2_ws2/install/turtlebot3_fake_node/lib'
[0.929s] Level 1:colcon.colcon_core.environment:checking '/home/ubuntu/ros2_ws2/install/turtlebot3_fake_node/bin'
[0.929s] Level 1:colcon.colcon_core.environment:checking '/home/ubuntu/ros2_ws2/install/turtlebot3_fake_node/lib/pkgconfig/turtlebot3_fake_node.pc'
[0.929s] Level 1:colcon.colcon_core.environment:checking '/home/ubuntu/ros2_ws2/install/turtlebot3_fake_node/lib/python3.10/site-packages'
[0.930s] Level 1:colcon.colcon_core.environment:checking '/home/ubuntu/ros2_ws2/install/turtlebot3_fake_node/bin'
[0.938s] INFO:colcon.colcon_core.shell:Creating package script '/home/ubuntu/ros2_ws2/install/turtlebot3_fake_node/share/turtlebot3_fake_node/package.ps1'
[0.938s] INFO:colcon.colcon_core.shell:Creating package descriptor '/home/ubuntu/ros2_ws2/install/turtlebot3_fake_node/share/turtlebot3_fake_node/package.dsv'
[0.938s] INFO:colcon.colcon_core.shell:Creating package script '/home/ubuntu/ros2_ws2/install/turtlebot3_fake_node/share/turtlebot3_fake_node/package.sh'
[0.939s] INFO:colcon.colcon_core.shell:Creating package script '/home/ubuntu/ros2_ws2/install/turtlebot3_fake_node/share/turtlebot3_fake_node/package.bash'
[0.939s] INFO:colcon.colcon_core.shell:Creating package script '/home/ubuntu/ros2_ws2/install/turtlebot3_fake_node/share/turtlebot3_fake_node/package.zsh'
[0.939s] Level 1:colcon.colcon_core.environment:create_file_with_runtime_dependencies(/home/ubuntu/ros2_ws2/install/turtlebot3_fake_node/share/colcon-core/packages/turtlebot3_fake_node)
[0.942s] DEBUG:colcon.colcon_core.event_handler.log_command:Invoking command in '/home/ubuntu/ros2_ws2/build/turtlebot3_gazebo': CMAKE_PREFIX_PATH=${CMAKE_PREFIX_PATH}:/home/ubuntu/ros2_ws2/install/rob599_hw3:/opt/ros/humble /usr/bin/cmake --install /home/ubuntu/ros2_ws2/build/turtlebot3_gazebo
[0.950s] Level 1:colcon.colcon_core.environment:create_environment_scripts_only(turtlebot3_gazebo)
[0.955s] DEBUG:colcon.colcon_core.event_handler.log_command:Invoked command in '/home/ubuntu/ros2_ws2/build/turtlebot3_gazebo' returned '0': CMAKE_PREFIX_PATH=${CMAKE_PREFIX_PATH}:/home/ubuntu/ros2_ws2/install/rob599_hw3:/opt/ros/humble /usr/bin/cmake --install /home/ubuntu/ros2_ws2/build/turtlebot3_gazebo
[0.970s] Level 1:colcon.colcon_core.environment:checking '/home/ubuntu/ros2_ws2/install/turtlebot3_gazebo' for CMake module files
[0.970s] Level 1:colcon.colcon_core.environment:checking '/home/ubuntu/ros2_ws2/install/turtlebot3_gazebo' for CMake config files
[0.971s] Level 1:colcon.colcon_core.shell:create_environment_hook('turtlebot3_gazebo', 'cmake_prefix_path')
[0.982s] INFO:colcon.colcon_core.shell:Creating environment hook '/home/ubuntu/ros2_ws2/install/turtlebot3_gazebo/share/turtlebot3_gazebo/hook/cmake_prefix_path.ps1'
[0.982s] INFO:colcon.colcon_core.shell:Creating environment descriptor '/home/ubuntu/ros2_ws2/install/turtlebot3_gazebo/share/turtlebot3_gazebo/hook/cmake_prefix_path.dsv'
[0.982s] INFO:colcon.colcon_core.shell:Creating environment hook '/home/ubuntu/ros2_ws2/install/turtlebot3_gazebo/share/turtlebot3_gazebo/hook/cmake_prefix_path.sh'
[0.983s] Level 1:colcon.colcon_core.environment:checking '/home/ubuntu/ros2_ws2/install/turtlebot3_gazebo/lib'
[0.983s] Level 1:colcon.colcon_core.environment:checking '/home/ubuntu/ros2_ws2/install/turtlebot3_gazebo/bin'
[0.983s] Level 1:colcon.colcon_core.environment:checking '/home/ubuntu/ros2_ws2/install/turtlebot3_gazebo/lib/pkgconfig/turtlebot3_gazebo.pc'
[0.983s] Level 1:colcon.colcon_core.environment:checking '/home/ubuntu/ros2_ws2/install/turtlebot3_gazebo/lib/python3.10/site-packages'
[0.983s] Level 1:colcon.colcon_core.environment:checking '/home/ubuntu/ros2_ws2/install/turtlebot3_gazebo/bin'
[0.990s] INFO:colcon.colcon_core.shell:Creating package script '/home/ubuntu/ros2_ws2/install/turtlebot3_gazebo/share/turtlebot3_gazebo/package.ps1'
[0.991s] INFO:colcon.colcon_core.shell:Creating package descriptor '/home/ubuntu/ros2_ws2/install/turtlebot3_gazebo/share/turtlebot3_gazebo/package.dsv'
[0.991s] INFO:colcon.colcon_core.shell:Creating package script '/home/ubuntu/ros2_ws2/install/turtlebot3_gazebo/share/turtlebot3_gazebo/package.sh'
[0.991s] INFO:colcon.colcon_core.shell:Creating package script '/home/ubuntu/ros2_ws2/install/turtlebot3_gazebo/share/turtlebot3_gazebo/package.bash'
[0.991s] INFO:colcon.colcon_core.shell:Creating package script '/home/ubuntu/ros2_ws2/install/turtlebot3_gazebo/share/turtlebot3_gazebo/package.zsh'
[0.991s] Level 1:colcon.colcon_core.environment:create_file_with_runtime_dependencies(/home/ubuntu/ros2_ws2/install/turtlebot3_gazebo/share/colcon-core/packages/turtlebot3_gazebo)
[1.000s] Level 1:colcon.colcon_core.environment:create_environment_scripts_only(turtlebot3_fake_node)
[1.008s] Level 1:colcon.colcon_core.environment:checking '/home/ubuntu/ros2_ws2/install/turtlebot3_fake_node' for CMake module files
[1.008s] Level 1:colcon.colcon_core.environment:checking '/home/ubuntu/ros2_ws2/install/turtlebot3_fake_node' for CMake config files
[1.008s] Level 1:colcon.colcon_core.shell:create_environment_hook('turtlebot3_fake_node', 'cmake_prefix_path')
[1.016s] INFO:colcon.colcon_core.shell:Creating environment hook '/home/ubuntu/ros2_ws2/install/turtlebot3_fake_node/share/turtlebot3_fake_node/hook/cmake_prefix_path.ps1'
[1.016s] INFO:colcon.colcon_core.shell:Creating environment descriptor '/home/ubuntu/ros2_ws2/install/turtlebot3_fake_node/share/turtlebot3_fake_node/hook/cmake_prefix_path.dsv'
[1.016s] INFO:colcon.colcon_core.shell:Creating environment hook '/home/ubuntu/ros2_ws2/install/turtlebot3_fake_node/share/turtlebot3_fake_node/hook/cmake_prefix_path.sh'
[1.017s] Level 1:colcon.colcon_core.environment:checking '/home/ubuntu/ros2_ws2/install/turtlebot3_fake_node/lib'
[1.017s] Level 1:colcon.colcon_core.environment:checking '/home/ubuntu/ros2_ws2/install/turtlebot3_fake_node/bin'
[1.017s] Level 1:colcon.colcon_core.environment:checking '/home/ubuntu/ros2_ws2/install/turtlebot3_fake_node/lib/pkgconfig/turtlebot3_fake_node.pc'
[1.017s] Level 1:colcon.colcon_core.environment:checking '/home/ubuntu/ros2_ws2/install/turtlebot3_fake_node/lib/python3.10/site-packages'
[1.017s] Level 1:colcon.colcon_core.environment:checking '/home/ubuntu/ros2_ws2/install/turtlebot3_fake_node/bin'
[1.025s] INFO:colcon.colcon_core.shell:Creating package script '/home/ubuntu/ros2_ws2/install/turtlebot3_fake_node/share/turtlebot3_fake_node/package.ps1'
[1.026s] INFO:colcon.colcon_core.shell:Creating package descriptor '/home/ubuntu/ros2_ws2/install/turtlebot3_fake_node/share/turtlebot3_fake_node/package.dsv'
[1.026s] INFO:colcon.colcon_core.shell:Creating package script '/home/ubuntu/ros2_ws2/install/turtlebot3_fake_node/share/turtlebot3_fake_node/package.sh'
[1.026s] INFO:colcon.colcon_core.shell:Creating package script '/home/ubuntu/ros2_ws2/install/turtlebot3_fake_node/share/turtlebot3_fake_node/package.bash'
[1.026s] INFO:colcon.colcon_core.shell:Creating package script '/home/ubuntu/ros2_ws2/install/turtlebot3_fake_node/share/turtlebot3_fake_node/package.zsh'
[1.027s] Level 1:colcon.colcon_core.environment:create_file_with_runtime_dependencies(/home/ubuntu/ros2_ws2/install/turtlebot3_fake_node/share/colcon-core/packages/turtlebot3_fake_node)
[1.035s] Level 1:colcon.colcon_core.environment:create_environment_scripts_only(turtlebot3_gazebo)
[1.043s] Level 1:colcon.colcon_core.environment:checking '/home/ubuntu/ros2_ws2/install/turtlebot3_gazebo' for CMake module files
[1.044s] Level 1:colcon.colcon_core.environment:checking '/home/ubuntu/ros2_ws2/install/turtlebot3_gazebo' for CMake config files
[1.044s] Level 1:colcon.colcon_core.shell:create_environment_hook('turtlebot3_gazebo', 'cmake_prefix_path')
[1.051s] INFO:colcon.colcon_core.shell:Creating environment hook '/home/ubuntu/ros2_ws2/install/turtlebot3_gazebo/share/turtlebot3_gazebo/hook/cmake_prefix_path.ps1'
[1.052s] INFO:colcon.colcon_core.shell:Creating environment descriptor '/home/ubuntu/ros2_ws2/install/turtlebot3_gazebo/share/turtlebot3_gazebo/hook/cmake_prefix_path.dsv'
[1.052s] INFO:colcon.colcon_core.shell:Creating environment hook '/home/ubuntu/ros2_ws2/install/turtlebot3_gazebo/share/turtlebot3_gazebo/hook/cmake_prefix_path.sh'
[1.052s] Level 1:colcon.colcon_core.environment:checking '/home/ubuntu/ros2_ws2/install/turtlebot3_gazebo/lib'
[1.052s] Level 1:colcon.colcon_core.environment:checking '/home/ubuntu/ros2_ws2/install/turtlebot3_gazebo/bin'
[1.052s] Level 1:colcon.colcon_core.environment:checking '/home/ubuntu/ros2_ws2/install/turtlebot3_gazebo/lib/pkgconfig/turtlebot3_gazebo.pc'
[1.052s] Level 1:colcon.colcon_core.environment:checking '/home/ubuntu/ros2_ws2/install/turtlebot3_gazebo/lib/python3.10/site-packages'
[1.052s] Level 1:colcon.colcon_core.environment:checking '/home/ubuntu/ros2_ws2/install/turtlebot3_gazebo/bin'
[1.061s] INFO:colcon.colcon_core.shell:Creating package script '/home/ubuntu/ros2_ws2/install/turtlebot3_gazebo/share/turtlebot3_gazebo/package.ps1'
[1.061s] INFO:colcon.colcon_core.shell:Creating package descriptor '/home/ubuntu/ros2_ws2/install/turtlebot3_gazebo/share/turtlebot3_gazebo/package.dsv'
[1.061s] INFO:colcon.colcon_core.shell:Creating package script '/home/ubuntu/ros2_ws2/install/turtlebot3_gazebo/share/turtlebot3_gazebo/package.sh'
[1.062s] INFO:colcon.colcon_core.shell:Creating package script '/home/ubuntu/ros2_ws2/install/turtlebot3_gazebo/share/turtlebot3_gazebo/package.bash'
[1.062s] INFO:colcon.colcon_core.shell:Creating package script '/home/ubuntu/ros2_ws2/install/turtlebot3_gazebo/share/turtlebot3_gazebo/package.zsh'
[1.062s] Level 1:colcon.colcon_core.environment:create_file_with_runtime_dependencies(/home/ubuntu/ros2_ws2/install/turtlebot3_gazebo/share/colcon-core/packages/turtlebot3_gazebo)
[1.062s] INFO:colcon.colcon_ros.task.ament_cmake.build:Building ROS package in '/home/ubuntu/ros2_ws2/src/turtlebot3_simulations/turtlebot3_simulations' with build type 'ament_cmake'
[1.062s] INFO:colcon.colcon_cmake.task.cmake.build:Building CMake package in '/home/ubuntu/ros2_ws2/src/turtlebot3_simulations/turtlebot3_simulations'
[1.070s] INFO:colcon.colcon_core.shell:Skip shell extension 'powershell' for command environment: Not usable outside of PowerShell
[1.070s] DEBUG:colcon.colcon_core.shell:Skip shell extension 'dsv' for command environment
[1.095s] DEBUG:colcon.colcon_core.event_handler.log_command:Invoked command in '/home/ubuntu/ros2_ws2/build/rob599_msgs2' returned '0': CMAKE_PREFIX_PATH=${CMAKE_PREFIX_PATH}:/home/ubuntu/ros2_ws2/install/rob599_hw3:/opt/ros/humble /usr/bin/cmake --build /home/ubuntu/ros2_ws2/build/rob599_msgs2 -- -j16 -l16
[1.097s] DEBUG:colcon.colcon_core.event_handler.log_command:Invoking command in '/home/ubuntu/ros2_ws2/build/turtlebot3_simulations': CMAKE_PREFIX_PATH=/home/ubuntu/ros2_ws2/install/turtlebot3_gazebo:/home/ubuntu/ros2_ws2/install/turtlebot3_fake_node:/home/ubuntu/ros2_ws2/install/turtlebot3_simulations:/home/ubuntu/ros2_ws2/install/rob599_msgs2:/home/ubuntu/ros2_ws2/install/rob599_hw3:/opt/ros/humble /usr/bin/cmake --build /home/ubuntu/ros2_ws2/build/turtlebot3_simulations -- -j16 -l16
[1.120s] DEBUG:colcon.colcon_core.event_handler.log_command:Invoked command in '/home/ubuntu/ros2_ws2/build/turtlebot3_simulations' returned '0': CMAKE_PREFIX_PATH=/home/ubuntu/ros2_ws2/install/turtlebot3_gazebo:/home/ubuntu/ros2_ws2/install/turtlebot3_fake_node:/home/ubuntu/ros2_ws2/install/turtlebot3_simulations:/home/ubuntu/ros2_ws2/install/rob599_msgs2:/home/ubuntu/ros2_ws2/install/rob599_hw3:/opt/ros/humble /usr/bin/cmake --build /home/ubuntu/ros2_ws2/build/turtlebot3_simulations -- -j16 -l16
[1.133s] DEBUG:colcon.colcon_core.event_handler.log_command:Invoking command in '/home/ubuntu/ros2_ws2/build/turtlebot3_simulations': CMAKE_PREFIX_PATH=/home/ubuntu/ros2_ws2/install/turtlebot3_gazebo:/home/ubuntu/ros2_ws2/install/turtlebot3_fake_node:/home/ubuntu/ros2_ws2/install/turtlebot3_simulations:/home/ubuntu/ros2_ws2/install/rob599_msgs2:/home/ubuntu/ros2_ws2/install/rob599_hw3:/opt/ros/humble /usr/bin/cmake --install /home/ubuntu/ros2_ws2/build/turtlebot3_simulations
[1.139s] Level 1:colcon.colcon_core.environment:create_environment_scripts_only(turtlebot3_simulations)
[1.140s] DEBUG:colcon.colcon_core.event_handler.log_command:Invoked command in '/home/ubuntu/ros2_ws2/build/turtlebot3_simulations' returned '0': CMAKE_PREFIX_PATH=/home/ubuntu/ros2_ws2/install/turtlebot3_gazebo:/home/ubuntu/ros2_ws2/install/turtlebot3_fake_node:/home/ubuntu/ros2_ws2/install/turtlebot3_simulations:/home/ubuntu/ros2_ws2/install/rob599_msgs2:/home/ubuntu/ros2_ws2/install/rob599_hw3:/opt/ros/humble /usr/bin/cmake --install /home/ubuntu/ros2_ws2/build/turtlebot3_simulations
[1.148s] Level 1:colcon.colcon_core.environment:checking '/home/ubuntu/ros2_ws2/install/turtlebot3_simulations' for CMake module files
[1.149s] Level 1:colcon.colcon_core.environment:checking '/home/ubuntu/ros2_ws2/install/turtlebot3_simulations' for CMake config files
[1.149s] Level 1:colcon.colcon_core.shell:create_environment_hook('turtlebot3_simulations', 'cmake_prefix_path')
[1.157s] INFO:colcon.colcon_core.shell:Creating environment hook '/home/ubuntu/ros2_ws2/install/turtlebot3_simulations/share/turtlebot3_simulations/hook/cmake_prefix_path.ps1'
[1.158s] INFO:colcon.colcon_core.shell:Creating environment descriptor '/home/ubuntu/ros2_ws2/install/turtlebot3_simulations/share/turtlebot3_simulations/hook/cmake_prefix_path.dsv'
[1.158s] INFO:colcon.colcon_core.shell:Creating environment hook '/home/ubuntu/ros2_ws2/install/turtlebot3_simulations/share/turtlebot3_simulations/hook/cmake_prefix_path.sh'
[1.158s] Level 1:colcon.colcon_core.environment:checking '/home/ubuntu/ros2_ws2/install/turtlebot3_simulations/bin'
[1.158s] Level 1:colcon.colcon_core.environment:checking '/home/ubuntu/ros2_ws2/install/turtlebot3_simulations/lib/pkgconfig/turtlebot3_simulations.pc'
[1.158s] Level 1:colcon.colcon_core.environment:checking '/home/ubuntu/ros2_ws2/install/turtlebot3_simulations/lib/python3.10/site-packages'
[1.158s] Level 1:colcon.colcon_core.environment:checking '/home/ubuntu/ros2_ws2/install/turtlebot3_simulations/bin'
[1.166s] INFO:colcon.colcon_core.shell:Creating package script '/home/ubuntu/ros2_ws2/install/turtlebot3_simulations/share/turtlebot3_simulations/package.ps1'
[1.166s] INFO:colcon.colcon_core.shell:Creating package descriptor '/home/ubuntu/ros2_ws2/install/turtlebot3_simulations/share/turtlebot3_simulations/package.dsv'
[1.166s] INFO:colcon.colcon_core.shell:Creating package script '/home/ubuntu/ros2_ws2/install/turtlebot3_simulations/share/turtlebot3_simulations/package.sh'
[1.166s] INFO:colcon.colcon_core.shell:Creating package script '/home/ubuntu/ros2_ws2/install/turtlebot3_simulations/share/turtlebot3_simulations/package.bash'
[1.167s] INFO:colcon.colcon_core.shell:Creating package script '/home/ubuntu/ros2_ws2/install/turtlebot3_simulations/share/turtlebot3_simulations/package.zsh'
[1.167s] Level 1:colcon.colcon_core.environment:create_file_with_runtime_dependencies(/home/ubuntu/ros2_ws2/install/turtlebot3_simulations/share/colcon-core/packages/turtlebot3_simulations)
[1.168s] DEBUG:colcon.colcon_core.event_handler.log_command:Invoking command in '/home/ubuntu/ros2_ws2/build/rob599_msgs2': CMAKE_PREFIX_PATH=${CMAKE_PREFIX_PATH}:/home/ubuntu/ros2_ws2/install/rob599_hw3:/opt/ros/humble /usr/bin/cmake --install /home/ubuntu/ros2_ws2/build/rob599_msgs2
[1.198s] Level 1:colcon.colcon_core.environment:create_environment_scripts_only(turtlebot3_simulations)
[1.208s] Level 1:colcon.colcon_core.environment:checking '/home/ubuntu/ros2_ws2/install/turtlebot3_simulations' for CMake module files
[1.209s] Level 1:colcon.colcon_core.environment:checking '/home/ubuntu/ros2_ws2/install/turtlebot3_simulations' for CMake config files
[1.209s] Level 1:colcon.colcon_core.shell:create_environment_hook('turtlebot3_simulations', 'cmake_prefix_path')
[1.217s] INFO:colcon.colcon_core.shell:Creating environment hook '/home/ubuntu/ros2_ws2/install/turtlebot3_simulations/share/turtlebot3_simulations/hook/cmake_prefix_path.ps1'
[1.217s] INFO:colcon.colcon_core.shell:Creating environment descriptor '/home/ubuntu/ros2_ws2/install/turtlebot3_simulations/share/turtlebot3_simulations/hook/cmake_prefix_path.dsv'
[1.217s] INFO:colcon.colcon_core.shell:Creating environment hook '/home/ubuntu/ros2_ws2/install/turtlebot3_simulations/share/turtlebot3_simulations/hook/cmake_prefix_path.sh'
[1.217s] Level 1:colcon.colcon_core.environment:checking '/home/ubuntu/ros2_ws2/install/turtlebot3_simulations/bin'
[1.217s] Level 1:colcon.colcon_core.environment:checking '/home/ubuntu/ros2_ws2/install/turtlebot3_simulations/lib/pkgconfig/turtlebot3_simulations.pc'
[1.218s] Level 1:colcon.colcon_core.environment:checking '/home/ubuntu/ros2_ws2/install/turtlebot3_simulations/lib/python3.10/site-packages'
[1.218s] Level 1:colcon.colcon_core.environment:checking '/home/ubuntu/ros2_ws2/install/turtlebot3_simulations/bin'
[1.225s] INFO:colcon.colcon_core.shell:Creating package script '/home/ubuntu/ros2_ws2/install/turtlebot3_simulations/share/turtlebot3_simulations/package.ps1'
[1.226s] INFO:colcon.colcon_core.shell:Creating package descriptor '/home/ubuntu/ros2_ws2/install/turtlebot3_simulations/share/turtlebot3_simulations/package.dsv'
[1.226s] INFO:colcon.colcon_core.shell:Creating package script '/home/ubuntu/ros2_ws2/install/turtlebot3_simulations/share/turtlebot3_simulations/package.sh'
[1.226s] INFO:colcon.colcon_core.shell:Creating package script '/home/ubuntu/ros2_ws2/install/turtlebot3_simulations/share/turtlebot3_simulations/package.bash'
[1.226s] INFO:colcon.colcon_core.shell:Creating package script '/home/ubuntu/ros2_ws2/install/turtlebot3_simulations/share/turtlebot3_simulations/package.zsh'
[1.226s] Level 1:colcon.colcon_core.environment:create_file_with_runtime_dependencies(/home/ubuntu/ros2_ws2/install/turtlebot3_simulations/share/colcon-core/packages/turtlebot3_simulations)
[1.227s] Level 1:colcon.colcon_core.environment:create_environment_scripts_only(rob599_msgs2)
[1.228s] DEBUG:colcon.colcon_core.event_handler.log_command:Invoked command in '/home/ubuntu/ros2_ws2/build/rob599_msgs2' returned '0': CMAKE_PREFIX_PATH=${CMAKE_PREFIX_PATH}:/home/ubuntu/ros2_ws2/install/rob599_hw3:/opt/ros/humble /usr/bin/cmake --install /home/ubuntu/ros2_ws2/build/rob599_msgs2
[1.235s] Level 1:colcon.colcon_core.environment:checking '/home/ubuntu/ros2_ws2/install/rob599_msgs2' for CMake module files
[1.235s] Level 1:colcon.colcon_core.environment:checking '/home/ubuntu/ros2_ws2/install/rob599_msgs2' for CMake config files
[1.236s] Level 1:colcon.colcon_core.shell:create_environment_hook('rob599_msgs2', 'cmake_prefix_path')
[1.243s] INFO:colcon.colcon_core.shell:Creating environment hook '/home/ubuntu/ros2_ws2/install/rob599_msgs2/share/rob599_msgs2/hook/cmake_prefix_path.ps1'
[1.243s] INFO:colcon.colcon_core.shell:Creating environment descriptor '/home/ubuntu/ros2_ws2/install/rob599_msgs2/share/rob599_msgs2/hook/cmake_prefix_path.dsv'
[1.243s] INFO:colcon.colcon_core.shell:Creating environment hook '/home/ubuntu/ros2_ws2/install/rob599_msgs2/share/rob599_msgs2/hook/cmake_prefix_path.sh'
[1.243s] Level 1:colcon.colcon_core.environment:checking '/home/ubuntu/ros2_ws2/install/rob599_msgs2/lib'
[1.243s] Level 1:colcon.colcon_core.shell:create_environment_hook('rob599_msgs2', 'ld_library_path_lib')
[1.251s] INFO:colcon.colcon_core.shell:Creating environment hook '/home/ubuntu/ros2_ws2/install/rob599_msgs2/share/rob599_msgs2/hook/ld_library_path_lib.ps1'
[1.252s] INFO:colcon.colcon_core.shell:Creating environment descriptor '/home/ubuntu/ros2_ws2/install/rob599_msgs2/share/rob599_msgs2/hook/ld_library_path_lib.dsv'
[1.252s] INFO:colcon.colcon_core.shell:Creating environment hook '/home/ubuntu/ros2_ws2/install/rob599_msgs2/share/rob599_msgs2/hook/ld_library_path_lib.sh'
[1.252s] Level 1:colcon.colcon_core.environment:checking '/home/ubuntu/ros2_ws2/install/rob599_msgs2/bin'
[1.252s] Level 1:colcon.colcon_core.environment:checking '/home/ubuntu/ros2_ws2/install/rob599_msgs2/lib/pkgconfig/rob599_msgs2.pc'
[1.252s] Level 1:colcon.colcon_core.environment:checking '/home/ubuntu/ros2_ws2/install/rob599_msgs2/lib/python3.10/site-packages'
[1.252s] Level 1:colcon.colcon_core.environment:checking '/home/ubuntu/ros2_ws2/install/rob599_msgs2/bin'
[1.260s] INFO:colcon.colcon_core.shell:Creating package script '/home/ubuntu/ros2_ws2/install/rob599_msgs2/share/rob599_msgs2/package.ps1'
[1.260s] INFO:colcon.colcon_core.shell:Creating package descriptor '/home/ubuntu/ros2_ws2/install/rob599_msgs2/share/rob599_msgs2/package.dsv'
[1.260s] INFO:colcon.colcon_core.shell:Creating package script '/home/ubuntu/ros2_ws2/install/rob599_msgs2/share/rob599_msgs2/package.sh'
[1.260s] INFO:colcon.colcon_core.shell:Creating package script '/home/ubuntu/ros2_ws2/install/rob599_msgs2/share/rob599_msgs2/package.bash'
[1.260s] INFO:colcon.colcon_core.shell:Creating package script '/home/ubuntu/ros2_ws2/install/rob599_msgs2/share/rob599_msgs2/package.zsh'
[1.261s] Level 1:colcon.colcon_core.environment:create_file_with_runtime_dependencies(/home/ubuntu/ros2_ws2/install/rob599_msgs2/share/colcon-core/packages/rob599_msgs2)
[1.334s] Level 1:colcon.colcon_core.environment:create_environment_scripts_only(rob599_msgs2)
[1.342s] Level 1:colcon.colcon_core.environment:checking '/home/ubuntu/ros2_ws2/install/rob599_msgs2' for CMake module files
[1.343s] Level 1:colcon.colcon_core.environment:checking '/home/ubuntu/ros2_ws2/install/rob599_msgs2' for CMake config files
[1.343s] Level 1:colcon.colcon_core.shell:create_environment_hook('rob599_msgs2', 'cmake_prefix_path')
[1.351s] INFO:colcon.colcon_core.shell:Creating environment hook '/home/ubuntu/ros2_ws2/install/rob599_msgs2/share/rob599_msgs2/hook/cmake_prefix_path.ps1'
[1.352s] INFO:colcon.colcon_core.shell:Creating environment descriptor '/home/ubuntu/ros2_ws2/install/rob599_msgs2/share/rob599_msgs2/hook/cmake_prefix_path.dsv'
[1.352s] INFO:colcon.colcon_core.shell:Creating environment hook '/home/ubuntu/ros2_ws2/install/rob599_msgs2/share/rob599_msgs2/hook/cmake_prefix_path.sh'
[1.352s] Level 1:colcon.colcon_core.environment:checking '/home/ubuntu/ros2_ws2/install/rob599_msgs2/lib'
[1.352s] Level 1:colcon.colcon_core.shell:create_environment_hook('rob599_msgs2', 'ld_library_path_lib')
[1.360s] INFO:colcon.colcon_core.shell:Creating environment hook '/home/ubuntu/ros2_ws2/install/rob599_msgs2/share/rob599_msgs2/hook/ld_library_path_lib.ps1'
[1.360s] INFO:colcon.colcon_core.shell:Creating environment descriptor '/home/ubuntu/ros2_ws2/install/rob599_msgs2/share/rob599_msgs2/hook/ld_library_path_lib.dsv'
[1.360s] INFO:colcon.colcon_core.shell:Creating environment hook '/home/ubuntu/ros2_ws2/install/rob599_msgs2/share/rob599_msgs2/hook/ld_library_path_lib.sh'
[1.360s] Level 1:colcon.colcon_core.environment:checking '/home/ubuntu/ros2_ws2/install/rob599_msgs2/bin'
[1.360s] Level 1:colcon.colcon_core.environment:checking '/home/ubuntu/ros2_ws2/install/rob599_msgs2/lib/pkgconfig/rob599_msgs2.pc'
[1.361s] Level 1:colcon.colcon_core.environment:checking '/home/ubuntu/ros2_ws2/install/rob599_msgs2/lib/python3.10/site-packages'
[1.361s] Level 1:colcon.colcon_core.environment:checking '/home/ubuntu/ros2_ws2/install/rob599_msgs2/bin'
[1.376s] INFO:colcon.colcon_core.shell:Creating package script '/home/ubuntu/ros2_ws2/install/rob599_msgs2/share/rob599_msgs2/package.ps1'
[1.377s] INFO:colcon.colcon_core.shell:Creating package descriptor '/home/ubuntu/ros2_ws2/install/rob599_msgs2/share/rob599_msgs2/package.dsv'
[1.377s] INFO:colcon.colcon_core.shell:Creating package script '/home/ubuntu/ros2_ws2/install/rob599_msgs2/share/rob599_msgs2/package.sh'
[1.377s] INFO:colcon.colcon_core.shell:Creating package script '/home/ubuntu/ros2_ws2/install/rob599_msgs2/share/rob599_msgs2/package.bash'
[1.377s] INFO:colcon.colcon_core.shell:Creating package script '/home/ubuntu/ros2_ws2/install/rob599_msgs2/share/rob599_msgs2/package.zsh'
[1.378s] Level 1:colcon.colcon_core.environment:create_file_with_runtime_dependencies(/home/ubuntu/ros2_ws2/install/rob599_msgs2/share/colcon-core/packages/rob599_msgs2)
[1.378s] INFO:colcon.colcon_ros.task.ament_python.build:Building ROS package in '/home/ubuntu/ros2_ws2/src/rob599_hw3' with build type 'ament_python'
[1.378s] Level 1:colcon.colcon_core.shell:create_environment_hook('rob599_hw3', 'ament_prefix_path')
[1.395s] INFO:colcon.colcon_core.shell:Creating environment hook '/home/ubuntu/ros2_ws2/install/rob599_hw3/share/rob599_hw3/hook/ament_prefix_path.ps1'
[1.395s] INFO:colcon.colcon_core.shell:Creating environment descriptor '/home/ubuntu/ros2_ws2/install/rob599_hw3/share/rob599_hw3/hook/ament_prefix_path.dsv'
[1.396s] INFO:colcon.colcon_core.shell:Creating environment hook '/home/ubuntu/ros2_ws2/install/rob599_hw3/share/rob599_hw3/hook/ament_prefix_path.sh'
[1.404s] INFO:colcon.colcon_core.shell:Skip shell extension 'powershell' for command environment: Not usable outside of PowerShell
[1.404s] DEBUG:colcon.colcon_core.shell:Skip shell extension 'dsv' for command environment
[1.587s] INFO:colcon.colcon_core.task.python.build:Building Python package in '/home/ubuntu/ros2_ws2/src/rob599_hw3'
[1.594s] INFO:colcon.colcon_core.shell:Skip shell extension 'powershell' for command environment: Not usable outside of PowerShell
[1.594s] DEBUG:colcon.colcon_core.shell:Skip shell extension 'dsv' for command environment
[1.822s] DEBUG:colcon.colcon_core.event_handler.log_command:Invoking command in '/home/ubuntu/ros2_ws2/src/rob599_hw3': CMAKE_PREFIX_PATH=/home/ubuntu/ros2_ws2/install/turtlebot3_gazebo:/home/ubuntu/ros2_ws2/install/rob599_msgs2:/home/ubuntu/ros2_ws2/install/turtlebot3_simulations:/home/ubuntu/ros2_ws2/install/turtlebot3_fake_node LD_LIBRARY_PATH=/home/ubuntu/ros2_ws2/install/rob599_msgs2/lib:/usr/lib/x86_64-linux-gnu/gazebo-11/plugins:/opt/ros/humble/opt/rviz_ogre_vendor/lib:/opt/ros/humble/lib/x86_64-linux-gnu:/opt/ros/humble/lib:/usr/lib/x86_64-linux-gnu/gazebo-11/plugins:/usr/lib/x86_64-linux-gnu/gazebo-11/plugins:/usr/lib/x86_64-linux-gnu/gazebo-11/plugins PYTHONPATH=/home/ubuntu/ros2_ws2/build/rob599_hw3/prefix_override:/home/ubuntu/ros2_ws2/install/rob599_hw3/lib/python3.10/site-packages:${PYTHONPATH} /usr/bin/python3 setup.py egg_info --egg-base ../../build/rob599_hw3 build --build-base /home/ubuntu/ros2_ws2/build/rob599_hw3/build install --record /home/ubuntu/ros2_ws2/build/rob599_hw3/install.log --single-version-externally-managed
[1.989s] DEBUG:colcon.colcon_core.event_handler.log_command:Invoked command in '/home/ubuntu/ros2_ws2/src/rob599_hw3' returned '0': CMAKE_PREFIX_PATH=/home/ubuntu/ros2_ws2/install/turtlebot3_gazebo:/home/ubuntu/ros2_ws2/install/rob599_msgs2:/home/ubuntu/ros2_ws2/install/turtlebot3_simulations:/home/ubuntu/ros2_ws2/install/turtlebot3_fake_node LD_LIBRARY_PATH=/home/ubuntu/ros2_ws2/install/rob599_msgs2/lib:/usr/lib/x86_64-linux-gnu/gazebo-11/plugins:/opt/ros/humble/opt/rviz_ogre_vendor/lib:/opt/ros/humble/lib/x86_64-linux-gnu:/opt/ros/humble/lib:/usr/lib/x86_64-linux-gnu/gazebo-11/plugins:/usr/lib/x86_64-linux-gnu/gazebo-11/plugins:/usr/lib/x86_64-linux-gnu/gazebo-11/plugins PYTHONPATH=/home/ubuntu/ros2_ws2/build/rob599_hw3/prefix_override:/home/ubuntu/ros2_ws2/install/rob599_hw3/lib/python3.10/site-packages:${PYTHONPATH} /usr/bin/python3 setup.py egg_info --egg-base ../../build/rob599_hw3 build --build-base /home/ubuntu/ros2_ws2/build/rob599_hw3/build install --record /home/ubuntu/ros2_ws2/build/rob599_hw3/install.log --single-version-externally-managed
[1.998s] Level 1:colcon.colcon_core.environment:checking '/home/ubuntu/ros2_ws2/install/rob599_hw3' for CMake module files
[1.998s] Level 1:colcon.colcon_core.environment:checking '/home/ubuntu/ros2_ws2/install/rob599_hw3' for CMake config files
[1.999s] Level 1:colcon.colcon_core.environment:checking '/home/ubuntu/ros2_ws2/install/rob599_hw3/lib'
[1.999s] Level 1:colcon.colcon_core.environment:checking '/home/ubuntu/ros2_ws2/install/rob599_hw3/bin'
[1.999s] Level 1:colcon.colcon_core.environment:checking '/home/ubuntu/ros2_ws2/install/rob599_hw3/lib/pkgconfig/rob599_hw3.pc'
[1.999s] Level 1:colcon.colcon_core.environment:checking '/home/ubuntu/ros2_ws2/install/rob599_hw3/lib/python3.10/site-packages'
[1.999s] Level 1:colcon.colcon_core.shell:create_environment_hook('rob599_hw3', 'pythonpath')
[2.006s] INFO:colcon.colcon_core.shell:Creating environment hook '/home/ubuntu/ros2_ws2/install/rob599_hw3/share/rob599_hw3/hook/pythonpath.ps1'
[2.006s] INFO:colcon.colcon_core.shell:Creating environment descriptor '/home/ubuntu/ros2_ws2/install/rob599_hw3/share/rob599_hw3/hook/pythonpath.dsv'
[2.006s] INFO:colcon.colcon_core.shell:Creating environment hook '/home/ubuntu/ros2_ws2/install/rob599_hw3/share/rob599_hw3/hook/pythonpath.sh'
[2.006s] Level 1:colcon.colcon_core.environment:checking '/home/ubuntu/ros2_ws2/install/rob599_hw3/bin'
[2.006s] Level 1:colcon.colcon_core.environment:create_environment_scripts_only(rob599_hw3)
[2.013s] INFO:colcon.colcon_core.shell:Creating package script '/home/ubuntu/ros2_ws2/install/rob599_hw3/share/rob599_hw3/package.ps1'
[2.014s] INFO:colcon.colcon_core.shell:Creating package descriptor '/home/ubuntu/ros2_ws2/install/rob599_hw3/share/rob599_hw3/package.dsv'
[2.014s] INFO:colcon.colcon_core.shell:Creating package script '/home/ubuntu/ros2_ws2/install/rob599_hw3/share/rob599_hw3/package.sh'
[2.014s] INFO:colcon.colcon_core.shell:Creating package script '/home/ubuntu/ros2_ws2/install/rob599_hw3/share/rob599_hw3/package.bash'
[2.014s] INFO:colcon.colcon_core.shell:Creating package script '/home/ubuntu/ros2_ws2/install/rob599_hw3/share/rob599_hw3/package.zsh'
[2.015s] Level 1:colcon.colcon_core.environment:create_file_with_runtime_dependencies(/home/ubuntu/ros2_ws2/install/rob599_hw3/share/colcon-core/packages/rob599_hw3)
[2.015s] DEBUG:colcon.colcon_parallel_executor.executor.parallel:closing loop
[2.015s] DEBUG:colcon.colcon_parallel_executor.executor.parallel:loop closed
[2.015s] DEBUG:colcon.colcon_parallel_executor.executor.parallel:run_until_complete finished with '0'
[2.015s] DEBUG:colcon.colcon_core.event_reactor:joining thread
[2.028s] INFO:colcon.colcon_core.plugin_system:Skipping extension 'colcon_notification.desktop_notification.terminal_notifier': Not used on non-Darwin systems
[2.028s] INFO:colcon.colcon_core.plugin_system:Skipping extension 'colcon_notification.desktop_notification.win32': Not used on non-Windows systems
[2.028s] INFO:colcon.colcon_notification.desktop_notification:Sending desktop notification using 'notify2'
[2.037s] DEBUG:colcon.colcon_core.event_reactor:joined thread
[2.044s] INFO:colcon.colcon_core.shell:Creating prefix script '/home/ubuntu/ros2_ws2/install/local_setup.ps1'
[2.045s] INFO:colcon.colcon_core.shell:Creating prefix util module '/home/ubuntu/ros2_ws2/install/_local_setup_util_ps1.py'
[2.046s] INFO:colcon.colcon_core.shell:Creating prefix chain script '/home/ubuntu/ros2_ws2/install/setup.ps1'
[2.054s] INFO:colcon.colcon_core.shell:Creating prefix script '/home/ubuntu/ros2_ws2/install/local_setup.sh'
[2.054s] INFO:colcon.colcon_core.shell:Creating prefix util module '/home/ubuntu/ros2_ws2/install/_local_setup_util_sh.py'
[2.054s] INFO:colcon.colcon_core.shell:Creating prefix chain script '/home/ubuntu/ros2_ws2/install/setup.sh'
[2.062s] INFO:colcon.colcon_core.shell:Creating prefix script '/home/ubuntu/ros2_ws2/install/local_setup.bash'
[2.063s] INFO:colcon.colcon_core.shell:Creating prefix chain script '/home/ubuntu/ros2_ws2/install/setup.bash'
[2.069s] INFO:colcon.colcon_core.shell:Creating prefix script '/home/ubuntu/ros2_ws2/install/local_setup.zsh'
[2.070s] INFO:colcon.colcon_core.shell:Creating prefix chain script '/home/ubuntu/ros2_ws2/install/setup.zsh'
