[0.441s] Invoking command in '/home/ubuntu/ros2_ws2/src/rob599_hw3': CMAKE_PREFIX_PATH=/home/ubuntu/ros2_ws2/install/turtlebot3_gazebo:/home/ubuntu/ros2_ws2/install/rob599_msgs2:/home/ubuntu/ros2_ws2/install/turtlebot3_simulations:/home/ubuntu/ros2_ws2/install/turtlebot3_fake_node LD_LIBRARY_PATH=/home/ubuntu/ros2_ws2/install/rob599_msgs2/lib:/usr/lib/x86_64-linux-gnu/gazebo-11/plugins:/opt/ros/humble/opt/rviz_ogre_vendor/lib:/opt/ros/humble/lib/x86_64-linux-gnu:/opt/ros/humble/lib:/usr/lib/x86_64-linux-gnu/gazebo-11/plugins:/usr/lib/x86_64-linux-gnu/gazebo-11/plugins:/usr/lib/x86_64-linux-gnu/gazebo-11/plugins PYTHONPATH=/home/ubuntu/ros2_ws2/build/rob599_hw3/prefix_override:/home/ubuntu/ros2_ws2/install/rob599_hw3/lib/python3.10/site-packages:${PYTHONPATH} /usr/bin/python3 setup.py egg_info --egg-base ../../build/rob599_hw3 build --build-base /home/ubuntu/ros2_ws2/build/rob599_hw3/build install --record /home/ubuntu/ros2_ws2/build/rob599_hw3/install.log --single-version-externally-managed
[0.585s] running egg_info
[0.586s] writing ../../build/rob599_hw3/rob599_hw3.egg-info/PKG-INFO
[0.586s] writing dependency_links to ../../build/rob599_hw3/rob599_hw3.egg-info/dependency_links.txt
[0.586s] writing entry points to ../../build/rob599_hw3/rob599_hw3.egg-info/entry_points.txt
[0.586s] writing requirements to ../../build/rob599_hw3/rob599_hw3.egg-info/requires.txt
[0.586s] writing top-level names to ../../build/rob599_hw3/rob599_hw3.egg-info/top_level.txt
[0.587s] reading manifest file '../../build/rob599_hw3/rob599_hw3.egg-info/SOURCES.txt'
[0.587s] adding license file 'LICENSE'
[0.587s] writing manifest file '../../build/rob599_hw3/rob599_hw3.egg-info/SOURCES.txt'
[0.587s] running build
[0.588s] running build_py
[0.588s] running install
[0.588s] /usr/lib/python3/dist-packages/setuptools/command/install.py:34: SetuptoolsDeprecationWarning: setup.py install is deprecated. Use build and pip and other standards-based tools.
[0.588s]   warnings.warn(
[0.588s] running install_lib
[0.589s] running install_data
[0.590s] running install_egg_info
[0.590s] removing '/home/ubuntu/ros2_ws2/install/rob599_hw3/lib/python3.10/site-packages/rob599_hw3-0.0.0-py3.10.egg-info' (and everything under it)
[0.591s] Copying ../../build/rob599_hw3/rob599_hw3.egg-info to /home/ubuntu/ros2_ws2/install/rob599_hw3/lib/python3.10/site-packages/rob599_hw3-0.0.0-py3.10.egg-info
[0.591s] running install_scripts
[0.603s] Installing places = rob599_hw3.places:maingo_to_client script to /home/ubuntu/ros2_ws2/install/rob599_hw3/lib/rob599_hw3
[0.603s] writing list of installed files to '/home/ubuntu/ros2_ws2/build/rob599_hw3/install.log'
[0.617s] Invoked command in '/home/ubuntu/ros2_ws2/src/rob599_hw3' returned '0': CMAKE_PREFIX_PATH=/home/ubuntu/ros2_ws2/install/turtlebot3_gazebo:/home/ubuntu/ros2_ws2/install/rob599_msgs2:/home/ubuntu/ros2_ws2/install/turtlebot3_simulations:/home/ubuntu/ros2_ws2/install/turtlebot3_fake_node LD_LIBRARY_PATH=/home/ubuntu/ros2_ws2/install/rob599_msgs2/lib:/usr/lib/x86_64-linux-gnu/gazebo-11/plugins:/opt/ros/humble/opt/rviz_ogre_vendor/lib:/opt/ros/humble/lib/x86_64-linux-gnu:/opt/ros/humble/lib:/usr/lib/x86_64-linux-gnu/gazebo-11/plugins:/usr/lib/x86_64-linux-gnu/gazebo-11/plugins:/usr/lib/x86_64-linux-gnu/gazebo-11/plugins PYTHONPATH=/home/ubuntu/ros2_ws2/build/rob599_hw3/prefix_override:/home/ubuntu/ros2_ws2/install/rob599_hw3/lib/python3.10/site-packages:${PYTHONPATH} /usr/bin/python3 setup.py egg_info --egg-base ../../build/rob599_hw3 build --build-base /home/ubuntu/ros2_ws2/build/rob599_hw3/build install --record /home/ubuntu/ros2_ws2/build/rob599_hw3/install.log --single-version-externally-managed
