[0.053s] Invoking command in '/home/ubuntu/ros2_ws2/src/build/rob599_msgs2': CMAKE_PREFIX_PATH=${CMAKE_PREFIX_PATH}:/home/ubuntu/ros2_ws2/install/rob599_hw3:/opt/ros/humble /usr/bin/cmake /home/ubuntu/ros2_ws2/src/rob599_msgs2 -DCMAKE_INSTALL_PREFIX=/home/ubuntu/ros2_ws2/src/install/rob599_msgs2
[0.283s] -- The C compiler identification is GNU 11.4.0
[0.532s] -- The CXX compiler identification is GNU 11.4.0
[0.542s] -- Detecting C compiler ABI info
[0.588s] -- Detecting C compiler ABI info - done
[0.593s] -- Check for working C compiler: /usr/bin/cc - skipped
[0.593s] -- Detecting C compile features
[0.594s] -- Detecting C compile features - done
[0.596s] -- Detecting CXX compiler ABI info
[0.648s] -- Detecting CXX compiler ABI info - done
[0.651s] -- Check for working CXX compiler: /usr/bin/c++ - skipped
[0.651s] -- Detecting CXX compile features
[0.652s] -- Detecting CXX compile features - done
[0.655s] -- Found ament_cmake: 1.3.8 (/opt/ros/humble/share/ament_cmake/cmake)
[0.757s] -- Found Python3: /usr/bin/python3 (found version "3.10.12") found components: Interpreter 
[0.847s] -- Found rosidl_default_generators: 1.2.0 (/opt/ros/humble/share/rosidl_default_generators/cmake)
[0.853s] -- Using all available rosidl_typesupport_c: rosidl_typesupport_fastrtps_c;rosidl_typesupport_introspection_c
[0.863s] -- Found rosidl_adapter: 3.1.5 (/opt/ros/humble/share/rosidl_adapter/cmake)
[0.913s] -- Using all available rosidl_typesupport_cpp: rosidl_typesupport_fastrtps_cpp;rosidl_typesupport_introspection_cpp
[0.940s] -- Found builtin_interfaces: 1.2.1 (/opt/ros/humble/share/builtin_interfaces/cmake)
[1.121s] -- Found ament_cmake_ros: 0.10.0 (/opt/ros/humble/share/ament_cmake_ros/cmake)
[1.242s] -- Using all available rosidl_typesupport_c: rosidl_typesupport_fastrtps_c;rosidl_typesupport_introspection_c
[1.388s] -- Using all available rosidl_typesupport_cpp: rosidl_typesupport_fastrtps_cpp;rosidl_typesupport_introspection_cpp
[1.404s] -- Found PythonInterp: /usr/bin/python3 (found suitable version "3.10.12", minimum required is "3.6") 
[1.406s] -- Found python_cmake_module: 0.10.0 (/opt/ros/humble/share/python_cmake_module/cmake)
[1.426s] -- Found PythonLibs: /usr/lib/x86_64-linux-gnu/libpython3.10.so (found suitable version "3.10.12", minimum required is "3.5") 
[1.426s] -- Using PYTHON_EXECUTABLE: /usr/bin/python3
[1.426s] -- Using PYTHON_INCLUDE_DIRS: /usr/include/python3.10
[1.426s] -- Using PYTHON_LIBRARIES: /usr/lib/x86_64-linux-gnu/libpython3.10.so
[1.439s] -- Found PythonExtra: .so  
[1.463s] -- Found ament_lint_auto: 0.12.10 (/opt/ros/humble/share/ament_lint_auto/cmake)
[1.493s] -- Added test 'lint_cmake' to check CMake code style
[1.494s] -- Added test 'xmllint' to check XML markup files
[1.496s] -- Configuring done
[1.514s] -- Generating done
[1.515s] -- Build files have been written to: /home/ubuntu/ros2_ws2/src/build/rob599_msgs2
[1.521s] Invoked command in '/home/ubuntu/ros2_ws2/src/build/rob599_msgs2' returned '0': CMAKE_PREFIX_PATH=${CMAKE_PREFIX_PATH}:/home/ubuntu/ros2_ws2/install/rob599_hw3:/opt/ros/humble /usr/bin/cmake /home/ubuntu/ros2_ws2/src/rob599_msgs2 -DCMAKE_INSTALL_PREFIX=/home/ubuntu/ros2_ws2/src/install/rob599_msgs2
[1.521s] Invoking command in '/home/ubuntu/ros2_ws2/src/build/rob599_msgs2': CMAKE_PREFIX_PATH=${CMAKE_PREFIX_PATH}:/home/ubuntu/ros2_ws2/install/rob599_hw3:/opt/ros/humble /usr/bin/cmake --build /home/ubuntu/ros2_ws2/src/build/rob599_msgs2 -- -j16 -l16
[1.543s] [  1%] [34m[1mGenerating C code for ROS interfaces[0m
[1.548s] [  3%] [34m[1mGenerating C++ code for ROS interfaces[0m
[1.553s] [  3%] Built target ament_cmake_python_copy_rob599_msgs2
[1.728s] running egg_info
[1.728s] creating rob599_msgs2.egg-info
[1.729s] writing rob599_msgs2.egg-info/PKG-INFO
[1.729s] writing dependency_links to rob599_msgs2.egg-info/dependency_links.txt
[1.729s] writing top-level names to rob599_msgs2.egg-info/top_level.txt
[1.729s] writing manifest file 'rob599_msgs2.egg-info/SOURCES.txt'
[1.730s] reading manifest file 'rob599_msgs2.egg-info/SOURCES.txt'
[1.730s] writing manifest file 'rob599_msgs2.egg-info/SOURCES.txt'
[1.745s] [  3%] Built target ament_cmake_python_build_rob599_msgs2_egg
[1.839s] [  7%] [32mBuilding C object CMakeFiles/rob599_msgs2__rosidl_generator_c.dir/rosidl_generator_c/rob599_msgs2/srv/detail/save__functions.c.o[0m
[1.839s] [  9%] [32mBuilding C object CMakeFiles/rob599_msgs2__rosidl_generator_c.dir/rosidl_generator_c/rob599_msgs2/srv/detail/clear_positions__functions.c.o[0m
[1.839s] [  9%] [32mBuilding C object CMakeFiles/rob599_msgs2__rosidl_generator_c.dir/rosidl_generator_c/rob599_msgs2/srv/detail/load__functions.c.o[0m
[1.841s] [ 10%] [32mBuilding C object CMakeFiles/rob599_msgs2__rosidl_generator_c.dir/rosidl_generator_c/rob599_msgs2/srv/detail/memorize_position__functions.c.o[0m
[1.841s] [ 10%] Built target rob599_msgs2__cpp
[1.847s] [ 12%] [34m[1mGenerating C++ type support dispatch for ROS interfaces[0m
[1.848s] [ 16%] [34m[1mGenerating C++ introspection for ROS interfaces[0m
[1.848s] [ 16%] [34m[1mGenerating C++ type support for eProsima Fast-RTPS[0m
[1.916s] [ 18%] [32m[1mLinking C shared library librob599_msgs2__rosidl_generator_c.so[0m
[1.938s] [ 18%] Built target rob599_msgs2__rosidl_generator_c
[1.944s] [ 20%] [34m[1mGenerating C type support for eProsima Fast-RTPS[0m
[1.947s] [ 23%] [34m[1mGenerating C introspection for ROS interfaces[0m
[1.948s] [ 23%] [34m[1mGenerating C type support dispatch for ROS interfaces[0m
[2.065s] [ 25%] [32mBuilding CXX object CMakeFiles/rob599_msgs2__rosidl_typesupport_cpp.dir/rosidl_typesupport_cpp/rob599_msgs2/srv/load__type_support.cpp.o[0m
[2.065s] [ 27%] [32mBuilding CXX object CMakeFiles/rob599_msgs2__rosidl_typesupport_cpp.dir/rosidl_typesupport_cpp/rob599_msgs2/srv/clear_positions__type_support.cpp.o[0m
[2.067s] [ 30%] [32mBuilding CXX object CMakeFiles/rob599_msgs2__rosidl_typesupport_cpp.dir/rosidl_typesupport_cpp/rob599_msgs2/srv/memorize_position__type_support.cpp.o[0m
[2.067s] [ 30%] [32mBuilding CXX object CMakeFiles/rob599_msgs2__rosidl_typesupport_cpp.dir/rosidl_typesupport_cpp/rob599_msgs2/srv/save__type_support.cpp.o[0m
[2.101s] [ 34%] [32mBuilding CXX object CMakeFiles/rob599_msgs2__rosidl_typesupport_introspection_cpp.dir/rosidl_typesupport_introspection_cpp/rob599_msgs2/srv/detail/memorize_position__type_support.cpp.o[0m
[2.101s] [ 34%] [32mBuilding CXX object CMakeFiles/rob599_msgs2__rosidl_typesupport_introspection_cpp.dir/rosidl_typesupport_introspection_cpp/rob599_msgs2/srv/detail/clear_positions__type_support.cpp.o[0m
[2.102s] [ 36%] [32mBuilding CXX object CMakeFiles/rob599_msgs2__rosidl_typesupport_introspection_cpp.dir/rosidl_typesupport_introspection_cpp/rob599_msgs2/srv/detail/save__type_support.cpp.o[0m
[2.102s] [ 38%] [32mBuilding CXX object CMakeFiles/rob599_msgs2__rosidl_typesupport_introspection_cpp.dir/rosidl_typesupport_introspection_cpp/rob599_msgs2/srv/detail/load__type_support.cpp.o[0m
[2.190s] [ 40%] [32mBuilding CXX object CMakeFiles/rob599_msgs2__rosidl_typesupport_c.dir/rosidl_typesupport_c/rob599_msgs2/srv/memorize_position__type_support.cpp.o[0m
[2.191s] [ 41%] [32mBuilding CXX object CMakeFiles/rob599_msgs2__rosidl_typesupport_c.dir/rosidl_typesupport_c/rob599_msgs2/srv/load__type_support.cpp.o[0m
[2.196s] [ 43%] [32mBuilding CXX object CMakeFiles/rob599_msgs2__rosidl_typesupport_c.dir/rosidl_typesupport_c/rob599_msgs2/srv/save__type_support.cpp.o[0m
[2.208s] [ 45%] [32mBuilding CXX object CMakeFiles/rob599_msgs2__rosidl_typesupport_c.dir/rosidl_typesupport_c/rob599_msgs2/srv/clear_positions__type_support.cpp.o[0m
[2.240s] [ 47%] [32m[1mLinking CXX shared library librob599_msgs2__rosidl_typesupport_c.so[0m
[2.277s] [ 49%] [32mBuilding CXX object CMakeFiles/rob599_msgs2__rosidl_typesupport_fastrtps_cpp.dir/rosidl_typesupport_fastrtps_cpp/rob599_msgs2/srv/detail/dds_fastrtps/memorize_position__type_support.cpp.o[0m
[2.277s] [ 50%] [32mBuilding CXX object CMakeFiles/rob599_msgs2__rosidl_typesupport_fastrtps_cpp.dir/rosidl_typesupport_fastrtps_cpp/rob599_msgs2/srv/detail/dds_fastrtps/save__type_support.cpp.o[0m
[2.282s] [ 52%] [32mBuilding CXX object CMakeFiles/rob599_msgs2__rosidl_typesupport_fastrtps_cpp.dir/rosidl_typesupport_fastrtps_cpp/rob599_msgs2/srv/detail/dds_fastrtps/clear_positions__type_support.cpp.o[0m
[2.293s] [ 54%] [32mBuilding CXX object CMakeFiles/rob599_msgs2__rosidl_typesupport_fastrtps_cpp.dir/rosidl_typesupport_fastrtps_cpp/rob599_msgs2/srv/detail/dds_fastrtps/load__type_support.cpp.o[0m
[2.337s] [ 54%] Built target rob599_msgs2__rosidl_typesupport_c
[2.463s] [ 56%] [32mBuilding CXX object CMakeFiles/rob599_msgs2__rosidl_typesupport_fastrtps_c.dir/rosidl_typesupport_fastrtps_c/rob599_msgs2/srv/detail/memorize_position__type_support_c.cpp.o[0m
[2.507s] [ 58%] [32mBuilding CXX object CMakeFiles/rob599_msgs2__rosidl_typesupport_fastrtps_c.dir/rosidl_typesupport_fastrtps_c/rob599_msgs2/srv/detail/save__type_support_c.cpp.o[0m
[2.513s] [ 60%] [32mBuilding CXX object CMakeFiles/rob599_msgs2__rosidl_typesupport_fastrtps_c.dir/rosidl_typesupport_fastrtps_c/rob599_msgs2/srv/detail/clear_positions__type_support_c.cpp.o[0m
[2.546s] [ 61%] [32mBuilding CXX object CMakeFiles/rob599_msgs2__rosidl_typesupport_fastrtps_c.dir/rosidl_typesupport_fastrtps_c/rob599_msgs2/srv/detail/load__type_support_c.cpp.o[0m
[2.577s] [ 63%] [32m[1mLinking CXX shared library librob599_msgs2__rosidl_typesupport_cpp.so[0m
[2.645s] [ 63%] Built target rob599_msgs2__rosidl_typesupport_cpp
[2.746s] [ 65%] [32mBuilding C object CMakeFiles/rob599_msgs2__rosidl_typesupport_introspection_c.dir/rosidl_typesupport_introspection_c/rob599_msgs2/srv/detail/memorize_position__type_support.c.o[0m
[2.746s] [ 67%] [32mBuilding C object CMakeFiles/rob599_msgs2__rosidl_typesupport_introspection_c.dir/rosidl_typesupport_introspection_c/rob599_msgs2/srv/detail/clear_positions__type_support.c.o[0m
[2.755s] [ 69%] [32mBuilding C object CMakeFiles/rob599_msgs2__rosidl_typesupport_introspection_c.dir/rosidl_typesupport_introspection_c/rob599_msgs2/srv/detail/load__type_support.c.o[0m
[2.761s] [ 70%] [32mBuilding C object CMakeFiles/rob599_msgs2__rosidl_typesupport_introspection_c.dir/rosidl_typesupport_introspection_c/rob599_msgs2/srv/detail/save__type_support.c.o[0m
[2.799s] [ 72%] [32m[1mLinking CXX shared library librob599_msgs2__rosidl_typesupport_introspection_cpp.so[0m
[2.829s] [ 74%] [32m[1mLinking C shared library librob599_msgs2__rosidl_typesupport_introspection_c.so[0m
[2.952s] [ 74%] Built target rob599_msgs2__rosidl_typesupport_introspection_c
[2.968s] [ 74%] Built target rob599_msgs2__rosidl_typesupport_introspection_cpp
[3.111s] [ 76%] [32m[1mLinking CXX shared library librob599_msgs2__rosidl_typesupport_fastrtps_cpp.so[0m
[3.120s] [ 78%] [32m[1mLinking CXX shared library librob599_msgs2__rosidl_typesupport_fastrtps_c.so[0m
[3.158s] [ 78%] Built target rob599_msgs2__rosidl_typesupport_fastrtps_cpp
[3.168s] [ 78%] Built target rob599_msgs2__rosidl_typesupport_fastrtps_c
[3.180s] [ 78%] Built target rob599_msgs2
[3.192s] [ 80%] [34m[1mGenerating Python code for ROS interfaces[0m
[3.737s] [ 80%] Built target rob599_msgs2__py
[3.750s] [ 83%] [32mBuilding C object CMakeFiles/rob599_msgs2__rosidl_generator_py.dir/rosidl_generator_py/rob599_msgs2/srv/_clear_positions_s.c.o[0m
[3.750s] [ 83%] [32mBuilding C object CMakeFiles/rob599_msgs2__rosidl_generator_py.dir/rosidl_generator_py/rob599_msgs2/srv/_memorize_position_s.c.o[0m
[3.753s] [ 87%] [32mBuilding C object CMakeFiles/rob599_msgs2__rosidl_generator_py.dir/rosidl_generator_py/rob599_msgs2/srv/_save_s.c.o[0m
[3.753s] [ 87%] [32mBuilding C object CMakeFiles/rob599_msgs2__rosidl_generator_py.dir/rosidl_generator_py/rob599_msgs2/srv/_load_s.c.o[0m
[3.866s] [ 89%] [32m[1mLinking C shared library rosidl_generator_py/rob599_msgs2/librob599_msgs2__rosidl_generator_py.so[0m
[3.892s] [ 89%] Built target rob599_msgs2__rosidl_generator_py
[3.908s] [ 90%] [32mBuilding C object CMakeFiles/rob599_msgs2__rosidl_typesupport_fastrtps_c__pyext.dir/rosidl_generator_py/rob599_msgs2/_rob599_msgs2_s.ep.rosidl_typesupport_fastrtps_c.c.o[0m
[3.908s] [ 92%] [32mBuilding C object CMakeFiles/rob599_msgs2__rosidl_typesupport_introspection_c__pyext.dir/rosidl_generator_py/rob599_msgs2/_rob599_msgs2_s.ep.rosidl_typesupport_introspection_c.c.o[0m
[3.910s] [ 94%] [32mBuilding C object CMakeFiles/rob599_msgs2__rosidl_typesupport_c__pyext.dir/rosidl_generator_py/rob599_msgs2/_rob599_msgs2_s.ep.rosidl_typesupport_c.c.o[0m
[3.973s] [ 96%] [32m[1mLinking C shared library rosidl_generator_py/rob599_msgs2/rob599_msgs2_s__rosidl_typesupport_c.cpython-310-x86_64-linux-gnu.so[0m
[3.974s] [ 98%] [32m[1mLinking C shared library rosidl_generator_py/rob599_msgs2/rob599_msgs2_s__rosidl_typesupport_fastrtps_c.cpython-310-x86_64-linux-gnu.so[0m
[3.992s] [ 98%] Built target rob599_msgs2__rosidl_typesupport_c__pyext
[3.992s] [ 98%] Built target rob599_msgs2__rosidl_typesupport_fastrtps_c__pyext
[4.010s] [100%] [32m[1mLinking C shared library rosidl_generator_py/rob599_msgs2/rob599_msgs2_s__rosidl_typesupport_introspection_c.cpython-310-x86_64-linux-gnu.so[0m
[4.031s] [100%] Built target rob599_msgs2__rosidl_typesupport_introspection_c__pyext
[4.039s] Invoked command in '/home/ubuntu/ros2_ws2/src/build/rob599_msgs2' returned '0': CMAKE_PREFIX_PATH=${CMAKE_PREFIX_PATH}:/home/ubuntu/ros2_ws2/install/rob599_hw3:/opt/ros/humble /usr/bin/cmake --build /home/ubuntu/ros2_ws2/src/build/rob599_msgs2 -- -j16 -l16
[4.207s] Invoking command in '/home/ubuntu/ros2_ws2/src/build/rob599_msgs2': CMAKE_PREFIX_PATH=${CMAKE_PREFIX_PATH}:/home/ubuntu/ros2_ws2/install/rob599_hw3:/opt/ros/humble /usr/bin/cmake --install /home/ubuntu/ros2_ws2/src/build/rob599_msgs2
[4.212s] -- Install configuration: ""
[4.213s] -- Installing: /home/ubuntu/ros2_ws2/src/install/rob599_msgs2/share/ament_index/resource_index/rosidl_interfaces/rob599_msgs2
[4.213s] -- Installing: /home/ubuntu/ros2_ws2/src/install/rob599_msgs2/include/rob599_msgs2/rob599_msgs2
[4.213s] -- Installing: /home/ubuntu/ros2_ws2/src/install/rob599_msgs2/include/rob599_msgs2/rob599_msgs2/msg
[4.213s] -- Installing: /home/ubuntu/ros2_ws2/src/install/rob599_msgs2/include/rob599_msgs2/rob599_msgs2/msg/rosidl_generator_c__visibility_control.h
[4.213s] -- Installing: /home/ubuntu/ros2_ws2/src/install/rob599_msgs2/include/rob599_msgs2/rob599_msgs2/srv
[4.213s] -- Installing: /home/ubuntu/ros2_ws2/src/install/rob599_msgs2/include/rob599_msgs2/rob599_msgs2/srv/clear_positions.h
[4.213s] -- Installing: /home/ubuntu/ros2_ws2/src/install/rob599_msgs2/include/rob599_msgs2/rob599_msgs2/srv/save.h
[4.213s] -- Installing: /home/ubuntu/ros2_ws2/src/install/rob599_msgs2/include/rob599_msgs2/rob599_msgs2/srv/load.h
[4.213s] -- Installing: /home/ubuntu/ros2_ws2/src/install/rob599_msgs2/include/rob599_msgs2/rob599_msgs2/srv/detail
[4.213s] -- Installing: /home/ubuntu/ros2_ws2/src/install/rob599_msgs2/include/rob599_msgs2/rob599_msgs2/srv/detail/load__struct.h
[4.213s] -- Installing: /home/ubuntu/ros2_ws2/src/install/rob599_msgs2/include/rob599_msgs2/rob599_msgs2/srv/detail/save__type_support.h
[4.213s] -- Installing: /home/ubuntu/ros2_ws2/src/install/rob599_msgs2/include/rob599_msgs2/rob599_msgs2/srv/detail/load__type_support.h
[4.214s] -- Installing: /home/ubuntu/ros2_ws2/src/install/rob599_msgs2/include/rob599_msgs2/rob599_msgs2/srv/detail/save__struct.h
[4.214s] -- Installing: /home/ubuntu/ros2_ws2/src/install/rob599_msgs2/include/rob599_msgs2/rob599_msgs2/srv/detail/memorize_position__functions.c
[4.214s] -- Installing: /home/ubuntu/ros2_ws2/src/install/rob599_msgs2/include/rob599_msgs2/rob599_msgs2/srv/detail/clear_positions__type_support.h
[4.214s] -- Installing: /home/ubuntu/ros2_ws2/src/install/rob599_msgs2/include/rob599_msgs2/rob599_msgs2/srv/detail/save__functions.c
[4.214s] -- Installing: /home/ubuntu/ros2_ws2/src/install/rob599_msgs2/include/rob599_msgs2/rob599_msgs2/srv/detail/clear_positions__functions.c
[4.214s] -- Installing: /home/ubuntu/ros2_ws2/src/install/rob599_msgs2/include/rob599_msgs2/rob599_msgs2/srv/detail/memorize_position__struct.h
[4.214s] -- Installing: /home/ubuntu/ros2_ws2/src/install/rob599_msgs2/include/rob599_msgs2/rob599_msgs2/srv/detail/memorize_position__type_support.h
[4.214s] -- Installing: /home/ubuntu/ros2_ws2/src/install/rob599_msgs2/include/rob599_msgs2/rob599_msgs2/srv/detail/save__functions.h
[4.214s] -- Installing: /home/ubuntu/ros2_ws2/src/install/rob599_msgs2/include/rob599_msgs2/rob599_msgs2/srv/detail/clear_positions__functions.h
[4.214s] -- Installing: /home/ubuntu/ros2_ws2/src/install/rob599_msgs2/include/rob599_msgs2/rob599_msgs2/srv/detail/clear_positions__struct.h
[4.214s] -- Installing: /home/ubuntu/ros2_ws2/src/install/rob599_msgs2/include/rob599_msgs2/rob599_msgs2/srv/detail/load__functions.c
[4.214s] -- Installing: /home/ubuntu/ros2_ws2/src/install/rob599_msgs2/include/rob599_msgs2/rob599_msgs2/srv/detail/memorize_position__functions.h
[4.214s] -- Installing: /home/ubuntu/ros2_ws2/src/install/rob599_msgs2/include/rob599_msgs2/rob599_msgs2/srv/detail/load__functions.h
[4.214s] -- Installing: /home/ubuntu/ros2_ws2/src/install/rob599_msgs2/include/rob599_msgs2/rob599_msgs2/srv/memorize_position.h
[4.215s] -- Installing: /home/ubuntu/ros2_ws2/src/install/rob599_msgs2/share/rob599_msgs2/environment/library_path.sh
[4.215s] -- Installing: /home/ubuntu/ros2_ws2/src/install/rob599_msgs2/share/rob599_msgs2/environment/library_path.dsv
[4.215s] -- Installing: /home/ubuntu/ros2_ws2/src/install/rob599_msgs2/lib/librob599_msgs2__rosidl_generator_c.so
[4.215s] -- Set runtime path of "/home/ubuntu/ros2_ws2/src/install/rob599_msgs2/lib/librob599_msgs2__rosidl_generator_c.so" to ""
[4.215s] -- Up-to-date: /home/ubuntu/ros2_ws2/src/install/rob599_msgs2/include/rob599_msgs2/rob599_msgs2
[4.215s] -- Up-to-date: /home/ubuntu/ros2_ws2/src/install/rob599_msgs2/include/rob599_msgs2/rob599_msgs2/msg
[4.215s] -- Installing: /home/ubuntu/ros2_ws2/src/install/rob599_msgs2/include/rob599_msgs2/rob599_msgs2/msg/rosidl_typesupport_fastrtps_c__visibility_control.h
[4.215s] -- Up-to-date: /home/ubuntu/ros2_ws2/src/install/rob599_msgs2/include/rob599_msgs2/rob599_msgs2/srv
[4.215s] -- Up-to-date: /home/ubuntu/ros2_ws2/src/install/rob599_msgs2/include/rob599_msgs2/rob599_msgs2/srv/detail
[4.215s] -- Installing: /home/ubuntu/ros2_ws2/src/install/rob599_msgs2/include/rob599_msgs2/rob599_msgs2/srv/detail/clear_positions__rosidl_typesupport_fastrtps_c.h
[4.215s] -- Installing: /home/ubuntu/ros2_ws2/src/install/rob599_msgs2/include/rob599_msgs2/rob599_msgs2/srv/detail/save__rosidl_typesupport_fastrtps_c.h
[4.215s] -- Installing: /home/ubuntu/ros2_ws2/src/install/rob599_msgs2/include/rob599_msgs2/rob599_msgs2/srv/detail/memorize_position__rosidl_typesupport_fastrtps_c.h
[4.215s] -- Installing: /home/ubuntu/ros2_ws2/src/install/rob599_msgs2/include/rob599_msgs2/rob599_msgs2/srv/detail/load__rosidl_typesupport_fastrtps_c.h
[4.216s] -- Installing: /home/ubuntu/ros2_ws2/src/install/rob599_msgs2/lib/librob599_msgs2__rosidl_typesupport_fastrtps_c.so
[4.216s] -- Set runtime path of "/home/ubuntu/ros2_ws2/src/install/rob599_msgs2/lib/librob599_msgs2__rosidl_typesupport_fastrtps_c.so" to ""
[4.216s] -- Up-to-date: /home/ubuntu/ros2_ws2/src/install/rob599_msgs2/include/rob599_msgs2/rob599_msgs2
[4.216s] -- Up-to-date: /home/ubuntu/ros2_ws2/src/install/rob599_msgs2/include/rob599_msgs2/rob599_msgs2/msg
[4.216s] -- Installing: /home/ubuntu/ros2_ws2/src/install/rob599_msgs2/include/rob599_msgs2/rob599_msgs2/msg/rosidl_typesupport_introspection_c__visibility_control.h
[4.216s] -- Up-to-date: /home/ubuntu/ros2_ws2/src/install/rob599_msgs2/include/rob599_msgs2/rob599_msgs2/srv
[4.216s] -- Up-to-date: /home/ubuntu/ros2_ws2/src/install/rob599_msgs2/include/rob599_msgs2/rob599_msgs2/srv/detail
[4.216s] -- Installing: /home/ubuntu/ros2_ws2/src/install/rob599_msgs2/include/rob599_msgs2/rob599_msgs2/srv/detail/memorize_position__type_support.c
[4.216s] -- Installing: /home/ubuntu/ros2_ws2/src/install/rob599_msgs2/include/rob599_msgs2/rob599_msgs2/srv/detail/save__rosidl_typesupport_introspection_c.h
[4.216s] -- Installing: /home/ubuntu/ros2_ws2/src/install/rob599_msgs2/include/rob599_msgs2/rob599_msgs2/srv/detail/save__type_support.c
[4.216s] -- Installing: /home/ubuntu/ros2_ws2/src/install/rob599_msgs2/include/rob599_msgs2/rob599_msgs2/srv/detail/load__rosidl_typesupport_introspection_c.h
[4.216s] -- Installing: /home/ubuntu/ros2_ws2/src/install/rob599_msgs2/include/rob599_msgs2/rob599_msgs2/srv/detail/memorize_position__rosidl_typesupport_introspection_c.h
[4.216s] -- Installing: /home/ubuntu/ros2_ws2/src/install/rob599_msgs2/include/rob599_msgs2/rob599_msgs2/srv/detail/clear_positions__type_support.c
[4.216s] -- Installing: /home/ubuntu/ros2_ws2/src/install/rob599_msgs2/include/rob599_msgs2/rob599_msgs2/srv/detail/load__type_support.c
[4.216s] -- Installing: /home/ubuntu/ros2_ws2/src/install/rob599_msgs2/include/rob599_msgs2/rob599_msgs2/srv/detail/clear_positions__rosidl_typesupport_introspection_c.h
[4.217s] -- Installing: /home/ubuntu/ros2_ws2/src/install/rob599_msgs2/lib/librob599_msgs2__rosidl_typesupport_introspection_c.so
[4.217s] -- Set runtime path of "/home/ubuntu/ros2_ws2/src/install/rob599_msgs2/lib/librob599_msgs2__rosidl_typesupport_introspection_c.so" to ""
[4.217s] -- Installing: /home/ubuntu/ros2_ws2/src/install/rob599_msgs2/lib/librob599_msgs2__rosidl_typesupport_c.so
[4.217s] -- Set runtime path of "/home/ubuntu/ros2_ws2/src/install/rob599_msgs2/lib/librob599_msgs2__rosidl_typesupport_c.so" to ""
[4.217s] -- Up-to-date: /home/ubuntu/ros2_ws2/src/install/rob599_msgs2/include/rob599_msgs2/rob599_msgs2
[4.217s] -- Up-to-date: /home/ubuntu/ros2_ws2/src/install/rob599_msgs2/include/rob599_msgs2/rob599_msgs2/srv
[4.217s] -- Installing: /home/ubuntu/ros2_ws2/src/install/rob599_msgs2/include/rob599_msgs2/rob599_msgs2/srv/load.hpp
[4.217s] -- Installing: /home/ubuntu/ros2_ws2/src/install/rob599_msgs2/include/rob599_msgs2/rob599_msgs2/srv/memorize_position.hpp
[4.217s] -- Installing: /home/ubuntu/ros2_ws2/src/install/rob599_msgs2/include/rob599_msgs2/rob599_msgs2/srv/clear_positions.hpp
[4.217s] -- Up-to-date: /home/ubuntu/ros2_ws2/src/install/rob599_msgs2/include/rob599_msgs2/rob599_msgs2/srv/detail
[4.217s] -- Installing: /home/ubuntu/ros2_ws2/src/install/rob599_msgs2/include/rob599_msgs2/rob599_msgs2/srv/detail/save__traits.hpp
[4.217s] -- Installing: /home/ubuntu/ros2_ws2/src/install/rob599_msgs2/include/rob599_msgs2/rob599_msgs2/srv/detail/clear_positions__struct.hpp
[4.217s] -- Installing: /home/ubuntu/ros2_ws2/src/install/rob599_msgs2/include/rob599_msgs2/rob599_msgs2/srv/detail/memorize_position__struct.hpp
[4.218s] -- Installing: /home/ubuntu/ros2_ws2/src/install/rob599_msgs2/include/rob599_msgs2/rob599_msgs2/srv/detail/memorize_position__traits.hpp
[4.218s] -- Installing: /home/ubuntu/ros2_ws2/src/install/rob599_msgs2/include/rob599_msgs2/rob599_msgs2/srv/detail/save__struct.hpp
[4.218s] -- Installing: /home/ubuntu/ros2_ws2/src/install/rob599_msgs2/include/rob599_msgs2/rob599_msgs2/srv/detail/memorize_position__builder.hpp
[4.218s] -- Installing: /home/ubuntu/ros2_ws2/src/install/rob599_msgs2/include/rob599_msgs2/rob599_msgs2/srv/detail/clear_positions__builder.hpp
[4.218s] -- Installing: /home/ubuntu/ros2_ws2/src/install/rob599_msgs2/include/rob599_msgs2/rob599_msgs2/srv/detail/load__struct.hpp
[4.218s] -- Installing: /home/ubuntu/ros2_ws2/src/install/rob599_msgs2/include/rob599_msgs2/rob599_msgs2/srv/detail/clear_positions__traits.hpp
[4.218s] -- Installing: /home/ubuntu/ros2_ws2/src/install/rob599_msgs2/include/rob599_msgs2/rob599_msgs2/srv/detail/load__builder.hpp
[4.218s] -- Installing: /home/ubuntu/ros2_ws2/src/install/rob599_msgs2/include/rob599_msgs2/rob599_msgs2/srv/detail/save__builder.hpp
[4.218s] -- Installing: /home/ubuntu/ros2_ws2/src/install/rob599_msgs2/include/rob599_msgs2/rob599_msgs2/srv/detail/load__traits.hpp
[4.218s] -- Installing: /home/ubuntu/ros2_ws2/src/install/rob599_msgs2/include/rob599_msgs2/rob599_msgs2/srv/save.hpp
[4.218s] -- Up-to-date: /home/ubuntu/ros2_ws2/src/install/rob599_msgs2/include/rob599_msgs2/rob599_msgs2
[4.218s] -- Up-to-date: /home/ubuntu/ros2_ws2/src/install/rob599_msgs2/include/rob599_msgs2/rob599_msgs2/msg
[4.218s] -- Installing: /home/ubuntu/ros2_ws2/src/install/rob599_msgs2/include/rob599_msgs2/rob599_msgs2/msg/rosidl_typesupport_fastrtps_cpp__visibility_control.h
[4.218s] -- Up-to-date: /home/ubuntu/ros2_ws2/src/install/rob599_msgs2/include/rob599_msgs2/rob599_msgs2/srv
[4.218s] -- Up-to-date: /home/ubuntu/ros2_ws2/src/install/rob599_msgs2/include/rob599_msgs2/rob599_msgs2/srv/detail
[4.218s] -- Installing: /home/ubuntu/ros2_ws2/src/install/rob599_msgs2/include/rob599_msgs2/rob599_msgs2/srv/detail/load__rosidl_typesupport_fastrtps_cpp.hpp
[4.218s] -- Installing: /home/ubuntu/ros2_ws2/src/install/rob599_msgs2/include/rob599_msgs2/rob599_msgs2/srv/detail/memorize_position__rosidl_typesupport_fastrtps_cpp.hpp
[4.218s] -- Installing: /home/ubuntu/ros2_ws2/src/install/rob599_msgs2/include/rob599_msgs2/rob599_msgs2/srv/detail/dds_fastrtps
[4.218s] -- Installing: /home/ubuntu/ros2_ws2/src/install/rob599_msgs2/include/rob599_msgs2/rob599_msgs2/srv/detail/clear_positions__rosidl_typesupport_fastrtps_cpp.hpp
[4.218s] -- Installing: /home/ubuntu/ros2_ws2/src/install/rob599_msgs2/include/rob599_msgs2/rob599_msgs2/srv/detail/save__rosidl_typesupport_fastrtps_cpp.hpp
[4.218s] -- Installing: /home/ubuntu/ros2_ws2/src/install/rob599_msgs2/lib/librob599_msgs2__rosidl_typesupport_fastrtps_cpp.so
[4.218s] -- Set runtime path of "/home/ubuntu/ros2_ws2/src/install/rob599_msgs2/lib/librob599_msgs2__rosidl_typesupport_fastrtps_cpp.so" to ""
[4.218s] -- Up-to-date: /home/ubuntu/ros2_ws2/src/install/rob599_msgs2/include/rob599_msgs2/rob599_msgs2
[4.218s] -- Up-to-date: /home/ubuntu/ros2_ws2/src/install/rob599_msgs2/include/rob599_msgs2/rob599_msgs2/srv
[4.218s] -- Up-to-date: /home/ubuntu/ros2_ws2/src/install/rob599_msgs2/include/rob599_msgs2/rob599_msgs2/srv/detail
[4.218s] -- Installing: /home/ubuntu/ros2_ws2/src/install/rob599_msgs2/include/rob599_msgs2/rob599_msgs2/srv/detail/save__type_support.cpp
[4.218s] -- Installing: /home/ubuntu/ros2_ws2/src/install/rob599_msgs2/include/rob599_msgs2/rob599_msgs2/srv/detail/load__rosidl_typesupport_introspection_cpp.hpp
[4.219s] -- Installing: /home/ubuntu/ros2_ws2/src/install/rob599_msgs2/include/rob599_msgs2/rob599_msgs2/srv/detail/memorize_position__type_support.cpp
[4.219s] -- Installing: /home/ubuntu/ros2_ws2/src/install/rob599_msgs2/include/rob599_msgs2/rob599_msgs2/srv/detail/clear_positions__rosidl_typesupport_introspection_cpp.hpp
[4.219s] -- Installing: /home/ubuntu/ros2_ws2/src/install/rob599_msgs2/include/rob599_msgs2/rob599_msgs2/srv/detail/load__type_support.cpp
[4.219s] -- Installing: /home/ubuntu/ros2_ws2/src/install/rob599_msgs2/include/rob599_msgs2/rob599_msgs2/srv/detail/memorize_position__rosidl_typesupport_introspection_cpp.hpp
[4.219s] -- Installing: /home/ubuntu/ros2_ws2/src/install/rob599_msgs2/include/rob599_msgs2/rob599_msgs2/srv/detail/save__rosidl_typesupport_introspection_cpp.hpp
[4.219s] -- Installing: /home/ubuntu/ros2_ws2/src/install/rob599_msgs2/include/rob599_msgs2/rob599_msgs2/srv/detail/clear_positions__type_support.cpp
[4.219s] -- Installing: /home/ubuntu/ros2_ws2/src/install/rob599_msgs2/lib/librob599_msgs2__rosidl_typesupport_introspection_cpp.so
[4.219s] -- Set runtime path of "/home/ubuntu/ros2_ws2/src/install/rob599_msgs2/lib/librob599_msgs2__rosidl_typesupport_introspection_cpp.so" to ""
[4.219s] -- Installing: /home/ubuntu/ros2_ws2/src/install/rob599_msgs2/lib/librob599_msgs2__rosidl_typesupport_cpp.so
[4.219s] -- Set runtime path of "/home/ubuntu/ros2_ws2/src/install/rob599_msgs2/lib/librob599_msgs2__rosidl_typesupport_cpp.so" to ""
[4.219s] -- Installing: /home/ubuntu/ros2_ws2/src/install/rob599_msgs2/share/rob599_msgs2/environment/pythonpath.sh
[4.219s] -- Installing: /home/ubuntu/ros2_ws2/src/install/rob599_msgs2/share/rob599_msgs2/environment/pythonpath.dsv
[4.219s] -- Installing: /home/ubuntu/ros2_ws2/src/install/rob599_msgs2/local/lib/python3.10/dist-packages/rob599_msgs2-0.0.0-py3.10.egg-info
[4.219s] -- Installing: /home/ubuntu/ros2_ws2/src/install/rob599_msgs2/local/lib/python3.10/dist-packages/rob599_msgs2-0.0.0-py3.10.egg-info/SOURCES.txt
[4.219s] -- Installing: /home/ubuntu/ros2_ws2/src/install/rob599_msgs2/local/lib/python3.10/dist-packages/rob599_msgs2-0.0.0-py3.10.egg-info/top_level.txt
[4.219s] -- Installing: /home/ubuntu/ros2_ws2/src/install/rob599_msgs2/local/lib/python3.10/dist-packages/rob599_msgs2-0.0.0-py3.10.egg-info/dependency_links.txt
[4.219s] -- Installing: /home/ubuntu/ros2_ws2/src/install/rob599_msgs2/local/lib/python3.10/dist-packages/rob599_msgs2-0.0.0-py3.10.egg-info/PKG-INFO
[4.219s] -- Installing: /home/ubuntu/ros2_ws2/src/install/rob599_msgs2/local/lib/python3.10/dist-packages/rob599_msgs2
[4.219s] -- Installing: /home/ubuntu/ros2_ws2/src/install/rob599_msgs2/local/lib/python3.10/dist-packages/rob599_msgs2/_rob599_msgs2_s.ep.rosidl_typesupport_introspection_c.c
[4.219s] -- Installing: /home/ubuntu/ros2_ws2/src/install/rob599_msgs2/local/lib/python3.10/dist-packages/rob599_msgs2/_rob599_msgs2_s.ep.rosidl_typesupport_fastrtps_c.c
[4.219s] -- Installing: /home/ubuntu/ros2_ws2/src/install/rob599_msgs2/local/lib/python3.10/dist-packages/rob599_msgs2/rob599_msgs2_s__rosidl_typesupport_c.cpython-310-x86_64-linux-gnu.so
[4.219s] -- Installing: /home/ubuntu/ros2_ws2/src/install/rob599_msgs2/local/lib/python3.10/dist-packages/rob599_msgs2/rob599_msgs2_s__rosidl_typesupport_fastrtps_c.cpython-310-x86_64-linux-gnu.so
[4.220s] -- Installing: /home/ubuntu/ros2_ws2/src/install/rob599_msgs2/local/lib/python3.10/dist-packages/rob599_msgs2/__init__.py
[4.220s] -- Installing: /home/ubuntu/ros2_ws2/src/install/rob599_msgs2/local/lib/python3.10/dist-packages/rob599_msgs2/_rob599_msgs2_s.ep.rosidl_typesupport_c.c
[4.220s] -- Installing: /home/ubuntu/ros2_ws2/src/install/rob599_msgs2/local/lib/python3.10/dist-packages/rob599_msgs2/rob599_msgs2_s__rosidl_typesupport_introspection_c.cpython-310-x86_64-linux-gnu.so
[4.220s] -- Installing: /home/ubuntu/ros2_ws2/src/install/rob599_msgs2/local/lib/python3.10/dist-packages/rob599_msgs2/librob599_msgs2__rosidl_generator_py.so
[4.220s] -- Installing: /home/ubuntu/ros2_ws2/src/install/rob599_msgs2/local/lib/python3.10/dist-packages/rob599_msgs2/srv
[4.220s] -- Installing: /home/ubuntu/ros2_ws2/src/install/rob599_msgs2/local/lib/python3.10/dist-packages/rob599_msgs2/srv/_load.py
[4.220s] -- Installing: /home/ubuntu/ros2_ws2/src/install/rob599_msgs2/local/lib/python3.10/dist-packages/rob599_msgs2/srv/_save_s.c
[4.220s] -- Installing: /home/ubuntu/ros2_ws2/src/install/rob599_msgs2/local/lib/python3.10/dist-packages/rob599_msgs2/srv/_memorize_position_s.c
[4.220s] -- Installing: /home/ubuntu/ros2_ws2/src/install/rob599_msgs2/local/lib/python3.10/dist-packages/rob599_msgs2/srv/_clear_positions_s.c
[4.220s] -- Installing: /home/ubuntu/ros2_ws2/src/install/rob599_msgs2/local/lib/python3.10/dist-packages/rob599_msgs2/srv/_clear_positions.py
[4.220s] -- Installing: /home/ubuntu/ros2_ws2/src/install/rob599_msgs2/local/lib/python3.10/dist-packages/rob599_msgs2/srv/__init__.py
[4.220s] -- Installing: /home/ubuntu/ros2_ws2/src/install/rob599_msgs2/local/lib/python3.10/dist-packages/rob599_msgs2/srv/_save.py
[4.220s] -- Installing: /home/ubuntu/ros2_ws2/src/install/rob599_msgs2/local/lib/python3.10/dist-packages/rob599_msgs2/srv/_memorize_position.py
[4.220s] -- Installing: /home/ubuntu/ros2_ws2/src/install/rob599_msgs2/local/lib/python3.10/dist-packages/rob599_msgs2/srv/_load_s.c
[4.244s] Listing '/home/ubuntu/ros2_ws2/src/install/rob599_msgs2/local/lib/python3.10/dist-packages/rob599_msgs2'...
[4.244s] Compiling '/home/ubuntu/ros2_ws2/src/install/rob599_msgs2/local/lib/python3.10/dist-packages/rob599_msgs2/__init__.py'...
[4.244s] Listing '/home/ubuntu/ros2_ws2/src/install/rob599_msgs2/local/lib/python3.10/dist-packages/rob599_msgs2/srv'...
[4.244s] Compiling '/home/ubuntu/ros2_ws2/src/install/rob599_msgs2/local/lib/python3.10/dist-packages/rob599_msgs2/srv/__init__.py'...
[4.244s] Compiling '/home/ubuntu/ros2_ws2/src/install/rob599_msgs2/local/lib/python3.10/dist-packages/rob599_msgs2/srv/_clear_positions.py'...
[4.244s] Compiling '/home/ubuntu/ros2_ws2/src/install/rob599_msgs2/local/lib/python3.10/dist-packages/rob599_msgs2/srv/_load.py'...
[4.244s] Compiling '/home/ubuntu/ros2_ws2/src/install/rob599_msgs2/local/lib/python3.10/dist-packages/rob599_msgs2/srv/_memorize_position.py'...
[4.245s] Compiling '/home/ubuntu/ros2_ws2/src/install/rob599_msgs2/local/lib/python3.10/dist-packages/rob599_msgs2/srv/_save.py'...
[4.248s] -- Installing: /home/ubuntu/ros2_ws2/src/install/rob599_msgs2/local/lib/python3.10/dist-packages/rob599_msgs2/rob599_msgs2_s__rosidl_typesupport_fastrtps_c.cpython-310-x86_64-linux-gnu.so
[4.248s] -- Set runtime path of "/home/ubuntu/ros2_ws2/src/install/rob599_msgs2/local/lib/python3.10/dist-packages/rob599_msgs2/rob599_msgs2_s__rosidl_typesupport_fastrtps_c.cpython-310-x86_64-linux-gnu.so" to ""
[4.248s] -- Installing: /home/ubuntu/ros2_ws2/src/install/rob599_msgs2/local/lib/python3.10/dist-packages/rob599_msgs2/rob599_msgs2_s__rosidl_typesupport_introspection_c.cpython-310-x86_64-linux-gnu.so
[4.248s] -- Set runtime path of "/home/ubuntu/ros2_ws2/src/install/rob599_msgs2/local/lib/python3.10/dist-packages/rob599_msgs2/rob599_msgs2_s__rosidl_typesupport_introspection_c.cpython-310-x86_64-linux-gnu.so" to ""
[4.248s] -- Installing: /home/ubuntu/ros2_ws2/src/install/rob599_msgs2/local/lib/python3.10/dist-packages/rob599_msgs2/rob599_msgs2_s__rosidl_typesupport_c.cpython-310-x86_64-linux-gnu.so
[4.249s] -- Set runtime path of "/home/ubuntu/ros2_ws2/src/install/rob599_msgs2/local/lib/python3.10/dist-packages/rob599_msgs2/rob599_msgs2_s__rosidl_typesupport_c.cpython-310-x86_64-linux-gnu.so" to ""
[4.249s] -- Installing: /home/ubuntu/ros2_ws2/src/install/rob599_msgs2/lib/librob599_msgs2__rosidl_generator_py.so
[4.249s] -- Set runtime path of "/home/ubuntu/ros2_ws2/src/install/rob599_msgs2/lib/librob599_msgs2__rosidl_generator_py.so" to ""
[4.249s] -- Installing: /home/ubuntu/ros2_ws2/src/install/rob599_msgs2/share/rob599_msgs2/srv/MemorizePosition.idl
[4.249s] -- Installing: /home/ubuntu/ros2_ws2/src/install/rob599_msgs2/share/rob599_msgs2/srv/ClearPositions.idl
[4.249s] -- Installing: /home/ubuntu/ros2_ws2/src/install/rob599_msgs2/share/rob599_msgs2/srv/Save.idl
[4.249s] -- Installing: /home/ubuntu/ros2_ws2/src/install/rob599_msgs2/share/rob599_msgs2/srv/Load.idl
[4.249s] -- Installing: /home/ubuntu/ros2_ws2/src/install/rob599_msgs2/share/rob599_msgs2/srv/MemorizePosition.srv
[4.250s] -- Installing: /home/ubuntu/ros2_ws2/src/install/rob599_msgs2/share/rob599_msgs2/srv/MemorizePosition_Request.msg
[4.250s] -- Installing: /home/ubuntu/ros2_ws2/src/install/rob599_msgs2/share/rob599_msgs2/srv/MemorizePosition_Response.msg
[4.250s] -- Installing: /home/ubuntu/ros2_ws2/src/install/rob599_msgs2/share/rob599_msgs2/srv/ClearPositions.srv
[4.250s] -- Installing: /home/ubuntu/ros2_ws2/src/install/rob599_msgs2/share/rob599_msgs2/srv/ClearPositions_Request.msg
[4.250s] -- Installing: /home/ubuntu/ros2_ws2/src/install/rob599_msgs2/share/rob599_msgs2/srv/ClearPositions_Response.msg
[4.250s] -- Installing: /home/ubuntu/ros2_ws2/src/install/rob599_msgs2/share/rob599_msgs2/srv/Save.srv
[4.250s] -- Installing: /home/ubuntu/ros2_ws2/src/install/rob599_msgs2/share/rob599_msgs2/srv/Save_Request.msg
[4.250s] -- Installing: /home/ubuntu/ros2_ws2/src/install/rob599_msgs2/share/rob599_msgs2/srv/Save_Response.msg
[4.250s] -- Installing: /home/ubuntu/ros2_ws2/src/install/rob599_msgs2/share/rob599_msgs2/srv/Load.srv
[4.251s] -- Installing: /home/ubuntu/ros2_ws2/src/install/rob599_msgs2/share/rob599_msgs2/srv/Load_Request.msg
[4.251s] -- Installing: /home/ubuntu/ros2_ws2/src/install/rob599_msgs2/share/rob599_msgs2/srv/Load_Response.msg
[4.251s] -- Installing: /home/ubuntu/ros2_ws2/src/install/rob599_msgs2/share/ament_index/resource_index/package_run_dependencies/rob599_msgs2
[4.251s] -- Installing: /home/ubuntu/ros2_ws2/src/install/rob599_msgs2/share/ament_index/resource_index/parent_prefix_path/rob599_msgs2
[4.251s] -- Installing: /home/ubuntu/ros2_ws2/src/install/rob599_msgs2/share/rob599_msgs2/environment/ament_prefix_path.sh
[4.251s] -- Installing: /home/ubuntu/ros2_ws2/src/install/rob599_msgs2/share/rob599_msgs2/environment/ament_prefix_path.dsv
[4.251s] -- Installing: /home/ubuntu/ros2_ws2/src/install/rob599_msgs2/share/rob599_msgs2/environment/path.sh
[4.251s] -- Installing: /home/ubuntu/ros2_ws2/src/install/rob599_msgs2/share/rob599_msgs2/environment/path.dsv
[4.252s] -- Installing: /home/ubuntu/ros2_ws2/src/install/rob599_msgs2/share/rob599_msgs2/local_setup.bash
[4.252s] -- Installing: /home/ubuntu/ros2_ws2/src/install/rob599_msgs2/share/rob599_msgs2/local_setup.sh
[4.252s] -- Installing: /home/ubuntu/ros2_ws2/src/install/rob599_msgs2/share/rob599_msgs2/local_setup.zsh
[4.252s] -- Installing: /home/ubuntu/ros2_ws2/src/install/rob599_msgs2/share/rob599_msgs2/local_setup.dsv
[4.252s] -- Installing: /home/ubuntu/ros2_ws2/src/install/rob599_msgs2/share/rob599_msgs2/package.dsv
[4.252s] -- Installing: /home/ubuntu/ros2_ws2/src/install/rob599_msgs2/share/ament_index/resource_index/packages/rob599_msgs2
[4.252s] -- Installing: /home/ubuntu/ros2_ws2/src/install/rob599_msgs2/share/rob599_msgs2/cmake/export_rob599_msgs2__rosidl_generator_cExport.cmake
[4.252s] -- Installing: /home/ubuntu/ros2_ws2/src/install/rob599_msgs2/share/rob599_msgs2/cmake/export_rob599_msgs2__rosidl_generator_cExport-noconfig.cmake
[4.253s] -- Installing: /home/ubuntu/ros2_ws2/src/install/rob599_msgs2/share/rob599_msgs2/cmake/export_rob599_msgs2__rosidl_typesupport_fastrtps_cExport.cmake
[4.253s] -- Installing: /home/ubuntu/ros2_ws2/src/install/rob599_msgs2/share/rob599_msgs2/cmake/export_rob599_msgs2__rosidl_typesupport_fastrtps_cExport-noconfig.cmake
[4.253s] -- Installing: /home/ubuntu/ros2_ws2/src/install/rob599_msgs2/share/rob599_msgs2/cmake/rob599_msgs2__rosidl_typesupport_introspection_cExport.cmake
[4.253s] -- Installing: /home/ubuntu/ros2_ws2/src/install/rob599_msgs2/share/rob599_msgs2/cmake/rob599_msgs2__rosidl_typesupport_introspection_cExport-noconfig.cmake
[4.253s] -- Installing: /home/ubuntu/ros2_ws2/src/install/rob599_msgs2/share/rob599_msgs2/cmake/rob599_msgs2__rosidl_typesupport_cExport.cmake
[4.253s] -- Installing: /home/ubuntu/ros2_ws2/src/install/rob599_msgs2/share/rob599_msgs2/cmake/rob599_msgs2__rosidl_typesupport_cExport-noconfig.cmake
[4.253s] -- Installing: /home/ubuntu/ros2_ws2/src/install/rob599_msgs2/share/rob599_msgs2/cmake/export_rob599_msgs2__rosidl_generator_cppExport.cmake
[4.253s] -- Installing: /home/ubuntu/ros2_ws2/src/install/rob599_msgs2/share/rob599_msgs2/cmake/export_rob599_msgs2__rosidl_typesupport_fastrtps_cppExport.cmake
[4.254s] -- Installing: /home/ubuntu/ros2_ws2/src/install/rob599_msgs2/share/rob599_msgs2/cmake/export_rob599_msgs2__rosidl_typesupport_fastrtps_cppExport-noconfig.cmake
[4.254s] -- Installing: /home/ubuntu/ros2_ws2/src/install/rob599_msgs2/share/rob599_msgs2/cmake/rob599_msgs2__rosidl_typesupport_introspection_cppExport.cmake
[4.254s] -- Installing: /home/ubuntu/ros2_ws2/src/install/rob599_msgs2/share/rob599_msgs2/cmake/rob599_msgs2__rosidl_typesupport_introspection_cppExport-noconfig.cmake
[4.254s] -- Installing: /home/ubuntu/ros2_ws2/src/install/rob599_msgs2/share/rob599_msgs2/cmake/rob599_msgs2__rosidl_typesupport_cppExport.cmake
[4.254s] -- Installing: /home/ubuntu/ros2_ws2/src/install/rob599_msgs2/share/rob599_msgs2/cmake/rob599_msgs2__rosidl_typesupport_cppExport-noconfig.cmake
[4.254s] -- Installing: /home/ubuntu/ros2_ws2/src/install/rob599_msgs2/share/rob599_msgs2/cmake/export_rob599_msgs2__rosidl_generator_pyExport.cmake
[4.254s] -- Installing: /home/ubuntu/ros2_ws2/src/install/rob599_msgs2/share/rob599_msgs2/cmake/export_rob599_msgs2__rosidl_generator_pyExport-noconfig.cmake
[4.254s] -- Installing: /home/ubuntu/ros2_ws2/src/install/rob599_msgs2/share/rob599_msgs2/cmake/rosidl_cmake-extras.cmake
[4.255s] -- Installing: /home/ubuntu/ros2_ws2/src/install/rob599_msgs2/share/rob599_msgs2/cmake/ament_cmake_export_include_directories-extras.cmake
[4.255s] -- Installing: /home/ubuntu/ros2_ws2/src/install/rob599_msgs2/share/rob599_msgs2/cmake/ament_cmake_export_libraries-extras.cmake
[4.255s] -- Installing: /home/ubuntu/ros2_ws2/src/install/rob599_msgs2/share/rob599_msgs2/cmake/ament_cmake_export_targets-extras.cmake
[4.255s] -- Installing: /home/ubuntu/ros2_ws2/src/install/rob599_msgs2/share/rob599_msgs2/cmake/rosidl_cmake_export_typesupport_targets-extras.cmake
[4.255s] -- Installing: /home/ubuntu/ros2_ws2/src/install/rob599_msgs2/share/rob599_msgs2/cmake/ament_cmake_export_dependencies-extras.cmake
[4.256s] -- Installing: /home/ubuntu/ros2_ws2/src/install/rob599_msgs2/share/rob599_msgs2/cmake/rosidl_cmake_export_typesupport_libraries-extras.cmake
[4.256s] -- Installing: /home/ubuntu/ros2_ws2/src/install/rob599_msgs2/share/rob599_msgs2/cmake/rob599_msgs2Config.cmake
[4.256s] -- Installing: /home/ubuntu/ros2_ws2/src/install/rob599_msgs2/share/rob599_msgs2/cmake/rob599_msgs2Config-version.cmake
[4.256s] -- Installing: /home/ubuntu/ros2_ws2/src/install/rob599_msgs2/share/rob599_msgs2/package.xml
[4.258s] Invoked command in '/home/ubuntu/ros2_ws2/src/build/rob599_msgs2' returned '0': CMAKE_PREFIX_PATH=${CMAKE_PREFIX_PATH}:/home/ubuntu/ros2_ws2/install/rob599_hw3:/opt/ros/humble /usr/bin/cmake --install /home/ubuntu/ros2_ws2/src/build/rob599_msgs2
