[0.072s] Invoking command in '/home/ubuntu/ros2_ws2/src/build/turtlebot3_gazebo': CMAKE_PREFIX_PATH=${CMAKE_PREFIX_PATH}:/home/ubuntu/ros2_ws2/install/rob599_hw3:/opt/ros/humble /usr/bin/cmake /home/ubuntu/ros2_ws2/src/turtlebot3_simulations/turtlebot3_gazebo -DCMAKE_INSTALL_PREFIX=/home/ubuntu/ros2_ws2/src/install/turtlebot3_gazebo
[0.304s] -- The C compiler identification is GNU 11.4.0
[0.553s] -- The CXX compiler identification is GNU 11.4.0
[0.562s] -- Detecting C compiler ABI info
[0.609s] -- Detecting C compiler ABI info - done
[0.612s] -- Check for working C compiler: /usr/bin/cc - skipped
[0.612s] -- Detecting C compile features
[0.613s] -- Detecting C compile features - done
[0.616s] -- Detecting CXX compiler ABI info
[0.669s] -- Detecting CXX compiler ABI info - done
[0.675s] -- Check for working CXX compiler: /usr/bin/c++ - skipped
[0.675s] -- Detecting CXX compile features
[0.675s] -- Detecting CXX compile features - done
[0.676s] -- Found ament_cmake: 1.3.8 (/opt/ros/humble/share/ament_cmake/cmake)
[0.778s] -- Found Python3: /usr/bin/python3 (found version "3.10.12") found components: Interpreter 
[0.881s] [33mCMake Warning (dev) at /usr/share/cmake-3.22/Modules/FindPackageHandleStandardArgs.cmake:438 (message):
[0.881s]   The package name passed to `find_package_handle_standard_args` (PkgConfig)
[0.881s]   does not match the name of the calling package (gazebo).  This can lead to
[0.881s]   problems in calling code that expects `find_package` result variables
[0.881s]   (e.g., `_FOUND`) to follow a certain pattern.
[0.881s] Call Stack (most recent call first):
[0.881s]   /usr/share/cmake-3.22/Modules/FindPkgConfig.cmake:99 (find_package_handle_standard_args)
[0.881s]   /usr/lib/x86_64-linux-gnu/cmake/gazebo/gazebo-config.cmake:72 (include)
[0.881s]   CMakeLists.txt:23 (find_package)
[0.881s] This warning is for project developers.  Use -Wno-dev to suppress it.
[0.881s] [0m
[0.881s] -- Found PkgConfig: /usr/bin/pkg-config (found version "0.29.2") 
[0.886s] -- Checking for module 'bullet>=2.82'
[0.898s] --   Found bullet, version 3.05
[0.970s] -- Found fcl: /usr/include (found suitable version "0.7.0", minimum required is "0.5.0") 
[0.995s] -- Found assimp: /usr/include (found version "5.2.0") 
[1.020s] -- Found DART: /usr/include (Required is at least version "6.6") found components: dart 
[1.143s] -- Found Boost: /usr/lib/x86_64-linux-gnu/cmake/Boost-1.74.0/BoostConfig.cmake (found suitable version "1.74.0", minimum required is "1.40.0") found components: thread system filesystem program_options regex iostreams date_time 
[1.181s] -- Found Protobuf: /usr/lib/x86_64-linux-gnu/libprotobuf.so (found version "3.12.4") 
[1.187s] -- Looking for ignition-math6 -- found version 6.15.1
[1.198s] -- Searching for dependencies of ignition-math6
[1.201s] -- Looking for OGRE...
[1.201s] -- OGRE_PREFIX_WATCH changed.
[1.204s] -- Checking for module 'OGRE'
[1.210s] --   Found OGRE, version 1.9.0
[1.228s] -- Found Ogre Ghadamon (1.9.0)
[1.239s] -- Found OGRE: optimized;/usr/lib/x86_64-linux-gnu/libOgreMain.so;debug;/usr/lib/x86_64-linux-gnu/libOgreMain.so
[1.245s] -- Looking for OGRE_Paging...
[1.249s] -- Found OGRE_Paging: optimized;/usr/lib/x86_64-linux-gnu/libOgrePaging.so;debug;/usr/lib/x86_64-linux-gnu/libOgrePaging.so
[1.249s] -- Looking for OGRE_Terrain...
[1.252s] -- Found OGRE_Terrain: optimized;/usr/lib/x86_64-linux-gnu/libOgreTerrain.so;debug;/usr/lib/x86_64-linux-gnu/libOgreTerrain.so
[1.252s] -- Looking for OGRE_Property...
[1.255s] -- Found OGRE_Property: optimized;/usr/lib/x86_64-linux-gnu/libOgreProperty.so;debug;/usr/lib/x86_64-linux-gnu/libOgreProperty.so
[1.255s] -- Looking for OGRE_RTShaderSystem...
[1.258s] -- Found OGRE_RTShaderSystem: optimized;/usr/lib/x86_64-linux-gnu/libOgreRTShaderSystem.so;debug;/usr/lib/x86_64-linux-gnu/libOgreRTShaderSystem.so
[1.258s] -- Looking for OGRE_Volume...
[1.262s] -- Found OGRE_Volume: optimized;/usr/lib/x86_64-linux-gnu/libOgreVolume.so;debug;/usr/lib/x86_64-linux-gnu/libOgreVolume.so
[1.262s] -- Looking for OGRE_Overlay...
[1.265s] -- Found OGRE_Overlay: optimized;/usr/lib/x86_64-linux-gnu/libOgreOverlay.so;debug;/usr/lib/x86_64-linux-gnu/libOgreOverlay.so
[1.334s] -- Looking for ignition-math6 -- found version 6.15.1
[1.336s] -- Looking for ignition-transport8 -- found version 8.2.1
[1.336s] -- Searching for dependencies of ignition-transport8
[1.355s] -- Found Protobuf: /usr/lib/x86_64-linux-gnu/libprotobuf.so (found suitable version "3.12.4", minimum required is "3") 
[1.367s] -- Config-file not installed for ZeroMQ -- checking for pkg-config
[1.370s] -- Checking for module 'libzmq >= 4'
[1.383s] --   Found libzmq , version 4.3.4
[1.402s] -- Found ZeroMQ: TRUE (Required is at least version "4") 
[1.407s] -- Checking for module 'uuid'
[1.415s] --   Found uuid, version 2.37.2
[1.431s] -- Found UUID: TRUE  
[1.434s] -- Looking for ignition-msgs5 -- found version 5.8.1
[1.434s] -- Searching for dependencies of ignition-msgs5
[1.452s] -- Looking for ignition-math6 -- found version 6.15.1
[1.455s] -- Checking for module 'tinyxml2'
[1.462s] --   Found tinyxml2, version 9.0.0
[1.481s] -- Looking for ignition-msgs5 -- found version 5.8.1
[1.483s] -- Looking for ignition-common3 -- found version 3.14.0
[1.484s] -- Searching for dependencies of ignition-common3
[1.485s] -- Looking for dlfcn.h - found
[1.485s] -- Looking for libdl - found
[1.486s] -- Found DL: TRUE  
[1.495s] -- Found tinyobjloader: /usr/lib/x86_64-linux-gnu/cmake/tinyobjloader/tinyobjloader-config.cmake (found version "2.0.0") 
[1.496s] -- Searching for <ignition-common3> component [graphics]
[1.498s] -- Looking for ignition-common3-graphics -- found version 3.14.0
[1.498s] -- Searching for dependencies of ignition-common3-graphics
[1.499s] -- Looking for ignition-math6 -- found version 6.15.1
[1.503s] -- Looking for ignition-fuel_tools4 -- found version 4.4.0
[1.503s] -- Searching for dependencies of ignition-fuel_tools4
[1.551s] -- Found CURL: /usr/lib/x86_64-linux-gnu/libcurl.so (found version "7.81.0")  
[1.559s] -- Checking for module 'jsoncpp'
[1.567s] --   Found jsoncpp, version 1.9.5
[1.585s] -- Found JSONCPP: TRUE  
[1.590s] -- Checking for module 'libzip'
[1.598s] --   Found libzip, version 1.7.3
[1.616s] -- Found ZIP: TRUE  
[1.616s] -- Looking for ignition-common3 -- found version 3.14.0
[1.616s] -- Looking for ignition-math6 -- found version 6.15.1
[1.616s] -- Looking for ignition-msgs5 -- found version 5.8.1
[1.622s] -- Found gazebo_ros_pkgs: 3.7.0 (/opt/ros/humble/share/gazebo_ros_pkgs/cmake)
[1.624s] -- Found geometry_msgs: 4.2.3 (/opt/ros/humble/share/geometry_msgs/cmake)
[1.649s] -- Found rosidl_generator_c: 3.1.5 (/opt/ros/humble/share/rosidl_generator_c/cmake)
[1.652s] -- Found rosidl_adapter: 3.1.5 (/opt/ros/humble/share/rosidl_adapter/cmake)
[1.656s] -- Found rosidl_generator_cpp: 3.1.5 (/opt/ros/humble/share/rosidl_generator_cpp/cmake)
[1.664s] -- Using all available rosidl_typesupport_c: rosidl_typesupport_fastrtps_c;rosidl_typesupport_introspection_c
[1.675s] -- Using all available rosidl_typesupport_cpp: rosidl_typesupport_fastrtps_cpp;rosidl_typesupport_introspection_cpp
[1.744s] -- Found nav_msgs: 4.2.3 (/opt/ros/humble/share/nav_msgs/cmake)
[1.792s] -- Found rclcpp: 16.0.8 (/opt/ros/humble/share/rclcpp/cmake)
[1.825s] -- Found rmw_implementation_cmake: 6.1.1 (/opt/ros/humble/share/rmw_implementation_cmake/cmake)
[1.826s] -- Found rmw_fastrtps_cpp: 6.2.6 (/opt/ros/humble/share/rmw_fastrtps_cpp/cmake)
[1.908s] -- Found OpenSSL: /usr/lib/x86_64-linux-gnu/libcrypto.so (found version "3.0.2")  
[1.939s] -- Found FastRTPS: /opt/ros/humble/include  
[2.000s] -- Using RMW implementation 'rmw_fastrtps_cpp' as default
[2.010s] -- Found Threads: TRUE  
[2.150s] -- Found sensor_msgs: 4.2.3 (/opt/ros/humble/share/sensor_msgs/cmake)
[2.255s] -- Found tf2: 0.25.6 (/opt/ros/humble/share/tf2/cmake)
[2.566s] -- Configuring done
[2.625s] -- Generating done
[2.628s] -- Build files have been written to: /home/ubuntu/ros2_ws2/src/build/turtlebot3_gazebo
[2.728s] Invoked command in '/home/ubuntu/ros2_ws2/src/build/turtlebot3_gazebo' returned '0': CMAKE_PREFIX_PATH=${CMAKE_PREFIX_PATH}:/home/ubuntu/ros2_ws2/install/rob599_hw3:/opt/ros/humble /usr/bin/cmake /home/ubuntu/ros2_ws2/src/turtlebot3_simulations/turtlebot3_gazebo -DCMAKE_INSTALL_PREFIX=/home/ubuntu/ros2_ws2/src/install/turtlebot3_gazebo
[2.732s] Invoking command in '/home/ubuntu/ros2_ws2/src/build/turtlebot3_gazebo': CMAKE_PREFIX_PATH=${CMAKE_PREFIX_PATH}:/home/ubuntu/ros2_ws2/install/rob599_hw3:/opt/ros/humble /usr/bin/cmake --build /home/ubuntu/ros2_ws2/src/build/turtlebot3_gazebo -- -j16 -l16
[2.810s] [ 12%] [32mBuilding CXX object CMakeFiles/obstacle1.dir/models/turtlebot3_dqn_world/obstacle_plugin/obstacle1.cc.o[0m
[2.822s] [ 37%] [32mBuilding CXX object CMakeFiles/turtlebot3_drive.dir/src/turtlebot3_drive.cpp.o[0m
[2.822s] [ 37%] [32mBuilding CXX object CMakeFiles/obstacle2.dir/models/turtlebot3_dqn_world/obstacle_plugin/obstacle2.cc.o[0m
[2.827s] [ 50%] [32mBuilding CXX object CMakeFiles/obstacles.dir/models/turtlebot3_dqn_world/obstacle_plugin/obstacles.cc.o[0m
[9.963s] [ 62%] [32m[1mLinking CXX executable turtlebot3_drive[0m
[10.306s] [ 62%] Built target turtlebot3_drive
[12.674s] [ 87%] [32m[1mLinking CXX shared library libobstacle1.so[0m
[12.674s] [ 87%] [32m[1mLinking CXX shared library libobstacles.so[0m
[12.825s] [ 87%] Built target obstacle1
[12.825s] [ 87%] Built target obstacles
[12.964s] [100%] [32m[1mLinking CXX shared library libobstacle2.so[0m
[13.080s] [100%] Built target obstacle2
[13.086s] Invoked command in '/home/ubuntu/ros2_ws2/src/build/turtlebot3_gazebo' returned '0': CMAKE_PREFIX_PATH=${CMAKE_PREFIX_PATH}:/home/ubuntu/ros2_ws2/install/rob599_hw3:/opt/ros/humble /usr/bin/cmake --build /home/ubuntu/ros2_ws2/src/build/turtlebot3_gazebo -- -j16 -l16
[13.106s] Invoking command in '/home/ubuntu/ros2_ws2/src/build/turtlebot3_gazebo': CMAKE_PREFIX_PATH=${CMAKE_PREFIX_PATH}:/home/ubuntu/ros2_ws2/install/rob599_hw3:/opt/ros/humble /usr/bin/cmake --install /home/ubuntu/ros2_ws2/src/build/turtlebot3_gazebo
[13.109s] -- Install configuration: ""
[13.109s] -- Installing: /home/ubuntu/ros2_ws2/src/install/turtlebot3_gazebo/lib/turtlebot3_gazebo/turtlebot3_drive
[13.113s] -- Set runtime path of "/home/ubuntu/ros2_ws2/src/install/turtlebot3_gazebo/lib/turtlebot3_gazebo/turtlebot3_drive" to ""
[13.113s] -- Installing: /home/ubuntu/ros2_ws2/src/install/turtlebot3_gazebo/share/turtlebot3_gazebo//launch
[13.113s] -- Installing: /home/ubuntu/ros2_ws2/src/install/turtlebot3_gazebo/share/turtlebot3_gazebo//launch/turtlebot3_dqn_stage2.launch.py
[13.113s] -- Installing: /home/ubuntu/ros2_ws2/src/install/turtlebot3_gazebo/share/turtlebot3_gazebo//launch/turtlebot3_house.launch.py
[13.114s] -- Installing: /home/ubuntu/ros2_ws2/src/install/turtlebot3_gazebo/share/turtlebot3_gazebo//launch/turtlebot3_dqn_stage1.launch.py
[13.114s] -- Installing: /home/ubuntu/ros2_ws2/src/install/turtlebot3_gazebo/share/turtlebot3_gazebo//launch/empty_world.launch.py
[13.114s] -- Installing: /home/ubuntu/ros2_ws2/src/install/turtlebot3_gazebo/share/turtlebot3_gazebo//launch/spawn_turtlebot3.launch.py
[13.115s] -- Installing: /home/ubuntu/ros2_ws2/src/install/turtlebot3_gazebo/share/turtlebot3_gazebo//launch/turtlebot3_world.launch.py
[13.115s] -- Installing: /home/ubuntu/ros2_ws2/src/install/turtlebot3_gazebo/share/turtlebot3_gazebo//launch/robot_state_publisher.launch.py
[13.115s] -- Installing: /home/ubuntu/ros2_ws2/src/install/turtlebot3_gazebo/share/turtlebot3_gazebo//launch/turtlebot3_dqn_stage4.launch.py
[13.116s] -- Installing: /home/ubuntu/ros2_ws2/src/install/turtlebot3_gazebo/share/turtlebot3_gazebo//launch/turtlebot3_dqn_stage3.launch.py
[13.116s] -- Installing: /home/ubuntu/ros2_ws2/src/install/turtlebot3_gazebo/share/turtlebot3_gazebo//models
[13.116s] -- Installing: /home/ubuntu/ros2_ws2/src/install/turtlebot3_gazebo/share/turtlebot3_gazebo//models/turtlebot3_house
[13.116s] -- Installing: /home/ubuntu/ros2_ws2/src/install/turtlebot3_gazebo/share/turtlebot3_gazebo//models/turtlebot3_house/model.config
[13.116s] -- Installing: /home/ubuntu/ros2_ws2/src/install/turtlebot3_gazebo/share/turtlebot3_gazebo//models/turtlebot3_house/model.sdf
[13.120s] -- Installing: /home/ubuntu/ros2_ws2/src/install/turtlebot3_gazebo/share/turtlebot3_gazebo//models/turtlebot3_world
[13.120s] -- Installing: /home/ubuntu/ros2_ws2/src/install/turtlebot3_gazebo/share/turtlebot3_gazebo//models/turtlebot3_world/model-1_4.sdf
[13.120s] -- Installing: /home/ubuntu/ros2_ws2/src/install/turtlebot3_gazebo/share/turtlebot3_gazebo//models/turtlebot3_world/model.config
[13.121s] -- Installing: /home/ubuntu/ros2_ws2/src/install/turtlebot3_gazebo/share/turtlebot3_gazebo//models/turtlebot3_world/model.sdf
[13.121s] -- Installing: /home/ubuntu/ros2_ws2/src/install/turtlebot3_gazebo/share/turtlebot3_gazebo//models/turtlebot3_world/meshes
[13.121s] -- Installing: /home/ubuntu/ros2_ws2/src/install/turtlebot3_gazebo/share/turtlebot3_gazebo//models/turtlebot3_world/meshes/wall.dae
[13.122s] -- Installing: /home/ubuntu/ros2_ws2/src/install/turtlebot3_gazebo/share/turtlebot3_gazebo//models/turtlebot3_world/meshes/hexagon.dae
[13.122s] -- Installing: /home/ubuntu/ros2_ws2/src/install/turtlebot3_gazebo/share/turtlebot3_gazebo//models/turtlebot3_waffle
[13.122s] -- Installing: /home/ubuntu/ros2_ws2/src/install/turtlebot3_gazebo/share/turtlebot3_gazebo//models/turtlebot3_waffle/model-1_4.sdf
[13.122s] -- Installing: /home/ubuntu/ros2_ws2/src/install/turtlebot3_gazebo/share/turtlebot3_gazebo//models/turtlebot3_waffle/model.config
[13.122s] -- Installing: /home/ubuntu/ros2_ws2/src/install/turtlebot3_gazebo/share/turtlebot3_gazebo//models/turtlebot3_waffle/model.sdf
[13.123s] -- Installing: /home/ubuntu/ros2_ws2/src/install/turtlebot3_gazebo/share/turtlebot3_gazebo//models/turtlebot3_dqn_world
[13.123s] -- Installing: /home/ubuntu/ros2_ws2/src/install/turtlebot3_gazebo/share/turtlebot3_gazebo//models/turtlebot3_dqn_world/obstacle1
[13.123s] -- Installing: /home/ubuntu/ros2_ws2/src/install/turtlebot3_gazebo/share/turtlebot3_gazebo//models/turtlebot3_dqn_world/obstacle1/model.config
[13.124s] -- Installing: /home/ubuntu/ros2_ws2/src/install/turtlebot3_gazebo/share/turtlebot3_gazebo//models/turtlebot3_dqn_world/obstacle1/model.sdf
[13.124s] -- Installing: /home/ubuntu/ros2_ws2/src/install/turtlebot3_gazebo/share/turtlebot3_gazebo//models/turtlebot3_dqn_world/goal_box
[13.124s] -- Installing: /home/ubuntu/ros2_ws2/src/install/turtlebot3_gazebo/share/turtlebot3_gazebo//models/turtlebot3_dqn_world/goal_box/model.config
[13.124s] -- Installing: /home/ubuntu/ros2_ws2/src/install/turtlebot3_gazebo/share/turtlebot3_gazebo//models/turtlebot3_dqn_world/goal_box/model.sdf
[13.125s] -- Installing: /home/ubuntu/ros2_ws2/src/install/turtlebot3_gazebo/share/turtlebot3_gazebo//models/turtlebot3_dqn_world/obstacles
[13.125s] -- Installing: /home/ubuntu/ros2_ws2/src/install/turtlebot3_gazebo/share/turtlebot3_gazebo//models/turtlebot3_dqn_world/obstacles/model.config
[13.125s] -- Installing: /home/ubuntu/ros2_ws2/src/install/turtlebot3_gazebo/share/turtlebot3_gazebo//models/turtlebot3_dqn_world/obstacles/model.sdf
[13.125s] -- Installing: /home/ubuntu/ros2_ws2/src/install/turtlebot3_gazebo/share/turtlebot3_gazebo//models/turtlebot3_dqn_world/model.config
[13.126s] -- Installing: /home/ubuntu/ros2_ws2/src/install/turtlebot3_gazebo/share/turtlebot3_gazebo//models/turtlebot3_dqn_world/obstacle_plugin
[13.126s] -- Installing: /home/ubuntu/ros2_ws2/src/install/turtlebot3_gazebo/share/turtlebot3_gazebo//models/turtlebot3_dqn_world/obstacle_plugin/obstacle2.cc
[13.126s] -- Installing: /home/ubuntu/ros2_ws2/src/install/turtlebot3_gazebo/share/turtlebot3_gazebo//models/turtlebot3_dqn_world/obstacle_plugin/obstacles.cc
[13.126s] -- Installing: /home/ubuntu/ros2_ws2/src/install/turtlebot3_gazebo/share/turtlebot3_gazebo//models/turtlebot3_dqn_world/obstacle_plugin/CMakeLists.txt
[13.126s] -- Installing: /home/ubuntu/ros2_ws2/src/install/turtlebot3_gazebo/share/turtlebot3_gazebo//models/turtlebot3_dqn_world/obstacle_plugin/obstacle1.cc
[13.126s] -- Installing: /home/ubuntu/ros2_ws2/src/install/turtlebot3_gazebo/share/turtlebot3_gazebo//models/turtlebot3_dqn_world/model.sdf
[13.126s] -- Installing: /home/ubuntu/ros2_ws2/src/install/turtlebot3_gazebo/share/turtlebot3_gazebo//models/turtlebot3_dqn_world/inner_walls
[13.127s] -- Installing: /home/ubuntu/ros2_ws2/src/install/turtlebot3_gazebo/share/turtlebot3_gazebo//models/turtlebot3_dqn_world/inner_walls/model.config
[13.127s] -- Installing: /home/ubuntu/ros2_ws2/src/install/turtlebot3_gazebo/share/turtlebot3_gazebo//models/turtlebot3_dqn_world/inner_walls/model.sdf
[13.127s] -- Installing: /home/ubuntu/ros2_ws2/src/install/turtlebot3_gazebo/share/turtlebot3_gazebo//models/turtlebot3_dqn_world/obstacle2
[13.127s] -- Installing: /home/ubuntu/ros2_ws2/src/install/turtlebot3_gazebo/share/turtlebot3_gazebo//models/turtlebot3_dqn_world/obstacle2/model.config
[13.128s] -- Installing: /home/ubuntu/ros2_ws2/src/install/turtlebot3_gazebo/share/turtlebot3_gazebo//models/turtlebot3_dqn_world/obstacle2/model.sdf
[13.128s] -- Installing: /home/ubuntu/ros2_ws2/src/install/turtlebot3_gazebo/share/turtlebot3_gazebo//models/turtlebot3_waffle_pi
[13.128s] -- Installing: /home/ubuntu/ros2_ws2/src/install/turtlebot3_gazebo/share/turtlebot3_gazebo//models/turtlebot3_waffle_pi/model-1_4_.sdf
[13.128s] -- Installing: /home/ubuntu/ros2_ws2/src/install/turtlebot3_gazebo/share/turtlebot3_gazebo//models/turtlebot3_waffle_pi/model.config
[13.129s] -- Installing: /home/ubuntu/ros2_ws2/src/install/turtlebot3_gazebo/share/turtlebot3_gazebo//models/turtlebot3_waffle_pi/model.sdf
[13.129s] -- Installing: /home/ubuntu/ros2_ws2/src/install/turtlebot3_gazebo/share/turtlebot3_gazebo//models/turtlebot3_burger
[13.129s] -- Installing: /home/ubuntu/ros2_ws2/src/install/turtlebot3_gazebo/share/turtlebot3_gazebo//models/turtlebot3_burger/model-1_4.sdf
[13.129s] -- Installing: /home/ubuntu/ros2_ws2/src/install/turtlebot3_gazebo/share/turtlebot3_gazebo//models/turtlebot3_burger/model.config
[13.130s] -- Installing: /home/ubuntu/ros2_ws2/src/install/turtlebot3_gazebo/share/turtlebot3_gazebo//models/turtlebot3_burger/model.sdf
[13.130s] -- Installing: /home/ubuntu/ros2_ws2/src/install/turtlebot3_gazebo/share/turtlebot3_gazebo//models/turtlebot3_common
[13.130s] -- Installing: /home/ubuntu/ros2_ws2/src/install/turtlebot3_gazebo/share/turtlebot3_gazebo//models/turtlebot3_common/model.config
[13.131s] -- Installing: /home/ubuntu/ros2_ws2/src/install/turtlebot3_gazebo/share/turtlebot3_gazebo//models/turtlebot3_common/meshes
[13.131s] -- Installing: /home/ubuntu/ros2_ws2/src/install/turtlebot3_gazebo/share/turtlebot3_gazebo//models/turtlebot3_common/meshes/waffle_pi_base.dae
[13.131s] -- Installing: /home/ubuntu/ros2_ws2/src/install/turtlebot3_gazebo/share/turtlebot3_gazebo//models/turtlebot3_common/meshes/r200.dae
[13.135s] -- Installing: /home/ubuntu/ros2_ws2/src/install/turtlebot3_gazebo/share/turtlebot3_gazebo//models/turtlebot3_common/meshes/tire.dae
[13.136s] -- Installing: /home/ubuntu/ros2_ws2/src/install/turtlebot3_gazebo/share/turtlebot3_gazebo//models/turtlebot3_common/meshes/burger_base.dae
[13.136s] -- Installing: /home/ubuntu/ros2_ws2/src/install/turtlebot3_gazebo/share/turtlebot3_gazebo//models/turtlebot3_common/meshes/lds.dae
[13.137s] -- Installing: /home/ubuntu/ros2_ws2/src/install/turtlebot3_gazebo/share/turtlebot3_gazebo//models/turtlebot3_common/meshes/waffle_base.dae
[13.137s] -- Installing: /home/ubuntu/ros2_ws2/src/install/turtlebot3_gazebo/share/turtlebot3_gazebo//rviz
[13.137s] -- Installing: /home/ubuntu/ros2_ws2/src/install/turtlebot3_gazebo/share/turtlebot3_gazebo//rviz/tb3_gazebo.rviz
[13.138s] -- Installing: /home/ubuntu/ros2_ws2/src/install/turtlebot3_gazebo/share/turtlebot3_gazebo//urdf
[13.138s] -- Installing: /home/ubuntu/ros2_ws2/src/install/turtlebot3_gazebo/share/turtlebot3_gazebo//urdf/turtlebot3_burger.urdf
[13.138s] -- Installing: /home/ubuntu/ros2_ws2/src/install/turtlebot3_gazebo/share/turtlebot3_gazebo//urdf/common_properties.urdf
[13.138s] -- Installing: /home/ubuntu/ros2_ws2/src/install/turtlebot3_gazebo/share/turtlebot3_gazebo//urdf/turtlebot3_waffle_pi.urdf
[13.139s] -- Installing: /home/ubuntu/ros2_ws2/src/install/turtlebot3_gazebo/share/turtlebot3_gazebo//urdf/turtlebot3_waffle.urdf
[13.139s] -- Installing: /home/ubuntu/ros2_ws2/src/install/turtlebot3_gazebo/share/turtlebot3_gazebo//worlds
[13.139s] -- Installing: /home/ubuntu/ros2_ws2/src/install/turtlebot3_gazebo/share/turtlebot3_gazebo//worlds/turtlebot3_dqn_stage4.world
[13.139s] -- Installing: /home/ubuntu/ros2_ws2/src/install/turtlebot3_gazebo/share/turtlebot3_gazebo//worlds/turtlebot3_house.world
[13.140s] -- Installing: /home/ubuntu/ros2_ws2/src/install/turtlebot3_gazebo/share/turtlebot3_gazebo//worlds/turtlebot3_dqn_stage2.world
[13.140s] -- Installing: /home/ubuntu/ros2_ws2/src/install/turtlebot3_gazebo/share/turtlebot3_gazebo//worlds/turtlebot3_world.world
[13.140s] -- Installing: /home/ubuntu/ros2_ws2/src/install/turtlebot3_gazebo/share/turtlebot3_gazebo//worlds/turtlebot3_dqn_stage3.world
[13.140s] -- Installing: /home/ubuntu/ros2_ws2/src/install/turtlebot3_gazebo/share/turtlebot3_gazebo//worlds/turtlebot3_dqn_stage1.world
[13.141s] -- Installing: /home/ubuntu/ros2_ws2/src/install/turtlebot3_gazebo/share/turtlebot3_gazebo//worlds/empty_world.world
[13.141s] -- Installing: /home/ubuntu/ros2_ws2/src/install/turtlebot3_gazebo/include/
[13.141s] -- Installing: /home/ubuntu/ros2_ws2/src/install/turtlebot3_gazebo/include//turtlebot3_gazebo
[13.141s] -- Installing: /home/ubuntu/ros2_ws2/src/install/turtlebot3_gazebo/include//turtlebot3_gazebo/turtlebot3_drive.hpp
[13.141s] -- Installing: /home/ubuntu/ros2_ws2/src/install/turtlebot3_gazebo/share/ament_index/resource_index/package_run_dependencies/turtlebot3_gazebo
[13.141s] -- Installing: /home/ubuntu/ros2_ws2/src/install/turtlebot3_gazebo/share/ament_index/resource_index/parent_prefix_path/turtlebot3_gazebo
[13.141s] -- Installing: /home/ubuntu/ros2_ws2/src/install/turtlebot3_gazebo/share/turtlebot3_gazebo/environment/ament_prefix_path.sh
[13.142s] -- Installing: /home/ubuntu/ros2_ws2/src/install/turtlebot3_gazebo/share/turtlebot3_gazebo/environment/ament_prefix_path.dsv
[13.142s] -- Installing: /home/ubuntu/ros2_ws2/src/install/turtlebot3_gazebo/share/turtlebot3_gazebo/environment/path.sh
[13.142s] -- Installing: /home/ubuntu/ros2_ws2/src/install/turtlebot3_gazebo/share/turtlebot3_gazebo/environment/path.dsv
[13.142s] -- Installing: /home/ubuntu/ros2_ws2/src/install/turtlebot3_gazebo/share/turtlebot3_gazebo/local_setup.bash
[13.142s] -- Installing: /home/ubuntu/ros2_ws2/src/install/turtlebot3_gazebo/share/turtlebot3_gazebo/local_setup.sh
[13.142s] -- Installing: /home/ubuntu/ros2_ws2/src/install/turtlebot3_gazebo/share/turtlebot3_gazebo/local_setup.zsh
[13.142s] -- Installing: /home/ubuntu/ros2_ws2/src/install/turtlebot3_gazebo/share/turtlebot3_gazebo/local_setup.dsv
[13.142s] -- Installing: /home/ubuntu/ros2_ws2/src/install/turtlebot3_gazebo/share/turtlebot3_gazebo/package.dsv
[13.142s] -- Installing: /home/ubuntu/ros2_ws2/src/install/turtlebot3_gazebo/share/ament_index/resource_index/packages/turtlebot3_gazebo
[13.142s] -- Installing: /home/ubuntu/ros2_ws2/src/install/turtlebot3_gazebo/share/turtlebot3_gazebo/cmake/ament_cmake_export_include_directories-extras.cmake
[13.142s] -- Installing: /home/ubuntu/ros2_ws2/src/install/turtlebot3_gazebo/share/turtlebot3_gazebo/cmake/ament_cmake_export_dependencies-extras.cmake
[13.142s] -- Installing: /home/ubuntu/ros2_ws2/src/install/turtlebot3_gazebo/share/turtlebot3_gazebo/cmake/turtlebot3_gazeboConfig.cmake
[13.142s] -- Installing: /home/ubuntu/ros2_ws2/src/install/turtlebot3_gazebo/share/turtlebot3_gazebo/cmake/turtlebot3_gazeboConfig-version.cmake
[13.142s] -- Installing: /home/ubuntu/ros2_ws2/src/install/turtlebot3_gazebo/share/turtlebot3_gazebo/package.xml
[13.143s] Invoked command in '/home/ubuntu/ros2_ws2/src/build/turtlebot3_gazebo' returned '0': CMAKE_PREFIX_PATH=${CMAKE_PREFIX_PATH}:/home/ubuntu/ros2_ws2/install/rob599_hw3:/opt/ros/humble /usr/bin/cmake --install /home/ubuntu/ros2_ws2/src/build/turtlebot3_gazebo
