[0.067s] Invoking command in '/home/ubuntu/ros2_ws2/build/rob599_msgs2': CMAKE_PREFIX_PATH=${CMAKE_PREFIX_PATH}:/home/ubuntu/ros2_ws2/install/rob599_hw3:/opt/ros/humble /usr/bin/cmake --build /home/ubuntu/ros2_ws2/build/rob599_msgs2 -- -j16 -l16
[0.082s] -- Found ament_cmake: 1.3.8 (/opt/ros/humble/share/ament_cmake/cmake)
[0.177s] -- Found rosidl_default_generators: 1.2.0 (/opt/ros/humble/share/rosidl_default_generators/cmake)
[0.179s] -- Using all available rosidl_typesupport_c: rosidl_typesupport_fastrtps_c;rosidl_typesupport_introspection_c
[0.180s] -- Found rosidl_adapter: 3.1.5 (/opt/ros/humble/share/rosidl_adapter/cmake)
[0.216s] -- Using all available rosidl_typesupport_cpp: rosidl_typesupport_fastrtps_cpp;rosidl_typesupport_introspection_cpp
[0.232s] -- Found builtin_interfaces: 1.2.1 (/opt/ros/humble/share/builtin_interfaces/cmake)
[0.474s] -- Found ament_cmake_ros: 0.10.0 (/opt/ros/humble/share/ament_cmake_ros/cmake)
[0.617s] -- Using all available rosidl_typesupport_c: rosidl_typesupport_fastrtps_c;rosidl_typesupport_introspection_c
[0.766s] -- Using all available rosidl_typesupport_cpp: rosidl_typesupport_fastrtps_cpp;rosidl_typesupport_introspection_cpp
[0.781s] -- Found python_cmake_module: 0.10.0 (/opt/ros/humble/share/python_cmake_module/cmake)
[0.795s] -- Using PYTHON_EXECUTABLE: /usr/bin/python3
[0.795s] -- Using PYTHON_INCLUDE_DIRS: /usr/include/python3.10
[0.795s] -- Using PYTHON_LIBRARIES: /usr/lib/x86_64-linux-gnu/libpython3.10.so
[0.807s] -- Found ament_lint_auto: 0.12.10 (/opt/ros/humble/share/ament_lint_auto/cmake)
[0.812s] -- Added test 'lint_cmake' to check CMake code style
[0.812s] -- Added test 'xmllint' to check XML markup files
[0.813s] -- Configuring done
[0.837s] -- Generating done
[0.838s] -- Build files have been written to: /home/ubuntu/ros2_ws2/build/rob599_msgs2
[0.856s] [  1%] [34m[1mGenerating C code for ROS interfaces[0m
[0.862s] [  2%] [34m[1mGenerating C++ code for ROS interfaces[0m
[0.873s] [  2%] Built target ament_cmake_python_copy_rob599_msgs2
[1.093s] running egg_info
[1.093s] writing rob599_msgs2.egg-info/PKG-INFO
[1.093s] writing dependency_links to rob599_msgs2.egg-info/dependency_links.txt
[1.093s] writing top-level names to rob599_msgs2.egg-info/top_level.txt
[1.095s] reading manifest file 'rob599_msgs2.egg-info/SOURCES.txt'
[1.095s] writing manifest file 'rob599_msgs2.egg-info/SOURCES.txt'
[1.116s] [  2%] Built target ament_cmake_python_build_rob599_msgs2_egg
[1.474s] [  2%] Built target rob599_msgs2__cpp
[1.483s] [  3%] [34m[1mGenerating C++ type support for eProsima Fast-RTPS[0m
[1.485s] [  5%] [34m[1mGenerating C++ introspection for ROS interfaces[0m
[1.485s] [  6%] [34m[1mGenerating C++ type support dispatch for ROS interfaces[0m
[1.491s] [35m[1mConsolidate compiler generated dependencies of target rob599_msgs2__rosidl_generator_c[0m
[1.502s] [  7%] [32mBuilding C object CMakeFiles/rob599_msgs2__rosidl_generator_c.dir/rosidl_generator_c/rob599_msgs2/srv/detail/memorize_position__functions.c.o[0m
[1.505s] [  8%] [32mBuilding C object CMakeFiles/rob599_msgs2__rosidl_generator_c.dir/rosidl_generator_c/rob599_msgs2/srv/detail/save__functions.c.o[0m
[1.505s] [ 10%] [32mBuilding C object CMakeFiles/rob599_msgs2__rosidl_generator_c.dir/rosidl_generator_c/rob599_msgs2/action/detail/go_to__functions.c.o[0m
[1.506s] [ 11%] [32mBuilding C object CMakeFiles/rob599_msgs2__rosidl_generator_c.dir/rosidl_generator_c/rob599_msgs2/srv/detail/clear_positions__functions.c.o[0m
[1.506s] [ 12%] [32mBuilding C object CMakeFiles/rob599_msgs2__rosidl_generator_c.dir/rosidl_generator_c/rob599_msgs2/srv/detail/knock_knock__functions.c.o[0m
[1.508s] [ 15%] [32mBuilding C object CMakeFiles/rob599_msgs2__rosidl_generator_c.dir/rosidl_generator_c/rob599_msgs2/action/detail/patrol__functions.c.o[0m
[1.508s] [ 15%] [32mBuilding C object CMakeFiles/rob599_msgs2__rosidl_generator_c.dir/rosidl_generator_c/rob599_msgs2/srv/detail/load__functions.c.o[0m
[1.621s] [ 16%] [32m[1mLinking C shared library librob599_msgs2__rosidl_generator_c.so[0m
[1.648s] [ 16%] Built target rob599_msgs2__rosidl_generator_c
[1.655s] [ 17%] [34m[1mGenerating C type support for eProsima Fast-RTPS[0m
[1.660s] [ 20%] [34m[1mGenerating C introspection for ROS interfaces[0m
[1.660s] [ 20%] [34m[1mGenerating C type support dispatch for ROS interfaces[0m
[1.944s] [35m[1mConsolidate compiler generated dependencies of target rob599_msgs2__rosidl_typesupport_cpp[0m
[1.963s] [ 26%] [32mBuilding CXX object CMakeFiles/rob599_msgs2__rosidl_typesupport_cpp.dir/rosidl_typesupport_cpp/rob599_msgs2/action/patrol__type_support.cpp.o[0m
[1.964s] [ 26%] [32mBuilding CXX object CMakeFiles/rob599_msgs2__rosidl_typesupport_cpp.dir/rosidl_typesupport_cpp/rob599_msgs2/srv/load__type_support.cpp.o[0m
[1.964s] [ 26%] [32mBuilding CXX object CMakeFiles/rob599_msgs2__rosidl_typesupport_cpp.dir/rosidl_typesupport_cpp/rob599_msgs2/srv/save__type_support.cpp.o[0m
[1.964s] [ 26%] [32mBuilding CXX object CMakeFiles/rob599_msgs2__rosidl_typesupport_cpp.dir/rosidl_typesupport_cpp/rob599_msgs2/srv/clear_positions__type_support.cpp.o[0m
[1.964s] [ 26%] [32mBuilding CXX object CMakeFiles/rob599_msgs2__rosidl_typesupport_cpp.dir/rosidl_typesupport_cpp/rob599_msgs2/srv/memorize_position__type_support.cpp.o[0m
[1.964s] [ 27%] [32mBuilding CXX object CMakeFiles/rob599_msgs2__rosidl_typesupport_cpp.dir/rosidl_typesupport_cpp/rob599_msgs2/action/go_to__type_support.cpp.o[0m
[1.964s] [ 29%] [32mBuilding CXX object CMakeFiles/rob599_msgs2__rosidl_typesupport_cpp.dir/rosidl_typesupport_cpp/rob599_msgs2/srv/knock_knock__type_support.cpp.o[0m
[2.031s] [35m[1mConsolidate compiler generated dependencies of target rob599_msgs2__rosidl_typesupport_introspection_cpp[0m
[2.051s] [ 32%] [32mBuilding CXX object CMakeFiles/rob599_msgs2__rosidl_typesupport_introspection_cpp.dir/rosidl_typesupport_introspection_cpp/rob599_msgs2/action/detail/go_to__type_support.cpp.o[0m
[2.052s] [ 32%] [32mBuilding CXX object CMakeFiles/rob599_msgs2__rosidl_typesupport_introspection_cpp.dir/rosidl_typesupport_introspection_cpp/rob599_msgs2/srv/detail/memorize_position__type_support.cpp.o[0m
[2.052s] [ 32%] [32mBuilding CXX object CMakeFiles/rob599_msgs2__rosidl_typesupport_introspection_cpp.dir/rosidl_typesupport_introspection_cpp/rob599_msgs2/srv/detail/clear_positions__type_support.cpp.o[0m
[2.055s] [ 34%] [32mBuilding CXX object CMakeFiles/rob599_msgs2__rosidl_typesupport_introspection_cpp.dir/rosidl_typesupport_introspection_cpp/rob599_msgs2/srv/detail/save__type_support.cpp.o[0m
[2.060s] [ 35%] [32mBuilding CXX object CMakeFiles/rob599_msgs2__rosidl_typesupport_introspection_cpp.dir/rosidl_typesupport_introspection_cpp/rob599_msgs2/srv/detail/load__type_support.cpp.o[0m
[2.204s] [35m[1mConsolidate compiler generated dependencies of target rob599_msgs2__rosidl_typesupport_fastrtps_cpp[0m
[2.236s] [ 36%] [32mBuilding CXX object CMakeFiles/rob599_msgs2__rosidl_typesupport_fastrtps_cpp.dir/rosidl_typesupport_fastrtps_cpp/rob599_msgs2/srv/detail/dds_fastrtps/memorize_position__type_support.cpp.o[0m
[2.255s] [ 37%] [32mBuilding CXX object CMakeFiles/rob599_msgs2__rosidl_typesupport_fastrtps_cpp.dir/rosidl_typesupport_fastrtps_cpp/rob599_msgs2/srv/detail/dds_fastrtps/clear_positions__type_support.cpp.o[0m
[2.287s] [ 39%] [32mBuilding CXX object CMakeFiles/rob599_msgs2__rosidl_typesupport_fastrtps_cpp.dir/rosidl_typesupport_fastrtps_cpp/rob599_msgs2/srv/detail/dds_fastrtps/save__type_support.cpp.o[0m
[2.345s] [ 40%] [32mBuilding CXX object CMakeFiles/rob599_msgs2__rosidl_typesupport_fastrtps_cpp.dir/rosidl_typesupport_fastrtps_cpp/rob599_msgs2/action/detail/dds_fastrtps/patrol__type_support.cpp.o[0m
[2.350s] [ 41%] [32mBuilding CXX object CMakeFiles/rob599_msgs2__rosidl_typesupport_fastrtps_cpp.dir/rosidl_typesupport_fastrtps_cpp/rob599_msgs2/action/detail/dds_fastrtps/go_to__type_support.cpp.o[0m
[2.351s] [ 43%] [32mBuilding CXX object CMakeFiles/rob599_msgs2__rosidl_typesupport_fastrtps_cpp.dir/rosidl_typesupport_fastrtps_cpp/rob599_msgs2/srv/detail/dds_fastrtps/load__type_support.cpp.o[0m
[2.457s] [ 44%] [32mBuilding CXX object CMakeFiles/rob599_msgs2__rosidl_typesupport_introspection_cpp.dir/rosidl_typesupport_introspection_cpp/rob599_msgs2/action/detail/patrol__type_support.cpp.o[0m
[2.461s] [35m[1mConsolidate compiler generated dependencies of target rob599_msgs2__rosidl_typesupport_c[0m
[2.500s] [ 45%] [32mBuilding CXX object CMakeFiles/rob599_msgs2__rosidl_typesupport_c.dir/rosidl_typesupport_c/rob599_msgs2/srv/memorize_position__type_support.cpp.o[0m
[2.522s] [ 46%] [32mBuilding CXX object CMakeFiles/rob599_msgs2__rosidl_typesupport_introspection_cpp.dir/rosidl_typesupport_introspection_cpp/rob599_msgs2/srv/detail/knock_knock__type_support.cpp.o[0m
[2.535s] [ 48%] [32mBuilding CXX object CMakeFiles/rob599_msgs2__rosidl_typesupport_fastrtps_cpp.dir/rosidl_typesupport_fastrtps_cpp/rob599_msgs2/srv/detail/dds_fastrtps/knock_knock__type_support.cpp.o[0m
[2.541s] [ 50%] [32mBuilding CXX object CMakeFiles/rob599_msgs2__rosidl_typesupport_c.dir/rosidl_typesupport_c/rob599_msgs2/srv/clear_positions__type_support.cpp.o[0m
[2.541s] [ 50%] [32mBuilding CXX object CMakeFiles/rob599_msgs2__rosidl_typesupport_c.dir/rosidl_typesupport_c/rob599_msgs2/srv/save__type_support.cpp.o[0m
[2.548s] [ 51%] [32mBuilding CXX object CMakeFiles/rob599_msgs2__rosidl_typesupport_c.dir/rosidl_typesupport_c/rob599_msgs2/srv/load__type_support.cpp.o[0m
[2.572s] [ 53%] [32m[1mLinking CXX shared library librob599_msgs2__rosidl_typesupport_cpp.so[0m
[2.577s] [ 54%] [32mBuilding CXX object CMakeFiles/rob599_msgs2__rosidl_typesupport_c.dir/rosidl_typesupport_c/rob599_msgs2/action/go_to__type_support.cpp.o[0m
[2.581s] [ 55%] [32mBuilding CXX object CMakeFiles/rob599_msgs2__rosidl_typesupport_c.dir/rosidl_typesupport_c/rob599_msgs2/action/patrol__type_support.cpp.o[0m
[2.582s] [35m[1mConsolidate compiler generated dependencies of target rob599_msgs2__rosidl_typesupport_fastrtps_c[0m
[2.615s] [ 56%] [32mBuilding CXX object CMakeFiles/rob599_msgs2__rosidl_typesupport_c.dir/rosidl_typesupport_c/rob599_msgs2/srv/knock_knock__type_support.cpp.o[0m
[2.629s] [ 58%] [32mBuilding CXX object CMakeFiles/rob599_msgs2__rosidl_typesupport_fastrtps_c.dir/rosidl_typesupport_fastrtps_c/rob599_msgs2/srv/detail/memorize_position__type_support_c.cpp.o[0m
[2.656s] [ 59%] [32mBuilding CXX object CMakeFiles/rob599_msgs2__rosidl_typesupport_fastrtps_c.dir/rosidl_typesupport_fastrtps_c/rob599_msgs2/srv/detail/clear_positions__type_support_c.cpp.o[0m
[2.656s] [ 59%] Built target rob599_msgs2__rosidl_typesupport_cpp
[2.660s] [ 60%] [32mBuilding CXX object CMakeFiles/rob599_msgs2__rosidl_typesupport_fastrtps_c.dir/rosidl_typesupport_fastrtps_c/rob599_msgs2/srv/detail/save__type_support_c.cpp.o[0m
[2.666s] [35m[1mConsolidate compiler generated dependencies of target rob599_msgs2__rosidl_typesupport_introspection_c[0m
[2.669s] [ 62%] [32mBuilding CXX object CMakeFiles/rob599_msgs2__rosidl_typesupport_fastrtps_c.dir/rosidl_typesupport_fastrtps_c/rob599_msgs2/srv/detail/load__type_support_c.cpp.o[0m
[2.674s] [ 63%] [32m[1mLinking CXX shared library librob599_msgs2__rosidl_typesupport_c.so[0m
[2.686s] [ 64%] [32mBuilding C object CMakeFiles/rob599_msgs2__rosidl_typesupport_introspection_c.dir/rosidl_typesupport_introspection_c/rob599_msgs2/srv/detail/memorize_position__type_support.c.o[0m
[2.745s] [ 64%] Built target rob599_msgs2__rosidl_typesupport_c
[2.756s] [ 65%] [32mBuilding CXX object CMakeFiles/rob599_msgs2__rosidl_typesupport_fastrtps_c.dir/rosidl_typesupport_fastrtps_c/rob599_msgs2/action/detail/patrol__type_support_c.cpp.o[0m
[2.758s] [ 67%] [32mBuilding CXX object CMakeFiles/rob599_msgs2__rosidl_typesupport_fastrtps_c.dir/rosidl_typesupport_fastrtps_c/rob599_msgs2/srv/detail/knock_knock__type_support_c.cpp.o[0m
[2.761s] [ 68%] [32mBuilding CXX object CMakeFiles/rob599_msgs2__rosidl_typesupport_fastrtps_c.dir/rosidl_typesupport_fastrtps_c/rob599_msgs2/action/detail/go_to__type_support_c.cpp.o[0m
[2.769s] [ 69%] [32mBuilding C object CMakeFiles/rob599_msgs2__rosidl_typesupport_introspection_c.dir/rosidl_typesupport_introspection_c/rob599_msgs2/srv/detail/clear_positions__type_support.c.o[0m
[2.847s] [ 70%] [32mBuilding C object CMakeFiles/rob599_msgs2__rosidl_typesupport_introspection_c.dir/rosidl_typesupport_introspection_c/rob599_msgs2/srv/detail/save__type_support.c.o[0m
[2.872s] [ 72%] [32mBuilding C object CMakeFiles/rob599_msgs2__rosidl_typesupport_introspection_c.dir/rosidl_typesupport_introspection_c/rob599_msgs2/srv/detail/load__type_support.c.o[0m
[2.872s] [ 73%] [32mBuilding C object CMakeFiles/rob599_msgs2__rosidl_typesupport_introspection_c.dir/rosidl_typesupport_introspection_c/rob599_msgs2/action/detail/go_to__type_support.c.o[0m
[2.911s] [ 74%] [32mBuilding C object CMakeFiles/rob599_msgs2__rosidl_typesupport_introspection_c.dir/rosidl_typesupport_introspection_c/rob599_msgs2/action/detail/patrol__type_support.c.o[0m
[2.932s] [ 75%] [32mBuilding C object CMakeFiles/rob599_msgs2__rosidl_typesupport_introspection_c.dir/rosidl_typesupport_introspection_c/rob599_msgs2/srv/detail/knock_knock__type_support.c.o[0m
[2.990s] [ 77%] [32m[1mLinking C shared library librob599_msgs2__rosidl_typesupport_introspection_c.so[0m
[3.031s] [ 77%] Built target rob599_msgs2__rosidl_typesupport_introspection_c
[3.044s] [ 78%] [32m[1mLinking CXX shared library librob599_msgs2__rosidl_typesupport_fastrtps_cpp.so[0m
[3.098s] [ 78%] Built target rob599_msgs2__rosidl_typesupport_fastrtps_cpp
[3.142s] [ 79%] [32m[1mLinking CXX shared library librob599_msgs2__rosidl_typesupport_introspection_cpp.so[0m
[3.148s] [ 81%] [32m[1mLinking CXX shared library librob599_msgs2__rosidl_typesupport_fastrtps_c.so[0m
[3.192s] [ 81%] Built target rob599_msgs2__rosidl_typesupport_introspection_cpp
[3.197s] [ 81%] Built target rob599_msgs2__rosidl_typesupport_fastrtps_c
[3.211s] [ 81%] Built target rob599_msgs2
[3.223s] [ 82%] [34m[1mGenerating Python code for ROS interfaces[0m
[4.281s] [ 82%] Built target rob599_msgs2__py
[4.288s] [35m[1mConsolidate compiler generated dependencies of target rob599_msgs2__rosidl_generator_py[0m
[4.299s] [ 83%] [32mBuilding C object CMakeFiles/rob599_msgs2__rosidl_generator_py.dir/rosidl_generator_py/rob599_msgs2/srv/_memorize_position_s.c.o[0m
[4.299s] [ 84%] [32mBuilding C object CMakeFiles/rob599_msgs2__rosidl_generator_py.dir/rosidl_generator_py/rob599_msgs2/srv/_load_s.c.o[0m
[4.299s] [ 86%] [32mBuilding C object CMakeFiles/rob599_msgs2__rosidl_generator_py.dir/rosidl_generator_py/rob599_msgs2/action/_go_to_s.c.o[0m
[4.300s] [ 87%] [32mBuilding C object CMakeFiles/rob599_msgs2__rosidl_generator_py.dir/rosidl_generator_py/rob599_msgs2/srv/_knock_knock_s.c.o[0m
[4.300s] [ 88%] [32mBuilding C object CMakeFiles/rob599_msgs2__rosidl_generator_py.dir/rosidl_generator_py/rob599_msgs2/srv/_clear_positions_s.c.o[0m
[4.301s] [ 89%] [32mBuilding C object CMakeFiles/rob599_msgs2__rosidl_generator_py.dir/rosidl_generator_py/rob599_msgs2/srv/_save_s.c.o[0m
[4.302s] [ 91%] [32mBuilding C object CMakeFiles/rob599_msgs2__rosidl_generator_py.dir/rosidl_generator_py/rob599_msgs2/action/_patrol_s.c.o[0m
[4.401s] [ 92%] [32m[1mLinking C shared library rosidl_generator_py/rob599_msgs2/librob599_msgs2__rosidl_generator_py.so[0m
[4.428s] [ 92%] Built target rob599_msgs2__rosidl_generator_py
[4.434s] [35m[1mConsolidate compiler generated dependencies of target rob599_msgs2__rosidl_typesupport_fastrtps_c__pyext[0m
[4.435s] [35m[1mConsolidate compiler generated dependencies of target rob599_msgs2__rosidl_typesupport_introspection_c__pyext[0m
[4.435s] [35m[1mConsolidate compiler generated dependencies of target rob599_msgs2__rosidl_typesupport_c__pyext[0m
[4.449s] [ 93%] [32mBuilding C object CMakeFiles/rob599_msgs2__rosidl_typesupport_introspection_c__pyext.dir/rosidl_generator_py/rob599_msgs2/_rob599_msgs2_s.ep.rosidl_typesupport_introspection_c.c.o[0m
[4.449s] [ 94%] [32mBuilding C object CMakeFiles/rob599_msgs2__rosidl_typesupport_c__pyext.dir/rosidl_generator_py/rob599_msgs2/_rob599_msgs2_s.ep.rosidl_typesupport_c.c.o[0m
[4.450s] [ 96%] [32mBuilding C object CMakeFiles/rob599_msgs2__rosidl_typesupport_fastrtps_c__pyext.dir/rosidl_generator_py/rob599_msgs2/_rob599_msgs2_s.ep.rosidl_typesupport_fastrtps_c.c.o[0m
[4.548s] [ 97%] [32m[1mLinking C shared library rosidl_generator_py/rob599_msgs2/rob599_msgs2_s__rosidl_typesupport_c.cpython-310-x86_64-linux-gnu.so[0m
[4.549s] [ 98%] [32m[1mLinking C shared library rosidl_generator_py/rob599_msgs2/rob599_msgs2_s__rosidl_typesupport_fastrtps_c.cpython-310-x86_64-linux-gnu.so[0m
[4.561s] [100%] [32m[1mLinking C shared library rosidl_generator_py/rob599_msgs2/rob599_msgs2_s__rosidl_typesupport_introspection_c.cpython-310-x86_64-linux-gnu.so[0m
[4.574s] [100%] Built target rob599_msgs2__rosidl_typesupport_fastrtps_c__pyext
[4.574s] [100%] Built target rob599_msgs2__rosidl_typesupport_c__pyext
[4.587s] [100%] Built target rob599_msgs2__rosidl_typesupport_introspection_c__pyext
[4.595s] Invoked command in '/home/ubuntu/ros2_ws2/build/rob599_msgs2' returned '0': CMAKE_PREFIX_PATH=${CMAKE_PREFIX_PATH}:/home/ubuntu/ros2_ws2/install/rob599_hw3:/opt/ros/humble /usr/bin/cmake --build /home/ubuntu/ros2_ws2/build/rob599_msgs2 -- -j16 -l16
[4.678s] Invoking command in '/home/ubuntu/ros2_ws2/build/rob599_msgs2': CMAKE_PREFIX_PATH=${CMAKE_PREFIX_PATH}:/home/ubuntu/ros2_ws2/install/rob599_hw3:/opt/ros/humble /usr/bin/cmake --install /home/ubuntu/ros2_ws2/build/rob599_msgs2
[4.683s] -- Install configuration: ""
[4.683s] -- Installing: /home/ubuntu/ros2_ws2/install/rob599_msgs2/share/ament_index/resource_index/rosidl_interfaces/rob599_msgs2
[4.683s] -- Up-to-date: /home/ubuntu/ros2_ws2/install/rob599_msgs2/include/rob599_msgs2/rob599_msgs2
[4.683s] -- Up-to-date: /home/ubuntu/ros2_ws2/install/rob599_msgs2/include/rob599_msgs2/rob599_msgs2/msg
[4.683s] -- Up-to-date: /home/ubuntu/ros2_ws2/install/rob599_msgs2/include/rob599_msgs2/rob599_msgs2/msg/rosidl_generator_c__visibility_control.h
[4.683s] -- Up-to-date: /home/ubuntu/ros2_ws2/install/rob599_msgs2/include/rob599_msgs2/rob599_msgs2/srv
[4.683s] -- Installing: /home/ubuntu/ros2_ws2/install/rob599_msgs2/include/rob599_msgs2/rob599_msgs2/srv/clear_positions.h
[4.683s] -- Installing: /home/ubuntu/ros2_ws2/install/rob599_msgs2/include/rob599_msgs2/rob599_msgs2/srv/knock_knock.h
[4.684s] -- Installing: /home/ubuntu/ros2_ws2/install/rob599_msgs2/include/rob599_msgs2/rob599_msgs2/srv/save.h
[4.684s] -- Installing: /home/ubuntu/ros2_ws2/install/rob599_msgs2/include/rob599_msgs2/rob599_msgs2/srv/load.h
[4.684s] -- Up-to-date: /home/ubuntu/ros2_ws2/install/rob599_msgs2/include/rob599_msgs2/rob599_msgs2/srv/detail
[4.684s] -- Installing: /home/ubuntu/ros2_ws2/install/rob599_msgs2/include/rob599_msgs2/rob599_msgs2/srv/detail/load__struct.h
[4.684s] -- Installing: /home/ubuntu/ros2_ws2/install/rob599_msgs2/include/rob599_msgs2/rob599_msgs2/srv/detail/save__type_support.h
[4.684s] -- Installing: /home/ubuntu/ros2_ws2/install/rob599_msgs2/include/rob599_msgs2/rob599_msgs2/srv/detail/load__type_support.h
[4.684s] -- Installing: /home/ubuntu/ros2_ws2/install/rob599_msgs2/include/rob599_msgs2/rob599_msgs2/srv/detail/knock_knock__type_support.h
[4.684s] -- Installing: /home/ubuntu/ros2_ws2/install/rob599_msgs2/include/rob599_msgs2/rob599_msgs2/srv/detail/save__struct.h
[4.684s] -- Installing: /home/ubuntu/ros2_ws2/install/rob599_msgs2/include/rob599_msgs2/rob599_msgs2/srv/detail/memorize_position__functions.c
[4.684s] -- Installing: /home/ubuntu/ros2_ws2/install/rob599_msgs2/include/rob599_msgs2/rob599_msgs2/srv/detail/clear_positions__type_support.h
[4.684s] -- Installing: /home/ubuntu/ros2_ws2/install/rob599_msgs2/include/rob599_msgs2/rob599_msgs2/srv/detail/save__functions.c
[4.684s] -- Installing: /home/ubuntu/ros2_ws2/install/rob599_msgs2/include/rob599_msgs2/rob599_msgs2/srv/detail/clear_positions__functions.c
[4.684s] -- Installing: /home/ubuntu/ros2_ws2/install/rob599_msgs2/include/rob599_msgs2/rob599_msgs2/srv/detail/knock_knock__functions.h
[4.685s] -- Installing: /home/ubuntu/ros2_ws2/install/rob599_msgs2/include/rob599_msgs2/rob599_msgs2/srv/detail/memorize_position__struct.h
[4.685s] -- Installing: /home/ubuntu/ros2_ws2/install/rob599_msgs2/include/rob599_msgs2/rob599_msgs2/srv/detail/memorize_position__type_support.h
[4.685s] -- Installing: /home/ubuntu/ros2_ws2/install/rob599_msgs2/include/rob599_msgs2/rob599_msgs2/srv/detail/save__functions.h
[4.685s] -- Installing: /home/ubuntu/ros2_ws2/install/rob599_msgs2/include/rob599_msgs2/rob599_msgs2/srv/detail/clear_positions__functions.h
[4.685s] -- Installing: /home/ubuntu/ros2_ws2/install/rob599_msgs2/include/rob599_msgs2/rob599_msgs2/srv/detail/clear_positions__struct.h
[4.685s] -- Installing: /home/ubuntu/ros2_ws2/install/rob599_msgs2/include/rob599_msgs2/rob599_msgs2/srv/detail/load__functions.c
[4.685s] -- Installing: /home/ubuntu/ros2_ws2/install/rob599_msgs2/include/rob599_msgs2/rob599_msgs2/srv/detail/memorize_position__functions.h
[4.685s] -- Installing: /home/ubuntu/ros2_ws2/install/rob599_msgs2/include/rob599_msgs2/rob599_msgs2/srv/detail/knock_knock__functions.c
[4.685s] -- Installing: /home/ubuntu/ros2_ws2/install/rob599_msgs2/include/rob599_msgs2/rob599_msgs2/srv/detail/load__functions.h
[4.685s] -- Installing: /home/ubuntu/ros2_ws2/install/rob599_msgs2/include/rob599_msgs2/rob599_msgs2/srv/detail/knock_knock__struct.h
[4.685s] -- Installing: /home/ubuntu/ros2_ws2/install/rob599_msgs2/include/rob599_msgs2/rob599_msgs2/srv/memorize_position.h
[4.685s] -- Up-to-date: /home/ubuntu/ros2_ws2/install/rob599_msgs2/include/rob599_msgs2/rob599_msgs2/action
[4.686s] -- Installing: /home/ubuntu/ros2_ws2/install/rob599_msgs2/include/rob599_msgs2/rob599_msgs2/action/go_to.h
[4.686s] -- Installing: /home/ubuntu/ros2_ws2/install/rob599_msgs2/include/rob599_msgs2/rob599_msgs2/action/patrol.h
[4.686s] -- Up-to-date: /home/ubuntu/ros2_ws2/install/rob599_msgs2/include/rob599_msgs2/rob599_msgs2/action/detail
[4.686s] -- Installing: /home/ubuntu/ros2_ws2/install/rob599_msgs2/include/rob599_msgs2/rob599_msgs2/action/detail/patrol__type_support.h
[4.686s] -- Installing: /home/ubuntu/ros2_ws2/install/rob599_msgs2/include/rob599_msgs2/rob599_msgs2/action/detail/go_to__functions.c
[4.686s] -- Installing: /home/ubuntu/ros2_ws2/install/rob599_msgs2/include/rob599_msgs2/rob599_msgs2/action/detail/patrol__functions.h
[4.686s] -- Installing: /home/ubuntu/ros2_ws2/install/rob599_msgs2/include/rob599_msgs2/rob599_msgs2/action/detail/go_to__type_support.h
[4.686s] -- Installing: /home/ubuntu/ros2_ws2/install/rob599_msgs2/include/rob599_msgs2/rob599_msgs2/action/detail/patrol__struct.h
[4.686s] -- Installing: /home/ubuntu/ros2_ws2/install/rob599_msgs2/include/rob599_msgs2/rob599_msgs2/action/detail/go_to__functions.h
[4.686s] -- Installing: /home/ubuntu/ros2_ws2/install/rob599_msgs2/include/rob599_msgs2/rob599_msgs2/action/detail/patrol__functions.c
[4.686s] -- Installing: /home/ubuntu/ros2_ws2/install/rob599_msgs2/include/rob599_msgs2/rob599_msgs2/action/detail/go_to__struct.h
[4.686s] -- Up-to-date: /home/ubuntu/ros2_ws2/install/rob599_msgs2/share/rob599_msgs2/environment/library_path.sh
[4.686s] -- Installing: /home/ubuntu/ros2_ws2/install/rob599_msgs2/share/rob599_msgs2/environment/library_path.dsv
[4.686s] -- Installing: /home/ubuntu/ros2_ws2/install/rob599_msgs2/lib/librob599_msgs2__rosidl_generator_c.so
[4.686s] -- Set runtime path of "/home/ubuntu/ros2_ws2/install/rob599_msgs2/lib/librob599_msgs2__rosidl_generator_c.so" to ""
[4.687s] -- Up-to-date: /home/ubuntu/ros2_ws2/install/rob599_msgs2/include/rob599_msgs2/rob599_msgs2
[4.687s] -- Up-to-date: /home/ubuntu/ros2_ws2/install/rob599_msgs2/include/rob599_msgs2/rob599_msgs2/msg
[4.687s] -- Up-to-date: /home/ubuntu/ros2_ws2/install/rob599_msgs2/include/rob599_msgs2/rob599_msgs2/msg/rosidl_typesupport_fastrtps_c__visibility_control.h
[4.687s] -- Up-to-date: /home/ubuntu/ros2_ws2/install/rob599_msgs2/include/rob599_msgs2/rob599_msgs2/srv
[4.687s] -- Up-to-date: /home/ubuntu/ros2_ws2/install/rob599_msgs2/include/rob599_msgs2/rob599_msgs2/srv/detail
[4.687s] -- Installing: /home/ubuntu/ros2_ws2/install/rob599_msgs2/include/rob599_msgs2/rob599_msgs2/srv/detail/clear_positions__rosidl_typesupport_fastrtps_c.h
[4.687s] -- Installing: /home/ubuntu/ros2_ws2/install/rob599_msgs2/include/rob599_msgs2/rob599_msgs2/srv/detail/knock_knock__rosidl_typesupport_fastrtps_c.h
[4.687s] -- Installing: /home/ubuntu/ros2_ws2/install/rob599_msgs2/include/rob599_msgs2/rob599_msgs2/srv/detail/save__rosidl_typesupport_fastrtps_c.h
[4.687s] -- Installing: /home/ubuntu/ros2_ws2/install/rob599_msgs2/include/rob599_msgs2/rob599_msgs2/srv/detail/memorize_position__rosidl_typesupport_fastrtps_c.h
[4.687s] -- Installing: /home/ubuntu/ros2_ws2/install/rob599_msgs2/include/rob599_msgs2/rob599_msgs2/srv/detail/load__rosidl_typesupport_fastrtps_c.h
[4.687s] -- Up-to-date: /home/ubuntu/ros2_ws2/install/rob599_msgs2/include/rob599_msgs2/rob599_msgs2/action
[4.687s] -- Up-to-date: /home/ubuntu/ros2_ws2/install/rob599_msgs2/include/rob599_msgs2/rob599_msgs2/action/detail
[4.687s] -- Installing: /home/ubuntu/ros2_ws2/install/rob599_msgs2/include/rob599_msgs2/rob599_msgs2/action/detail/patrol__rosidl_typesupport_fastrtps_c.h
[4.687s] -- Installing: /home/ubuntu/ros2_ws2/install/rob599_msgs2/include/rob599_msgs2/rob599_msgs2/action/detail/go_to__rosidl_typesupport_fastrtps_c.h
[4.687s] -- Installing: /home/ubuntu/ros2_ws2/install/rob599_msgs2/lib/librob599_msgs2__rosidl_typesupport_fastrtps_c.so
[4.687s] -- Set runtime path of "/home/ubuntu/ros2_ws2/install/rob599_msgs2/lib/librob599_msgs2__rosidl_typesupport_fastrtps_c.so" to ""
[4.687s] -- Up-to-date: /home/ubuntu/ros2_ws2/install/rob599_msgs2/include/rob599_msgs2/rob599_msgs2
[4.688s] -- Up-to-date: /home/ubuntu/ros2_ws2/install/rob599_msgs2/include/rob599_msgs2/rob599_msgs2/msg
[4.688s] -- Up-to-date: /home/ubuntu/ros2_ws2/install/rob599_msgs2/include/rob599_msgs2/rob599_msgs2/msg/rosidl_typesupport_introspection_c__visibility_control.h
[4.688s] -- Up-to-date: /home/ubuntu/ros2_ws2/install/rob599_msgs2/include/rob599_msgs2/rob599_msgs2/srv
[4.688s] -- Up-to-date: /home/ubuntu/ros2_ws2/install/rob599_msgs2/include/rob599_msgs2/rob599_msgs2/srv/detail
[4.688s] -- Installing: /home/ubuntu/ros2_ws2/install/rob599_msgs2/include/rob599_msgs2/rob599_msgs2/srv/detail/memorize_position__type_support.c
[4.688s] -- Installing: /home/ubuntu/ros2_ws2/install/rob599_msgs2/include/rob599_msgs2/rob599_msgs2/srv/detail/save__rosidl_typesupport_introspection_c.h
[4.688s] -- Installing: /home/ubuntu/ros2_ws2/install/rob599_msgs2/include/rob599_msgs2/rob599_msgs2/srv/detail/save__type_support.c
[4.688s] -- Installing: /home/ubuntu/ros2_ws2/install/rob599_msgs2/include/rob599_msgs2/rob599_msgs2/srv/detail/load__rosidl_typesupport_introspection_c.h
[4.688s] -- Installing: /home/ubuntu/ros2_ws2/install/rob599_msgs2/include/rob599_msgs2/rob599_msgs2/srv/detail/memorize_position__rosidl_typesupport_introspection_c.h
[4.688s] -- Installing: /home/ubuntu/ros2_ws2/install/rob599_msgs2/include/rob599_msgs2/rob599_msgs2/srv/detail/knock_knock__rosidl_typesupport_introspection_c.h
[4.688s] -- Installing: /home/ubuntu/ros2_ws2/install/rob599_msgs2/include/rob599_msgs2/rob599_msgs2/srv/detail/clear_positions__type_support.c
[4.688s] -- Installing: /home/ubuntu/ros2_ws2/install/rob599_msgs2/include/rob599_msgs2/rob599_msgs2/srv/detail/load__type_support.c
[4.688s] -- Installing: /home/ubuntu/ros2_ws2/install/rob599_msgs2/include/rob599_msgs2/rob599_msgs2/srv/detail/knock_knock__type_support.c
[4.688s] -- Installing: /home/ubuntu/ros2_ws2/install/rob599_msgs2/include/rob599_msgs2/rob599_msgs2/srv/detail/clear_positions__rosidl_typesupport_introspection_c.h
[4.688s] -- Up-to-date: /home/ubuntu/ros2_ws2/install/rob599_msgs2/include/rob599_msgs2/rob599_msgs2/action
[4.688s] -- Up-to-date: /home/ubuntu/ros2_ws2/install/rob599_msgs2/include/rob599_msgs2/rob599_msgs2/action/detail
[4.688s] -- Installing: /home/ubuntu/ros2_ws2/install/rob599_msgs2/include/rob599_msgs2/rob599_msgs2/action/detail/patrol__rosidl_typesupport_introspection_c.h
[4.689s] -- Installing: /home/ubuntu/ros2_ws2/install/rob599_msgs2/include/rob599_msgs2/rob599_msgs2/action/detail/go_to__rosidl_typesupport_introspection_c.h
[4.689s] -- Installing: /home/ubuntu/ros2_ws2/install/rob599_msgs2/include/rob599_msgs2/rob599_msgs2/action/detail/go_to__type_support.c
[4.689s] -- Installing: /home/ubuntu/ros2_ws2/install/rob599_msgs2/include/rob599_msgs2/rob599_msgs2/action/detail/patrol__type_support.c
[4.689s] -- Installing: /home/ubuntu/ros2_ws2/install/rob599_msgs2/lib/librob599_msgs2__rosidl_typesupport_introspection_c.so
[4.689s] -- Set runtime path of "/home/ubuntu/ros2_ws2/install/rob599_msgs2/lib/librob599_msgs2__rosidl_typesupport_introspection_c.so" to ""
[4.689s] -- Installing: /home/ubuntu/ros2_ws2/install/rob599_msgs2/lib/librob599_msgs2__rosidl_typesupport_c.so
[4.689s] -- Set runtime path of "/home/ubuntu/ros2_ws2/install/rob599_msgs2/lib/librob599_msgs2__rosidl_typesupport_c.so" to ""
[4.689s] -- Up-to-date: /home/ubuntu/ros2_ws2/install/rob599_msgs2/include/rob599_msgs2/rob599_msgs2
[4.689s] -- Up-to-date: /home/ubuntu/ros2_ws2/install/rob599_msgs2/include/rob599_msgs2/rob599_msgs2/srv
[4.689s] -- Installing: /home/ubuntu/ros2_ws2/install/rob599_msgs2/include/rob599_msgs2/rob599_msgs2/srv/load.hpp
[4.689s] -- Installing: /home/ubuntu/ros2_ws2/install/rob599_msgs2/include/rob599_msgs2/rob599_msgs2/srv/memorize_position.hpp
[4.689s] -- Installing: /home/ubuntu/ros2_ws2/install/rob599_msgs2/include/rob599_msgs2/rob599_msgs2/srv/knock_knock.hpp
[4.689s] -- Installing: /home/ubuntu/ros2_ws2/install/rob599_msgs2/include/rob599_msgs2/rob599_msgs2/srv/clear_positions.hpp
[4.690s] -- Up-to-date: /home/ubuntu/ros2_ws2/install/rob599_msgs2/include/rob599_msgs2/rob599_msgs2/srv/detail
[4.690s] -- Installing: /home/ubuntu/ros2_ws2/install/rob599_msgs2/include/rob599_msgs2/rob599_msgs2/srv/detail/save__traits.hpp
[4.690s] -- Installing: /home/ubuntu/ros2_ws2/install/rob599_msgs2/include/rob599_msgs2/rob599_msgs2/srv/detail/clear_positions__struct.hpp
[4.690s] -- Installing: /home/ubuntu/ros2_ws2/install/rob599_msgs2/include/rob599_msgs2/rob599_msgs2/srv/detail/memorize_position__struct.hpp
[4.690s] -- Installing: /home/ubuntu/ros2_ws2/install/rob599_msgs2/include/rob599_msgs2/rob599_msgs2/srv/detail/memorize_position__traits.hpp
[4.690s] -- Installing: /home/ubuntu/ros2_ws2/install/rob599_msgs2/include/rob599_msgs2/rob599_msgs2/srv/detail/save__struct.hpp
[4.690s] -- Installing: /home/ubuntu/ros2_ws2/install/rob599_msgs2/include/rob599_msgs2/rob599_msgs2/srv/detail/memorize_position__builder.hpp
[4.690s] -- Installing: /home/ubuntu/ros2_ws2/install/rob599_msgs2/include/rob599_msgs2/rob599_msgs2/srv/detail/clear_positions__builder.hpp
[4.690s] -- Installing: /home/ubuntu/ros2_ws2/install/rob599_msgs2/include/rob599_msgs2/rob599_msgs2/srv/detail/knock_knock__builder.hpp
[4.690s] -- Installing: /home/ubuntu/ros2_ws2/install/rob599_msgs2/include/rob599_msgs2/rob599_msgs2/srv/detail/knock_knock__struct.hpp
[4.690s] -- Installing: /home/ubuntu/ros2_ws2/install/rob599_msgs2/include/rob599_msgs2/rob599_msgs2/srv/detail/load__struct.hpp
[4.690s] -- Installing: /home/ubuntu/ros2_ws2/install/rob599_msgs2/include/rob599_msgs2/rob599_msgs2/srv/detail/clear_positions__traits.hpp
[4.690s] -- Installing: /home/ubuntu/ros2_ws2/install/rob599_msgs2/include/rob599_msgs2/rob599_msgs2/srv/detail/load__builder.hpp
[4.690s] -- Installing: /home/ubuntu/ros2_ws2/install/rob599_msgs2/include/rob599_msgs2/rob599_msgs2/srv/detail/knock_knock__traits.hpp
[4.690s] -- Installing: /home/ubuntu/ros2_ws2/install/rob599_msgs2/include/rob599_msgs2/rob599_msgs2/srv/detail/save__builder.hpp
[4.690s] -- Installing: /home/ubuntu/ros2_ws2/install/rob599_msgs2/include/rob599_msgs2/rob599_msgs2/srv/detail/load__traits.hpp
[4.690s] -- Installing: /home/ubuntu/ros2_ws2/install/rob599_msgs2/include/rob599_msgs2/rob599_msgs2/srv/save.hpp
[4.690s] -- Up-to-date: /home/ubuntu/ros2_ws2/install/rob599_msgs2/include/rob599_msgs2/rob599_msgs2/action
[4.690s] -- Installing: /home/ubuntu/ros2_ws2/install/rob599_msgs2/include/rob599_msgs2/rob599_msgs2/action/go_to.hpp
[4.691s] -- Installing: /home/ubuntu/ros2_ws2/install/rob599_msgs2/include/rob599_msgs2/rob599_msgs2/action/patrol.hpp
[4.691s] -- Up-to-date: /home/ubuntu/ros2_ws2/install/rob599_msgs2/include/rob599_msgs2/rob599_msgs2/action/detail
[4.691s] -- Installing: /home/ubuntu/ros2_ws2/install/rob599_msgs2/include/rob599_msgs2/rob599_msgs2/action/detail/patrol__builder.hpp
[4.691s] -- Installing: /home/ubuntu/ros2_ws2/install/rob599_msgs2/include/rob599_msgs2/rob599_msgs2/action/detail/go_to__traits.hpp
[4.691s] -- Installing: /home/ubuntu/ros2_ws2/install/rob599_msgs2/include/rob599_msgs2/rob599_msgs2/action/detail/patrol__struct.hpp
[4.691s] -- Installing: /home/ubuntu/ros2_ws2/install/rob599_msgs2/include/rob599_msgs2/rob599_msgs2/action/detail/go_to__struct.hpp
[4.691s] -- Installing: /home/ubuntu/ros2_ws2/install/rob599_msgs2/include/rob599_msgs2/rob599_msgs2/action/detail/go_to__builder.hpp
[4.691s] -- Installing: /home/ubuntu/ros2_ws2/install/rob599_msgs2/include/rob599_msgs2/rob599_msgs2/action/detail/patrol__traits.hpp
[4.691s] -- Up-to-date: /home/ubuntu/ros2_ws2/install/rob599_msgs2/include/rob599_msgs2/rob599_msgs2
[4.691s] -- Up-to-date: /home/ubuntu/ros2_ws2/install/rob599_msgs2/include/rob599_msgs2/rob599_msgs2/msg
[4.691s] -- Up-to-date: /home/ubuntu/ros2_ws2/install/rob599_msgs2/include/rob599_msgs2/rob599_msgs2/msg/rosidl_typesupport_fastrtps_cpp__visibility_control.h
[4.691s] -- Up-to-date: /home/ubuntu/ros2_ws2/install/rob599_msgs2/include/rob599_msgs2/rob599_msgs2/srv
[4.691s] -- Up-to-date: /home/ubuntu/ros2_ws2/install/rob599_msgs2/include/rob599_msgs2/rob599_msgs2/srv/detail
[4.691s] -- Installing: /home/ubuntu/ros2_ws2/install/rob599_msgs2/include/rob599_msgs2/rob599_msgs2/srv/detail/knock_knock__rosidl_typesupport_fastrtps_cpp.hpp
[4.691s] -- Installing: /home/ubuntu/ros2_ws2/install/rob599_msgs2/include/rob599_msgs2/rob599_msgs2/srv/detail/load__rosidl_typesupport_fastrtps_cpp.hpp
[4.691s] -- Installing: /home/ubuntu/ros2_ws2/install/rob599_msgs2/include/rob599_msgs2/rob599_msgs2/srv/detail/memorize_position__rosidl_typesupport_fastrtps_cpp.hpp
[4.691s] -- Up-to-date: /home/ubuntu/ros2_ws2/install/rob599_msgs2/include/rob599_msgs2/rob599_msgs2/srv/detail/dds_fastrtps
[4.691s] -- Installing: /home/ubuntu/ros2_ws2/install/rob599_msgs2/include/rob599_msgs2/rob599_msgs2/srv/detail/clear_positions__rosidl_typesupport_fastrtps_cpp.hpp
[4.691s] -- Installing: /home/ubuntu/ros2_ws2/install/rob599_msgs2/include/rob599_msgs2/rob599_msgs2/srv/detail/save__rosidl_typesupport_fastrtps_cpp.hpp
[4.692s] -- Up-to-date: /home/ubuntu/ros2_ws2/install/rob599_msgs2/include/rob599_msgs2/rob599_msgs2/action
[4.692s] -- Up-to-date: /home/ubuntu/ros2_ws2/install/rob599_msgs2/include/rob599_msgs2/rob599_msgs2/action/detail
[4.692s] -- Up-to-date: /home/ubuntu/ros2_ws2/install/rob599_msgs2/include/rob599_msgs2/rob599_msgs2/action/detail/dds_fastrtps
[4.692s] -- Installing: /home/ubuntu/ros2_ws2/install/rob599_msgs2/include/rob599_msgs2/rob599_msgs2/action/detail/patrol__rosidl_typesupport_fastrtps_cpp.hpp
[4.692s] -- Installing: /home/ubuntu/ros2_ws2/install/rob599_msgs2/include/rob599_msgs2/rob599_msgs2/action/detail/go_to__rosidl_typesupport_fastrtps_cpp.hpp
[4.692s] -- Installing: /home/ubuntu/ros2_ws2/install/rob599_msgs2/lib/librob599_msgs2__rosidl_typesupport_fastrtps_cpp.so
[4.692s] -- Set runtime path of "/home/ubuntu/ros2_ws2/install/rob599_msgs2/lib/librob599_msgs2__rosidl_typesupport_fastrtps_cpp.so" to ""
[4.692s] -- Up-to-date: /home/ubuntu/ros2_ws2/install/rob599_msgs2/include/rob599_msgs2/rob599_msgs2
[4.692s] -- Up-to-date: /home/ubuntu/ros2_ws2/install/rob599_msgs2/include/rob599_msgs2/rob599_msgs2/srv
[4.692s] -- Up-to-date: /home/ubuntu/ros2_ws2/install/rob599_msgs2/include/rob599_msgs2/rob599_msgs2/srv/detail
[4.692s] -- Installing: /home/ubuntu/ros2_ws2/install/rob599_msgs2/include/rob599_msgs2/rob599_msgs2/srv/detail/save__type_support.cpp
[4.692s] -- Installing: /home/ubuntu/ros2_ws2/install/rob599_msgs2/include/rob599_msgs2/rob599_msgs2/srv/detail/load__rosidl_typesupport_introspection_cpp.hpp
[4.692s] -- Installing: /home/ubuntu/ros2_ws2/install/rob599_msgs2/include/rob599_msgs2/rob599_msgs2/srv/detail/memorize_position__type_support.cpp
[4.692s] -- Installing: /home/ubuntu/ros2_ws2/install/rob599_msgs2/include/rob599_msgs2/rob599_msgs2/srv/detail/clear_positions__rosidl_typesupport_introspection_cpp.hpp
[4.693s] -- Installing: /home/ubuntu/ros2_ws2/install/rob599_msgs2/include/rob599_msgs2/rob599_msgs2/srv/detail/knock_knock__rosidl_typesupport_introspection_cpp.hpp
[4.693s] -- Installing: /home/ubuntu/ros2_ws2/install/rob599_msgs2/include/rob599_msgs2/rob599_msgs2/srv/detail/knock_knock__type_support.cpp
[4.693s] -- Installing: /home/ubuntu/ros2_ws2/install/rob599_msgs2/include/rob599_msgs2/rob599_msgs2/srv/detail/load__type_support.cpp
[4.693s] -- Installing: /home/ubuntu/ros2_ws2/install/rob599_msgs2/include/rob599_msgs2/rob599_msgs2/srv/detail/memorize_position__rosidl_typesupport_introspection_cpp.hpp
[4.693s] -- Installing: /home/ubuntu/ros2_ws2/install/rob599_msgs2/include/rob599_msgs2/rob599_msgs2/srv/detail/save__rosidl_typesupport_introspection_cpp.hpp
[4.693s] -- Installing: /home/ubuntu/ros2_ws2/install/rob599_msgs2/include/rob599_msgs2/rob599_msgs2/srv/detail/clear_positions__type_support.cpp
[4.693s] -- Up-to-date: /home/ubuntu/ros2_ws2/install/rob599_msgs2/include/rob599_msgs2/rob599_msgs2/action
[4.693s] -- Up-to-date: /home/ubuntu/ros2_ws2/install/rob599_msgs2/include/rob599_msgs2/rob599_msgs2/action/detail
[4.693s] -- Installing: /home/ubuntu/ros2_ws2/install/rob599_msgs2/include/rob599_msgs2/rob599_msgs2/action/detail/go_to__type_support.cpp
[4.693s] -- Installing: /home/ubuntu/ros2_ws2/install/rob599_msgs2/include/rob599_msgs2/rob599_msgs2/action/detail/patrol__type_support.cpp
[4.693s] -- Installing: /home/ubuntu/ros2_ws2/install/rob599_msgs2/include/rob599_msgs2/rob599_msgs2/action/detail/patrol__rosidl_typesupport_introspection_cpp.hpp
[4.693s] -- Installing: /home/ubuntu/ros2_ws2/install/rob599_msgs2/include/rob599_msgs2/rob599_msgs2/action/detail/go_to__rosidl_typesupport_introspection_cpp.hpp
[4.693s] -- Installing: /home/ubuntu/ros2_ws2/install/rob599_msgs2/lib/librob599_msgs2__rosidl_typesupport_introspection_cpp.so
[4.693s] -- Set runtime path of "/home/ubuntu/ros2_ws2/install/rob599_msgs2/lib/librob599_msgs2__rosidl_typesupport_introspection_cpp.so" to ""
[4.694s] -- Installing: /home/ubuntu/ros2_ws2/install/rob599_msgs2/lib/librob599_msgs2__rosidl_typesupport_cpp.so
[4.694s] -- Set runtime path of "/home/ubuntu/ros2_ws2/install/rob599_msgs2/lib/librob599_msgs2__rosidl_typesupport_cpp.so" to ""
[4.694s] -- Up-to-date: /home/ubuntu/ros2_ws2/install/rob599_msgs2/share/rob599_msgs2/environment/pythonpath.sh
[4.694s] -- Installing: /home/ubuntu/ros2_ws2/install/rob599_msgs2/share/rob599_msgs2/environment/pythonpath.dsv
[4.694s] -- Up-to-date: /home/ubuntu/ros2_ws2/install/rob599_msgs2/local/lib/python3.10/dist-packages/rob599_msgs2-0.0.0-py3.10.egg-info
[4.694s] -- Installing: /home/ubuntu/ros2_ws2/install/rob599_msgs2/local/lib/python3.10/dist-packages/rob599_msgs2-0.0.0-py3.10.egg-info/SOURCES.txt
[4.694s] -- Installing: /home/ubuntu/ros2_ws2/install/rob599_msgs2/local/lib/python3.10/dist-packages/rob599_msgs2-0.0.0-py3.10.egg-info/top_level.txt
[4.694s] -- Installing: /home/ubuntu/ros2_ws2/install/rob599_msgs2/local/lib/python3.10/dist-packages/rob599_msgs2-0.0.0-py3.10.egg-info/dependency_links.txt
[4.694s] -- Installing: /home/ubuntu/ros2_ws2/install/rob599_msgs2/local/lib/python3.10/dist-packages/rob599_msgs2-0.0.0-py3.10.egg-info/PKG-INFO
[4.694s] -- Up-to-date: /home/ubuntu/ros2_ws2/install/rob599_msgs2/local/lib/python3.10/dist-packages/rob599_msgs2
[4.694s] -- Installing: /home/ubuntu/ros2_ws2/install/rob599_msgs2/local/lib/python3.10/dist-packages/rob599_msgs2/_rob599_msgs2_s.ep.rosidl_typesupport_introspection_c.c
[4.694s] -- Installing: /home/ubuntu/ros2_ws2/install/rob599_msgs2/local/lib/python3.10/dist-packages/rob599_msgs2/_rob599_msgs2_s.ep.rosidl_typesupport_fastrtps_c.c
[4.695s] -- Installing: /home/ubuntu/ros2_ws2/install/rob599_msgs2/local/lib/python3.10/dist-packages/rob599_msgs2/rob599_msgs2_s__rosidl_typesupport_c.cpython-310-x86_64-linux-gnu.so
[4.695s] -- Installing: /home/ubuntu/ros2_ws2/install/rob599_msgs2/local/lib/python3.10/dist-packages/rob599_msgs2/rob599_msgs2_s__rosidl_typesupport_fastrtps_c.cpython-310-x86_64-linux-gnu.so
[4.695s] -- Installing: /home/ubuntu/ros2_ws2/install/rob599_msgs2/local/lib/python3.10/dist-packages/rob599_msgs2/__init__.py
[4.695s] -- Installing: /home/ubuntu/ros2_ws2/install/rob599_msgs2/local/lib/python3.10/dist-packages/rob599_msgs2/_rob599_msgs2_s.ep.rosidl_typesupport_c.c
[4.695s] -- Installing: /home/ubuntu/ros2_ws2/install/rob599_msgs2/local/lib/python3.10/dist-packages/rob599_msgs2/rob599_msgs2_s__rosidl_typesupport_introspection_c.cpython-310-x86_64-linux-gnu.so
[4.695s] -- Installing: /home/ubuntu/ros2_ws2/install/rob599_msgs2/local/lib/python3.10/dist-packages/rob599_msgs2/librob599_msgs2__rosidl_generator_py.so
[4.696s] -- Up-to-date: /home/ubuntu/ros2_ws2/install/rob599_msgs2/local/lib/python3.10/dist-packages/rob599_msgs2/srv
[4.696s] -- Installing: /home/ubuntu/ros2_ws2/install/rob599_msgs2/local/lib/python3.10/dist-packages/rob599_msgs2/srv/_load.py
[4.696s] -- Installing: /home/ubuntu/ros2_ws2/install/rob599_msgs2/local/lib/python3.10/dist-packages/rob599_msgs2/srv/_save_s.c
[4.696s] -- Installing: /home/ubuntu/ros2_ws2/install/rob599_msgs2/local/lib/python3.10/dist-packages/rob599_msgs2/srv/_memorize_position_s.c
[4.696s] -- Installing: /home/ubuntu/ros2_ws2/install/rob599_msgs2/local/lib/python3.10/dist-packages/rob599_msgs2/srv/_knock_knock_s.c
[4.696s] -- Installing: /home/ubuntu/ros2_ws2/install/rob599_msgs2/local/lib/python3.10/dist-packages/rob599_msgs2/srv/_clear_positions_s.c
[4.696s] -- Installing: /home/ubuntu/ros2_ws2/install/rob599_msgs2/local/lib/python3.10/dist-packages/rob599_msgs2/srv/_clear_positions.py
[4.696s] -- Installing: /home/ubuntu/ros2_ws2/install/rob599_msgs2/local/lib/python3.10/dist-packages/rob599_msgs2/srv/__init__.py
[4.696s] -- Installing: /home/ubuntu/ros2_ws2/install/rob599_msgs2/local/lib/python3.10/dist-packages/rob599_msgs2/srv/_save.py
[4.696s] -- Installing: /home/ubuntu/ros2_ws2/install/rob599_msgs2/local/lib/python3.10/dist-packages/rob599_msgs2/srv/_memorize_position.py
[4.696s] -- Installing: /home/ubuntu/ros2_ws2/install/rob599_msgs2/local/lib/python3.10/dist-packages/rob599_msgs2/srv/_knock_knock.py
[4.696s] -- Installing: /home/ubuntu/ros2_ws2/install/rob599_msgs2/local/lib/python3.10/dist-packages/rob599_msgs2/srv/_load_s.c
[4.697s] -- Up-to-date: /home/ubuntu/ros2_ws2/install/rob599_msgs2/local/lib/python3.10/dist-packages/rob599_msgs2/action
[4.697s] -- Installing: /home/ubuntu/ros2_ws2/install/rob599_msgs2/local/lib/python3.10/dist-packages/rob599_msgs2/action/_patrol.py
[4.697s] -- Installing: /home/ubuntu/ros2_ws2/install/rob599_msgs2/local/lib/python3.10/dist-packages/rob599_msgs2/action/_patrol_s.c
[4.697s] -- Installing: /home/ubuntu/ros2_ws2/install/rob599_msgs2/local/lib/python3.10/dist-packages/rob599_msgs2/action/__init__.py
[4.697s] -- Installing: /home/ubuntu/ros2_ws2/install/rob599_msgs2/local/lib/python3.10/dist-packages/rob599_msgs2/action/_go_to_s.c
[4.697s] -- Installing: /home/ubuntu/ros2_ws2/install/rob599_msgs2/local/lib/python3.10/dist-packages/rob599_msgs2/action/_go_to.py
[4.729s] Listing '/home/ubuntu/ros2_ws2/install/rob599_msgs2/local/lib/python3.10/dist-packages/rob599_msgs2'...
[4.729s] Compiling '/home/ubuntu/ros2_ws2/install/rob599_msgs2/local/lib/python3.10/dist-packages/rob599_msgs2/__init__.py'...
[4.729s] Listing '/home/ubuntu/ros2_ws2/install/rob599_msgs2/local/lib/python3.10/dist-packages/rob599_msgs2/action'...
[4.729s] Compiling '/home/ubuntu/ros2_ws2/install/rob599_msgs2/local/lib/python3.10/dist-packages/rob599_msgs2/action/__init__.py'...
[4.729s] Compiling '/home/ubuntu/ros2_ws2/install/rob599_msgs2/local/lib/python3.10/dist-packages/rob599_msgs2/action/_go_to.py'...
[4.729s] Compiling '/home/ubuntu/ros2_ws2/install/rob599_msgs2/local/lib/python3.10/dist-packages/rob599_msgs2/action/_patrol.py'...
[4.729s] Listing '/home/ubuntu/ros2_ws2/install/rob599_msgs2/local/lib/python3.10/dist-packages/rob599_msgs2/srv'...
[4.729s] Compiling '/home/ubuntu/ros2_ws2/install/rob599_msgs2/local/lib/python3.10/dist-packages/rob599_msgs2/srv/__init__.py'...
[4.729s] Compiling '/home/ubuntu/ros2_ws2/install/rob599_msgs2/local/lib/python3.10/dist-packages/rob599_msgs2/srv/_clear_positions.py'...
[4.729s] Compiling '/home/ubuntu/ros2_ws2/install/rob599_msgs2/local/lib/python3.10/dist-packages/rob599_msgs2/srv/_knock_knock.py'...
[4.729s] Compiling '/home/ubuntu/ros2_ws2/install/rob599_msgs2/local/lib/python3.10/dist-packages/rob599_msgs2/srv/_load.py'...
[4.730s] Compiling '/home/ubuntu/ros2_ws2/install/rob599_msgs2/local/lib/python3.10/dist-packages/rob599_msgs2/srv/_memorize_position.py'...
[4.730s] Compiling '/home/ubuntu/ros2_ws2/install/rob599_msgs2/local/lib/python3.10/dist-packages/rob599_msgs2/srv/_save.py'...
[4.732s] -- Installing: /home/ubuntu/ros2_ws2/install/rob599_msgs2/local/lib/python3.10/dist-packages/rob599_msgs2/rob599_msgs2_s__rosidl_typesupport_fastrtps_c.cpython-310-x86_64-linux-gnu.so
[4.733s] -- Set runtime path of "/home/ubuntu/ros2_ws2/install/rob599_msgs2/local/lib/python3.10/dist-packages/rob599_msgs2/rob599_msgs2_s__rosidl_typesupport_fastrtps_c.cpython-310-x86_64-linux-gnu.so" to ""
[4.733s] -- Installing: /home/ubuntu/ros2_ws2/install/rob599_msgs2/local/lib/python3.10/dist-packages/rob599_msgs2/rob599_msgs2_s__rosidl_typesupport_introspection_c.cpython-310-x86_64-linux-gnu.so
[4.733s] -- Set runtime path of "/home/ubuntu/ros2_ws2/install/rob599_msgs2/local/lib/python3.10/dist-packages/rob599_msgs2/rob599_msgs2_s__rosidl_typesupport_introspection_c.cpython-310-x86_64-linux-gnu.so" to ""
[4.733s] -- Installing: /home/ubuntu/ros2_ws2/install/rob599_msgs2/local/lib/python3.10/dist-packages/rob599_msgs2/rob599_msgs2_s__rosidl_typesupport_c.cpython-310-x86_64-linux-gnu.so
[4.733s] -- Set runtime path of "/home/ubuntu/ros2_ws2/install/rob599_msgs2/local/lib/python3.10/dist-packages/rob599_msgs2/rob599_msgs2_s__rosidl_typesupport_c.cpython-310-x86_64-linux-gnu.so" to ""
[4.733s] -- Installing: /home/ubuntu/ros2_ws2/install/rob599_msgs2/lib/librob599_msgs2__rosidl_generator_py.so
[4.734s] -- Set runtime path of "/home/ubuntu/ros2_ws2/install/rob599_msgs2/lib/librob599_msgs2__rosidl_generator_py.so" to ""
[4.734s] -- Up-to-date: /home/ubuntu/ros2_ws2/install/rob599_msgs2/share/rob599_msgs2/srv/MemorizePosition.idl
[4.734s] -- Up-to-date: /home/ubuntu/ros2_ws2/install/rob599_msgs2/share/rob599_msgs2/srv/ClearPositions.idl
[4.734s] -- Up-to-date: /home/ubuntu/ros2_ws2/install/rob599_msgs2/share/rob599_msgs2/srv/Save.idl
[4.734s] -- Up-to-date: /home/ubuntu/ros2_ws2/install/rob599_msgs2/share/rob599_msgs2/srv/Load.idl
[4.734s] -- Up-to-date: /home/ubuntu/ros2_ws2/install/rob599_msgs2/share/rob599_msgs2/action/GoTo.idl
[4.734s] -- Up-to-date: /home/ubuntu/ros2_ws2/install/rob599_msgs2/share/rob599_msgs2/action/Patrol.idl
[4.734s] -- Installing: /home/ubuntu/ros2_ws2/install/rob599_msgs2/share/rob599_msgs2/srv/KnockKnock.idl
[4.734s] -- Up-to-date: /home/ubuntu/ros2_ws2/install/rob599_msgs2/share/rob599_msgs2/srv/MemorizePosition.srv
[4.734s] -- Up-to-date: /home/ubuntu/ros2_ws2/install/rob599_msgs2/share/rob599_msgs2/srv/MemorizePosition_Request.msg
[4.735s] -- Up-to-date: /home/ubuntu/ros2_ws2/install/rob599_msgs2/share/rob599_msgs2/srv/MemorizePosition_Response.msg
[4.735s] -- Up-to-date: /home/ubuntu/ros2_ws2/install/rob599_msgs2/share/rob599_msgs2/srv/ClearPositions.srv
[4.735s] -- Up-to-date: /home/ubuntu/ros2_ws2/install/rob599_msgs2/share/rob599_msgs2/srv/ClearPositions_Request.msg
[4.735s] -- Up-to-date: /home/ubuntu/ros2_ws2/install/rob599_msgs2/share/rob599_msgs2/srv/ClearPositions_Response.msg
[4.735s] -- Up-to-date: /home/ubuntu/ros2_ws2/install/rob599_msgs2/share/rob599_msgs2/srv/Save.srv
[4.735s] -- Up-to-date: /home/ubuntu/ros2_ws2/install/rob599_msgs2/share/rob599_msgs2/srv/Save_Request.msg
[4.735s] -- Up-to-date: /home/ubuntu/ros2_ws2/install/rob599_msgs2/share/rob599_msgs2/srv/Save_Response.msg
[4.735s] -- Up-to-date: /home/ubuntu/ros2_ws2/install/rob599_msgs2/share/rob599_msgs2/srv/Load.srv
[4.735s] -- Up-to-date: /home/ubuntu/ros2_ws2/install/rob599_msgs2/share/rob599_msgs2/srv/Load_Request.msg
[4.735s] -- Up-to-date: /home/ubuntu/ros2_ws2/install/rob599_msgs2/share/rob599_msgs2/srv/Load_Response.msg
[4.735s] -- Up-to-date: /home/ubuntu/ros2_ws2/install/rob599_msgs2/share/rob599_msgs2/action/GoTo.action
[4.735s] -- Up-to-date: /home/ubuntu/ros2_ws2/install/rob599_msgs2/share/rob599_msgs2/action/Patrol.action
[4.735s] -- Installing: /home/ubuntu/ros2_ws2/install/rob599_msgs2/share/rob599_msgs2/srv/KnockKnock.srv
[4.735s] -- Installing: /home/ubuntu/ros2_ws2/install/rob599_msgs2/share/rob599_msgs2/srv/KnockKnock_Request.msg
[4.735s] -- Installing: /home/ubuntu/ros2_ws2/install/rob599_msgs2/share/rob599_msgs2/srv/KnockKnock_Response.msg
[4.737s] -- Up-to-date: /home/ubuntu/ros2_ws2/install/rob599_msgs2/share/ament_index/resource_index/package_run_dependencies/rob599_msgs2
[4.737s] -- Up-to-date: /home/ubuntu/ros2_ws2/install/rob599_msgs2/share/ament_index/resource_index/parent_prefix_path/rob599_msgs2
[4.737s] -- Up-to-date: /home/ubuntu/ros2_ws2/install/rob599_msgs2/share/rob599_msgs2/environment/ament_prefix_path.sh
[4.737s] -- Installing: /home/ubuntu/ros2_ws2/install/rob599_msgs2/share/rob599_msgs2/environment/ament_prefix_path.dsv
[4.737s] -- Up-to-date: /home/ubuntu/ros2_ws2/install/rob599_msgs2/share/rob599_msgs2/environment/path.sh
[4.737s] -- Installing: /home/ubuntu/ros2_ws2/install/rob599_msgs2/share/rob599_msgs2/environment/path.dsv
[4.737s] -- Up-to-date: /home/ubuntu/ros2_ws2/install/rob599_msgs2/share/rob599_msgs2/local_setup.bash
[4.737s] -- Up-to-date: /home/ubuntu/ros2_ws2/install/rob599_msgs2/share/rob599_msgs2/local_setup.sh
[4.738s] -- Up-to-date: /home/ubuntu/ros2_ws2/install/rob599_msgs2/share/rob599_msgs2/local_setup.zsh
[4.738s] -- Installing: /home/ubuntu/ros2_ws2/install/rob599_msgs2/share/rob599_msgs2/local_setup.dsv
[4.738s] -- Installing: /home/ubuntu/ros2_ws2/install/rob599_msgs2/share/rob599_msgs2/package.dsv
[4.738s] -- Up-to-date: /home/ubuntu/ros2_ws2/install/rob599_msgs2/share/ament_index/resource_index/packages/rob599_msgs2
[4.738s] -- Up-to-date: /home/ubuntu/ros2_ws2/install/rob599_msgs2/share/rob599_msgs2/cmake/export_rob599_msgs2__rosidl_generator_cExport.cmake
[4.738s] -- Up-to-date: /home/ubuntu/ros2_ws2/install/rob599_msgs2/share/rob599_msgs2/cmake/export_rob599_msgs2__rosidl_generator_cExport-noconfig.cmake
[4.738s] -- Up-to-date: /home/ubuntu/ros2_ws2/install/rob599_msgs2/share/rob599_msgs2/cmake/export_rob599_msgs2__rosidl_typesupport_fastrtps_cExport.cmake
[4.738s] -- Up-to-date: /home/ubuntu/ros2_ws2/install/rob599_msgs2/share/rob599_msgs2/cmake/export_rob599_msgs2__rosidl_typesupport_fastrtps_cExport-noconfig.cmake
[4.738s] -- Up-to-date: /home/ubuntu/ros2_ws2/install/rob599_msgs2/share/rob599_msgs2/cmake/rob599_msgs2__rosidl_typesupport_introspection_cExport.cmake
[4.738s] -- Up-to-date: /home/ubuntu/ros2_ws2/install/rob599_msgs2/share/rob599_msgs2/cmake/rob599_msgs2__rosidl_typesupport_introspection_cExport-noconfig.cmake
[4.738s] -- Up-to-date: /home/ubuntu/ros2_ws2/install/rob599_msgs2/share/rob599_msgs2/cmake/rob599_msgs2__rosidl_typesupport_cExport.cmake
[4.738s] -- Up-to-date: /home/ubuntu/ros2_ws2/install/rob599_msgs2/share/rob599_msgs2/cmake/rob599_msgs2__rosidl_typesupport_cExport-noconfig.cmake
[4.738s] -- Up-to-date: /home/ubuntu/ros2_ws2/install/rob599_msgs2/share/rob599_msgs2/cmake/export_rob599_msgs2__rosidl_generator_cppExport.cmake
[4.738s] -- Up-to-date: /home/ubuntu/ros2_ws2/install/rob599_msgs2/share/rob599_msgs2/cmake/export_rob599_msgs2__rosidl_typesupport_fastrtps_cppExport.cmake
[4.739s] -- Up-to-date: /home/ubuntu/ros2_ws2/install/rob599_msgs2/share/rob599_msgs2/cmake/export_rob599_msgs2__rosidl_typesupport_fastrtps_cppExport-noconfig.cmake
[4.739s] -- Up-to-date: /home/ubuntu/ros2_ws2/install/rob599_msgs2/share/rob599_msgs2/cmake/rob599_msgs2__rosidl_typesupport_introspection_cppExport.cmake
[4.739s] -- Up-to-date: /home/ubuntu/ros2_ws2/install/rob599_msgs2/share/rob599_msgs2/cmake/rob599_msgs2__rosidl_typesupport_introspection_cppExport-noconfig.cmake
[4.739s] -- Up-to-date: /home/ubuntu/ros2_ws2/install/rob599_msgs2/share/rob599_msgs2/cmake/rob599_msgs2__rosidl_typesupport_cppExport.cmake
[4.739s] -- Up-to-date: /home/ubuntu/ros2_ws2/install/rob599_msgs2/share/rob599_msgs2/cmake/rob599_msgs2__rosidl_typesupport_cppExport-noconfig.cmake
[4.739s] -- Up-to-date: /home/ubuntu/ros2_ws2/install/rob599_msgs2/share/rob599_msgs2/cmake/export_rob599_msgs2__rosidl_generator_pyExport.cmake
[4.739s] -- Up-to-date: /home/ubuntu/ros2_ws2/install/rob599_msgs2/share/rob599_msgs2/cmake/export_rob599_msgs2__rosidl_generator_pyExport-noconfig.cmake
[4.739s] -- Installing: /home/ubuntu/ros2_ws2/install/rob599_msgs2/share/rob599_msgs2/cmake/rosidl_cmake-extras.cmake
[4.739s] -- Up-to-date: /home/ubuntu/ros2_ws2/install/rob599_msgs2/share/rob599_msgs2/cmake/ament_cmake_export_dependencies-extras.cmake
[4.740s] -- Up-to-date: /home/ubuntu/ros2_ws2/install/rob599_msgs2/share/rob599_msgs2/cmake/ament_cmake_export_include_directories-extras.cmake
[4.740s] -- Up-to-date: /home/ubuntu/ros2_ws2/install/rob599_msgs2/share/rob599_msgs2/cmake/ament_cmake_export_libraries-extras.cmake
[4.740s] -- Up-to-date: /home/ubuntu/ros2_ws2/install/rob599_msgs2/share/rob599_msgs2/cmake/ament_cmake_export_targets-extras.cmake
[4.740s] -- Up-to-date: /home/ubuntu/ros2_ws2/install/rob599_msgs2/share/rob599_msgs2/cmake/rosidl_cmake_export_typesupport_targets-extras.cmake
[4.741s] -- Up-to-date: /home/ubuntu/ros2_ws2/install/rob599_msgs2/share/rob599_msgs2/cmake/rosidl_cmake_export_typesupport_libraries-extras.cmake
[4.741s] -- Up-to-date: /home/ubuntu/ros2_ws2/install/rob599_msgs2/share/rob599_msgs2/cmake/rob599_msgs2Config.cmake
[4.741s] -- Up-to-date: /home/ubuntu/ros2_ws2/install/rob599_msgs2/share/rob599_msgs2/cmake/rob599_msgs2Config-version.cmake
[4.741s] -- Up-to-date: /home/ubuntu/ros2_ws2/install/rob599_msgs2/share/rob599_msgs2/package.xml
[4.741s] Invoked command in '/home/ubuntu/ros2_ws2/build/rob599_msgs2' returned '0': CMAKE_PREFIX_PATH=${CMAKE_PREFIX_PATH}:/home/ubuntu/ros2_ws2/install/rob599_hw3:/opt/ros/humble /usr/bin/cmake --install /home/ubuntu/ros2_ws2/build/rob599_msgs2
