running egg_info
creating ../build/rob599_hw3/rob599_hw3.egg-info
writing ../build/rob599_hw3/rob599_hw3.egg-info/PKG-INFO
writing dependency_links to ../build/rob599_hw3/rob599_hw3.egg-info/dependency_links.txt
writing entry points to ../build/rob599_hw3/rob599_hw3.egg-info/entry_points.txt
writing requirements to ../build/rob599_hw3/rob599_hw3.egg-info/requires.txt
writing top-level names to ../build/rob599_hw3/rob599_hw3.egg-info/top_level.txt
writing manifest file '../build/rob599_hw3/rob599_hw3.egg-info/SOURCES.txt'
reading manifest file '../build/rob599_hw3/rob599_hw3.egg-info/SOURCES.txt'
adding license file 'LICENSE'
writing manifest file '../build/rob599_hw3/rob599_hw3.egg-info/SOURCES.txt'
running build
running build_py
creating /home/ubuntu/ros2_ws2/src/build/rob599_hw3/build
creating /home/ubuntu/ros2_ws2/src/build/rob599_hw3/build/lib
creating /home/ubuntu/ros2_ws2/src/build/rob599_hw3/build/lib/rob599_hw3
copying rob599_hw3/__init__.py -> /home/ubuntu/ros2_ws2/src/build/rob599_hw3/build/lib/rob599_hw3
copying rob599_hw3/places.py -> /home/ubuntu/ros2_ws2/src/build/rob599_hw3/build/lib/rob599_hw3
running install
running install_lib
creating /home/ubuntu/ros2_ws2/src/install/rob599_hw3/lib/python3.10/site-packages/rob599_hw3
copying /home/ubuntu/ros2_ws2/src/build/rob599_hw3/build/lib/rob599_hw3/__init__.py -> /home/ubuntu/ros2_ws2/src/install/rob599_hw3/lib/python3.10/site-packages/rob599_hw3
copying /home/ubuntu/ros2_ws2/src/build/rob599_hw3/build/lib/rob599_hw3/places.py -> /home/ubuntu/ros2_ws2/src/install/rob599_hw3/lib/python3.10/site-packages/rob599_hw3
byte-compiling /home/ubuntu/ros2_ws2/src/install/rob599_hw3/lib/python3.10/site-packages/rob599_hw3/__init__.py to __init__.cpython-310.pyc
byte-compiling /home/ubuntu/ros2_ws2/src/install/rob599_hw3/lib/python3.10/site-packages/rob599_hw3/places.py to places.cpython-310.pyc
running install_data
creating /home/ubuntu/ros2_ws2/src/install/rob599_hw3/share/ament_index
creating /home/ubuntu/ros2_ws2/src/install/rob599_hw3/share/ament_index/resource_index
creating /home/ubuntu/ros2_ws2/src/install/rob599_hw3/share/ament_index/resource_index/packages
copying resource/rob599_hw3 -> /home/ubuntu/ros2_ws2/src/install/rob599_hw3/share/ament_index/resource_index/packages
copying package.xml -> /home/ubuntu/ros2_ws2/src/install/rob599_hw3/share/rob599_hw3
creating /home/ubuntu/ros2_ws2/src/install/rob599_hw3/share/rob599_hw3/launch
copying launch/turtlebot3_slam_launch.py -> /home/ubuntu/ros2_ws2/src/install/rob599_hw3/share/rob599_hw3/launch
copying launch/turtlebot3_nav_launch.py -> /home/ubuntu/ros2_ws2/src/install/rob599_hw3/share/rob599_hw3/launch
running install_egg_info
Copying ../build/rob599_hw3/rob599_hw3.egg-info to /home/ubuntu/ros2_ws2/src/install/rob599_hw3/lib/python3.10/site-packages/rob599_hw3-0.0.0-py3.10.egg-info
running install_scripts
Installing places script to /home/ubuntu/ros2_ws2/src/install/rob599_hw3/lib/rob599_hw3
writing list of installed files to '/home/ubuntu/ros2_ws2/src/build/rob599_hw3/install.log'
