[0.064s] Invoking command in '/home/ubuntu/ros2_ws2/build/rob599_msgs2': CMAKE_PREFIX_PATH=${CMAKE_PREFIX_PATH}:/home/ubuntu/ros2_ws2/install/rob599_hw3:/opt/ros/humble /usr/bin/cmake /home/ubuntu/ros2_ws2/src/rob599_msgs2 -DCMAKE_INSTALL_PREFIX=/home/ubuntu/ros2_ws2/install/rob599_msgs2
[0.295s] -- The C compiler identification is GNU 11.4.0
[0.520s] -- The CXX compiler identification is GNU 11.4.0
[0.532s] -- Detecting C compiler ABI info
[0.578s] -- Detecting C compiler ABI info - done
[0.582s] -- Check for working C compiler: /usr/bin/cc - skipped
[0.582s] -- Detecting C compile features
[0.583s] -- Detecting C compile features - done
[0.587s] -- Detecting CXX compiler ABI info
[0.644s] -- Detecting CXX compiler ABI info - done
[0.648s] -- Check for working CXX compiler: /usr/bin/c++ - skipped
[0.648s] -- Detecting CXX compile features
[0.648s] -- Detecting CXX compile features - done
[0.652s] -- Found ament_cmake: 1.3.8 (/opt/ros/humble/share/ament_cmake/cmake)
[0.762s] -- Found Python3: /usr/bin/python3 (found version "3.10.12") found components: Interpreter 
[0.862s] -- Found rosidl_default_generators: 1.2.0 (/opt/ros/humble/share/rosidl_default_generators/cmake)
[0.869s] -- Using all available rosidl_typesupport_c: rosidl_typesupport_fastrtps_c;rosidl_typesupport_introspection_c
[0.879s] -- Found rosidl_adapter: 3.1.5 (/opt/ros/humble/share/rosidl_adapter/cmake)
[0.939s] -- Using all available rosidl_typesupport_cpp: rosidl_typesupport_fastrtps_cpp;rosidl_typesupport_introspection_cpp
[0.970s] -- Found builtin_interfaces: 1.2.1 (/opt/ros/humble/share/builtin_interfaces/cmake)
[1.228s] -- Found ament_cmake_ros: 0.10.0 (/opt/ros/humble/share/ament_cmake_ros/cmake)
[1.370s] -- Using all available rosidl_typesupport_c: rosidl_typesupport_fastrtps_c;rosidl_typesupport_introspection_c
[1.540s] -- Using all available rosidl_typesupport_cpp: rosidl_typesupport_fastrtps_cpp;rosidl_typesupport_introspection_cpp
[1.556s] -- Found PythonInterp: /usr/bin/python3 (found suitable version "3.10.12", minimum required is "3.6") 
[1.559s] -- Found python_cmake_module: 0.10.0 (/opt/ros/humble/share/python_cmake_module/cmake)
[1.579s] -- Found PythonLibs: /usr/lib/x86_64-linux-gnu/libpython3.10.so (found suitable version "3.10.12", minimum required is "3.5") 
[1.579s] -- Using PYTHON_EXECUTABLE: /usr/bin/python3
[1.579s] -- Using PYTHON_INCLUDE_DIRS: /usr/include/python3.10
[1.579s] -- Using PYTHON_LIBRARIES: /usr/lib/x86_64-linux-gnu/libpython3.10.so
[1.593s] -- Found PythonExtra: .so  
[1.624s] -- Found ament_lint_auto: 0.12.10 (/opt/ros/humble/share/ament_lint_auto/cmake)
[1.656s] -- Added test 'lint_cmake' to check CMake code style
[1.658s] -- Added test 'xmllint' to check XML markup files
[1.662s] -- Configuring done
[1.690s] -- Generating done
[1.691s] -- Build files have been written to: /home/ubuntu/ros2_ws2/build/rob599_msgs2
[1.696s] Invoked command in '/home/ubuntu/ros2_ws2/build/rob599_msgs2' returned '0': CMAKE_PREFIX_PATH=${CMAKE_PREFIX_PATH}:/home/ubuntu/ros2_ws2/install/rob599_hw3:/opt/ros/humble /usr/bin/cmake /home/ubuntu/ros2_ws2/src/rob599_msgs2 -DCMAKE_INSTALL_PREFIX=/home/ubuntu/ros2_ws2/install/rob599_msgs2
[1.698s] Invoking command in '/home/ubuntu/ros2_ws2/build/rob599_msgs2': CMAKE_PREFIX_PATH=${CMAKE_PREFIX_PATH}:/home/ubuntu/ros2_ws2/install/rob599_hw3:/opt/ros/humble /usr/bin/cmake --build /home/ubuntu/ros2_ws2/build/rob599_msgs2 -- -j16 -l16
[1.723s] [  1%] [34m[1mGenerating C code for ROS interfaces[0m
[1.730s] [  3%] [34m[1mGenerating C++ code for ROS interfaces[0m
[1.739s] [  3%] Built target ament_cmake_python_copy_rob599_msgs2
[1.899s] running egg_info
[1.899s] creating rob599_msgs2.egg-info
[1.899s] writing rob599_msgs2.egg-info/PKG-INFO
[1.899s] writing dependency_links to rob599_msgs2.egg-info/dependency_links.txt
[1.899s] writing top-level names to rob599_msgs2.egg-info/top_level.txt
[1.899s] writing manifest file 'rob599_msgs2.egg-info/SOURCES.txt'
[1.901s] reading manifest file 'rob599_msgs2.egg-info/SOURCES.txt'
[1.901s] writing manifest file 'rob599_msgs2.egg-info/SOURCES.txt'
[1.919s] [  3%] Built target ament_cmake_python_build_rob599_msgs2_egg
[2.156s] [  3%] Built target rob599_msgs2__cpp
[2.165s] [  4%] [34m[1mGenerating C++ type support dispatch for ROS interfaces[0m
[2.165s] [  6%] [34m[1mGenerating C++ introspection for ROS interfaces[0m
[2.168s] [  7%] [34m[1mGenerating C++ type support for eProsima Fast-RTPS[0m
[2.195s] [  9%] [32mBuilding C object CMakeFiles/rob599_msgs2__rosidl_generator_c.dir/rosidl_generator_c/rob599_msgs2/srv/detail/memorize_position__functions.c.o[0m
[2.198s] [ 15%] [32mBuilding C object CMakeFiles/rob599_msgs2__rosidl_generator_c.dir/rosidl_generator_c/rob599_msgs2/action/detail/go_to__functions.c.o[0m
[2.199s] [ 15%] [32mBuilding C object CMakeFiles/rob599_msgs2__rosidl_generator_c.dir/rosidl_generator_c/rob599_msgs2/srv/detail/clear_positions__functions.c.o[0m
[2.199s] [ 15%] [32mBuilding C object CMakeFiles/rob599_msgs2__rosidl_generator_c.dir/rosidl_generator_c/rob599_msgs2/srv/detail/load__functions.c.o[0m
[2.199s] [ 15%] [32mBuilding C object CMakeFiles/rob599_msgs2__rosidl_generator_c.dir/rosidl_generator_c/rob599_msgs2/srv/detail/save__functions.c.o[0m
[2.307s] [ 17%] [32m[1mLinking C shared library librob599_msgs2__rosidl_generator_c.so[0m
[2.334s] [ 17%] Built target rob599_msgs2__rosidl_generator_c
[2.343s] [ 19%] [34m[1mGenerating C type support for eProsima Fast-RTPS[0m
[2.345s] [ 22%] [34m[1mGenerating C type support dispatch for ROS interfaces[0m
[2.346s] [ 22%] [34m[1mGenerating C introspection for ROS interfaces[0m
[2.507s] [ 23%] [32mBuilding CXX object CMakeFiles/rob599_msgs2__rosidl_typesupport_cpp.dir/rosidl_typesupport_cpp/rob599_msgs2/srv/clear_positions__type_support.cpp.o[0m
[2.508s] [ 25%] [32mBuilding CXX object CMakeFiles/rob599_msgs2__rosidl_typesupport_cpp.dir/rosidl_typesupport_cpp/rob599_msgs2/srv/save__type_support.cpp.o[0m
[2.509s] [ 26%] [32mBuilding CXX object CMakeFiles/rob599_msgs2__rosidl_typesupport_cpp.dir/rosidl_typesupport_cpp/rob599_msgs2/srv/memorize_position__type_support.cpp.o[0m
[2.509s] [ 28%] [32mBuilding CXX object CMakeFiles/rob599_msgs2__rosidl_typesupport_cpp.dir/rosidl_typesupport_cpp/rob599_msgs2/action/go_to__type_support.cpp.o[0m
[2.510s] [ 30%] [32mBuilding CXX object CMakeFiles/rob599_msgs2__rosidl_typesupport_cpp.dir/rosidl_typesupport_cpp/rob599_msgs2/srv/load__type_support.cpp.o[0m
[2.592s] [ 33%] [32mBuilding CXX object CMakeFiles/rob599_msgs2__rosidl_typesupport_introspection_cpp.dir/rosidl_typesupport_introspection_cpp/rob599_msgs2/srv/detail/memorize_position__type_support.cpp.o[0m
[2.593s] [ 34%] [32mBuilding CXX object CMakeFiles/rob599_msgs2__rosidl_typesupport_introspection_cpp.dir/rosidl_typesupport_introspection_cpp/rob599_msgs2/srv/detail/clear_positions__type_support.cpp.o[0m
[2.593s] [ 33%] [32mBuilding CXX object CMakeFiles/rob599_msgs2__rosidl_typesupport_introspection_cpp.dir/rosidl_typesupport_introspection_cpp/rob599_msgs2/action/detail/go_to__type_support.cpp.o[0m
[2.594s] [ 36%] [32mBuilding CXX object CMakeFiles/rob599_msgs2__rosidl_typesupport_introspection_cpp.dir/rosidl_typesupport_introspection_cpp/rob599_msgs2/srv/detail/save__type_support.cpp.o[0m
[2.602s] [ 38%] [32mBuilding CXX object CMakeFiles/rob599_msgs2__rosidl_typesupport_introspection_cpp.dir/rosidl_typesupport_introspection_cpp/rob599_msgs2/srv/detail/load__type_support.cpp.o[0m
[2.987s] [ 41%] [32mBuilding CXX object CMakeFiles/rob599_msgs2__rosidl_typesupport_c.dir/rosidl_typesupport_c/rob599_msgs2/srv/memorize_position__type_support.cpp.o[0m
[2.988s] [ 41%] [32mBuilding CXX object CMakeFiles/rob599_msgs2__rosidl_typesupport_c.dir/rosidl_typesupport_c/rob599_msgs2/srv/clear_positions__type_support.cpp.o[0m
[2.990s] [ 42%] [32mBuilding CXX object CMakeFiles/rob599_msgs2__rosidl_typesupport_c.dir/rosidl_typesupport_c/rob599_msgs2/srv/save__type_support.cpp.o[0m
[2.993s] [ 44%] [32mBuilding CXX object CMakeFiles/rob599_msgs2__rosidl_typesupport_c.dir/rosidl_typesupport_c/rob599_msgs2/action/go_to__type_support.cpp.o[0m
[3.006s] [ 46%] [32mBuilding CXX object CMakeFiles/rob599_msgs2__rosidl_typesupport_fastrtps_cpp.dir/rosidl_typesupport_fastrtps_cpp/rob599_msgs2/action/detail/dds_fastrtps/go_to__type_support.cpp.o[0m
[3.008s] [ 47%] [32mBuilding CXX object CMakeFiles/rob599_msgs2__rosidl_typesupport_c.dir/rosidl_typesupport_c/rob599_msgs2/srv/load__type_support.cpp.o[0m
[3.015s] [ 49%] [32mBuilding CXX object CMakeFiles/rob599_msgs2__rosidl_typesupport_fastrtps_cpp.dir/rosidl_typesupport_fastrtps_cpp/rob599_msgs2/srv/detail/dds_fastrtps/load__type_support.cpp.o[0m
[3.018s] [ 50%] [32mBuilding CXX object CMakeFiles/rob599_msgs2__rosidl_typesupport_fastrtps_cpp.dir/rosidl_typesupport_fastrtps_cpp/rob599_msgs2/srv/detail/dds_fastrtps/save__type_support.cpp.o[0m
[3.019s] [ 52%] [32mBuilding CXX object CMakeFiles/rob599_msgs2__rosidl_typesupport_fastrtps_cpp.dir/rosidl_typesupport_fastrtps_cpp/rob599_msgs2/srv/detail/dds_fastrtps/clear_positions__type_support.cpp.o[0m
[3.022s] [ 53%] [32mBuilding CXX object CMakeFiles/rob599_msgs2__rosidl_typesupport_fastrtps_cpp.dir/rosidl_typesupport_fastrtps_cpp/rob599_msgs2/srv/detail/dds_fastrtps/memorize_position__type_support.cpp.o[0m
[3.076s] [ 55%] [32m[1mLinking CXX shared library librob599_msgs2__rosidl_typesupport_cpp.so[0m
[3.105s] [ 57%] [32m[1mLinking CXX shared library librob599_msgs2__rosidl_typesupport_c.so[0m
[3.108s] [ 58%] [32mBuilding C object CMakeFiles/rob599_msgs2__rosidl_typesupport_introspection_c.dir/rosidl_typesupport_introspection_c/rob599_msgs2/srv/detail/memorize_position__type_support.c.o[0m
[3.109s] [ 60%] [32mBuilding C object CMakeFiles/rob599_msgs2__rosidl_typesupport_introspection_c.dir/rosidl_typesupport_introspection_c/rob599_msgs2/srv/detail/clear_positions__type_support.c.o[0m
[3.112s] [ 61%] [32mBuilding C object CMakeFiles/rob599_msgs2__rosidl_typesupport_introspection_c.dir/rosidl_typesupport_introspection_c/rob599_msgs2/srv/detail/save__type_support.c.o[0m
[3.124s] [ 63%] [32mBuilding C object CMakeFiles/rob599_msgs2__rosidl_typesupport_introspection_c.dir/rosidl_typesupport_introspection_c/rob599_msgs2/action/detail/go_to__type_support.c.o[0m
[3.125s] [ 65%] [32mBuilding C object CMakeFiles/rob599_msgs2__rosidl_typesupport_introspection_c.dir/rosidl_typesupport_introspection_c/rob599_msgs2/srv/detail/load__type_support.c.o[0m
[3.137s] [ 65%] Built target rob599_msgs2__rosidl_typesupport_cpp
[3.139s] [ 66%] [32mBuilding CXX object CMakeFiles/rob599_msgs2__rosidl_typesupport_fastrtps_c.dir/rosidl_typesupport_fastrtps_c/rob599_msgs2/srv/detail/memorize_position__type_support_c.cpp.o[0m
[3.161s] [ 68%] [32mBuilding CXX object CMakeFiles/rob599_msgs2__rosidl_typesupport_fastrtps_c.dir/rosidl_typesupport_fastrtps_c/rob599_msgs2/srv/detail/clear_positions__type_support_c.cpp.o[0m
[3.161s] [ 69%] [32mBuilding CXX object CMakeFiles/rob599_msgs2__rosidl_typesupport_fastrtps_c.dir/rosidl_typesupport_fastrtps_c/rob599_msgs2/srv/detail/save__type_support_c.cpp.o[0m
[3.165s] [ 71%] [32mBuilding CXX object CMakeFiles/rob599_msgs2__rosidl_typesupport_fastrtps_c.dir/rosidl_typesupport_fastrtps_c/rob599_msgs2/srv/detail/load__type_support_c.cpp.o[0m
[3.174s] [ 73%] [32mBuilding CXX object CMakeFiles/rob599_msgs2__rosidl_typesupport_fastrtps_c.dir/rosidl_typesupport_fastrtps_c/rob599_msgs2/action/detail/go_to__type_support_c.cpp.o[0m
[3.193s] [ 73%] Built target rob599_msgs2__rosidl_typesupport_c
[3.226s] [ 74%] [32m[1mLinking C shared library librob599_msgs2__rosidl_typesupport_introspection_c.so[0m
[3.285s] [ 74%] Built target rob599_msgs2__rosidl_typesupport_introspection_c
[3.301s] [ 76%] [32m[1mLinking CXX shared library librob599_msgs2__rosidl_typesupport_introspection_cpp.so[0m
[3.432s] [ 76%] Built target rob599_msgs2__rosidl_typesupport_introspection_cpp
[3.611s] [ 77%] [32m[1mLinking CXX shared library librob599_msgs2__rosidl_typesupport_fastrtps_c.so[0m
[3.620s] [ 79%] [32m[1mLinking CXX shared library librob599_msgs2__rosidl_typesupport_fastrtps_cpp.so[0m
[3.677s] [ 79%] Built target rob599_msgs2__rosidl_typesupport_fastrtps_cpp
[3.702s] [ 79%] Built target rob599_msgs2__rosidl_typesupport_fastrtps_c
[3.716s] [ 79%] Built target rob599_msgs2
[3.731s] [ 80%] [34m[1mGenerating Python code for ROS interfaces[0m
[4.667s] [ 80%] Built target rob599_msgs2__py
[4.683s] [ 84%] [32mBuilding C object CMakeFiles/rob599_msgs2__rosidl_generator_py.dir/rosidl_generator_py/rob599_msgs2/srv/_clear_positions_s.c.o[0m
[4.683s] [ 84%] [32mBuilding C object CMakeFiles/rob599_msgs2__rosidl_generator_py.dir/rosidl_generator_py/rob599_msgs2/srv/_memorize_position_s.c.o[0m
[4.684s] [ 85%] [32mBuilding C object CMakeFiles/rob599_msgs2__rosidl_generator_py.dir/rosidl_generator_py/rob599_msgs2/action/_go_to_s.c.o[0m
[4.687s] [ 88%] [32mBuilding C object CMakeFiles/rob599_msgs2__rosidl_generator_py.dir/rosidl_generator_py/rob599_msgs2/srv/_load_s.c.o[0m
[4.687s] [ 88%] [32mBuilding C object CMakeFiles/rob599_msgs2__rosidl_generator_py.dir/rosidl_generator_py/rob599_msgs2/srv/_save_s.c.o[0m
[5.551s] [ 90%] [32m[1mLinking C shared library rosidl_generator_py/rob599_msgs2/librob599_msgs2__rosidl_generator_py.so[0m
[5.579s] [ 90%] Built target rob599_msgs2__rosidl_generator_py
[5.593s] [ 93%] [32mBuilding C object CMakeFiles/rob599_msgs2__rosidl_typesupport_introspection_c__pyext.dir/rosidl_generator_py/rob599_msgs2/_rob599_msgs2_s.ep.rosidl_typesupport_introspection_c.c.o[0m
[5.593s] [ 93%] [32mBuilding C object CMakeFiles/rob599_msgs2__rosidl_typesupport_fastrtps_c__pyext.dir/rosidl_generator_py/rob599_msgs2/_rob599_msgs2_s.ep.rosidl_typesupport_fastrtps_c.c.o[0m
[5.600s] [ 95%] [32mBuilding C object CMakeFiles/rob599_msgs2__rosidl_typesupport_c__pyext.dir/rosidl_generator_py/rob599_msgs2/_rob599_msgs2_s.ep.rosidl_typesupport_c.c.o[0m
[5.683s] [ 96%] [32m[1mLinking C shared library rosidl_generator_py/rob599_msgs2/rob599_msgs2_s__rosidl_typesupport_fastrtps_c.cpython-310-x86_64-linux-gnu.so[0m
[5.689s] [ 98%] [32m[1mLinking C shared library rosidl_generator_py/rob599_msgs2/rob599_msgs2_s__rosidl_typesupport_introspection_c.cpython-310-x86_64-linux-gnu.so[0m
[5.721s] [ 98%] Built target rob599_msgs2__rosidl_typesupport_introspection_c__pyext
[5.723s] [ 98%] Built target rob599_msgs2__rosidl_typesupport_fastrtps_c__pyext
[5.749s] [100%] [32m[1mLinking C shared library rosidl_generator_py/rob599_msgs2/rob599_msgs2_s__rosidl_typesupport_c.cpython-310-x86_64-linux-gnu.so[0m
[5.781s] [100%] Built target rob599_msgs2__rosidl_typesupport_c__pyext
[5.806s] Invoked command in '/home/ubuntu/ros2_ws2/build/rob599_msgs2' returned '0': CMAKE_PREFIX_PATH=${CMAKE_PREFIX_PATH}:/home/ubuntu/ros2_ws2/install/rob599_hw3:/opt/ros/humble /usr/bin/cmake --build /home/ubuntu/ros2_ws2/build/rob599_msgs2 -- -j16 -l16
[5.886s] Invoking command in '/home/ubuntu/ros2_ws2/build/rob599_msgs2': CMAKE_PREFIX_PATH=${CMAKE_PREFIX_PATH}:/home/ubuntu/ros2_ws2/install/rob599_hw3:/opt/ros/humble /usr/bin/cmake --install /home/ubuntu/ros2_ws2/build/rob599_msgs2
[5.892s] -- Install configuration: ""
[5.893s] -- Installing: /home/ubuntu/ros2_ws2/install/rob599_msgs2/share/ament_index/resource_index/rosidl_interfaces/rob599_msgs2
[5.893s] -- Up-to-date: /home/ubuntu/ros2_ws2/install/rob599_msgs2/include/rob599_msgs2/rob599_msgs2
[5.893s] -- Up-to-date: /home/ubuntu/ros2_ws2/install/rob599_msgs2/include/rob599_msgs2/rob599_msgs2/msg
[5.893s] -- Installing: /home/ubuntu/ros2_ws2/install/rob599_msgs2/include/rob599_msgs2/rob599_msgs2/msg/rosidl_generator_c__visibility_control.h
[5.893s] -- Up-to-date: /home/ubuntu/ros2_ws2/install/rob599_msgs2/include/rob599_msgs2/rob599_msgs2/srv
[5.893s] -- Installing: /home/ubuntu/ros2_ws2/install/rob599_msgs2/include/rob599_msgs2/rob599_msgs2/srv/clear_positions.h
[5.893s] -- Installing: /home/ubuntu/ros2_ws2/install/rob599_msgs2/include/rob599_msgs2/rob599_msgs2/srv/save.h
[5.893s] -- Installing: /home/ubuntu/ros2_ws2/install/rob599_msgs2/include/rob599_msgs2/rob599_msgs2/srv/load.h
[5.893s] -- Up-to-date: /home/ubuntu/ros2_ws2/install/rob599_msgs2/include/rob599_msgs2/rob599_msgs2/srv/detail
[5.893s] -- Installing: /home/ubuntu/ros2_ws2/install/rob599_msgs2/include/rob599_msgs2/rob599_msgs2/srv/detail/load__struct.h
[5.893s] -- Installing: /home/ubuntu/ros2_ws2/install/rob599_msgs2/include/rob599_msgs2/rob599_msgs2/srv/detail/save__type_support.h
[5.893s] -- Installing: /home/ubuntu/ros2_ws2/install/rob599_msgs2/include/rob599_msgs2/rob599_msgs2/srv/detail/load__type_support.h
[5.893s] -- Installing: /home/ubuntu/ros2_ws2/install/rob599_msgs2/include/rob599_msgs2/rob599_msgs2/srv/detail/save__struct.h
[5.894s] -- Installing: /home/ubuntu/ros2_ws2/install/rob599_msgs2/include/rob599_msgs2/rob599_msgs2/srv/detail/memorize_position__functions.c
[5.894s] -- Installing: /home/ubuntu/ros2_ws2/install/rob599_msgs2/include/rob599_msgs2/rob599_msgs2/srv/detail/clear_positions__type_support.h
[5.894s] -- Installing: /home/ubuntu/ros2_ws2/install/rob599_msgs2/include/rob599_msgs2/rob599_msgs2/srv/detail/save__functions.c
[5.894s] -- Installing: /home/ubuntu/ros2_ws2/install/rob599_msgs2/include/rob599_msgs2/rob599_msgs2/srv/detail/clear_positions__functions.c
[5.894s] -- Installing: /home/ubuntu/ros2_ws2/install/rob599_msgs2/include/rob599_msgs2/rob599_msgs2/srv/detail/memorize_position__struct.h
[5.894s] -- Installing: /home/ubuntu/ros2_ws2/install/rob599_msgs2/include/rob599_msgs2/rob599_msgs2/srv/detail/memorize_position__type_support.h
[5.894s] -- Installing: /home/ubuntu/ros2_ws2/install/rob599_msgs2/include/rob599_msgs2/rob599_msgs2/srv/detail/save__functions.h
[5.894s] -- Installing: /home/ubuntu/ros2_ws2/install/rob599_msgs2/include/rob599_msgs2/rob599_msgs2/srv/detail/clear_positions__functions.h
[5.894s] -- Installing: /home/ubuntu/ros2_ws2/install/rob599_msgs2/include/rob599_msgs2/rob599_msgs2/srv/detail/clear_positions__struct.h
[5.894s] -- Installing: /home/ubuntu/ros2_ws2/install/rob599_msgs2/include/rob599_msgs2/rob599_msgs2/srv/detail/load__functions.c
[5.894s] -- Installing: /home/ubuntu/ros2_ws2/install/rob599_msgs2/include/rob599_msgs2/rob599_msgs2/srv/detail/memorize_position__functions.h
[5.894s] -- Installing: /home/ubuntu/ros2_ws2/install/rob599_msgs2/include/rob599_msgs2/rob599_msgs2/srv/detail/load__functions.h
[5.894s] -- Installing: /home/ubuntu/ros2_ws2/install/rob599_msgs2/include/rob599_msgs2/rob599_msgs2/srv/memorize_position.h
[5.894s] -- Up-to-date: /home/ubuntu/ros2_ws2/install/rob599_msgs2/include/rob599_msgs2/rob599_msgs2/action
[5.895s] -- Installing: /home/ubuntu/ros2_ws2/install/rob599_msgs2/include/rob599_msgs2/rob599_msgs2/action/go_to.h
[5.895s] -- Up-to-date: /home/ubuntu/ros2_ws2/install/rob599_msgs2/include/rob599_msgs2/rob599_msgs2/action/detail
[5.895s] -- Installing: /home/ubuntu/ros2_ws2/install/rob599_msgs2/include/rob599_msgs2/rob599_msgs2/action/detail/go_to__functions.c
[5.895s] -- Installing: /home/ubuntu/ros2_ws2/install/rob599_msgs2/include/rob599_msgs2/rob599_msgs2/action/detail/go_to__type_support.h
[5.895s] -- Installing: /home/ubuntu/ros2_ws2/install/rob599_msgs2/include/rob599_msgs2/rob599_msgs2/action/detail/go_to__functions.h
[5.895s] -- Installing: /home/ubuntu/ros2_ws2/install/rob599_msgs2/include/rob599_msgs2/rob599_msgs2/action/detail/go_to__struct.h
[5.895s] -- Up-to-date: /home/ubuntu/ros2_ws2/install/rob599_msgs2/share/rob599_msgs2/environment/library_path.sh
[5.895s] -- Installing: /home/ubuntu/ros2_ws2/install/rob599_msgs2/share/rob599_msgs2/environment/library_path.dsv
[5.895s] -- Installing: /home/ubuntu/ros2_ws2/install/rob599_msgs2/lib/librob599_msgs2__rosidl_generator_c.so
[5.895s] -- Set runtime path of "/home/ubuntu/ros2_ws2/install/rob599_msgs2/lib/librob599_msgs2__rosidl_generator_c.so" to ""
[5.895s] -- Up-to-date: /home/ubuntu/ros2_ws2/install/rob599_msgs2/include/rob599_msgs2/rob599_msgs2
[5.896s] -- Up-to-date: /home/ubuntu/ros2_ws2/install/rob599_msgs2/include/rob599_msgs2/rob599_msgs2/msg
[5.896s] -- Installing: /home/ubuntu/ros2_ws2/install/rob599_msgs2/include/rob599_msgs2/rob599_msgs2/msg/rosidl_typesupport_fastrtps_c__visibility_control.h
[5.896s] -- Up-to-date: /home/ubuntu/ros2_ws2/install/rob599_msgs2/include/rob599_msgs2/rob599_msgs2/srv
[5.896s] -- Up-to-date: /home/ubuntu/ros2_ws2/install/rob599_msgs2/include/rob599_msgs2/rob599_msgs2/srv/detail
[5.896s] -- Installing: /home/ubuntu/ros2_ws2/install/rob599_msgs2/include/rob599_msgs2/rob599_msgs2/srv/detail/clear_positions__rosidl_typesupport_fastrtps_c.h
[5.896s] -- Installing: /home/ubuntu/ros2_ws2/install/rob599_msgs2/include/rob599_msgs2/rob599_msgs2/srv/detail/save__rosidl_typesupport_fastrtps_c.h
[5.896s] -- Installing: /home/ubuntu/ros2_ws2/install/rob599_msgs2/include/rob599_msgs2/rob599_msgs2/srv/detail/memorize_position__rosidl_typesupport_fastrtps_c.h
[5.896s] -- Installing: /home/ubuntu/ros2_ws2/install/rob599_msgs2/include/rob599_msgs2/rob599_msgs2/srv/detail/load__rosidl_typesupport_fastrtps_c.h
[5.896s] -- Up-to-date: /home/ubuntu/ros2_ws2/install/rob599_msgs2/include/rob599_msgs2/rob599_msgs2/action
[5.896s] -- Up-to-date: /home/ubuntu/ros2_ws2/install/rob599_msgs2/include/rob599_msgs2/rob599_msgs2/action/detail
[5.896s] -- Installing: /home/ubuntu/ros2_ws2/install/rob599_msgs2/include/rob599_msgs2/rob599_msgs2/action/detail/go_to__rosidl_typesupport_fastrtps_c.h
[5.896s] -- Installing: /home/ubuntu/ros2_ws2/install/rob599_msgs2/lib/librob599_msgs2__rosidl_typesupport_fastrtps_c.so
[5.896s] -- Set runtime path of "/home/ubuntu/ros2_ws2/install/rob599_msgs2/lib/librob599_msgs2__rosidl_typesupport_fastrtps_c.so" to ""
[5.897s] -- Up-to-date: /home/ubuntu/ros2_ws2/install/rob599_msgs2/include/rob599_msgs2/rob599_msgs2
[5.897s] -- Up-to-date: /home/ubuntu/ros2_ws2/install/rob599_msgs2/include/rob599_msgs2/rob599_msgs2/msg
[5.897s] -- Installing: /home/ubuntu/ros2_ws2/install/rob599_msgs2/include/rob599_msgs2/rob599_msgs2/msg/rosidl_typesupport_introspection_c__visibility_control.h
[5.897s] -- Up-to-date: /home/ubuntu/ros2_ws2/install/rob599_msgs2/include/rob599_msgs2/rob599_msgs2/srv
[5.897s] -- Up-to-date: /home/ubuntu/ros2_ws2/install/rob599_msgs2/include/rob599_msgs2/rob599_msgs2/srv/detail
[5.897s] -- Installing: /home/ubuntu/ros2_ws2/install/rob599_msgs2/include/rob599_msgs2/rob599_msgs2/srv/detail/memorize_position__type_support.c
[5.897s] -- Installing: /home/ubuntu/ros2_ws2/install/rob599_msgs2/include/rob599_msgs2/rob599_msgs2/srv/detail/save__rosidl_typesupport_introspection_c.h
[5.897s] -- Installing: /home/ubuntu/ros2_ws2/install/rob599_msgs2/include/rob599_msgs2/rob599_msgs2/srv/detail/save__type_support.c
[5.897s] -- Installing: /home/ubuntu/ros2_ws2/install/rob599_msgs2/include/rob599_msgs2/rob599_msgs2/srv/detail/load__rosidl_typesupport_introspection_c.h
[5.897s] -- Installing: /home/ubuntu/ros2_ws2/install/rob599_msgs2/include/rob599_msgs2/rob599_msgs2/srv/detail/memorize_position__rosidl_typesupport_introspection_c.h
[5.897s] -- Installing: /home/ubuntu/ros2_ws2/install/rob599_msgs2/include/rob599_msgs2/rob599_msgs2/srv/detail/clear_positions__type_support.c
[5.897s] -- Installing: /home/ubuntu/ros2_ws2/install/rob599_msgs2/include/rob599_msgs2/rob599_msgs2/srv/detail/load__type_support.c
[5.897s] -- Installing: /home/ubuntu/ros2_ws2/install/rob599_msgs2/include/rob599_msgs2/rob599_msgs2/srv/detail/clear_positions__rosidl_typesupport_introspection_c.h
[5.897s] -- Up-to-date: /home/ubuntu/ros2_ws2/install/rob599_msgs2/include/rob599_msgs2/rob599_msgs2/action
[5.898s] -- Up-to-date: /home/ubuntu/ros2_ws2/install/rob599_msgs2/include/rob599_msgs2/rob599_msgs2/action/detail
[5.898s] -- Installing: /home/ubuntu/ros2_ws2/install/rob599_msgs2/include/rob599_msgs2/rob599_msgs2/action/detail/go_to__rosidl_typesupport_introspection_c.h
[5.898s] -- Installing: /home/ubuntu/ros2_ws2/install/rob599_msgs2/include/rob599_msgs2/rob599_msgs2/action/detail/go_to__type_support.c
[5.898s] -- Installing: /home/ubuntu/ros2_ws2/install/rob599_msgs2/lib/librob599_msgs2__rosidl_typesupport_introspection_c.so
[5.898s] -- Set runtime path of "/home/ubuntu/ros2_ws2/install/rob599_msgs2/lib/librob599_msgs2__rosidl_typesupport_introspection_c.so" to ""
[5.898s] -- Installing: /home/ubuntu/ros2_ws2/install/rob599_msgs2/lib/librob599_msgs2__rosidl_typesupport_c.so
[5.898s] -- Set runtime path of "/home/ubuntu/ros2_ws2/install/rob599_msgs2/lib/librob599_msgs2__rosidl_typesupport_c.so" to ""
[5.898s] -- Up-to-date: /home/ubuntu/ros2_ws2/install/rob599_msgs2/include/rob599_msgs2/rob599_msgs2
[5.898s] -- Up-to-date: /home/ubuntu/ros2_ws2/install/rob599_msgs2/include/rob599_msgs2/rob599_msgs2/srv
[5.898s] -- Installing: /home/ubuntu/ros2_ws2/install/rob599_msgs2/include/rob599_msgs2/rob599_msgs2/srv/load.hpp
[5.898s] -- Installing: /home/ubuntu/ros2_ws2/install/rob599_msgs2/include/rob599_msgs2/rob599_msgs2/srv/memorize_position.hpp
[5.898s] -- Installing: /home/ubuntu/ros2_ws2/install/rob599_msgs2/include/rob599_msgs2/rob599_msgs2/srv/clear_positions.hpp
[5.899s] -- Up-to-date: /home/ubuntu/ros2_ws2/install/rob599_msgs2/include/rob599_msgs2/rob599_msgs2/srv/detail
[5.899s] -- Installing: /home/ubuntu/ros2_ws2/install/rob599_msgs2/include/rob599_msgs2/rob599_msgs2/srv/detail/save__traits.hpp
[5.899s] -- Installing: /home/ubuntu/ros2_ws2/install/rob599_msgs2/include/rob599_msgs2/rob599_msgs2/srv/detail/clear_positions__struct.hpp
[5.899s] -- Installing: /home/ubuntu/ros2_ws2/install/rob599_msgs2/include/rob599_msgs2/rob599_msgs2/srv/detail/memorize_position__struct.hpp
[5.899s] -- Installing: /home/ubuntu/ros2_ws2/install/rob599_msgs2/include/rob599_msgs2/rob599_msgs2/srv/detail/memorize_position__traits.hpp
[5.899s] -- Installing: /home/ubuntu/ros2_ws2/install/rob599_msgs2/include/rob599_msgs2/rob599_msgs2/srv/detail/save__struct.hpp
[5.899s] -- Installing: /home/ubuntu/ros2_ws2/install/rob599_msgs2/include/rob599_msgs2/rob599_msgs2/srv/detail/memorize_position__builder.hpp
[5.899s] -- Installing: /home/ubuntu/ros2_ws2/install/rob599_msgs2/include/rob599_msgs2/rob599_msgs2/srv/detail/clear_positions__builder.hpp
[5.899s] -- Installing: /home/ubuntu/ros2_ws2/install/rob599_msgs2/include/rob599_msgs2/rob599_msgs2/srv/detail/load__struct.hpp
[5.899s] -- Installing: /home/ubuntu/ros2_ws2/install/rob599_msgs2/include/rob599_msgs2/rob599_msgs2/srv/detail/clear_positions__traits.hpp
[5.899s] -- Installing: /home/ubuntu/ros2_ws2/install/rob599_msgs2/include/rob599_msgs2/rob599_msgs2/srv/detail/load__builder.hpp
[5.899s] -- Installing: /home/ubuntu/ros2_ws2/install/rob599_msgs2/include/rob599_msgs2/rob599_msgs2/srv/detail/save__builder.hpp
[5.899s] -- Installing: /home/ubuntu/ros2_ws2/install/rob599_msgs2/include/rob599_msgs2/rob599_msgs2/srv/detail/load__traits.hpp
[5.900s] -- Installing: /home/ubuntu/ros2_ws2/install/rob599_msgs2/include/rob599_msgs2/rob599_msgs2/srv/save.hpp
[5.900s] -- Up-to-date: /home/ubuntu/ros2_ws2/install/rob599_msgs2/include/rob599_msgs2/rob599_msgs2/action
[5.900s] -- Installing: /home/ubuntu/ros2_ws2/install/rob599_msgs2/include/rob599_msgs2/rob599_msgs2/action/go_to.hpp
[5.900s] -- Up-to-date: /home/ubuntu/ros2_ws2/install/rob599_msgs2/include/rob599_msgs2/rob599_msgs2/action/detail
[5.900s] -- Installing: /home/ubuntu/ros2_ws2/install/rob599_msgs2/include/rob599_msgs2/rob599_msgs2/action/detail/go_to__traits.hpp
[5.900s] -- Installing: /home/ubuntu/ros2_ws2/install/rob599_msgs2/include/rob599_msgs2/rob599_msgs2/action/detail/go_to__struct.hpp
[5.900s] -- Installing: /home/ubuntu/ros2_ws2/install/rob599_msgs2/include/rob599_msgs2/rob599_msgs2/action/detail/go_to__builder.hpp
[5.900s] -- Up-to-date: /home/ubuntu/ros2_ws2/install/rob599_msgs2/include/rob599_msgs2/rob599_msgs2
[5.900s] -- Up-to-date: /home/ubuntu/ros2_ws2/install/rob599_msgs2/include/rob599_msgs2/rob599_msgs2/msg
[5.900s] -- Installing: /home/ubuntu/ros2_ws2/install/rob599_msgs2/include/rob599_msgs2/rob599_msgs2/msg/rosidl_typesupport_fastrtps_cpp__visibility_control.h
[5.900s] -- Up-to-date: /home/ubuntu/ros2_ws2/install/rob599_msgs2/include/rob599_msgs2/rob599_msgs2/srv
[5.900s] -- Up-to-date: /home/ubuntu/ros2_ws2/install/rob599_msgs2/include/rob599_msgs2/rob599_msgs2/srv/detail
[5.900s] -- Installing: /home/ubuntu/ros2_ws2/install/rob599_msgs2/include/rob599_msgs2/rob599_msgs2/srv/detail/load__rosidl_typesupport_fastrtps_cpp.hpp
[5.901s] -- Installing: /home/ubuntu/ros2_ws2/install/rob599_msgs2/include/rob599_msgs2/rob599_msgs2/srv/detail/memorize_position__rosidl_typesupport_fastrtps_cpp.hpp
[5.901s] -- Up-to-date: /home/ubuntu/ros2_ws2/install/rob599_msgs2/include/rob599_msgs2/rob599_msgs2/srv/detail/dds_fastrtps
[5.901s] -- Installing: /home/ubuntu/ros2_ws2/install/rob599_msgs2/include/rob599_msgs2/rob599_msgs2/srv/detail/clear_positions__rosidl_typesupport_fastrtps_cpp.hpp
[5.901s] -- Installing: /home/ubuntu/ros2_ws2/install/rob599_msgs2/include/rob599_msgs2/rob599_msgs2/srv/detail/save__rosidl_typesupport_fastrtps_cpp.hpp
[5.901s] -- Up-to-date: /home/ubuntu/ros2_ws2/install/rob599_msgs2/include/rob599_msgs2/rob599_msgs2/action
[5.901s] -- Up-to-date: /home/ubuntu/ros2_ws2/install/rob599_msgs2/include/rob599_msgs2/rob599_msgs2/action/detail
[5.901s] -- Up-to-date: /home/ubuntu/ros2_ws2/install/rob599_msgs2/include/rob599_msgs2/rob599_msgs2/action/detail/dds_fastrtps
[5.901s] -- Installing: /home/ubuntu/ros2_ws2/install/rob599_msgs2/include/rob599_msgs2/rob599_msgs2/action/detail/go_to__rosidl_typesupport_fastrtps_cpp.hpp
[5.901s] -- Installing: /home/ubuntu/ros2_ws2/install/rob599_msgs2/lib/librob599_msgs2__rosidl_typesupport_fastrtps_cpp.so
[5.901s] -- Set runtime path of "/home/ubuntu/ros2_ws2/install/rob599_msgs2/lib/librob599_msgs2__rosidl_typesupport_fastrtps_cpp.so" to ""
[5.901s] -- Up-to-date: /home/ubuntu/ros2_ws2/install/rob599_msgs2/include/rob599_msgs2/rob599_msgs2
[5.901s] -- Up-to-date: /home/ubuntu/ros2_ws2/install/rob599_msgs2/include/rob599_msgs2/rob599_msgs2/srv
[5.901s] -- Up-to-date: /home/ubuntu/ros2_ws2/install/rob599_msgs2/include/rob599_msgs2/rob599_msgs2/srv/detail
[5.901s] -- Installing: /home/ubuntu/ros2_ws2/install/rob599_msgs2/include/rob599_msgs2/rob599_msgs2/srv/detail/save__type_support.cpp
[5.902s] -- Installing: /home/ubuntu/ros2_ws2/install/rob599_msgs2/include/rob599_msgs2/rob599_msgs2/srv/detail/load__rosidl_typesupport_introspection_cpp.hpp
[5.902s] -- Installing: /home/ubuntu/ros2_ws2/install/rob599_msgs2/include/rob599_msgs2/rob599_msgs2/srv/detail/memorize_position__type_support.cpp
[5.902s] -- Installing: /home/ubuntu/ros2_ws2/install/rob599_msgs2/include/rob599_msgs2/rob599_msgs2/srv/detail/clear_positions__rosidl_typesupport_introspection_cpp.hpp
[5.902s] -- Installing: /home/ubuntu/ros2_ws2/install/rob599_msgs2/include/rob599_msgs2/rob599_msgs2/srv/detail/load__type_support.cpp
[5.902s] -- Installing: /home/ubuntu/ros2_ws2/install/rob599_msgs2/include/rob599_msgs2/rob599_msgs2/srv/detail/memorize_position__rosidl_typesupport_introspection_cpp.hpp
[5.902s] -- Installing: /home/ubuntu/ros2_ws2/install/rob599_msgs2/include/rob599_msgs2/rob599_msgs2/srv/detail/save__rosidl_typesupport_introspection_cpp.hpp
[5.902s] -- Installing: /home/ubuntu/ros2_ws2/install/rob599_msgs2/include/rob599_msgs2/rob599_msgs2/srv/detail/clear_positions__type_support.cpp
[5.902s] -- Up-to-date: /home/ubuntu/ros2_ws2/install/rob599_msgs2/include/rob599_msgs2/rob599_msgs2/action
[5.902s] -- Up-to-date: /home/ubuntu/ros2_ws2/install/rob599_msgs2/include/rob599_msgs2/rob599_msgs2/action/detail
[5.902s] -- Installing: /home/ubuntu/ros2_ws2/install/rob599_msgs2/include/rob599_msgs2/rob599_msgs2/action/detail/go_to__type_support.cpp
[5.902s] -- Installing: /home/ubuntu/ros2_ws2/install/rob599_msgs2/include/rob599_msgs2/rob599_msgs2/action/detail/go_to__rosidl_typesupport_introspection_cpp.hpp
[5.902s] -- Installing: /home/ubuntu/ros2_ws2/install/rob599_msgs2/lib/librob599_msgs2__rosidl_typesupport_introspection_cpp.so
[5.903s] -- Set runtime path of "/home/ubuntu/ros2_ws2/install/rob599_msgs2/lib/librob599_msgs2__rosidl_typesupport_introspection_cpp.so" to ""
[5.903s] -- Installing: /home/ubuntu/ros2_ws2/install/rob599_msgs2/lib/librob599_msgs2__rosidl_typesupport_cpp.so
[5.903s] -- Set runtime path of "/home/ubuntu/ros2_ws2/install/rob599_msgs2/lib/librob599_msgs2__rosidl_typesupport_cpp.so" to ""
[5.903s] -- Installing: /home/ubuntu/ros2_ws2/install/rob599_msgs2/share/rob599_msgs2/environment/pythonpath.sh
[5.903s] -- Installing: /home/ubuntu/ros2_ws2/install/rob599_msgs2/share/rob599_msgs2/environment/pythonpath.dsv
[5.903s] -- Up-to-date: /home/ubuntu/ros2_ws2/install/rob599_msgs2/local/lib/python3.10/dist-packages/rob599_msgs2-0.0.0-py3.10.egg-info
[5.903s] -- Installing: /home/ubuntu/ros2_ws2/install/rob599_msgs2/local/lib/python3.10/dist-packages/rob599_msgs2-0.0.0-py3.10.egg-info/SOURCES.txt
[5.903s] -- Installing: /home/ubuntu/ros2_ws2/install/rob599_msgs2/local/lib/python3.10/dist-packages/rob599_msgs2-0.0.0-py3.10.egg-info/top_level.txt
[5.903s] -- Installing: /home/ubuntu/ros2_ws2/install/rob599_msgs2/local/lib/python3.10/dist-packages/rob599_msgs2-0.0.0-py3.10.egg-info/dependency_links.txt
[5.903s] -- Installing: /home/ubuntu/ros2_ws2/install/rob599_msgs2/local/lib/python3.10/dist-packages/rob599_msgs2-0.0.0-py3.10.egg-info/PKG-INFO
[5.903s] -- Up-to-date: /home/ubuntu/ros2_ws2/install/rob599_msgs2/local/lib/python3.10/dist-packages/rob599_msgs2
[5.903s] -- Installing: /home/ubuntu/ros2_ws2/install/rob599_msgs2/local/lib/python3.10/dist-packages/rob599_msgs2/_rob599_msgs2_s.ep.rosidl_typesupport_introspection_c.c
[5.904s] -- Installing: /home/ubuntu/ros2_ws2/install/rob599_msgs2/local/lib/python3.10/dist-packages/rob599_msgs2/_rob599_msgs2_s.ep.rosidl_typesupport_fastrtps_c.c
[5.904s] -- Installing: /home/ubuntu/ros2_ws2/install/rob599_msgs2/local/lib/python3.10/dist-packages/rob599_msgs2/rob599_msgs2_s__rosidl_typesupport_c.cpython-310-x86_64-linux-gnu.so
[5.904s] -- Installing: /home/ubuntu/ros2_ws2/install/rob599_msgs2/local/lib/python3.10/dist-packages/rob599_msgs2/rob599_msgs2_s__rosidl_typesupport_fastrtps_c.cpython-310-x86_64-linux-gnu.so
[5.904s] -- Installing: /home/ubuntu/ros2_ws2/install/rob599_msgs2/local/lib/python3.10/dist-packages/rob599_msgs2/__init__.py
[5.904s] -- Installing: /home/ubuntu/ros2_ws2/install/rob599_msgs2/local/lib/python3.10/dist-packages/rob599_msgs2/_rob599_msgs2_s.ep.rosidl_typesupport_c.c
[5.904s] -- Installing: /home/ubuntu/ros2_ws2/install/rob599_msgs2/local/lib/python3.10/dist-packages/rob599_msgs2/rob599_msgs2_s__rosidl_typesupport_introspection_c.cpython-310-x86_64-linux-gnu.so
[5.904s] -- Installing: /home/ubuntu/ros2_ws2/install/rob599_msgs2/local/lib/python3.10/dist-packages/rob599_msgs2/librob599_msgs2__rosidl_generator_py.so
[5.904s] -- Up-to-date: /home/ubuntu/ros2_ws2/install/rob599_msgs2/local/lib/python3.10/dist-packages/rob599_msgs2/srv
[5.904s] -- Installing: /home/ubuntu/ros2_ws2/install/rob599_msgs2/local/lib/python3.10/dist-packages/rob599_msgs2/srv/_load.py
[5.904s] -- Installing: /home/ubuntu/ros2_ws2/install/rob599_msgs2/local/lib/python3.10/dist-packages/rob599_msgs2/srv/_save_s.c
[5.904s] -- Installing: /home/ubuntu/ros2_ws2/install/rob599_msgs2/local/lib/python3.10/dist-packages/rob599_msgs2/srv/_memorize_position_s.c
[5.904s] -- Installing: /home/ubuntu/ros2_ws2/install/rob599_msgs2/local/lib/python3.10/dist-packages/rob599_msgs2/srv/_clear_positions_s.c
[5.904s] -- Installing: /home/ubuntu/ros2_ws2/install/rob599_msgs2/local/lib/python3.10/dist-packages/rob599_msgs2/srv/_clear_positions.py
[5.904s] -- Installing: /home/ubuntu/ros2_ws2/install/rob599_msgs2/local/lib/python3.10/dist-packages/rob599_msgs2/srv/__init__.py
[5.904s] -- Installing: /home/ubuntu/ros2_ws2/install/rob599_msgs2/local/lib/python3.10/dist-packages/rob599_msgs2/srv/_save.py
[5.904s] -- Installing: /home/ubuntu/ros2_ws2/install/rob599_msgs2/local/lib/python3.10/dist-packages/rob599_msgs2/srv/_memorize_position.py
[5.905s] -- Installing: /home/ubuntu/ros2_ws2/install/rob599_msgs2/local/lib/python3.10/dist-packages/rob599_msgs2/srv/_load_s.c
[5.905s] -- Up-to-date: /home/ubuntu/ros2_ws2/install/rob599_msgs2/local/lib/python3.10/dist-packages/rob599_msgs2/action
[5.905s] -- Installing: /home/ubuntu/ros2_ws2/install/rob599_msgs2/local/lib/python3.10/dist-packages/rob599_msgs2/action/__init__.py
[5.905s] -- Installing: /home/ubuntu/ros2_ws2/install/rob599_msgs2/local/lib/python3.10/dist-packages/rob599_msgs2/action/_go_to_s.c
[5.905s] -- Installing: /home/ubuntu/ros2_ws2/install/rob599_msgs2/local/lib/python3.10/dist-packages/rob599_msgs2/action/_go_to.py
[5.934s] Listing '/home/ubuntu/ros2_ws2/install/rob599_msgs2/local/lib/python3.10/dist-packages/rob599_msgs2'...
[5.934s] Compiling '/home/ubuntu/ros2_ws2/install/rob599_msgs2/local/lib/python3.10/dist-packages/rob599_msgs2/__init__.py'...
[5.934s] Listing '/home/ubuntu/ros2_ws2/install/rob599_msgs2/local/lib/python3.10/dist-packages/rob599_msgs2/action'...
[5.934s] Compiling '/home/ubuntu/ros2_ws2/install/rob599_msgs2/local/lib/python3.10/dist-packages/rob599_msgs2/action/__init__.py'...
[5.934s] Compiling '/home/ubuntu/ros2_ws2/install/rob599_msgs2/local/lib/python3.10/dist-packages/rob599_msgs2/action/_go_to.py'...
[5.934s] Listing '/home/ubuntu/ros2_ws2/install/rob599_msgs2/local/lib/python3.10/dist-packages/rob599_msgs2/srv'...
[5.934s] Compiling '/home/ubuntu/ros2_ws2/install/rob599_msgs2/local/lib/python3.10/dist-packages/rob599_msgs2/srv/__init__.py'...
[5.934s] Compiling '/home/ubuntu/ros2_ws2/install/rob599_msgs2/local/lib/python3.10/dist-packages/rob599_msgs2/srv/_clear_positions.py'...
[5.934s] Compiling '/home/ubuntu/ros2_ws2/install/rob599_msgs2/local/lib/python3.10/dist-packages/rob599_msgs2/srv/_load.py'...
[5.934s] Compiling '/home/ubuntu/ros2_ws2/install/rob599_msgs2/local/lib/python3.10/dist-packages/rob599_msgs2/srv/_memorize_position.py'...
[5.934s] Compiling '/home/ubuntu/ros2_ws2/install/rob599_msgs2/local/lib/python3.10/dist-packages/rob599_msgs2/srv/_save.py'...
[5.938s] -- Installing: /home/ubuntu/ros2_ws2/install/rob599_msgs2/local/lib/python3.10/dist-packages/rob599_msgs2/rob599_msgs2_s__rosidl_typesupport_fastrtps_c.cpython-310-x86_64-linux-gnu.so
[5.938s] -- Set runtime path of "/home/ubuntu/ros2_ws2/install/rob599_msgs2/local/lib/python3.10/dist-packages/rob599_msgs2/rob599_msgs2_s__rosidl_typesupport_fastrtps_c.cpython-310-x86_64-linux-gnu.so" to ""
[5.939s] -- Installing: /home/ubuntu/ros2_ws2/install/rob599_msgs2/local/lib/python3.10/dist-packages/rob599_msgs2/rob599_msgs2_s__rosidl_typesupport_introspection_c.cpython-310-x86_64-linux-gnu.so
[5.939s] -- Set runtime path of "/home/ubuntu/ros2_ws2/install/rob599_msgs2/local/lib/python3.10/dist-packages/rob599_msgs2/rob599_msgs2_s__rosidl_typesupport_introspection_c.cpython-310-x86_64-linux-gnu.so" to ""
[5.939s] -- Installing: /home/ubuntu/ros2_ws2/install/rob599_msgs2/local/lib/python3.10/dist-packages/rob599_msgs2/rob599_msgs2_s__rosidl_typesupport_c.cpython-310-x86_64-linux-gnu.so
[5.940s] -- Set runtime path of "/home/ubuntu/ros2_ws2/install/rob599_msgs2/local/lib/python3.10/dist-packages/rob599_msgs2/rob599_msgs2_s__rosidl_typesupport_c.cpython-310-x86_64-linux-gnu.so" to ""
[5.940s] -- Installing: /home/ubuntu/ros2_ws2/install/rob599_msgs2/lib/librob599_msgs2__rosidl_generator_py.so
[5.940s] -- Set runtime path of "/home/ubuntu/ros2_ws2/install/rob599_msgs2/lib/librob599_msgs2__rosidl_generator_py.so" to ""
[5.940s] -- Installing: /home/ubuntu/ros2_ws2/install/rob599_msgs2/share/rob599_msgs2/srv/MemorizePosition.idl
[5.940s] -- Installing: /home/ubuntu/ros2_ws2/install/rob599_msgs2/share/rob599_msgs2/srv/ClearPositions.idl
[5.941s] -- Installing: /home/ubuntu/ros2_ws2/install/rob599_msgs2/share/rob599_msgs2/srv/Save.idl
[5.941s] -- Installing: /home/ubuntu/ros2_ws2/install/rob599_msgs2/share/rob599_msgs2/srv/Load.idl
[5.941s] -- Installing: /home/ubuntu/ros2_ws2/install/rob599_msgs2/share/rob599_msgs2/action/GoTo.idl
[5.941s] -- Up-to-date: /home/ubuntu/ros2_ws2/install/rob599_msgs2/share/rob599_msgs2/srv/MemorizePosition.srv
[5.941s] -- Installing: /home/ubuntu/ros2_ws2/install/rob599_msgs2/share/rob599_msgs2/srv/MemorizePosition_Request.msg
[5.941s] -- Installing: /home/ubuntu/ros2_ws2/install/rob599_msgs2/share/rob599_msgs2/srv/MemorizePosition_Response.msg
[5.941s] -- Up-to-date: /home/ubuntu/ros2_ws2/install/rob599_msgs2/share/rob599_msgs2/srv/ClearPositions.srv
[5.941s] -- Installing: /home/ubuntu/ros2_ws2/install/rob599_msgs2/share/rob599_msgs2/srv/ClearPositions_Request.msg
[5.942s] -- Installing: /home/ubuntu/ros2_ws2/install/rob599_msgs2/share/rob599_msgs2/srv/ClearPositions_Response.msg
[5.942s] -- Up-to-date: /home/ubuntu/ros2_ws2/install/rob599_msgs2/share/rob599_msgs2/srv/Save.srv
[5.942s] -- Installing: /home/ubuntu/ros2_ws2/install/rob599_msgs2/share/rob599_msgs2/srv/Save_Request.msg
[5.942s] -- Installing: /home/ubuntu/ros2_ws2/install/rob599_msgs2/share/rob599_msgs2/srv/Save_Response.msg
[5.942s] -- Up-to-date: /home/ubuntu/ros2_ws2/install/rob599_msgs2/share/rob599_msgs2/srv/Load.srv
[5.942s] -- Installing: /home/ubuntu/ros2_ws2/install/rob599_msgs2/share/rob599_msgs2/srv/Load_Request.msg
[5.942s] -- Installing: /home/ubuntu/ros2_ws2/install/rob599_msgs2/share/rob599_msgs2/srv/Load_Response.msg
[5.942s] -- Up-to-date: /home/ubuntu/ros2_ws2/install/rob599_msgs2/share/rob599_msgs2/action/GoTo.action
[5.942s] -- Installing: /home/ubuntu/ros2_ws2/install/rob599_msgs2/share/ament_index/resource_index/package_run_dependencies/rob599_msgs2
[5.943s] -- Installing: /home/ubuntu/ros2_ws2/install/rob599_msgs2/share/ament_index/resource_index/parent_prefix_path/rob599_msgs2
[5.943s] -- Up-to-date: /home/ubuntu/ros2_ws2/install/rob599_msgs2/share/rob599_msgs2/environment/ament_prefix_path.sh
[5.943s] -- Installing: /home/ubuntu/ros2_ws2/install/rob599_msgs2/share/rob599_msgs2/environment/ament_prefix_path.dsv
[5.943s] -- Up-to-date: /home/ubuntu/ros2_ws2/install/rob599_msgs2/share/rob599_msgs2/environment/path.sh
[5.943s] -- Installing: /home/ubuntu/ros2_ws2/install/rob599_msgs2/share/rob599_msgs2/environment/path.dsv
[5.943s] -- Installing: /home/ubuntu/ros2_ws2/install/rob599_msgs2/share/rob599_msgs2/local_setup.bash
[5.943s] -- Installing: /home/ubuntu/ros2_ws2/install/rob599_msgs2/share/rob599_msgs2/local_setup.sh
[5.943s] -- Installing: /home/ubuntu/ros2_ws2/install/rob599_msgs2/share/rob599_msgs2/local_setup.zsh
[5.944s] -- Installing: /home/ubuntu/ros2_ws2/install/rob599_msgs2/share/rob599_msgs2/local_setup.dsv
[5.944s] -- Installing: /home/ubuntu/ros2_ws2/install/rob599_msgs2/share/rob599_msgs2/package.dsv
[5.944s] -- Installing: /home/ubuntu/ros2_ws2/install/rob599_msgs2/share/ament_index/resource_index/packages/rob599_msgs2
[5.944s] -- Installing: /home/ubuntu/ros2_ws2/install/rob599_msgs2/share/rob599_msgs2/cmake/export_rob599_msgs2__rosidl_generator_cExport.cmake
[5.944s] -- Installing: /home/ubuntu/ros2_ws2/install/rob599_msgs2/share/rob599_msgs2/cmake/export_rob599_msgs2__rosidl_generator_cExport-noconfig.cmake
[5.944s] -- Installing: /home/ubuntu/ros2_ws2/install/rob599_msgs2/share/rob599_msgs2/cmake/export_rob599_msgs2__rosidl_typesupport_fastrtps_cExport.cmake
[5.945s] -- Installing: /home/ubuntu/ros2_ws2/install/rob599_msgs2/share/rob599_msgs2/cmake/export_rob599_msgs2__rosidl_typesupport_fastrtps_cExport-noconfig.cmake
[5.945s] -- Installing: /home/ubuntu/ros2_ws2/install/rob599_msgs2/share/rob599_msgs2/cmake/rob599_msgs2__rosidl_typesupport_introspection_cExport.cmake
[5.945s] -- Installing: /home/ubuntu/ros2_ws2/install/rob599_msgs2/share/rob599_msgs2/cmake/rob599_msgs2__rosidl_typesupport_introspection_cExport-noconfig.cmake
[5.945s] -- Installing: /home/ubuntu/ros2_ws2/install/rob599_msgs2/share/rob599_msgs2/cmake/rob599_msgs2__rosidl_typesupport_cExport.cmake
[5.945s] -- Installing: /home/ubuntu/ros2_ws2/install/rob599_msgs2/share/rob599_msgs2/cmake/rob599_msgs2__rosidl_typesupport_cExport-noconfig.cmake
[5.945s] -- Installing: /home/ubuntu/ros2_ws2/install/rob599_msgs2/share/rob599_msgs2/cmake/export_rob599_msgs2__rosidl_generator_cppExport.cmake
[5.945s] -- Installing: /home/ubuntu/ros2_ws2/install/rob599_msgs2/share/rob599_msgs2/cmake/export_rob599_msgs2__rosidl_typesupport_fastrtps_cppExport.cmake
[5.945s] -- Installing: /home/ubuntu/ros2_ws2/install/rob599_msgs2/share/rob599_msgs2/cmake/export_rob599_msgs2__rosidl_typesupport_fastrtps_cppExport-noconfig.cmake
[5.946s] -- Installing: /home/ubuntu/ros2_ws2/install/rob599_msgs2/share/rob599_msgs2/cmake/rob599_msgs2__rosidl_typesupport_introspection_cppExport.cmake
[5.946s] -- Installing: /home/ubuntu/ros2_ws2/install/rob599_msgs2/share/rob599_msgs2/cmake/rob599_msgs2__rosidl_typesupport_introspection_cppExport-noconfig.cmake
[5.946s] -- Installing: /home/ubuntu/ros2_ws2/install/rob599_msgs2/share/rob599_msgs2/cmake/rob599_msgs2__rosidl_typesupport_cppExport.cmake
[5.946s] -- Installing: /home/ubuntu/ros2_ws2/install/rob599_msgs2/share/rob599_msgs2/cmake/rob599_msgs2__rosidl_typesupport_cppExport-noconfig.cmake
[5.946s] -- Installing: /home/ubuntu/ros2_ws2/install/rob599_msgs2/share/rob599_msgs2/cmake/export_rob599_msgs2__rosidl_generator_pyExport.cmake
[5.946s] -- Installing: /home/ubuntu/ros2_ws2/install/rob599_msgs2/share/rob599_msgs2/cmake/export_rob599_msgs2__rosidl_generator_pyExport-noconfig.cmake
[5.946s] -- Installing: /home/ubuntu/ros2_ws2/install/rob599_msgs2/share/rob599_msgs2/cmake/rosidl_cmake-extras.cmake
[5.946s] -- Installing: /home/ubuntu/ros2_ws2/install/rob599_msgs2/share/rob599_msgs2/cmake/ament_cmake_export_dependencies-extras.cmake
[5.947s] -- Installing: /home/ubuntu/ros2_ws2/install/rob599_msgs2/share/rob599_msgs2/cmake/ament_cmake_export_include_directories-extras.cmake
[5.947s] -- Installing: /home/ubuntu/ros2_ws2/install/rob599_msgs2/share/rob599_msgs2/cmake/ament_cmake_export_libraries-extras.cmake
[5.947s] -- Installing: /home/ubuntu/ros2_ws2/install/rob599_msgs2/share/rob599_msgs2/cmake/ament_cmake_export_targets-extras.cmake
[5.947s] -- Installing: /home/ubuntu/ros2_ws2/install/rob599_msgs2/share/rob599_msgs2/cmake/rosidl_cmake_export_typesupport_targets-extras.cmake
[5.947s] -- Installing: /home/ubuntu/ros2_ws2/install/rob599_msgs2/share/rob599_msgs2/cmake/rosidl_cmake_export_typesupport_libraries-extras.cmake
[5.947s] -- Installing: /home/ubuntu/ros2_ws2/install/rob599_msgs2/share/rob599_msgs2/cmake/rob599_msgs2Config.cmake
[5.947s] -- Installing: /home/ubuntu/ros2_ws2/install/rob599_msgs2/share/rob599_msgs2/cmake/rob599_msgs2Config-version.cmake
[5.947s] -- Up-to-date: /home/ubuntu/ros2_ws2/install/rob599_msgs2/share/rob599_msgs2/package.xml
[5.949s] Invoked command in '/home/ubuntu/ros2_ws2/build/rob599_msgs2' returned '0': CMAKE_PREFIX_PATH=${CMAKE_PREFIX_PATH}:/home/ubuntu/ros2_ws2/install/rob599_hw3:/opt/ros/humble /usr/bin/cmake --install /home/ubuntu/ros2_ws2/build/rob599_msgs2
