[0.461s] Invoking command in '/home/ubuntu/ros2_ws2/src/rob599_hw3': CMAKE_PREFIX_PATH=/home/ubuntu/ros2_ws2/install/turtlebot3_gazebo:/home/ubuntu/ros2_ws2/install/rob599_msgs2:/home/ubuntu/ros2_ws2/install/turtlebot3_simulations:/home/ubuntu/ros2_ws2/install/turtlebot3_fake_node LD_LIBRARY_PATH=/home/ubuntu/ros2_ws2/install/rob599_msgs2/lib:/usr/lib/x86_64-linux-gnu/gazebo-11/plugins:/opt/ros/humble/opt/rviz_ogre_vendor/lib:/opt/ros/humble/lib/x86_64-linux-gnu:/opt/ros/humble/lib:/usr/lib/x86_64-linux-gnu/gazebo-11/plugins:/usr/lib/x86_64-linux-gnu/gazebo-11/plugins:/usr/lib/x86_64-linux-gnu/gazebo-11/plugins PYTHONPATH=/home/ubuntu/ros2_ws2/build/rob599_hw3/prefix_override:/home/ubuntu/ros2_ws2/install/rob599_hw3/lib/python3.10/site-packages:${PYTHONPATH} /usr/bin/python3 setup.py egg_info --egg-base ../../build/rob599_hw3 build --build-base /home/ubuntu/ros2_ws2/build/rob599_hw3/build install --record /home/ubuntu/ros2_ws2/build/rob599_hw3/install.log --single-version-externally-managed
[0.600s] running egg_info
[0.600s] writing ../../build/rob599_hw3/rob599_hw3.egg-info/PKG-INFO
[0.601s] writing dependency_links to ../../build/rob599_hw3/rob599_hw3.egg-info/dependency_links.txt
[0.601s] writing entry points to ../../build/rob599_hw3/rob599_hw3.egg-info/entry_points.txt
[0.601s] writing requirements to ../../build/rob599_hw3/rob599_hw3.egg-info/requires.txt
[0.601s] writing top-level names to ../../build/rob599_hw3/rob599_hw3.egg-info/top_level.txt
[0.602s] reading manifest file '../../build/rob599_hw3/rob599_hw3.egg-info/SOURCES.txt'
[0.602s] adding license file 'LICENSE'
[0.603s] writing manifest file '../../build/rob599_hw3/rob599_hw3.egg-info/SOURCES.txt'
[0.603s] running build
[0.603s] running build_py
[0.603s] copying rob599_hw3/places.py -> /home/ubuntu/ros2_ws2/build/rob599_hw3/build/lib/rob599_hw3
[0.603s] running install
[0.603s] /usr/lib/python3/dist-packages/setuptools/command/install.py:34: SetuptoolsDeprecationWarning: setup.py install is deprecated. Use build and pip and other standards-based tools.
[0.603s]   warnings.warn(
[0.603s] running install_lib
[0.605s] copying /home/ubuntu/ros2_ws2/build/rob599_hw3/build/lib/rob599_hw3/places.py -> /home/ubuntu/ros2_ws2/install/rob599_hw3/lib/python3.10/site-packages/rob599_hw3
[0.605s] byte-compiling /home/ubuntu/ros2_ws2/install/rob599_hw3/lib/python3.10/site-packages/rob599_hw3/places.py to places.cpython-310.pyc
[0.606s] running install_data
[0.606s] running install_egg_info
[0.607s] removing '/home/ubuntu/ros2_ws2/install/rob599_hw3/lib/python3.10/site-packages/rob599_hw3-0.0.0-py3.10.egg-info' (and everything under it)
[0.607s] Copying ../../build/rob599_hw3/rob599_hw3.egg-info to /home/ubuntu/ros2_ws2/install/rob599_hw3/lib/python3.10/site-packages/rob599_hw3-0.0.0-py3.10.egg-info
[0.608s] running install_scripts
[0.621s] Installing places script to /home/ubuntu/ros2_ws2/install/rob599_hw3/lib/rob599_hw3
[0.621s] writing list of installed files to '/home/ubuntu/ros2_ws2/build/rob599_hw3/install.log'
[0.638s] Invoked command in '/home/ubuntu/ros2_ws2/src/rob599_hw3' returned '0': CMAKE_PREFIX_PATH=/home/ubuntu/ros2_ws2/install/turtlebot3_gazebo:/home/ubuntu/ros2_ws2/install/rob599_msgs2:/home/ubuntu/ros2_ws2/install/turtlebot3_simulations:/home/ubuntu/ros2_ws2/install/turtlebot3_fake_node LD_LIBRARY_PATH=/home/ubuntu/ros2_ws2/install/rob599_msgs2/lib:/usr/lib/x86_64-linux-gnu/gazebo-11/plugins:/opt/ros/humble/opt/rviz_ogre_vendor/lib:/opt/ros/humble/lib/x86_64-linux-gnu:/opt/ros/humble/lib:/usr/lib/x86_64-linux-gnu/gazebo-11/plugins:/usr/lib/x86_64-linux-gnu/gazebo-11/plugins:/usr/lib/x86_64-linux-gnu/gazebo-11/plugins PYTHONPATH=/home/ubuntu/ros2_ws2/build/rob599_hw3/prefix_override:/home/ubuntu/ros2_ws2/install/rob599_hw3/lib/python3.10/site-packages:${PYTHONPATH} /usr/bin/python3 setup.py egg_info --egg-base ../../build/rob599_hw3 build --build-base /home/ubuntu/ros2_ws2/build/rob599_hw3/build install --record /home/ubuntu/ros2_ws2/build/rob599_hw3/install.log --single-version-externally-managed
