[0.380s] Invoking command in '/home/ubuntu/ros2_ws2/src/rob599_hw3': AMENT_PREFIX_PATH=/home/ubuntu/ros2_ws2/src/install/turtlebot3_gazebo:/home/ubuntu/ros2_ws2/src/install/rob599_msgs2:${AMENT_PREFIX_PATH} CMAKE_PREFIX_PATH=/home/ubuntu/ros2_ws2/src/install/turtlebot3_gazebo:/home/ubuntu/ros2_ws2/src/install/rob599_msgs2:${CMAKE_PREFIX_PATH} LD_LIBRARY_PATH=/home/ubuntu/ros2_ws2/src/install/rob599_msgs2/lib:/home/ubuntu/ros2_ws2/install/rob599_msgs2/lib:/usr/lib/x86_64-linux-gnu/gazebo-11/plugins:/opt/ros/humble/opt/rviz_ogre_vendor/lib:/opt/ros/humble/lib/x86_64-linux-gnu:/opt/ros/humble/lib:/usr/lib/x86_64-linux-gnu/gazebo-11/plugins:/usr/lib/x86_64-linux-gnu/gazebo-11/plugins:/usr/lib/x86_64-linux-gnu/gazebo-11/plugins:/usr/lib/x86_64-linux-gnu/gazebo-11/plugins:/usr/lib/x86_64-linux-gnu/gazebo-11/plugins:/usr/lib/x86_64-linux-gnu/gazebo-11/plugins:/usr/lib/x86_64-linux-gnu/gazebo-11/plugins:/usr/lib/x86_64-linux-gnu/gazebo-11/plugins:/usr/lib/x86_64-linux-gnu/gazebo-11/plugins:/usr/lib/x86_64-linux-gnu/gazebo-11/plugins:/usr/lib/x86_64-linux-gnu/gazebo-11/plugins:/usr/lib/x86_64-linux-gnu/gazebo-11/plugins:/usr/lib/x86_64-linux-gnu/gazebo-11/plugins:/usr/lib/x86_64-linux-gnu/gazebo-11/plugins:/usr/lib/x86_64-linux-gnu/gazebo-11/plugins:/usr/lib/x86_64-linux-gnu/gazebo-11/plugins:/usr/lib/x86_64-linux-gnu/gazebo-11/plugins:/usr/lib/x86_64-linux-gnu/gazebo-11/plugins:/usr/lib/x86_64-linux-gnu/gazebo-11/plugins:/usr/lib/x86_64-linux-gnu/gazebo-11/plugins:/usr/lib/x86_64-linux-gnu/gazebo-11/plugins PYTHONPATH=/home/ubuntu/ros2_ws2/src/build/rob599_hw3/prefix_override:/home/ubuntu/ros2_ws2/src/install/rob599_hw3/lib/python3.10/site-packages:/home/ubuntu/ros2_ws2/src/install/rob599_msgs2/local/lib/python3.10/dist-packages:${PYTHONPATH} /usr/bin/python3 setup.py egg_info --egg-base ../build/rob599_hw3 build --build-base /home/ubuntu/ros2_ws2/src/build/rob599_hw3/build install --record /home/ubuntu/ros2_ws2/src/build/rob599_hw3/install.log --single-version-externally-managed
[0.502s] running egg_info
[0.502s] writing ../build/rob599_hw3/rob599_hw3.egg-info/PKG-INFO
[0.502s] writing dependency_links to ../build/rob599_hw3/rob599_hw3.egg-info/dependency_links.txt
[0.502s] writing entry points to ../build/rob599_hw3/rob599_hw3.egg-info/entry_points.txt
[0.502s] writing requirements to ../build/rob599_hw3/rob599_hw3.egg-info/requires.txt
[0.502s] writing top-level names to ../build/rob599_hw3/rob599_hw3.egg-info/top_level.txt
[0.503s] reading manifest file '../build/rob599_hw3/rob599_hw3.egg-info/SOURCES.txt'
[0.503s] adding license file 'LICENSE'
[0.503s] writing manifest file '../build/rob599_hw3/rob599_hw3.egg-info/SOURCES.txt'
[0.503s] running build
[0.503s] running build_py
[0.503s] running install
[0.504s] /usr/lib/python3/dist-packages/setuptools/command/install.py:34: SetuptoolsDeprecationWarning: setup.py install is deprecated. Use build and pip and other standards-based tools.
[0.504s]   warnings.warn(
[0.504s] running install_lib
[0.504s] running install_data
[0.505s] running install_egg_info
[0.506s] removing '/home/ubuntu/ros2_ws2/src/install/rob599_hw3/lib/python3.10/site-packages/rob599_hw3-0.0.0-py3.10.egg-info' (and everything under it)
[0.506s] Copying ../build/rob599_hw3/rob599_hw3.egg-info to /home/ubuntu/ros2_ws2/src/install/rob599_hw3/lib/python3.10/site-packages/rob599_hw3-0.0.0-py3.10.egg-info
[0.506s] running install_scripts
[0.516s] Installing places script to /home/ubuntu/ros2_ws2/src/install/rob599_hw3/lib/rob599_hw3
[0.516s] writing list of installed files to '/home/ubuntu/ros2_ws2/src/build/rob599_hw3/install.log'
[0.528s] Invoked command in '/home/ubuntu/ros2_ws2/src/rob599_hw3' returned '0': AMENT_PREFIX_PATH=/home/ubuntu/ros2_ws2/src/install/turtlebot3_gazebo:/home/ubuntu/ros2_ws2/src/install/rob599_msgs2:${AMENT_PREFIX_PATH} CMAKE_PREFIX_PATH=/home/ubuntu/ros2_ws2/src/install/turtlebot3_gazebo:/home/ubuntu/ros2_ws2/src/install/rob599_msgs2:${CMAKE_PREFIX_PATH} LD_LIBRARY_PATH=/home/ubuntu/ros2_ws2/src/install/rob599_msgs2/lib:/home/ubuntu/ros2_ws2/install/rob599_msgs2/lib:/usr/lib/x86_64-linux-gnu/gazebo-11/plugins:/opt/ros/humble/opt/rviz_ogre_vendor/lib:/opt/ros/humble/lib/x86_64-linux-gnu:/opt/ros/humble/lib:/usr/lib/x86_64-linux-gnu/gazebo-11/plugins:/usr/lib/x86_64-linux-gnu/gazebo-11/plugins:/usr/lib/x86_64-linux-gnu/gazebo-11/plugins:/usr/lib/x86_64-linux-gnu/gazebo-11/plugins:/usr/lib/x86_64-linux-gnu/gazebo-11/plugins:/usr/lib/x86_64-linux-gnu/gazebo-11/plugins:/usr/lib/x86_64-linux-gnu/gazebo-11/plugins:/usr/lib/x86_64-linux-gnu/gazebo-11/plugins:/usr/lib/x86_64-linux-gnu/gazebo-11/plugins:/usr/lib/x86_64-linux-gnu/gazebo-11/plugins:/usr/lib/x86_64-linux-gnu/gazebo-11/plugins:/usr/lib/x86_64-linux-gnu/gazebo-11/plugins:/usr/lib/x86_64-linux-gnu/gazebo-11/plugins:/usr/lib/x86_64-linux-gnu/gazebo-11/plugins:/usr/lib/x86_64-linux-gnu/gazebo-11/plugins:/usr/lib/x86_64-linux-gnu/gazebo-11/plugins:/usr/lib/x86_64-linux-gnu/gazebo-11/plugins:/usr/lib/x86_64-linux-gnu/gazebo-11/plugins:/usr/lib/x86_64-linux-gnu/gazebo-11/plugins:/usr/lib/x86_64-linux-gnu/gazebo-11/plugins:/usr/lib/x86_64-linux-gnu/gazebo-11/plugins PYTHONPATH=/home/ubuntu/ros2_ws2/src/build/rob599_hw3/prefix_override:/home/ubuntu/ros2_ws2/src/install/rob599_hw3/lib/python3.10/site-packages:/home/ubuntu/ros2_ws2/src/install/rob599_msgs2/local/lib/python3.10/dist-packages:${PYTHONPATH} /usr/bin/python3 setup.py egg_info --egg-base ../build/rob599_hw3 build --build-base /home/ubuntu/ros2_ws2/src/build/rob599_hw3/build install --record /home/ubuntu/ros2_ws2/src/build/rob599_hw3/install.log --single-version-externally-managed
