[0.071s] Invoking command in '/home/ubuntu/ros2_ws2/build/rob599_msgs2': CMAKE_PREFIX_PATH=${CMAKE_PREFIX_PATH}:/home/ubuntu/ros2_ws2/install/rob599_hw3:/opt/ros/humble /usr/bin/cmake --build /home/ubuntu/ros2_ws2/build/rob599_msgs2 -- -j16 -l16
[0.107s] [ 10%] Built target rob599_msgs2__rosidl_generator_c
[0.108s] [ 12%] Built target rob599_msgs2__cpp
[0.123s] [ 12%] Built target ament_cmake_python_copy_rob599_msgs2
[0.127s] [ 23%] Built target rob599_msgs2__rosidl_typesupport_introspection_c
[0.127s] [ 34%] Built target rob599_msgs2__rosidl_typesupport_fastrtps_cpp
[0.128s] [ 45%] Built target rob599_msgs2__rosidl_typesupport_c
[0.128s] [ 56%] Built target rob599_msgs2__rosidl_typesupport_introspection_cpp
[0.131s] [ 67%] Built target rob599_msgs2__rosidl_typesupport_fastrtps_c
[0.143s] [ 78%] Built target rob599_msgs2__rosidl_typesupport_cpp
[0.157s] [ 78%] Built target rob599_msgs2
[0.173s] [ 80%] Built target rob599_msgs2__py
[0.190s] [ 89%] Built target rob599_msgs2__rosidl_generator_py
[0.206s] [ 96%] Built target rob599_msgs2__rosidl_typesupport_fastrtps_c__pyext
[0.206s] [ 96%] Built target rob599_msgs2__rosidl_typesupport_introspection_c__pyext
[0.212s] [100%] Built target rob599_msgs2__rosidl_typesupport_c__pyext
[0.308s] running egg_info
[0.308s] writing rob599_msgs2.egg-info/PKG-INFO
[0.308s] writing dependency_links to rob599_msgs2.egg-info/dependency_links.txt
[0.308s] writing top-level names to rob599_msgs2.egg-info/top_level.txt
[0.309s] reading manifest file 'rob599_msgs2.egg-info/SOURCES.txt'
[0.310s] writing manifest file 'rob599_msgs2.egg-info/SOURCES.txt'
[0.331s] [100%] Built target ament_cmake_python_build_rob599_msgs2_egg
[0.362s] Invoked command in '/home/ubuntu/ros2_ws2/build/rob599_msgs2' returned '0': CMAKE_PREFIX_PATH=${CMAKE_PREFIX_PATH}:/home/ubuntu/ros2_ws2/install/rob599_hw3:/opt/ros/humble /usr/bin/cmake --build /home/ubuntu/ros2_ws2/build/rob599_msgs2 -- -j16 -l16
[0.475s] Invoking command in '/home/ubuntu/ros2_ws2/build/rob599_msgs2': CMAKE_PREFIX_PATH=${CMAKE_PREFIX_PATH}:/home/ubuntu/ros2_ws2/install/rob599_hw3:/opt/ros/humble /usr/bin/cmake --install /home/ubuntu/ros2_ws2/build/rob599_msgs2
[0.480s] -- Install configuration: ""
[0.481s] -- Up-to-date: /home/ubuntu/ros2_ws2/install/rob599_msgs2/share/ament_index/resource_index/rosidl_interfaces/rob599_msgs2
[0.481s] -- Up-to-date: /home/ubuntu/ros2_ws2/install/rob599_msgs2/include/rob599_msgs2/rob599_msgs2
[0.481s] -- Up-to-date: /home/ubuntu/ros2_ws2/install/rob599_msgs2/include/rob599_msgs2/rob599_msgs2/msg
[0.481s] -- Up-to-date: /home/ubuntu/ros2_ws2/install/rob599_msgs2/include/rob599_msgs2/rob599_msgs2/msg/rosidl_generator_c__visibility_control.h
[0.481s] -- Up-to-date: /home/ubuntu/ros2_ws2/install/rob599_msgs2/include/rob599_msgs2/rob599_msgs2/srv
[0.481s] -- Up-to-date: /home/ubuntu/ros2_ws2/install/rob599_msgs2/include/rob599_msgs2/rob599_msgs2/srv/clear_positions.h
[0.482s] -- Up-to-date: /home/ubuntu/ros2_ws2/install/rob599_msgs2/include/rob599_msgs2/rob599_msgs2/srv/save.h
[0.482s] -- Up-to-date: /home/ubuntu/ros2_ws2/install/rob599_msgs2/include/rob599_msgs2/rob599_msgs2/srv/load.h
[0.482s] -- Up-to-date: /home/ubuntu/ros2_ws2/install/rob599_msgs2/include/rob599_msgs2/rob599_msgs2/srv/detail
[0.482s] -- Up-to-date: /home/ubuntu/ros2_ws2/install/rob599_msgs2/include/rob599_msgs2/rob599_msgs2/srv/detail/load__struct.h
[0.482s] -- Up-to-date: /home/ubuntu/ros2_ws2/install/rob599_msgs2/include/rob599_msgs2/rob599_msgs2/srv/detail/save__type_support.h
[0.482s] -- Up-to-date: /home/ubuntu/ros2_ws2/install/rob599_msgs2/include/rob599_msgs2/rob599_msgs2/srv/detail/load__type_support.h
[0.482s] -- Up-to-date: /home/ubuntu/ros2_ws2/install/rob599_msgs2/include/rob599_msgs2/rob599_msgs2/srv/detail/save__struct.h
[0.482s] -- Up-to-date: /home/ubuntu/ros2_ws2/install/rob599_msgs2/include/rob599_msgs2/rob599_msgs2/srv/detail/memorize_position__functions.c
[0.482s] -- Up-to-date: /home/ubuntu/ros2_ws2/install/rob599_msgs2/include/rob599_msgs2/rob599_msgs2/srv/detail/clear_positions__type_support.h
[0.482s] -- Up-to-date: /home/ubuntu/ros2_ws2/install/rob599_msgs2/include/rob599_msgs2/rob599_msgs2/srv/detail/save__functions.c
[0.483s] -- Up-to-date: /home/ubuntu/ros2_ws2/install/rob599_msgs2/include/rob599_msgs2/rob599_msgs2/srv/detail/clear_positions__functions.c
[0.483s] -- Up-to-date: /home/ubuntu/ros2_ws2/install/rob599_msgs2/include/rob599_msgs2/rob599_msgs2/srv/detail/memorize_position__struct.h
[0.483s] -- Up-to-date: /home/ubuntu/ros2_ws2/install/rob599_msgs2/include/rob599_msgs2/rob599_msgs2/srv/detail/memorize_position__type_support.h
[0.483s] -- Up-to-date: /home/ubuntu/ros2_ws2/install/rob599_msgs2/include/rob599_msgs2/rob599_msgs2/srv/detail/save__functions.h
[0.483s] -- Up-to-date: /home/ubuntu/ros2_ws2/install/rob599_msgs2/include/rob599_msgs2/rob599_msgs2/srv/detail/clear_positions__functions.h
[0.483s] -- Up-to-date: /home/ubuntu/ros2_ws2/install/rob599_msgs2/include/rob599_msgs2/rob599_msgs2/srv/detail/clear_positions__struct.h
[0.483s] -- Up-to-date: /home/ubuntu/ros2_ws2/install/rob599_msgs2/include/rob599_msgs2/rob599_msgs2/srv/detail/load__functions.c
[0.483s] -- Up-to-date: /home/ubuntu/ros2_ws2/install/rob599_msgs2/include/rob599_msgs2/rob599_msgs2/srv/detail/memorize_position__functions.h
[0.483s] -- Up-to-date: /home/ubuntu/ros2_ws2/install/rob599_msgs2/include/rob599_msgs2/rob599_msgs2/srv/detail/load__functions.h
[0.483s] -- Up-to-date: /home/ubuntu/ros2_ws2/install/rob599_msgs2/include/rob599_msgs2/rob599_msgs2/srv/memorize_position.h
[0.484s] -- Up-to-date: /home/ubuntu/ros2_ws2/install/rob599_msgs2/share/rob599_msgs2/environment/library_path.sh
[0.484s] -- Up-to-date: /home/ubuntu/ros2_ws2/install/rob599_msgs2/share/rob599_msgs2/environment/library_path.dsv
[0.484s] -- Up-to-date: /home/ubuntu/ros2_ws2/install/rob599_msgs2/lib/librob599_msgs2__rosidl_generator_c.so
[0.484s] -- Up-to-date: /home/ubuntu/ros2_ws2/install/rob599_msgs2/include/rob599_msgs2/rob599_msgs2
[0.484s] -- Up-to-date: /home/ubuntu/ros2_ws2/install/rob599_msgs2/include/rob599_msgs2/rob599_msgs2/msg
[0.484s] -- Up-to-date: /home/ubuntu/ros2_ws2/install/rob599_msgs2/include/rob599_msgs2/rob599_msgs2/msg/rosidl_typesupport_fastrtps_c__visibility_control.h
[0.484s] -- Up-to-date: /home/ubuntu/ros2_ws2/install/rob599_msgs2/include/rob599_msgs2/rob599_msgs2/srv
[0.484s] -- Up-to-date: /home/ubuntu/ros2_ws2/install/rob599_msgs2/include/rob599_msgs2/rob599_msgs2/srv/detail
[0.484s] -- Up-to-date: /home/ubuntu/ros2_ws2/install/rob599_msgs2/include/rob599_msgs2/rob599_msgs2/srv/detail/clear_positions__rosidl_typesupport_fastrtps_c.h
[0.484s] -- Up-to-date: /home/ubuntu/ros2_ws2/install/rob599_msgs2/include/rob599_msgs2/rob599_msgs2/srv/detail/save__rosidl_typesupport_fastrtps_c.h
[0.484s] -- Up-to-date: /home/ubuntu/ros2_ws2/install/rob599_msgs2/include/rob599_msgs2/rob599_msgs2/srv/detail/memorize_position__rosidl_typesupport_fastrtps_c.h
[0.484s] -- Up-to-date: /home/ubuntu/ros2_ws2/install/rob599_msgs2/include/rob599_msgs2/rob599_msgs2/srv/detail/load__rosidl_typesupport_fastrtps_c.h
[0.484s] -- Up-to-date: /home/ubuntu/ros2_ws2/install/rob599_msgs2/lib/librob599_msgs2__rosidl_typesupport_fastrtps_c.so
[0.484s] -- Up-to-date: /home/ubuntu/ros2_ws2/install/rob599_msgs2/include/rob599_msgs2/rob599_msgs2
[0.484s] -- Up-to-date: /home/ubuntu/ros2_ws2/install/rob599_msgs2/include/rob599_msgs2/rob599_msgs2/msg
[0.485s] -- Up-to-date: /home/ubuntu/ros2_ws2/install/rob599_msgs2/include/rob599_msgs2/rob599_msgs2/msg/rosidl_typesupport_introspection_c__visibility_control.h
[0.485s] -- Up-to-date: /home/ubuntu/ros2_ws2/install/rob599_msgs2/include/rob599_msgs2/rob599_msgs2/srv
[0.485s] -- Up-to-date: /home/ubuntu/ros2_ws2/install/rob599_msgs2/include/rob599_msgs2/rob599_msgs2/srv/detail
[0.485s] -- Up-to-date: /home/ubuntu/ros2_ws2/install/rob599_msgs2/include/rob599_msgs2/rob599_msgs2/srv/detail/memorize_position__type_support.c
[0.485s] -- Up-to-date: /home/ubuntu/ros2_ws2/install/rob599_msgs2/include/rob599_msgs2/rob599_msgs2/srv/detail/save__rosidl_typesupport_introspection_c.h
[0.485s] -- Up-to-date: /home/ubuntu/ros2_ws2/install/rob599_msgs2/include/rob599_msgs2/rob599_msgs2/srv/detail/save__type_support.c
[0.485s] -- Up-to-date: /home/ubuntu/ros2_ws2/install/rob599_msgs2/include/rob599_msgs2/rob599_msgs2/srv/detail/load__rosidl_typesupport_introspection_c.h
[0.485s] -- Up-to-date: /home/ubuntu/ros2_ws2/install/rob599_msgs2/include/rob599_msgs2/rob599_msgs2/srv/detail/memorize_position__rosidl_typesupport_introspection_c.h
[0.485s] -- Up-to-date: /home/ubuntu/ros2_ws2/install/rob599_msgs2/include/rob599_msgs2/rob599_msgs2/srv/detail/clear_positions__type_support.c
[0.485s] -- Up-to-date: /home/ubuntu/ros2_ws2/install/rob599_msgs2/include/rob599_msgs2/rob599_msgs2/srv/detail/load__type_support.c
[0.485s] -- Up-to-date: /home/ubuntu/ros2_ws2/install/rob599_msgs2/include/rob599_msgs2/rob599_msgs2/srv/detail/clear_positions__rosidl_typesupport_introspection_c.h
[0.485s] -- Up-to-date: /home/ubuntu/ros2_ws2/install/rob599_msgs2/lib/librob599_msgs2__rosidl_typesupport_introspection_c.so
[0.485s] -- Up-to-date: /home/ubuntu/ros2_ws2/install/rob599_msgs2/lib/librob599_msgs2__rosidl_typesupport_c.so
[0.485s] -- Up-to-date: /home/ubuntu/ros2_ws2/install/rob599_msgs2/include/rob599_msgs2/rob599_msgs2
[0.485s] -- Up-to-date: /home/ubuntu/ros2_ws2/install/rob599_msgs2/include/rob599_msgs2/rob599_msgs2/srv
[0.486s] -- Up-to-date: /home/ubuntu/ros2_ws2/install/rob599_msgs2/include/rob599_msgs2/rob599_msgs2/srv/load.hpp
[0.486s] -- Up-to-date: /home/ubuntu/ros2_ws2/install/rob599_msgs2/include/rob599_msgs2/rob599_msgs2/srv/memorize_position.hpp
[0.486s] -- Up-to-date: /home/ubuntu/ros2_ws2/install/rob599_msgs2/include/rob599_msgs2/rob599_msgs2/srv/clear_positions.hpp
[0.486s] -- Up-to-date: /home/ubuntu/ros2_ws2/install/rob599_msgs2/include/rob599_msgs2/rob599_msgs2/srv/detail
[0.486s] -- Up-to-date: /home/ubuntu/ros2_ws2/install/rob599_msgs2/include/rob599_msgs2/rob599_msgs2/srv/detail/save__traits.hpp
[0.486s] -- Up-to-date: /home/ubuntu/ros2_ws2/install/rob599_msgs2/include/rob599_msgs2/rob599_msgs2/srv/detail/clear_positions__struct.hpp
[0.486s] -- Up-to-date: /home/ubuntu/ros2_ws2/install/rob599_msgs2/include/rob599_msgs2/rob599_msgs2/srv/detail/memorize_position__struct.hpp
[0.486s] -- Up-to-date: /home/ubuntu/ros2_ws2/install/rob599_msgs2/include/rob599_msgs2/rob599_msgs2/srv/detail/memorize_position__traits.hpp
[0.486s] -- Up-to-date: /home/ubuntu/ros2_ws2/install/rob599_msgs2/include/rob599_msgs2/rob599_msgs2/srv/detail/save__struct.hpp
[0.486s] -- Up-to-date: /home/ubuntu/ros2_ws2/install/rob599_msgs2/include/rob599_msgs2/rob599_msgs2/srv/detail/memorize_position__builder.hpp
[0.486s] -- Up-to-date: /home/ubuntu/ros2_ws2/install/rob599_msgs2/include/rob599_msgs2/rob599_msgs2/srv/detail/clear_positions__builder.hpp
[0.486s] -- Up-to-date: /home/ubuntu/ros2_ws2/install/rob599_msgs2/include/rob599_msgs2/rob599_msgs2/srv/detail/load__struct.hpp
[0.486s] -- Up-to-date: /home/ubuntu/ros2_ws2/install/rob599_msgs2/include/rob599_msgs2/rob599_msgs2/srv/detail/clear_positions__traits.hpp
[0.486s] -- Up-to-date: /home/ubuntu/ros2_ws2/install/rob599_msgs2/include/rob599_msgs2/rob599_msgs2/srv/detail/load__builder.hpp
[0.487s] -- Up-to-date: /home/ubuntu/ros2_ws2/install/rob599_msgs2/include/rob599_msgs2/rob599_msgs2/srv/detail/save__builder.hpp
[0.487s] -- Up-to-date: /home/ubuntu/ros2_ws2/install/rob599_msgs2/include/rob599_msgs2/rob599_msgs2/srv/detail/load__traits.hpp
[0.487s] -- Up-to-date: /home/ubuntu/ros2_ws2/install/rob599_msgs2/include/rob599_msgs2/rob599_msgs2/srv/save.hpp
[0.487s] -- Up-to-date: /home/ubuntu/ros2_ws2/install/rob599_msgs2/include/rob599_msgs2/rob599_msgs2
[0.488s] -- Up-to-date: /home/ubuntu/ros2_ws2/install/rob599_msgs2/include/rob599_msgs2/rob599_msgs2/msg
[0.488s] -- Up-to-date: /home/ubuntu/ros2_ws2/install/rob599_msgs2/include/rob599_msgs2/rob599_msgs2/msg/rosidl_typesupport_fastrtps_cpp__visibility_control.h
[0.488s] -- Up-to-date: /home/ubuntu/ros2_ws2/install/rob599_msgs2/include/rob599_msgs2/rob599_msgs2/srv
[0.488s] -- Up-to-date: /home/ubuntu/ros2_ws2/install/rob599_msgs2/include/rob599_msgs2/rob599_msgs2/srv/detail
[0.488s] -- Up-to-date: /home/ubuntu/ros2_ws2/install/rob599_msgs2/include/rob599_msgs2/rob599_msgs2/srv/detail/load__rosidl_typesupport_fastrtps_cpp.hpp
[0.488s] -- Up-to-date: /home/ubuntu/ros2_ws2/install/rob599_msgs2/include/rob599_msgs2/rob599_msgs2/srv/detail/memorize_position__rosidl_typesupport_fastrtps_cpp.hpp
[0.488s] -- Up-to-date: /home/ubuntu/ros2_ws2/install/rob599_msgs2/include/rob599_msgs2/rob599_msgs2/srv/detail/dds_fastrtps
[0.488s] -- Up-to-date: /home/ubuntu/ros2_ws2/install/rob599_msgs2/include/rob599_msgs2/rob599_msgs2/srv/detail/clear_positions__rosidl_typesupport_fastrtps_cpp.hpp
[0.489s] -- Up-to-date: /home/ubuntu/ros2_ws2/install/rob599_msgs2/include/rob599_msgs2/rob599_msgs2/srv/detail/save__rosidl_typesupport_fastrtps_cpp.hpp
[0.489s] -- Up-to-date: /home/ubuntu/ros2_ws2/install/rob599_msgs2/lib/librob599_msgs2__rosidl_typesupport_fastrtps_cpp.so
[0.489s] -- Up-to-date: /home/ubuntu/ros2_ws2/install/rob599_msgs2/include/rob599_msgs2/rob599_msgs2
[0.489s] -- Up-to-date: /home/ubuntu/ros2_ws2/install/rob599_msgs2/include/rob599_msgs2/rob599_msgs2/srv
[0.489s] -- Up-to-date: /home/ubuntu/ros2_ws2/install/rob599_msgs2/include/rob599_msgs2/rob599_msgs2/srv/detail
[0.489s] -- Up-to-date: /home/ubuntu/ros2_ws2/install/rob599_msgs2/include/rob599_msgs2/rob599_msgs2/srv/detail/save__type_support.cpp
[0.489s] -- Up-to-date: /home/ubuntu/ros2_ws2/install/rob599_msgs2/include/rob599_msgs2/rob599_msgs2/srv/detail/load__rosidl_typesupport_introspection_cpp.hpp
[0.489s] -- Up-to-date: /home/ubuntu/ros2_ws2/install/rob599_msgs2/include/rob599_msgs2/rob599_msgs2/srv/detail/memorize_position__type_support.cpp
[0.489s] -- Up-to-date: /home/ubuntu/ros2_ws2/install/rob599_msgs2/include/rob599_msgs2/rob599_msgs2/srv/detail/clear_positions__rosidl_typesupport_introspection_cpp.hpp
[0.490s] -- Up-to-date: /home/ubuntu/ros2_ws2/install/rob599_msgs2/include/rob599_msgs2/rob599_msgs2/srv/detail/load__type_support.cpp
[0.490s] -- Up-to-date: /home/ubuntu/ros2_ws2/install/rob599_msgs2/include/rob599_msgs2/rob599_msgs2/srv/detail/memorize_position__rosidl_typesupport_introspection_cpp.hpp
[0.491s] -- Up-to-date: /home/ubuntu/ros2_ws2/install/rob599_msgs2/include/rob599_msgs2/rob599_msgs2/srv/detail/save__rosidl_typesupport_introspection_cpp.hpp
[0.491s] -- Up-to-date: /home/ubuntu/ros2_ws2/install/rob599_msgs2/include/rob599_msgs2/rob599_msgs2/srv/detail/clear_positions__type_support.cpp
[0.491s] -- Up-to-date: /home/ubuntu/ros2_ws2/install/rob599_msgs2/lib/librob599_msgs2__rosidl_typesupport_introspection_cpp.so
[0.491s] -- Up-to-date: /home/ubuntu/ros2_ws2/install/rob599_msgs2/lib/librob599_msgs2__rosidl_typesupport_cpp.so
[0.491s] -- Up-to-date: /home/ubuntu/ros2_ws2/install/rob599_msgs2/share/rob599_msgs2/environment/pythonpath.sh
[0.492s] -- Up-to-date: /home/ubuntu/ros2_ws2/install/rob599_msgs2/share/rob599_msgs2/environment/pythonpath.dsv
[0.492s] -- Up-to-date: /home/ubuntu/ros2_ws2/install/rob599_msgs2/local/lib/python3.10/dist-packages/rob599_msgs2-0.0.0-py3.10.egg-info
[0.492s] -- Installing: /home/ubuntu/ros2_ws2/install/rob599_msgs2/local/lib/python3.10/dist-packages/rob599_msgs2-0.0.0-py3.10.egg-info/SOURCES.txt
[0.492s] -- Installing: /home/ubuntu/ros2_ws2/install/rob599_msgs2/local/lib/python3.10/dist-packages/rob599_msgs2-0.0.0-py3.10.egg-info/top_level.txt
[0.492s] -- Installing: /home/ubuntu/ros2_ws2/install/rob599_msgs2/local/lib/python3.10/dist-packages/rob599_msgs2-0.0.0-py3.10.egg-info/dependency_links.txt
[0.492s] -- Installing: /home/ubuntu/ros2_ws2/install/rob599_msgs2/local/lib/python3.10/dist-packages/rob599_msgs2-0.0.0-py3.10.egg-info/PKG-INFO
[0.492s] -- Up-to-date: /home/ubuntu/ros2_ws2/install/rob599_msgs2/local/lib/python3.10/dist-packages/rob599_msgs2
[0.493s] -- Up-to-date: /home/ubuntu/ros2_ws2/install/rob599_msgs2/local/lib/python3.10/dist-packages/rob599_msgs2/_rob599_msgs2_s.ep.rosidl_typesupport_introspection_c.c
[0.493s] -- Up-to-date: /home/ubuntu/ros2_ws2/install/rob599_msgs2/local/lib/python3.10/dist-packages/rob599_msgs2/_rob599_msgs2_s.ep.rosidl_typesupport_fastrtps_c.c
[0.493s] -- Up-to-date: /home/ubuntu/ros2_ws2/install/rob599_msgs2/local/lib/python3.10/dist-packages/rob599_msgs2/rob599_msgs2_s__rosidl_typesupport_c.cpython-310-x86_64-linux-gnu.so
[0.493s] -- Up-to-date: /home/ubuntu/ros2_ws2/install/rob599_msgs2/local/lib/python3.10/dist-packages/rob599_msgs2/rob599_msgs2_s__rosidl_typesupport_fastrtps_c.cpython-310-x86_64-linux-gnu.so
[0.493s] -- Up-to-date: /home/ubuntu/ros2_ws2/install/rob599_msgs2/local/lib/python3.10/dist-packages/rob599_msgs2/__init__.py
[0.493s] -- Up-to-date: /home/ubuntu/ros2_ws2/install/rob599_msgs2/local/lib/python3.10/dist-packages/rob599_msgs2/_rob599_msgs2_s.ep.rosidl_typesupport_c.c
[0.493s] -- Up-to-date: /home/ubuntu/ros2_ws2/install/rob599_msgs2/local/lib/python3.10/dist-packages/rob599_msgs2/rob599_msgs2_s__rosidl_typesupport_introspection_c.cpython-310-x86_64-linux-gnu.so
[0.494s] -- Up-to-date: /home/ubuntu/ros2_ws2/install/rob599_msgs2/local/lib/python3.10/dist-packages/rob599_msgs2/librob599_msgs2__rosidl_generator_py.so
[0.494s] -- Up-to-date: /home/ubuntu/ros2_ws2/install/rob599_msgs2/local/lib/python3.10/dist-packages/rob599_msgs2/srv
[0.494s] -- Up-to-date: /home/ubuntu/ros2_ws2/install/rob599_msgs2/local/lib/python3.10/dist-packages/rob599_msgs2/srv/_load.py
[0.494s] -- Up-to-date: /home/ubuntu/ros2_ws2/install/rob599_msgs2/local/lib/python3.10/dist-packages/rob599_msgs2/srv/_save_s.c
[0.494s] -- Up-to-date: /home/ubuntu/ros2_ws2/install/rob599_msgs2/local/lib/python3.10/dist-packages/rob599_msgs2/srv/_memorize_position_s.c
[0.494s] -- Up-to-date: /home/ubuntu/ros2_ws2/install/rob599_msgs2/local/lib/python3.10/dist-packages/rob599_msgs2/srv/_clear_positions_s.c
[0.494s] -- Up-to-date: /home/ubuntu/ros2_ws2/install/rob599_msgs2/local/lib/python3.10/dist-packages/rob599_msgs2/srv/_clear_positions.py
[0.494s] -- Up-to-date: /home/ubuntu/ros2_ws2/install/rob599_msgs2/local/lib/python3.10/dist-packages/rob599_msgs2/srv/__init__.py
[0.495s] -- Up-to-date: /home/ubuntu/ros2_ws2/install/rob599_msgs2/local/lib/python3.10/dist-packages/rob599_msgs2/srv/_save.py
[0.495s] -- Up-to-date: /home/ubuntu/ros2_ws2/install/rob599_msgs2/local/lib/python3.10/dist-packages/rob599_msgs2/srv/_memorize_position.py
[0.495s] -- Up-to-date: /home/ubuntu/ros2_ws2/install/rob599_msgs2/local/lib/python3.10/dist-packages/rob599_msgs2/srv/_load_s.c
[0.505s] Listing '/home/ubuntu/ros2_ws2/install/rob599_msgs2/local/lib/python3.10/dist-packages/rob599_msgs2'...
[0.505s] Listing '/home/ubuntu/ros2_ws2/install/rob599_msgs2/local/lib/python3.10/dist-packages/rob599_msgs2/srv'...
[0.509s] -- Up-to-date: /home/ubuntu/ros2_ws2/install/rob599_msgs2/local/lib/python3.10/dist-packages/rob599_msgs2/rob599_msgs2_s__rosidl_typesupport_fastrtps_c.cpython-310-x86_64-linux-gnu.so
[0.509s] -- Up-to-date: /home/ubuntu/ros2_ws2/install/rob599_msgs2/local/lib/python3.10/dist-packages/rob599_msgs2/rob599_msgs2_s__rosidl_typesupport_introspection_c.cpython-310-x86_64-linux-gnu.so
[0.509s] -- Up-to-date: /home/ubuntu/ros2_ws2/install/rob599_msgs2/local/lib/python3.10/dist-packages/rob599_msgs2/rob599_msgs2_s__rosidl_typesupport_c.cpython-310-x86_64-linux-gnu.so
[0.510s] -- Up-to-date: /home/ubuntu/ros2_ws2/install/rob599_msgs2/lib/librob599_msgs2__rosidl_generator_py.so
[0.510s] -- Up-to-date: /home/ubuntu/ros2_ws2/install/rob599_msgs2/share/rob599_msgs2/srv/MemorizePosition.idl
[0.510s] -- Up-to-date: /home/ubuntu/ros2_ws2/install/rob599_msgs2/share/rob599_msgs2/srv/ClearPositions.idl
[0.510s] -- Up-to-date: /home/ubuntu/ros2_ws2/install/rob599_msgs2/share/rob599_msgs2/srv/Save.idl
[0.510s] -- Up-to-date: /home/ubuntu/ros2_ws2/install/rob599_msgs2/share/rob599_msgs2/srv/Load.idl
[0.511s] -- Up-to-date: /home/ubuntu/ros2_ws2/install/rob599_msgs2/share/rob599_msgs2/srv/MemorizePosition.srv
[0.511s] -- Up-to-date: /home/ubuntu/ros2_ws2/install/rob599_msgs2/share/rob599_msgs2/srv/MemorizePosition_Request.msg
[0.511s] -- Up-to-date: /home/ubuntu/ros2_ws2/install/rob599_msgs2/share/rob599_msgs2/srv/MemorizePosition_Response.msg
[0.511s] -- Up-to-date: /home/ubuntu/ros2_ws2/install/rob599_msgs2/share/rob599_msgs2/srv/ClearPositions.srv
[0.511s] -- Up-to-date: /home/ubuntu/ros2_ws2/install/rob599_msgs2/share/rob599_msgs2/srv/ClearPositions_Request.msg
[0.512s] -- Up-to-date: /home/ubuntu/ros2_ws2/install/rob599_msgs2/share/rob599_msgs2/srv/ClearPositions_Response.msg
[0.512s] -- Up-to-date: /home/ubuntu/ros2_ws2/install/rob599_msgs2/share/rob599_msgs2/srv/Save.srv
[0.512s] -- Up-to-date: /home/ubuntu/ros2_ws2/install/rob599_msgs2/share/rob599_msgs2/srv/Save_Request.msg
[0.512s] -- Up-to-date: /home/ubuntu/ros2_ws2/install/rob599_msgs2/share/rob599_msgs2/srv/Save_Response.msg
[0.512s] -- Up-to-date: /home/ubuntu/ros2_ws2/install/rob599_msgs2/share/rob599_msgs2/srv/Load.srv
[0.512s] -- Up-to-date: /home/ubuntu/ros2_ws2/install/rob599_msgs2/share/rob599_msgs2/srv/Load_Request.msg
[0.512s] -- Up-to-date: /home/ubuntu/ros2_ws2/install/rob599_msgs2/share/rob599_msgs2/srv/Load_Response.msg
[0.512s] -- Up-to-date: /home/ubuntu/ros2_ws2/install/rob599_msgs2/share/ament_index/resource_index/package_run_dependencies/rob599_msgs2
[0.512s] -- Up-to-date: /home/ubuntu/ros2_ws2/install/rob599_msgs2/share/ament_index/resource_index/parent_prefix_path/rob599_msgs2
[0.512s] -- Up-to-date: /home/ubuntu/ros2_ws2/install/rob599_msgs2/share/rob599_msgs2/environment/ament_prefix_path.sh
[0.512s] -- Up-to-date: /home/ubuntu/ros2_ws2/install/rob599_msgs2/share/rob599_msgs2/environment/ament_prefix_path.dsv
[0.512s] -- Up-to-date: /home/ubuntu/ros2_ws2/install/rob599_msgs2/share/rob599_msgs2/environment/path.sh
[0.512s] -- Up-to-date: /home/ubuntu/ros2_ws2/install/rob599_msgs2/share/rob599_msgs2/environment/path.dsv
[0.512s] -- Up-to-date: /home/ubuntu/ros2_ws2/install/rob599_msgs2/share/rob599_msgs2/local_setup.bash
[0.512s] -- Up-to-date: /home/ubuntu/ros2_ws2/install/rob599_msgs2/share/rob599_msgs2/local_setup.sh
[0.513s] -- Up-to-date: /home/ubuntu/ros2_ws2/install/rob599_msgs2/share/rob599_msgs2/local_setup.zsh
[0.513s] -- Up-to-date: /home/ubuntu/ros2_ws2/install/rob599_msgs2/share/rob599_msgs2/local_setup.dsv
[0.513s] -- Installing: /home/ubuntu/ros2_ws2/install/rob599_msgs2/share/rob599_msgs2/package.dsv
[0.513s] -- Up-to-date: /home/ubuntu/ros2_ws2/install/rob599_msgs2/share/ament_index/resource_index/packages/rob599_msgs2
[0.513s] -- Up-to-date: /home/ubuntu/ros2_ws2/install/rob599_msgs2/share/rob599_msgs2/cmake/export_rob599_msgs2__rosidl_generator_cExport.cmake
[0.513s] -- Up-to-date: /home/ubuntu/ros2_ws2/install/rob599_msgs2/share/rob599_msgs2/cmake/export_rob599_msgs2__rosidl_generator_cExport-noconfig.cmake
[0.513s] -- Up-to-date: /home/ubuntu/ros2_ws2/install/rob599_msgs2/share/rob599_msgs2/cmake/export_rob599_msgs2__rosidl_typesupport_fastrtps_cExport.cmake
[0.513s] -- Up-to-date: /home/ubuntu/ros2_ws2/install/rob599_msgs2/share/rob599_msgs2/cmake/export_rob599_msgs2__rosidl_typesupport_fastrtps_cExport-noconfig.cmake
[0.513s] -- Up-to-date: /home/ubuntu/ros2_ws2/install/rob599_msgs2/share/rob599_msgs2/cmake/rob599_msgs2__rosidl_typesupport_introspection_cExport.cmake
[0.513s] -- Up-to-date: /home/ubuntu/ros2_ws2/install/rob599_msgs2/share/rob599_msgs2/cmake/rob599_msgs2__rosidl_typesupport_introspection_cExport-noconfig.cmake
[0.513s] -- Up-to-date: /home/ubuntu/ros2_ws2/install/rob599_msgs2/share/rob599_msgs2/cmake/rob599_msgs2__rosidl_typesupport_cExport.cmake
[0.513s] -- Up-to-date: /home/ubuntu/ros2_ws2/install/rob599_msgs2/share/rob599_msgs2/cmake/rob599_msgs2__rosidl_typesupport_cExport-noconfig.cmake
[0.513s] -- Up-to-date: /home/ubuntu/ros2_ws2/install/rob599_msgs2/share/rob599_msgs2/cmake/export_rob599_msgs2__rosidl_generator_cppExport.cmake
[0.513s] -- Up-to-date: /home/ubuntu/ros2_ws2/install/rob599_msgs2/share/rob599_msgs2/cmake/export_rob599_msgs2__rosidl_typesupport_fastrtps_cppExport.cmake
[0.513s] -- Up-to-date: /home/ubuntu/ros2_ws2/install/rob599_msgs2/share/rob599_msgs2/cmake/export_rob599_msgs2__rosidl_typesupport_fastrtps_cppExport-noconfig.cmake
[0.513s] -- Up-to-date: /home/ubuntu/ros2_ws2/install/rob599_msgs2/share/rob599_msgs2/cmake/rob599_msgs2__rosidl_typesupport_introspection_cppExport.cmake
[0.513s] -- Up-to-date: /home/ubuntu/ros2_ws2/install/rob599_msgs2/share/rob599_msgs2/cmake/rob599_msgs2__rosidl_typesupport_introspection_cppExport-noconfig.cmake
[0.513s] -- Up-to-date: /home/ubuntu/ros2_ws2/install/rob599_msgs2/share/rob599_msgs2/cmake/rob599_msgs2__rosidl_typesupport_cppExport.cmake
[0.513s] -- Up-to-date: /home/ubuntu/ros2_ws2/install/rob599_msgs2/share/rob599_msgs2/cmake/rob599_msgs2__rosidl_typesupport_cppExport-noconfig.cmake
[0.513s] -- Up-to-date: /home/ubuntu/ros2_ws2/install/rob599_msgs2/share/rob599_msgs2/cmake/export_rob599_msgs2__rosidl_generator_pyExport.cmake
[0.513s] -- Up-to-date: /home/ubuntu/ros2_ws2/install/rob599_msgs2/share/rob599_msgs2/cmake/export_rob599_msgs2__rosidl_generator_pyExport-noconfig.cmake
[0.513s] -- Up-to-date: /home/ubuntu/ros2_ws2/install/rob599_msgs2/share/rob599_msgs2/cmake/rosidl_cmake-extras.cmake
[0.513s] -- Up-to-date: /home/ubuntu/ros2_ws2/install/rob599_msgs2/share/rob599_msgs2/cmake/ament_cmake_export_include_directories-extras.cmake
[0.513s] -- Up-to-date: /home/ubuntu/ros2_ws2/install/rob599_msgs2/share/rob599_msgs2/cmake/ament_cmake_export_libraries-extras.cmake
[0.513s] -- Up-to-date: /home/ubuntu/ros2_ws2/install/rob599_msgs2/share/rob599_msgs2/cmake/ament_cmake_export_targets-extras.cmake
[0.513s] -- Up-to-date: /home/ubuntu/ros2_ws2/install/rob599_msgs2/share/rob599_msgs2/cmake/rosidl_cmake_export_typesupport_targets-extras.cmake
[0.513s] -- Up-to-date: /home/ubuntu/ros2_ws2/install/rob599_msgs2/share/rob599_msgs2/cmake/ament_cmake_export_dependencies-extras.cmake
[0.514s] -- Up-to-date: /home/ubuntu/ros2_ws2/install/rob599_msgs2/share/rob599_msgs2/cmake/rosidl_cmake_export_typesupport_libraries-extras.cmake
[0.514s] -- Up-to-date: /home/ubuntu/ros2_ws2/install/rob599_msgs2/share/rob599_msgs2/cmake/rob599_msgs2Config.cmake
[0.514s] -- Up-to-date: /home/ubuntu/ros2_ws2/install/rob599_msgs2/share/rob599_msgs2/cmake/rob599_msgs2Config-version.cmake
[0.514s] -- Up-to-date: /home/ubuntu/ros2_ws2/install/rob599_msgs2/share/rob599_msgs2/package.xml
[0.538s] Invoked command in '/home/ubuntu/ros2_ws2/build/rob599_msgs2' returned '0': CMAKE_PREFIX_PATH=${CMAKE_PREFIX_PATH}:/home/ubuntu/ros2_ws2/install/rob599_hw3:/opt/ros/humble /usr/bin/cmake --install /home/ubuntu/ros2_ws2/build/rob599_msgs2
