[0.202s] Invoking command in '/home/ubuntu/ros2_ws2/src/build/turtlebot3_simulations': AMENT_PREFIX_PATH=/home/ubuntu/ros2_ws2/src/install/turtlebot3_gazebo:/home/ubuntu/ros2_ws2/src/install/turtlebot3_fake_node:${AMENT_PREFIX_PATH} CMAKE_PREFIX_PATH=/home/ubuntu/ros2_ws2/src/install/turtlebot3_gazebo:/home/ubuntu/ros2_ws2/src/install/turtlebot3_fake_node:/home/ubuntu/ros2_ws2/install/turtlebot3_simulations:/home/ubuntu/ros2_ws2/install/turtlebot3_gazebo:/home/ubuntu/ros2_ws2/install/turtlebot3_fake_node:/home/ubuntu/ros2_ws2/install/rob599_msgs2:/home/ubuntu/ros2_ws2/install/rob599_hw3:/opt/ros/humble /usr/bin/cmake /home/ubuntu/ros2_ws2/src/turtlebot3_simulations/turtlebot3_simulations -DCMAKE_INSTALL_PREFIX=/home/ubuntu/ros2_ws2/src/install/turtlebot3_simulations
[0.233s] -- The C compiler identification is GNU 11.4.0
[0.263s] -- The CXX compiler identification is GNU 11.4.0
[0.267s] -- Detecting C compiler ABI info
[0.304s] -- Detecting C compiler ABI info - done
[0.308s] -- Check for working C compiler: /usr/bin/cc - skipped
[0.308s] -- Detecting C compile features
[0.308s] -- Detecting C compile features - done
[0.310s] -- Detecting CXX compiler ABI info
[0.354s] -- Detecting CXX compiler ABI info - done
[0.358s] -- Check for working CXX compiler: /usr/bin/c++ - skipped
[0.358s] -- Detecting CXX compile features
[0.358s] -- Detecting CXX compile features - done
[0.360s] -- Found ament_cmake: 1.3.8 (/opt/ros/humble/share/ament_cmake/cmake)
[0.446s] -- Found Python3: /usr/bin/python3 (found version "3.10.12") found components: Interpreter 
[0.528s] -- Configuring done
[0.529s] -- Generating done
[0.529s] -- Build files have been written to: /home/ubuntu/ros2_ws2/src/build/turtlebot3_simulations
[0.533s] Invoked command in '/home/ubuntu/ros2_ws2/src/build/turtlebot3_simulations' returned '0': AMENT_PREFIX_PATH=/home/ubuntu/ros2_ws2/src/install/turtlebot3_gazebo:/home/ubuntu/ros2_ws2/src/install/turtlebot3_fake_node:${AMENT_PREFIX_PATH} CMAKE_PREFIX_PATH=/home/ubuntu/ros2_ws2/src/install/turtlebot3_gazebo:/home/ubuntu/ros2_ws2/src/install/turtlebot3_fake_node:/home/ubuntu/ros2_ws2/install/turtlebot3_simulations:/home/ubuntu/ros2_ws2/install/turtlebot3_gazebo:/home/ubuntu/ros2_ws2/install/turtlebot3_fake_node:/home/ubuntu/ros2_ws2/install/rob599_msgs2:/home/ubuntu/ros2_ws2/install/rob599_hw3:/opt/ros/humble /usr/bin/cmake /home/ubuntu/ros2_ws2/src/turtlebot3_simulations/turtlebot3_simulations -DCMAKE_INSTALL_PREFIX=/home/ubuntu/ros2_ws2/src/install/turtlebot3_simulations
[0.534s] Invoking command in '/home/ubuntu/ros2_ws2/src/build/turtlebot3_simulations': AMENT_PREFIX_PATH=/home/ubuntu/ros2_ws2/src/install/turtlebot3_gazebo:/home/ubuntu/ros2_ws2/src/install/turtlebot3_fake_node:${AMENT_PREFIX_PATH} CMAKE_PREFIX_PATH=/home/ubuntu/ros2_ws2/src/install/turtlebot3_gazebo:/home/ubuntu/ros2_ws2/src/install/turtlebot3_fake_node:/home/ubuntu/ros2_ws2/install/turtlebot3_simulations:/home/ubuntu/ros2_ws2/install/turtlebot3_gazebo:/home/ubuntu/ros2_ws2/install/turtlebot3_fake_node:/home/ubuntu/ros2_ws2/install/rob599_msgs2:/home/ubuntu/ros2_ws2/install/rob599_hw3:/opt/ros/humble /usr/bin/cmake --build /home/ubuntu/ros2_ws2/src/build/turtlebot3_simulations -- -j16 -l16
[0.556s] Invoked command in '/home/ubuntu/ros2_ws2/src/build/turtlebot3_simulations' returned '0': AMENT_PREFIX_PATH=/home/ubuntu/ros2_ws2/src/install/turtlebot3_gazebo:/home/ubuntu/ros2_ws2/src/install/turtlebot3_fake_node:${AMENT_PREFIX_PATH} CMAKE_PREFIX_PATH=/home/ubuntu/ros2_ws2/src/install/turtlebot3_gazebo:/home/ubuntu/ros2_ws2/src/install/turtlebot3_fake_node:/home/ubuntu/ros2_ws2/install/turtlebot3_simulations:/home/ubuntu/ros2_ws2/install/turtlebot3_gazebo:/home/ubuntu/ros2_ws2/install/turtlebot3_fake_node:/home/ubuntu/ros2_ws2/install/rob599_msgs2:/home/ubuntu/ros2_ws2/install/rob599_hw3:/opt/ros/humble /usr/bin/cmake --build /home/ubuntu/ros2_ws2/src/build/turtlebot3_simulations -- -j16 -l16
[0.590s] Invoking command in '/home/ubuntu/ros2_ws2/src/build/turtlebot3_simulations': AMENT_PREFIX_PATH=/home/ubuntu/ros2_ws2/src/install/turtlebot3_gazebo:/home/ubuntu/ros2_ws2/src/install/turtlebot3_fake_node:${AMENT_PREFIX_PATH} CMAKE_PREFIX_PATH=/home/ubuntu/ros2_ws2/src/install/turtlebot3_gazebo:/home/ubuntu/ros2_ws2/src/install/turtlebot3_fake_node:/home/ubuntu/ros2_ws2/install/turtlebot3_simulations:/home/ubuntu/ros2_ws2/install/turtlebot3_gazebo:/home/ubuntu/ros2_ws2/install/turtlebot3_fake_node:/home/ubuntu/ros2_ws2/install/rob599_msgs2:/home/ubuntu/ros2_ws2/install/rob599_hw3:/opt/ros/humble /usr/bin/cmake --install /home/ubuntu/ros2_ws2/src/build/turtlebot3_simulations
[0.594s] -- Install configuration: ""
[0.594s] -- Installing: /home/ubuntu/ros2_ws2/src/install/turtlebot3_simulations/share/ament_index/resource_index/package_run_dependencies/turtlebot3_simulations
[0.594s] -- Installing: /home/ubuntu/ros2_ws2/src/install/turtlebot3_simulations/share/ament_index/resource_index/parent_prefix_path/turtlebot3_simulations
[0.594s] -- Installing: /home/ubuntu/ros2_ws2/src/install/turtlebot3_simulations/share/turtlebot3_simulations/environment/ament_prefix_path.sh
[0.594s] -- Installing: /home/ubuntu/ros2_ws2/src/install/turtlebot3_simulations/share/turtlebot3_simulations/environment/ament_prefix_path.dsv
[0.594s] -- Installing: /home/ubuntu/ros2_ws2/src/install/turtlebot3_simulations/share/turtlebot3_simulations/environment/path.sh
[0.594s] -- Installing: /home/ubuntu/ros2_ws2/src/install/turtlebot3_simulations/share/turtlebot3_simulations/environment/path.dsv
[0.594s] -- Installing: /home/ubuntu/ros2_ws2/src/install/turtlebot3_simulations/share/turtlebot3_simulations/local_setup.bash
[0.594s] -- Installing: /home/ubuntu/ros2_ws2/src/install/turtlebot3_simulations/share/turtlebot3_simulations/local_setup.sh
[0.594s] -- Installing: /home/ubuntu/ros2_ws2/src/install/turtlebot3_simulations/share/turtlebot3_simulations/local_setup.zsh
[0.595s] -- Installing: /home/ubuntu/ros2_ws2/src/install/turtlebot3_simulations/share/turtlebot3_simulations/local_setup.dsv
[0.595s] -- Installing: /home/ubuntu/ros2_ws2/src/install/turtlebot3_simulations/share/turtlebot3_simulations/package.dsv
[0.595s] -- Installing: /home/ubuntu/ros2_ws2/src/install/turtlebot3_simulations/share/ament_index/resource_index/packages/turtlebot3_simulations
[0.595s] -- Installing: /home/ubuntu/ros2_ws2/src/install/turtlebot3_simulations/share/turtlebot3_simulations/cmake/turtlebot3_simulationsConfig.cmake
[0.595s] -- Installing: /home/ubuntu/ros2_ws2/src/install/turtlebot3_simulations/share/turtlebot3_simulations/cmake/turtlebot3_simulationsConfig-version.cmake
[0.595s] -- Installing: /home/ubuntu/ros2_ws2/src/install/turtlebot3_simulations/share/turtlebot3_simulations/package.xml
[0.596s] Invoked command in '/home/ubuntu/ros2_ws2/src/build/turtlebot3_simulations' returned '0': AMENT_PREFIX_PATH=/home/ubuntu/ros2_ws2/src/install/turtlebot3_gazebo:/home/ubuntu/ros2_ws2/src/install/turtlebot3_fake_node:${AMENT_PREFIX_PATH} CMAKE_PREFIX_PATH=/home/ubuntu/ros2_ws2/src/install/turtlebot3_gazebo:/home/ubuntu/ros2_ws2/src/install/turtlebot3_fake_node:/home/ubuntu/ros2_ws2/install/turtlebot3_simulations:/home/ubuntu/ros2_ws2/install/turtlebot3_gazebo:/home/ubuntu/ros2_ws2/install/turtlebot3_fake_node:/home/ubuntu/ros2_ws2/install/rob599_msgs2:/home/ubuntu/ros2_ws2/install/rob599_hw3:/opt/ros/humble /usr/bin/cmake --install /home/ubuntu/ros2_ws2/src/build/turtlebot3_simulations
