[0.034s] Invoking command in '/home/ubuntu/ros2_ws2/src/build/turtlebot3_fake_node': CMAKE_PREFIX_PATH=${CMAKE_PREFIX_PATH}:/home/ubuntu/ros2_ws2/install/rob599_hw3:/opt/ros/humble /usr/bin/cmake /home/ubuntu/ros2_ws2/src/turtlebot3_simulations/turtlebot3_fake_node -DCMAKE_INSTALL_PREFIX=/home/ubuntu/ros2_ws2/src/install/turtlebot3_fake_node
[0.262s] -- The C compiler identification is GNU 11.4.0
[0.510s] -- The CXX compiler identification is GNU 11.4.0
[0.521s] -- Detecting C compiler ABI info
[0.566s] -- Detecting C compiler ABI info - done
[0.573s] -- Check for working C compiler: /usr/bin/cc - skipped
[0.573s] -- Detecting C compile features
[0.573s] -- Detecting C compile features - done
[0.574s] -- Detecting CXX compiler ABI info
[0.626s] -- Detecting CXX compiler ABI info - done
[0.632s] -- Check for working CXX compiler: /usr/bin/c++ - skipped
[0.632s] -- Detecting CXX compile features
[0.632s] -- Detecting CXX compile features - done
[0.634s] -- Found ament_cmake: 1.3.8 (/opt/ros/humble/share/ament_cmake/cmake)
[0.736s] -- Found Python3: /usr/bin/python3 (found version "3.10.12") found components: Interpreter 
[0.825s] -- Found geometry_msgs: 4.2.3 (/opt/ros/humble/share/geometry_msgs/cmake)
[0.872s] -- Found rosidl_generator_c: 3.1.5 (/opt/ros/humble/share/rosidl_generator_c/cmake)
[0.875s] -- Found rosidl_adapter: 3.1.5 (/opt/ros/humble/share/rosidl_adapter/cmake)
[0.882s] -- Found rosidl_generator_cpp: 3.1.5 (/opt/ros/humble/share/rosidl_generator_cpp/cmake)
[0.898s] -- Using all available rosidl_typesupport_c: rosidl_typesupport_fastrtps_c;rosidl_typesupport_introspection_c
[0.909s] -- Using all available rosidl_typesupport_cpp: rosidl_typesupport_fastrtps_cpp;rosidl_typesupport_introspection_cpp
[0.998s] -- Found nav_msgs: 4.2.3 (/opt/ros/humble/share/nav_msgs/cmake)
[1.055s] -- Found rclcpp: 16.0.8 (/opt/ros/humble/share/rclcpp/cmake)
[1.130s] -- Found rmw_implementation_cmake: 6.1.1 (/opt/ros/humble/share/rmw_implementation_cmake/cmake)
[1.141s] -- Found rmw_fastrtps_cpp: 6.2.6 (/opt/ros/humble/share/rmw_fastrtps_cpp/cmake)
[1.224s] -- Found OpenSSL: /usr/lib/x86_64-linux-gnu/libcrypto.so (found version "3.0.2")  
[1.248s] -- Found FastRTPS: /opt/ros/humble/include  
[1.289s] -- Using RMW implementation 'rmw_fastrtps_cpp' as default
[1.301s] -- Looking for pthread.h
[1.340s] -- Looking for pthread.h - found
[1.340s] -- Performing Test CMAKE_HAVE_LIBC_PTHREAD
[1.380s] -- Performing Test CMAKE_HAVE_LIBC_PTHREAD - Success
[1.381s] -- Found Threads: TRUE  
[1.476s] -- Found sensor_msgs: 4.2.3 (/opt/ros/humble/share/sensor_msgs/cmake)
[1.536s] -- Found tf2: 0.25.6 (/opt/ros/humble/share/tf2/cmake)
[1.553s] -- Found tf2_msgs: 0.25.6 (/opt/ros/humble/share/tf2_msgs/cmake)
[1.663s] -- Found turtlebot3_msgs: 2.2.3 (/opt/ros/humble/share/turtlebot3_msgs/cmake)
[1.770s] -- Configuring done
[1.778s] -- Generating done
[1.779s] -- Build files have been written to: /home/ubuntu/ros2_ws2/src/build/turtlebot3_fake_node
[1.785s] Invoked command in '/home/ubuntu/ros2_ws2/src/build/turtlebot3_fake_node' returned '0': CMAKE_PREFIX_PATH=${CMAKE_PREFIX_PATH}:/home/ubuntu/ros2_ws2/install/rob599_hw3:/opt/ros/humble /usr/bin/cmake /home/ubuntu/ros2_ws2/src/turtlebot3_simulations/turtlebot3_fake_node -DCMAKE_INSTALL_PREFIX=/home/ubuntu/ros2_ws2/src/install/turtlebot3_fake_node
[1.786s] Invoking command in '/home/ubuntu/ros2_ws2/src/build/turtlebot3_fake_node': CMAKE_PREFIX_PATH=${CMAKE_PREFIX_PATH}:/home/ubuntu/ros2_ws2/install/rob599_hw3:/opt/ros/humble /usr/bin/cmake --build /home/ubuntu/ros2_ws2/src/build/turtlebot3_fake_node -- -j16 -l16
[1.820s] [ 50%] [32mBuilding CXX object CMakeFiles/turtlebot3_fake_node.dir/src/turtlebot3_fake_node.cpp.o[0m
[8.366s] [100%] [32m[1mLinking CXX executable turtlebot3_fake_node[0m
[8.866s] [100%] Built target turtlebot3_fake_node
[8.877s] Invoked command in '/home/ubuntu/ros2_ws2/src/build/turtlebot3_fake_node' returned '0': CMAKE_PREFIX_PATH=${CMAKE_PREFIX_PATH}:/home/ubuntu/ros2_ws2/install/rob599_hw3:/opt/ros/humble /usr/bin/cmake --build /home/ubuntu/ros2_ws2/src/build/turtlebot3_fake_node -- -j16 -l16
[8.901s] Invoking command in '/home/ubuntu/ros2_ws2/src/build/turtlebot3_fake_node': CMAKE_PREFIX_PATH=${CMAKE_PREFIX_PATH}:/home/ubuntu/ros2_ws2/install/rob599_hw3:/opt/ros/humble /usr/bin/cmake --install /home/ubuntu/ros2_ws2/src/build/turtlebot3_fake_node
[8.908s] -- Install configuration: ""
[8.908s] -- Installing: /home/ubuntu/ros2_ws2/src/install/turtlebot3_fake_node/lib/turtlebot3_fake_node/turtlebot3_fake_node
[8.913s] -- Set runtime path of "/home/ubuntu/ros2_ws2/src/install/turtlebot3_fake_node/lib/turtlebot3_fake_node/turtlebot3_fake_node" to ""
[8.914s] -- Installing: /home/ubuntu/ros2_ws2/src/install/turtlebot3_fake_node/share/turtlebot3_fake_node/launch
[8.915s] -- Installing: /home/ubuntu/ros2_ws2/src/install/turtlebot3_fake_node/share/turtlebot3_fake_node/launch/turtlebot3_fake_node.launch.py
[8.916s] -- Installing: /home/ubuntu/ros2_ws2/src/install/turtlebot3_fake_node/share/turtlebot3_fake_node/launch/rviz2.launch.py
[8.918s] -- Installing: /home/ubuntu/ros2_ws2/src/install/turtlebot3_fake_node/share/turtlebot3_fake_node/param
[8.919s] -- Installing: /home/ubuntu/ros2_ws2/src/install/turtlebot3_fake_node/share/turtlebot3_fake_node/param/burger.yaml
[8.920s] -- Installing: /home/ubuntu/ros2_ws2/src/install/turtlebot3_fake_node/share/turtlebot3_fake_node/param/waffle_pi.yaml
[8.923s] -- Installing: /home/ubuntu/ros2_ws2/src/install/turtlebot3_fake_node/share/turtlebot3_fake_node/param/waffle.yaml
[8.924s] -- Installing: /home/ubuntu/ros2_ws2/src/install/turtlebot3_fake_node/include/
[8.925s] -- Installing: /home/ubuntu/ros2_ws2/src/install/turtlebot3_fake_node/include//turtlebot3_fake_node
[8.926s] -- Installing: /home/ubuntu/ros2_ws2/src/install/turtlebot3_fake_node/include//turtlebot3_fake_node/turtlebot3_fake_node.hpp
[8.926s] -- Installing: /home/ubuntu/ros2_ws2/src/install/turtlebot3_fake_node/share/ament_index/resource_index/package_run_dependencies/turtlebot3_fake_node
[8.928s] -- Installing: /home/ubuntu/ros2_ws2/src/install/turtlebot3_fake_node/share/ament_index/resource_index/parent_prefix_path/turtlebot3_fake_node
[8.928s] -- Installing: /home/ubuntu/ros2_ws2/src/install/turtlebot3_fake_node/share/turtlebot3_fake_node/environment/ament_prefix_path.sh
[8.930s] -- Installing: /home/ubuntu/ros2_ws2/src/install/turtlebot3_fake_node/share/turtlebot3_fake_node/environment/ament_prefix_path.dsv
[8.931s] -- Installing: /home/ubuntu/ros2_ws2/src/install/turtlebot3_fake_node/share/turtlebot3_fake_node/environment/path.sh
[8.932s] -- Installing: /home/ubuntu/ros2_ws2/src/install/turtlebot3_fake_node/share/turtlebot3_fake_node/environment/path.dsv
[8.933s] -- Installing: /home/ubuntu/ros2_ws2/src/install/turtlebot3_fake_node/share/turtlebot3_fake_node/local_setup.bash
[8.934s] -- Installing: /home/ubuntu/ros2_ws2/src/install/turtlebot3_fake_node/share/turtlebot3_fake_node/local_setup.sh
[8.935s] -- Installing: /home/ubuntu/ros2_ws2/src/install/turtlebot3_fake_node/share/turtlebot3_fake_node/local_setup.zsh
[8.936s] -- Installing: /home/ubuntu/ros2_ws2/src/install/turtlebot3_fake_node/share/turtlebot3_fake_node/local_setup.dsv
[8.937s] -- Installing: /home/ubuntu/ros2_ws2/src/install/turtlebot3_fake_node/share/turtlebot3_fake_node/package.dsv
[8.938s] -- Installing: /home/ubuntu/ros2_ws2/src/install/turtlebot3_fake_node/share/ament_index/resource_index/packages/turtlebot3_fake_node
[8.939s] -- Installing: /home/ubuntu/ros2_ws2/src/install/turtlebot3_fake_node/share/turtlebot3_fake_node/cmake/ament_cmake_export_include_directories-extras.cmake
[8.940s] -- Installing: /home/ubuntu/ros2_ws2/src/install/turtlebot3_fake_node/share/turtlebot3_fake_node/cmake/ament_cmake_export_dependencies-extras.cmake
[8.941s] -- Installing: /home/ubuntu/ros2_ws2/src/install/turtlebot3_fake_node/share/turtlebot3_fake_node/cmake/turtlebot3_fake_nodeConfig.cmake
[8.942s] -- Installing: /home/ubuntu/ros2_ws2/src/install/turtlebot3_fake_node/share/turtlebot3_fake_node/cmake/turtlebot3_fake_nodeConfig-version.cmake
[8.942s] -- Installing: /home/ubuntu/ros2_ws2/src/install/turtlebot3_fake_node/share/turtlebot3_fake_node/package.xml
[8.953s] Invoked command in '/home/ubuntu/ros2_ws2/src/build/turtlebot3_fake_node' returned '0': CMAKE_PREFIX_PATH=${CMAKE_PREFIX_PATH}:/home/ubuntu/ros2_ws2/install/rob599_hw3:/opt/ros/humble /usr/bin/cmake --install /home/ubuntu/ros2_ws2/src/build/turtlebot3_fake_node
