[0.443s] DEBUG:colcon:Command line arguments: ['/home/ubuntu/.local/bin/colcon', 'build']
[0.443s] DEBUG:colcon:Parsed command line arguments: Namespace(log_base=None, log_level=None, verb_name='build', build_base='build', install_base='install', merge_install=False, symlink_install=False, test_result_base=None, continue_on_error=False, executor='parallel', parallel_workers=16, event_handlers=None, ignore_user_meta=False, metas=['./colcon.meta'], base_paths=['.'], packages_ignore=None, packages_ignore_regex=None, paths=None, packages_up_to=None, packages_up_to_regex=None, packages_above=None, packages_above_and_dependencies=None, packages_above_depth=None, packages_select_by_dep=None, packages_skip_by_dep=None, packages_skip_up_to=None, packages_select_build_failed=False, packages_skip_build_finished=False, packages_select_test_failures=False, packages_skip_test_passed=False, packages_select=None, packages_skip=None, packages_select_regex=None, packages_skip_regex=None, packages_start=None, packages_end=None, allow_overriding=[], cmake_args=None, cmake_target=None, cmake_target_skip_unavailable=False, cmake_clean_cache=False, cmake_clean_first=False, cmake_force_configure=False, ament_cmake_args=None, catkin_cmake_args=None, catkin_skip_building_tests=False, verb_parser=<colcon_defaults.argument_parser.defaults.DefaultArgumentsDecorator object at 0x7fa581a28940>, verb_extension=<colcon_core.verb.build.BuildVerb object at 0x7fa5827a7e20>, main=<bound method BuildVerb.main of <colcon_core.verb.build.BuildVerb object at 0x7fa5827a7e20>>)
[0.464s] Level 1:colcon.colcon_core.package_discovery:discover_packages(colcon_meta) check parameters
[0.464s] Level 1:colcon.colcon_core.package_discovery:discover_packages(recursive) check parameters
[0.464s] Level 1:colcon.colcon_core.package_discovery:discover_packages(ignore) check parameters
[0.464s] Level 1:colcon.colcon_core.package_discovery:discover_packages(path) check parameters
[0.464s] Level 1:colcon.colcon_core.package_discovery:discover_packages(colcon_meta) discover
[0.464s] Level 1:colcon.colcon_core.package_discovery:discover_packages(recursive) discover
[0.464s] INFO:colcon.colcon_core.package_discovery:Crawling recursively for packages in '/home/ubuntu/ros2_ws2/src'
[0.464s] Level 1:colcon.colcon_core.package_identification:_identify(.) by extensions ['ignore', 'ignore_ament_install']
[0.464s] Level 1:colcon.colcon_core.package_identification:_identify(.) by extension 'ignore'
[0.464s] Level 1:colcon.colcon_core.package_identification:_identify(.) by extension 'ignore_ament_install'
[0.464s] Level 1:colcon.colcon_core.package_identification:_identify(.) by extensions ['colcon_pkg']
[0.464s] Level 1:colcon.colcon_core.package_identification:_identify(.) by extension 'colcon_pkg'
[0.465s] Level 1:colcon.colcon_core.package_identification:_identify(.) by extensions ['colcon_meta']
[0.465s] Level 1:colcon.colcon_core.package_identification:_identify(.) by extension 'colcon_meta'
[0.465s] Level 1:colcon.colcon_core.package_identification:_identify(.) by extensions ['ros']
[0.465s] Level 1:colcon.colcon_core.package_identification:_identify(.) by extension 'ros'
[0.470s] Level 1:colcon.colcon_core.package_identification:_identify(.) by extensions ['cmake', 'python']
[0.470s] Level 1:colcon.colcon_core.package_identification:_identify(.) by extension 'cmake'
[0.470s] Level 1:colcon.colcon_core.package_identification:_identify(.) by extension 'python'
[0.470s] Level 1:colcon.colcon_core.package_identification:_identify(.) by extensions ['python_setup_py']
[0.470s] Level 1:colcon.colcon_core.package_identification:_identify(.) by extension 'python_setup_py'
[0.471s] Level 1:colcon.colcon_core.package_identification:_identify(build) by extensions ['ignore', 'ignore_ament_install']
[0.471s] Level 1:colcon.colcon_core.package_identification:_identify(build) by extension 'ignore'
[0.471s] Level 1:colcon.colcon_core.package_identification:_identify(build) ignored
[0.471s] Level 1:colcon.colcon_core.package_identification:_identify(install) by extensions ['ignore', 'ignore_ament_install']
[0.471s] Level 1:colcon.colcon_core.package_identification:_identify(install) by extension 'ignore'
[0.471s] Level 1:colcon.colcon_core.package_identification:_identify(install) ignored
[0.471s] Level 1:colcon.colcon_core.package_identification:_identify(log) by extensions ['ignore', 'ignore_ament_install']
[0.471s] Level 1:colcon.colcon_core.package_identification:_identify(log) by extension 'ignore'
[0.471s] Level 1:colcon.colcon_core.package_identification:_identify(log) ignored
[0.471s] Level 1:colcon.colcon_core.package_identification:_identify(rob599_hw3) by extensions ['ignore', 'ignore_ament_install']
[0.471s] Level 1:colcon.colcon_core.package_identification:_identify(rob599_hw3) by extension 'ignore'
[0.471s] Level 1:colcon.colcon_core.package_identification:_identify(rob599_hw3) by extension 'ignore_ament_install'
[0.471s] Level 1:colcon.colcon_core.package_identification:_identify(rob599_hw3) by extensions ['colcon_pkg']
[0.471s] Level 1:colcon.colcon_core.package_identification:_identify(rob599_hw3) by extension 'colcon_pkg'
[0.471s] Level 1:colcon.colcon_core.package_identification:_identify(rob599_hw3) by extensions ['colcon_meta']
[0.471s] Level 1:colcon.colcon_core.package_identification:_identify(rob599_hw3) by extension 'colcon_meta'
[0.471s] Level 1:colcon.colcon_core.package_identification:_identify(rob599_hw3) by extensions ['ros']
[0.471s] Level 1:colcon.colcon_core.package_identification:_identify(rob599_hw3) by extension 'ros'
[0.472s] DEBUG:colcon.colcon_core.package_identification:Package 'rob599_hw3' with type 'ros.ament_python' and name 'rob599_hw3'
[0.472s] Level 1:colcon.colcon_core.package_identification:_identify(rob599_msgs2) by extensions ['ignore', 'ignore_ament_install']
[0.472s] Level 1:colcon.colcon_core.package_identification:_identify(rob599_msgs2) by extension 'ignore'
[0.472s] Level 1:colcon.colcon_core.package_identification:_identify(rob599_msgs2) by extension 'ignore_ament_install'
[0.472s] Level 1:colcon.colcon_core.package_identification:_identify(rob599_msgs2) by extensions ['colcon_pkg']
[0.472s] Level 1:colcon.colcon_core.package_identification:_identify(rob599_msgs2) by extension 'colcon_pkg'
[0.472s] Level 1:colcon.colcon_core.package_identification:_identify(rob599_msgs2) by extensions ['colcon_meta']
[0.472s] Level 1:colcon.colcon_core.package_identification:_identify(rob599_msgs2) by extension 'colcon_meta'
[0.472s] Level 1:colcon.colcon_core.package_identification:_identify(rob599_msgs2) by extensions ['ros']
[0.472s] Level 1:colcon.colcon_core.package_identification:_identify(rob599_msgs2) by extension 'ros'
[0.473s] DEBUG:colcon.colcon_core.package_identification:Package 'rob599_msgs2' with type 'ros.ament_cmake' and name 'rob599_msgs2'
[0.473s] Level 1:colcon.colcon_core.package_identification:_identify(turtlebot3_simulations) by extensions ['ignore', 'ignore_ament_install']
[0.473s] Level 1:colcon.colcon_core.package_identification:_identify(turtlebot3_simulations) by extension 'ignore'
[0.473s] Level 1:colcon.colcon_core.package_identification:_identify(turtlebot3_simulations) by extension 'ignore_ament_install'
[0.473s] Level 1:colcon.colcon_core.package_identification:_identify(turtlebot3_simulations) by extensions ['colcon_pkg']
[0.473s] Level 1:colcon.colcon_core.package_identification:_identify(turtlebot3_simulations) by extension 'colcon_pkg'
[0.473s] Level 1:colcon.colcon_core.package_identification:_identify(turtlebot3_simulations) by extensions ['colcon_meta']
[0.473s] Level 1:colcon.colcon_core.package_identification:_identify(turtlebot3_simulations) by extension 'colcon_meta'
[0.473s] Level 1:colcon.colcon_core.package_identification:_identify(turtlebot3_simulations) by extensions ['ros']
[0.473s] Level 1:colcon.colcon_core.package_identification:_identify(turtlebot3_simulations) by extension 'ros'
[0.473s] Level 1:colcon.colcon_core.package_identification:_identify(turtlebot3_simulations) by extensions ['cmake', 'python']
[0.473s] Level 1:colcon.colcon_core.package_identification:_identify(turtlebot3_simulations) by extension 'cmake'
[0.473s] Level 1:colcon.colcon_core.package_identification:_identify(turtlebot3_simulations) by extension 'python'
[0.473s] Level 1:colcon.colcon_core.package_identification:_identify(turtlebot3_simulations) by extensions ['python_setup_py']
[0.473s] Level 1:colcon.colcon_core.package_identification:_identify(turtlebot3_simulations) by extension 'python_setup_py'
[0.473s] Level 1:colcon.colcon_core.package_identification:_identify(turtlebot3_simulations/turtlebot3_fake_node) by extensions ['ignore', 'ignore_ament_install']
[0.473s] Level 1:colcon.colcon_core.package_identification:_identify(turtlebot3_simulations/turtlebot3_fake_node) by extension 'ignore'
[0.473s] Level 1:colcon.colcon_core.package_identification:_identify(turtlebot3_simulations/turtlebot3_fake_node) by extension 'ignore_ament_install'
[0.473s] Level 1:colcon.colcon_core.package_identification:_identify(turtlebot3_simulations/turtlebot3_fake_node) by extensions ['colcon_pkg']
[0.473s] Level 1:colcon.colcon_core.package_identification:_identify(turtlebot3_simulations/turtlebot3_fake_node) by extension 'colcon_pkg'
[0.473s] Level 1:colcon.colcon_core.package_identification:_identify(turtlebot3_simulations/turtlebot3_fake_node) by extensions ['colcon_meta']
[0.473s] Level 1:colcon.colcon_core.package_identification:_identify(turtlebot3_simulations/turtlebot3_fake_node) by extension 'colcon_meta'
[0.473s] Level 1:colcon.colcon_core.package_identification:_identify(turtlebot3_simulations/turtlebot3_fake_node) by extensions ['ros']
[0.473s] Level 1:colcon.colcon_core.package_identification:_identify(turtlebot3_simulations/turtlebot3_fake_node) by extension 'ros'
[0.474s] DEBUG:colcon.colcon_core.package_identification:Package 'turtlebot3_simulations/turtlebot3_fake_node' with type 'ros.ament_cmake' and name 'turtlebot3_fake_node'
[0.474s] Level 1:colcon.colcon_core.package_identification:_identify(turtlebot3_simulations/turtlebot3_gazebo) by extensions ['ignore', 'ignore_ament_install']
[0.474s] Level 1:colcon.colcon_core.package_identification:_identify(turtlebot3_simulations/turtlebot3_gazebo) by extension 'ignore'
[0.474s] Level 1:colcon.colcon_core.package_identification:_identify(turtlebot3_simulations/turtlebot3_gazebo) by extension 'ignore_ament_install'
[0.474s] Level 1:colcon.colcon_core.package_identification:_identify(turtlebot3_simulations/turtlebot3_gazebo) by extensions ['colcon_pkg']
[0.474s] Level 1:colcon.colcon_core.package_identification:_identify(turtlebot3_simulations/turtlebot3_gazebo) by extension 'colcon_pkg'
[0.474s] Level 1:colcon.colcon_core.package_identification:_identify(turtlebot3_simulations/turtlebot3_gazebo) by extensions ['colcon_meta']
[0.474s] Level 1:colcon.colcon_core.package_identification:_identify(turtlebot3_simulations/turtlebot3_gazebo) by extension 'colcon_meta'
[0.474s] Level 1:colcon.colcon_core.package_identification:_identify(turtlebot3_simulations/turtlebot3_gazebo) by extensions ['ros']
[0.474s] Level 1:colcon.colcon_core.package_identification:_identify(turtlebot3_simulations/turtlebot3_gazebo) by extension 'ros'
[0.474s] DEBUG:colcon.colcon_core.package_identification:Package 'turtlebot3_simulations/turtlebot3_gazebo' with type 'ros.ament_cmake' and name 'turtlebot3_gazebo'
[0.474s] Level 1:colcon.colcon_core.package_identification:_identify(turtlebot3_simulations/turtlebot3_simulations) by extensions ['ignore', 'ignore_ament_install']
[0.474s] Level 1:colcon.colcon_core.package_identification:_identify(turtlebot3_simulations/turtlebot3_simulations) by extension 'ignore'
[0.474s] Level 1:colcon.colcon_core.package_identification:_identify(turtlebot3_simulations/turtlebot3_simulations) by extension 'ignore_ament_install'
[0.474s] Level 1:colcon.colcon_core.package_identification:_identify(turtlebot3_simulations/turtlebot3_simulations) by extensions ['colcon_pkg']
[0.474s] Level 1:colcon.colcon_core.package_identification:_identify(turtlebot3_simulations/turtlebot3_simulations) by extension 'colcon_pkg'
[0.474s] Level 1:colcon.colcon_core.package_identification:_identify(turtlebot3_simulations/turtlebot3_simulations) by extensions ['colcon_meta']
[0.474s] Level 1:colcon.colcon_core.package_identification:_identify(turtlebot3_simulations/turtlebot3_simulations) by extension 'colcon_meta'
[0.474s] Level 1:colcon.colcon_core.package_identification:_identify(turtlebot3_simulations/turtlebot3_simulations) by extensions ['ros']
[0.475s] Level 1:colcon.colcon_core.package_identification:_identify(turtlebot3_simulations/turtlebot3_simulations) by extension 'ros'
[0.475s] DEBUG:colcon.colcon_core.package_identification:Package 'turtlebot3_simulations/turtlebot3_simulations' with type 'ros.ament_cmake' and name 'turtlebot3_simulations'
[0.475s] Level 1:colcon.colcon_core.package_discovery:discover_packages(recursive) using defaults
[0.475s] Level 1:colcon.colcon_core.package_discovery:discover_packages(ignore) discover
[0.475s] Level 1:colcon.colcon_core.package_discovery:discover_packages(ignore) using defaults
[0.475s] Level 1:colcon.colcon_core.package_discovery:discover_packages(path) discover
[0.475s] Level 1:colcon.colcon_core.package_discovery:discover_packages(path) using defaults
[0.514s] Level 1:colcon.colcon_core.package_discovery:discover_packages(prefix_path) check parameters
[0.514s] Level 1:colcon.colcon_core.package_discovery:discover_packages(prefix_path) discover
[0.521s] WARNING:colcon.colcon_core.prefix_path.colcon:The path '/home/ubuntu/ros2_ws2/install' in the environment variable COLCON_PREFIX_PATH doesn't exist
[0.521s] WARNING:colcon.colcon_ros.prefix_path.ament:The path '/home/ubuntu/ros2_ws2/install/turtlebot3_simulations' in the environment variable AMENT_PREFIX_PATH doesn't exist
[0.521s] WARNING:colcon.colcon_ros.prefix_path.ament:The path '/home/ubuntu/ros2_ws2/install/rob599_hw3' in the environment variable AMENT_PREFIX_PATH doesn't exist
[0.521s] WARNING:colcon.colcon_ros.prefix_path.ament:The path '/home/ubuntu/ros2_ws2/install/turtlebot3_gazebo' in the environment variable AMENT_PREFIX_PATH doesn't exist
[0.521s] WARNING:colcon.colcon_ros.prefix_path.ament:The path '/home/ubuntu/ros2_ws2/install/turtlebot3_fake_node' in the environment variable AMENT_PREFIX_PATH doesn't exist
[0.521s] WARNING:colcon.colcon_ros.prefix_path.ament:The path '/home/ubuntu/ros2_ws2/install/rob599_msgs2' in the environment variable AMENT_PREFIX_PATH doesn't exist
[0.521s] WARNING:colcon.colcon_ros.prefix_path.catkin:The path '/home/ubuntu/ros2_ws2/install/turtlebot3_simulations' in the environment variable CMAKE_PREFIX_PATH doesn't exist
[0.521s] WARNING:colcon.colcon_ros.prefix_path.catkin:The path '/home/ubuntu/ros2_ws2/install/turtlebot3_gazebo' in the environment variable CMAKE_PREFIX_PATH doesn't exist
[0.521s] WARNING:colcon.colcon_ros.prefix_path.catkin:The path '/home/ubuntu/ros2_ws2/install/turtlebot3_fake_node' in the environment variable CMAKE_PREFIX_PATH doesn't exist
[0.521s] WARNING:colcon.colcon_ros.prefix_path.catkin:The path '/home/ubuntu/ros2_ws2/install/rob599_msgs2' in the environment variable CMAKE_PREFIX_PATH doesn't exist
[0.528s] DEBUG:colcon.colcon_installed_package_information.package_discovery:Found 381 installed packages in /opt/ros/humble
[0.529s] Level 1:colcon.colcon_core.package_discovery:discover_packages(prefix_path) using defaults
[0.582s] Level 5:colcon.colcon_core.verb:set package 'rob599_msgs2' build argument 'cmake_args' from command line to 'None'
[0.582s] Level 5:colcon.colcon_core.verb:set package 'rob599_msgs2' build argument 'cmake_target' from command line to 'None'
[0.582s] Level 5:colcon.colcon_core.verb:set package 'rob599_msgs2' build argument 'cmake_target_skip_unavailable' from command line to 'False'
[0.582s] Level 5:colcon.colcon_core.verb:set package 'rob599_msgs2' build argument 'cmake_clean_cache' from command line to 'False'
[0.582s] Level 5:colcon.colcon_core.verb:set package 'rob599_msgs2' build argument 'cmake_clean_first' from command line to 'False'
[0.582s] Level 5:colcon.colcon_core.verb:set package 'rob599_msgs2' build argument 'cmake_force_configure' from command line to 'False'
[0.582s] Level 5:colcon.colcon_core.verb:set package 'rob599_msgs2' build argument 'ament_cmake_args' from command line to 'None'
[0.582s] Level 5:colcon.colcon_core.verb:set package 'rob599_msgs2' build argument 'catkin_cmake_args' from command line to 'None'
[0.582s] Level 5:colcon.colcon_core.verb:set package 'rob599_msgs2' build argument 'catkin_skip_building_tests' from command line to 'False'
[0.582s] DEBUG:colcon.colcon_core.verb:Building package 'rob599_msgs2' with the following arguments: {'ament_cmake_args': None, 'build_base': '/home/ubuntu/ros2_ws2/src/build/rob599_msgs2', 'catkin_cmake_args': None, 'catkin_skip_building_tests': False, 'cmake_args': None, 'cmake_clean_cache': False, 'cmake_clean_first': False, 'cmake_force_configure': False, 'cmake_target': None, 'cmake_target_skip_unavailable': False, 'install_base': '/home/ubuntu/ros2_ws2/src/install/rob599_msgs2', 'merge_install': False, 'path': '/home/ubuntu/ros2_ws2/src/rob599_msgs2', 'symlink_install': False, 'test_result_base': None}
[0.589s] Level 5:colcon.colcon_core.verb:set package 'turtlebot3_fake_node' build argument 'cmake_args' from command line to 'None'
[0.589s] Level 5:colcon.colcon_core.verb:set package 'turtlebot3_fake_node' build argument 'cmake_target' from command line to 'None'
[0.589s] Level 5:colcon.colcon_core.verb:set package 'turtlebot3_fake_node' build argument 'cmake_target_skip_unavailable' from command line to 'False'
[0.589s] Level 5:colcon.colcon_core.verb:set package 'turtlebot3_fake_node' build argument 'cmake_clean_cache' from command line to 'False'
[0.589s] Level 5:colcon.colcon_core.verb:set package 'turtlebot3_fake_node' build argument 'cmake_clean_first' from command line to 'False'
[0.589s] Level 5:colcon.colcon_core.verb:set package 'turtlebot3_fake_node' build argument 'cmake_force_configure' from command line to 'False'
[0.589s] Level 5:colcon.colcon_core.verb:set package 'turtlebot3_fake_node' build argument 'ament_cmake_args' from command line to 'None'
[0.589s] Level 5:colcon.colcon_core.verb:set package 'turtlebot3_fake_node' build argument 'catkin_cmake_args' from command line to 'None'
[0.589s] Level 5:colcon.colcon_core.verb:set package 'turtlebot3_fake_node' build argument 'catkin_skip_building_tests' from command line to 'False'
[0.589s] DEBUG:colcon.colcon_core.verb:Building package 'turtlebot3_fake_node' with the following arguments: {'ament_cmake_args': None, 'build_base': '/home/ubuntu/ros2_ws2/src/build/turtlebot3_fake_node', 'catkin_cmake_args': None, 'catkin_skip_building_tests': False, 'cmake_args': None, 'cmake_clean_cache': False, 'cmake_clean_first': False, 'cmake_force_configure': False, 'cmake_target': None, 'cmake_target_skip_unavailable': False, 'install_base': '/home/ubuntu/ros2_ws2/src/install/turtlebot3_fake_node', 'merge_install': False, 'path': '/home/ubuntu/ros2_ws2/src/turtlebot3_simulations/turtlebot3_fake_node', 'symlink_install': False, 'test_result_base': None}
[0.595s] Level 5:colcon.colcon_core.verb:set package 'turtlebot3_gazebo' build argument 'cmake_args' from command line to 'None'
[0.595s] Level 5:colcon.colcon_core.verb:set package 'turtlebot3_gazebo' build argument 'cmake_target' from command line to 'None'
[0.595s] Level 5:colcon.colcon_core.verb:set package 'turtlebot3_gazebo' build argument 'cmake_target_skip_unavailable' from command line to 'False'
[0.595s] Level 5:colcon.colcon_core.verb:set package 'turtlebot3_gazebo' build argument 'cmake_clean_cache' from command line to 'False'
[0.595s] Level 5:colcon.colcon_core.verb:set package 'turtlebot3_gazebo' build argument 'cmake_clean_first' from command line to 'False'
[0.595s] Level 5:colcon.colcon_core.verb:set package 'turtlebot3_gazebo' build argument 'cmake_force_configure' from command line to 'False'
[0.595s] Level 5:colcon.colcon_core.verb:set package 'turtlebot3_gazebo' build argument 'ament_cmake_args' from command line to 'None'
[0.595s] Level 5:colcon.colcon_core.verb:set package 'turtlebot3_gazebo' build argument 'catkin_cmake_args' from command line to 'None'
[0.595s] Level 5:colcon.colcon_core.verb:set package 'turtlebot3_gazebo' build argument 'catkin_skip_building_tests' from command line to 'False'
[0.595s] DEBUG:colcon.colcon_core.verb:Building package 'turtlebot3_gazebo' with the following arguments: {'ament_cmake_args': None, 'build_base': '/home/ubuntu/ros2_ws2/src/build/turtlebot3_gazebo', 'catkin_cmake_args': None, 'catkin_skip_building_tests': False, 'cmake_args': None, 'cmake_clean_cache': False, 'cmake_clean_first': False, 'cmake_force_configure': False, 'cmake_target': None, 'cmake_target_skip_unavailable': False, 'install_base': '/home/ubuntu/ros2_ws2/src/install/turtlebot3_gazebo', 'merge_install': False, 'path': '/home/ubuntu/ros2_ws2/src/turtlebot3_simulations/turtlebot3_gazebo', 'symlink_install': False, 'test_result_base': None}
[0.601s] Level 5:colcon.colcon_core.verb:set package 'rob599_hw3' build argument 'cmake_args' from command line to 'None'
[0.601s] Level 5:colcon.colcon_core.verb:set package 'rob599_hw3' build argument 'cmake_target' from command line to 'None'
[0.601s] Level 5:colcon.colcon_core.verb:set package 'rob599_hw3' build argument 'cmake_target_skip_unavailable' from command line to 'False'
[0.601s] Level 5:colcon.colcon_core.verb:set package 'rob599_hw3' build argument 'cmake_clean_cache' from command line to 'False'
[0.601s] Level 5:colcon.colcon_core.verb:set package 'rob599_hw3' build argument 'cmake_clean_first' from command line to 'False'
[0.601s] Level 5:colcon.colcon_core.verb:set package 'rob599_hw3' build argument 'cmake_force_configure' from command line to 'False'
[0.601s] Level 5:colcon.colcon_core.verb:set package 'rob599_hw3' build argument 'ament_cmake_args' from command line to 'None'
[0.601s] Level 5:colcon.colcon_core.verb:set package 'rob599_hw3' build argument 'catkin_cmake_args' from command line to 'None'
[0.601s] Level 5:colcon.colcon_core.verb:set package 'rob599_hw3' build argument 'catkin_skip_building_tests' from command line to 'False'
[0.601s] DEBUG:colcon.colcon_core.verb:Building package 'rob599_hw3' with the following arguments: {'ament_cmake_args': None, 'build_base': '/home/ubuntu/ros2_ws2/src/build/rob599_hw3', 'catkin_cmake_args': None, 'catkin_skip_building_tests': False, 'cmake_args': None, 'cmake_clean_cache': False, 'cmake_clean_first': False, 'cmake_force_configure': False, 'cmake_target': None, 'cmake_target_skip_unavailable': False, 'install_base': '/home/ubuntu/ros2_ws2/src/install/rob599_hw3', 'merge_install': False, 'path': '/home/ubuntu/ros2_ws2/src/rob599_hw3', 'symlink_install': False, 'test_result_base': None}
[0.607s] Level 5:colcon.colcon_core.verb:set package 'turtlebot3_simulations' build argument 'cmake_args' from command line to 'None'
[0.607s] Level 5:colcon.colcon_core.verb:set package 'turtlebot3_simulations' build argument 'cmake_target' from command line to 'None'
[0.608s] Level 5:colcon.colcon_core.verb:set package 'turtlebot3_simulations' build argument 'cmake_target_skip_unavailable' from command line to 'False'
[0.608s] Level 5:colcon.colcon_core.verb:set package 'turtlebot3_simulations' build argument 'cmake_clean_cache' from command line to 'False'
[0.608s] Level 5:colcon.colcon_core.verb:set package 'turtlebot3_simulations' build argument 'cmake_clean_first' from command line to 'False'
[0.608s] Level 5:colcon.colcon_core.verb:set package 'turtlebot3_simulations' build argument 'cmake_force_configure' from command line to 'False'
[0.608s] Level 5:colcon.colcon_core.verb:set package 'turtlebot3_simulations' build argument 'ament_cmake_args' from command line to 'None'
[0.608s] Level 5:colcon.colcon_core.verb:set package 'turtlebot3_simulations' build argument 'catkin_cmake_args' from command line to 'None'
[0.608s] Level 5:colcon.colcon_core.verb:set package 'turtlebot3_simulations' build argument 'catkin_skip_building_tests' from command line to 'False'
[0.608s] DEBUG:colcon.colcon_core.verb:Building package 'turtlebot3_simulations' with the following arguments: {'ament_cmake_args': None, 'build_base': '/home/ubuntu/ros2_ws2/src/build/turtlebot3_simulations', 'catkin_cmake_args': None, 'catkin_skip_building_tests': False, 'cmake_args': None, 'cmake_clean_cache': False, 'cmake_clean_first': False, 'cmake_force_configure': False, 'cmake_target': None, 'cmake_target_skip_unavailable': False, 'install_base': '/home/ubuntu/ros2_ws2/src/install/turtlebot3_simulations', 'merge_install': False, 'path': '/home/ubuntu/ros2_ws2/src/turtlebot3_simulations/turtlebot3_simulations', 'symlink_install': False, 'test_result_base': None}
[0.614s] INFO:colcon.colcon_core.executor:Executing jobs using 'parallel' executor
[0.620s] DEBUG:colcon.colcon_parallel_executor.executor.parallel:run_until_complete
[0.620s] INFO:colcon.colcon_ros.task.ament_cmake.build:Building ROS package in '/home/ubuntu/ros2_ws2/src/turtlebot3_simulations/turtlebot3_gazebo' with build type 'ament_cmake'
[0.620s] INFO:colcon.colcon_cmake.task.cmake.build:Building CMake package in '/home/ubuntu/ros2_ws2/src/turtlebot3_simulations/turtlebot3_gazebo'
[0.627s] INFO:colcon.colcon_core.plugin_system:Skipping extension 'colcon_core.shell.bat': Not used on non-Windows systems
[0.627s] INFO:colcon.colcon_core.shell:Skip shell extension 'powershell' for command environment: Not usable outside of PowerShell
[0.627s] DEBUG:colcon.colcon_core.shell:Skip shell extension 'dsv' for command environment
[0.641s] INFO:colcon.colcon_ros.task.ament_cmake.build:Building ROS package in '/home/ubuntu/ros2_ws2/src/rob599_msgs2' with build type 'ament_cmake'
[0.641s] INFO:colcon.colcon_cmake.task.cmake.build:Building CMake package in '/home/ubuntu/ros2_ws2/src/rob599_msgs2'
[0.648s] INFO:colcon.colcon_core.shell:Skip shell extension 'powershell' for command environment: Not usable outside of PowerShell
[0.648s] DEBUG:colcon.colcon_core.shell:Skip shell extension 'dsv' for command environment
[0.663s] INFO:colcon.colcon_ros.task.ament_cmake.build:Building ROS package in '/home/ubuntu/ros2_ws2/src/turtlebot3_simulations/turtlebot3_fake_node' with build type 'ament_cmake'
[0.663s] INFO:colcon.colcon_cmake.task.cmake.build:Building CMake package in '/home/ubuntu/ros2_ws2/src/turtlebot3_simulations/turtlebot3_fake_node'
[0.671s] INFO:colcon.colcon_core.shell:Skip shell extension 'powershell' for command environment: Not usable outside of PowerShell
[0.671s] DEBUG:colcon.colcon_core.shell:Skip shell extension 'dsv' for command environment
[0.693s] DEBUG:colcon.colcon_core.event_handler.log_command:Invoking command in '/home/ubuntu/ros2_ws2/src/build/turtlebot3_gazebo': CMAKE_PREFIX_PATH=${CMAKE_PREFIX_PATH}:/home/ubuntu/ros2_ws2/install/rob599_hw3:/opt/ros/humble /usr/bin/cmake /home/ubuntu/ros2_ws2/src/turtlebot3_simulations/turtlebot3_gazebo -DCMAKE_INSTALL_PREFIX=/home/ubuntu/ros2_ws2/src/install/turtlebot3_gazebo
[0.694s] DEBUG:colcon.colcon_core.event_handler.log_command:Invoking command in '/home/ubuntu/ros2_ws2/src/build/rob599_msgs2': CMAKE_PREFIX_PATH=${CMAKE_PREFIX_PATH}:/home/ubuntu/ros2_ws2/install/rob599_hw3:/opt/ros/humble /usr/bin/cmake /home/ubuntu/ros2_ws2/src/rob599_msgs2 -DCMAKE_INSTALL_PREFIX=/home/ubuntu/ros2_ws2/src/install/rob599_msgs2
[0.697s] DEBUG:colcon.colcon_core.event_handler.log_command:Invoking command in '/home/ubuntu/ros2_ws2/src/build/turtlebot3_fake_node': CMAKE_PREFIX_PATH=${CMAKE_PREFIX_PATH}:/home/ubuntu/ros2_ws2/install/rob599_hw3:/opt/ros/humble /usr/bin/cmake /home/ubuntu/ros2_ws2/src/turtlebot3_simulations/turtlebot3_fake_node -DCMAKE_INSTALL_PREFIX=/home/ubuntu/ros2_ws2/src/install/turtlebot3_fake_node
[2.162s] DEBUG:colcon.colcon_core.event_handler.log_command:Invoked command in '/home/ubuntu/ros2_ws2/src/build/rob599_msgs2' returned '0': CMAKE_PREFIX_PATH=${CMAKE_PREFIX_PATH}:/home/ubuntu/ros2_ws2/install/rob599_hw3:/opt/ros/humble /usr/bin/cmake /home/ubuntu/ros2_ws2/src/rob599_msgs2 -DCMAKE_INSTALL_PREFIX=/home/ubuntu/ros2_ws2/src/install/rob599_msgs2
[2.163s] DEBUG:colcon.colcon_core.event_handler.log_command:Invoking command in '/home/ubuntu/ros2_ws2/src/build/rob599_msgs2': CMAKE_PREFIX_PATH=${CMAKE_PREFIX_PATH}:/home/ubuntu/ros2_ws2/install/rob599_hw3:/opt/ros/humble /usr/bin/cmake --build /home/ubuntu/ros2_ws2/src/build/rob599_msgs2 -- -j16 -l16
[2.448s] DEBUG:colcon.colcon_core.event_handler.log_command:Invoked command in '/home/ubuntu/ros2_ws2/src/build/turtlebot3_fake_node' returned '0': CMAKE_PREFIX_PATH=${CMAKE_PREFIX_PATH}:/home/ubuntu/ros2_ws2/install/rob599_hw3:/opt/ros/humble /usr/bin/cmake /home/ubuntu/ros2_ws2/src/turtlebot3_simulations/turtlebot3_fake_node -DCMAKE_INSTALL_PREFIX=/home/ubuntu/ros2_ws2/src/install/turtlebot3_fake_node
[2.449s] DEBUG:colcon.colcon_core.event_handler.log_command:Invoking command in '/home/ubuntu/ros2_ws2/src/build/turtlebot3_fake_node': CMAKE_PREFIX_PATH=${CMAKE_PREFIX_PATH}:/home/ubuntu/ros2_ws2/install/rob599_hw3:/opt/ros/humble /usr/bin/cmake --build /home/ubuntu/ros2_ws2/src/build/turtlebot3_fake_node -- -j16 -l16
[3.350s] DEBUG:colcon.colcon_core.event_handler.log_command:Invoked command in '/home/ubuntu/ros2_ws2/src/build/turtlebot3_gazebo' returned '0': CMAKE_PREFIX_PATH=${CMAKE_PREFIX_PATH}:/home/ubuntu/ros2_ws2/install/rob599_hw3:/opt/ros/humble /usr/bin/cmake /home/ubuntu/ros2_ws2/src/turtlebot3_simulations/turtlebot3_gazebo -DCMAKE_INSTALL_PREFIX=/home/ubuntu/ros2_ws2/src/install/turtlebot3_gazebo
[3.353s] DEBUG:colcon.colcon_core.event_handler.log_command:Invoking command in '/home/ubuntu/ros2_ws2/src/build/turtlebot3_gazebo': CMAKE_PREFIX_PATH=${CMAKE_PREFIX_PATH}:/home/ubuntu/ros2_ws2/install/rob599_hw3:/opt/ros/humble /usr/bin/cmake --build /home/ubuntu/ros2_ws2/src/build/turtlebot3_gazebo -- -j16 -l16
[4.681s] DEBUG:colcon.colcon_core.event_handler.log_command:Invoked command in '/home/ubuntu/ros2_ws2/src/build/rob599_msgs2' returned '0': CMAKE_PREFIX_PATH=${CMAKE_PREFIX_PATH}:/home/ubuntu/ros2_ws2/install/rob599_hw3:/opt/ros/humble /usr/bin/cmake --build /home/ubuntu/ros2_ws2/src/build/rob599_msgs2 -- -j16 -l16
[4.848s] DEBUG:colcon.colcon_core.event_handler.log_command:Invoking command in '/home/ubuntu/ros2_ws2/src/build/rob599_msgs2': CMAKE_PREFIX_PATH=${CMAKE_PREFIX_PATH}:/home/ubuntu/ros2_ws2/install/rob599_hw3:/opt/ros/humble /usr/bin/cmake --install /home/ubuntu/ros2_ws2/src/build/rob599_msgs2
[4.899s] Level 1:colcon.colcon_core.environment:create_environment_scripts_only(rob599_msgs2)
[4.900s] DEBUG:colcon.colcon_core.event_handler.log_command:Invoked command in '/home/ubuntu/ros2_ws2/src/build/rob599_msgs2' returned '0': CMAKE_PREFIX_PATH=${CMAKE_PREFIX_PATH}:/home/ubuntu/ros2_ws2/install/rob599_hw3:/opt/ros/humble /usr/bin/cmake --install /home/ubuntu/ros2_ws2/src/build/rob599_msgs2
[4.909s] Level 1:colcon.colcon_core.environment:checking '/home/ubuntu/ros2_ws2/src/install/rob599_msgs2' for CMake module files
[4.909s] Level 1:colcon.colcon_core.environment:checking '/home/ubuntu/ros2_ws2/src/install/rob599_msgs2' for CMake config files
[4.909s] Level 1:colcon.colcon_core.shell:create_environment_hook('rob599_msgs2', 'cmake_prefix_path')
[4.917s] INFO:colcon.colcon_core.shell:Creating environment hook '/home/ubuntu/ros2_ws2/src/install/rob599_msgs2/share/rob599_msgs2/hook/cmake_prefix_path.ps1'
[4.918s] INFO:colcon.colcon_core.shell:Creating environment descriptor '/home/ubuntu/ros2_ws2/src/install/rob599_msgs2/share/rob599_msgs2/hook/cmake_prefix_path.dsv'
[4.918s] INFO:colcon.colcon_core.shell:Creating environment hook '/home/ubuntu/ros2_ws2/src/install/rob599_msgs2/share/rob599_msgs2/hook/cmake_prefix_path.sh'
[4.918s] Level 1:colcon.colcon_core.environment:checking '/home/ubuntu/ros2_ws2/src/install/rob599_msgs2/lib'
[4.919s] Level 1:colcon.colcon_core.shell:create_environment_hook('rob599_msgs2', 'ld_library_path_lib')
[4.926s] INFO:colcon.colcon_core.shell:Creating environment hook '/home/ubuntu/ros2_ws2/src/install/rob599_msgs2/share/rob599_msgs2/hook/ld_library_path_lib.ps1'
[4.926s] INFO:colcon.colcon_core.shell:Creating environment descriptor '/home/ubuntu/ros2_ws2/src/install/rob599_msgs2/share/rob599_msgs2/hook/ld_library_path_lib.dsv'
[4.927s] INFO:colcon.colcon_core.shell:Creating environment hook '/home/ubuntu/ros2_ws2/src/install/rob599_msgs2/share/rob599_msgs2/hook/ld_library_path_lib.sh'
[4.927s] Level 1:colcon.colcon_core.environment:checking '/home/ubuntu/ros2_ws2/src/install/rob599_msgs2/bin'
[4.927s] Level 1:colcon.colcon_core.environment:checking '/home/ubuntu/ros2_ws2/src/install/rob599_msgs2/lib/pkgconfig/rob599_msgs2.pc'
[4.927s] Level 1:colcon.colcon_core.environment:checking '/home/ubuntu/ros2_ws2/src/install/rob599_msgs2/lib/python3.10/site-packages'
[4.927s] Level 1:colcon.colcon_core.environment:checking '/home/ubuntu/ros2_ws2/src/install/rob599_msgs2/bin'
[4.935s] INFO:colcon.colcon_core.shell:Creating package script '/home/ubuntu/ros2_ws2/src/install/rob599_msgs2/share/rob599_msgs2/package.ps1'
[4.936s] INFO:colcon.colcon_core.shell:Creating package descriptor '/home/ubuntu/ros2_ws2/src/install/rob599_msgs2/share/rob599_msgs2/package.dsv'
[4.936s] INFO:colcon.colcon_core.shell:Creating package script '/home/ubuntu/ros2_ws2/src/install/rob599_msgs2/share/rob599_msgs2/package.sh'
[4.936s] INFO:colcon.colcon_core.shell:Creating package script '/home/ubuntu/ros2_ws2/src/install/rob599_msgs2/share/rob599_msgs2/package.bash'
[4.936s] INFO:colcon.colcon_core.shell:Creating package script '/home/ubuntu/ros2_ws2/src/install/rob599_msgs2/share/rob599_msgs2/package.zsh'
[4.937s] Level 1:colcon.colcon_core.environment:create_file_with_runtime_dependencies(/home/ubuntu/ros2_ws2/src/install/rob599_msgs2/share/colcon-core/packages/rob599_msgs2)
[4.999s] Level 1:colcon.colcon_core.environment:create_environment_scripts_only(rob599_msgs2)
[5.007s] Level 1:colcon.colcon_core.environment:checking '/home/ubuntu/ros2_ws2/src/install/rob599_msgs2' for CMake module files
[5.007s] Level 1:colcon.colcon_core.environment:checking '/home/ubuntu/ros2_ws2/src/install/rob599_msgs2' for CMake config files
[5.007s] Level 1:colcon.colcon_core.shell:create_environment_hook('rob599_msgs2', 'cmake_prefix_path')
[5.015s] INFO:colcon.colcon_core.shell:Creating environment hook '/home/ubuntu/ros2_ws2/src/install/rob599_msgs2/share/rob599_msgs2/hook/cmake_prefix_path.ps1'
[5.016s] INFO:colcon.colcon_core.shell:Creating environment descriptor '/home/ubuntu/ros2_ws2/src/install/rob599_msgs2/share/rob599_msgs2/hook/cmake_prefix_path.dsv'
[5.016s] INFO:colcon.colcon_core.shell:Creating environment hook '/home/ubuntu/ros2_ws2/src/install/rob599_msgs2/share/rob599_msgs2/hook/cmake_prefix_path.sh'
[5.016s] Level 1:colcon.colcon_core.environment:checking '/home/ubuntu/ros2_ws2/src/install/rob599_msgs2/lib'
[5.016s] Level 1:colcon.colcon_core.shell:create_environment_hook('rob599_msgs2', 'ld_library_path_lib')
[5.023s] INFO:colcon.colcon_core.shell:Creating environment hook '/home/ubuntu/ros2_ws2/src/install/rob599_msgs2/share/rob599_msgs2/hook/ld_library_path_lib.ps1'
[5.024s] INFO:colcon.colcon_core.shell:Creating environment descriptor '/home/ubuntu/ros2_ws2/src/install/rob599_msgs2/share/rob599_msgs2/hook/ld_library_path_lib.dsv'
[5.024s] INFO:colcon.colcon_core.shell:Creating environment hook '/home/ubuntu/ros2_ws2/src/install/rob599_msgs2/share/rob599_msgs2/hook/ld_library_path_lib.sh'
[5.024s] Level 1:colcon.colcon_core.environment:checking '/home/ubuntu/ros2_ws2/src/install/rob599_msgs2/bin'
[5.024s] Level 1:colcon.colcon_core.environment:checking '/home/ubuntu/ros2_ws2/src/install/rob599_msgs2/lib/pkgconfig/rob599_msgs2.pc'
[5.025s] Level 1:colcon.colcon_core.environment:checking '/home/ubuntu/ros2_ws2/src/install/rob599_msgs2/lib/python3.10/site-packages'
[5.025s] Level 1:colcon.colcon_core.environment:checking '/home/ubuntu/ros2_ws2/src/install/rob599_msgs2/bin'
[5.033s] INFO:colcon.colcon_core.shell:Creating package script '/home/ubuntu/ros2_ws2/src/install/rob599_msgs2/share/rob599_msgs2/package.ps1'
[5.033s] INFO:colcon.colcon_core.shell:Creating package descriptor '/home/ubuntu/ros2_ws2/src/install/rob599_msgs2/share/rob599_msgs2/package.dsv'
[5.033s] INFO:colcon.colcon_core.shell:Creating package script '/home/ubuntu/ros2_ws2/src/install/rob599_msgs2/share/rob599_msgs2/package.sh'
[5.033s] INFO:colcon.colcon_core.shell:Creating package script '/home/ubuntu/ros2_ws2/src/install/rob599_msgs2/share/rob599_msgs2/package.bash'
[5.034s] INFO:colcon.colcon_core.shell:Creating package script '/home/ubuntu/ros2_ws2/src/install/rob599_msgs2/share/rob599_msgs2/package.zsh'
[5.034s] Level 1:colcon.colcon_core.environment:create_file_with_runtime_dependencies(/home/ubuntu/ros2_ws2/src/install/rob599_msgs2/share/colcon-core/packages/rob599_msgs2)
[9.540s] DEBUG:colcon.colcon_core.event_handler.log_command:Invoked command in '/home/ubuntu/ros2_ws2/src/build/turtlebot3_fake_node' returned '0': CMAKE_PREFIX_PATH=${CMAKE_PREFIX_PATH}:/home/ubuntu/ros2_ws2/install/rob599_hw3:/opt/ros/humble /usr/bin/cmake --build /home/ubuntu/ros2_ws2/src/build/turtlebot3_fake_node -- -j16 -l16
[9.564s] DEBUG:colcon.colcon_core.event_handler.log_command:Invoking command in '/home/ubuntu/ros2_ws2/src/build/turtlebot3_fake_node': CMAKE_PREFIX_PATH=${CMAKE_PREFIX_PATH}:/home/ubuntu/ros2_ws2/install/rob599_hw3:/opt/ros/humble /usr/bin/cmake --install /home/ubuntu/ros2_ws2/src/build/turtlebot3_fake_node
[9.614s] Level 1:colcon.colcon_core.environment:create_environment_scripts_only(turtlebot3_fake_node)
[9.617s] DEBUG:colcon.colcon_core.event_handler.log_command:Invoked command in '/home/ubuntu/ros2_ws2/src/build/turtlebot3_fake_node' returned '0': CMAKE_PREFIX_PATH=${CMAKE_PREFIX_PATH}:/home/ubuntu/ros2_ws2/install/rob599_hw3:/opt/ros/humble /usr/bin/cmake --install /home/ubuntu/ros2_ws2/src/build/turtlebot3_fake_node
[9.749s] Level 1:colcon.colcon_core.environment:checking '/home/ubuntu/ros2_ws2/src/install/turtlebot3_fake_node' for CMake module files
[9.755s] Level 1:colcon.colcon_core.environment:checking '/home/ubuntu/ros2_ws2/src/install/turtlebot3_fake_node' for CMake config files
[9.756s] Level 1:colcon.colcon_core.shell:create_environment_hook('turtlebot3_fake_node', 'cmake_prefix_path')
[9.808s] INFO:colcon.colcon_core.shell:Creating environment hook '/home/ubuntu/ros2_ws2/src/install/turtlebot3_fake_node/share/turtlebot3_fake_node/hook/cmake_prefix_path.ps1'
[9.809s] INFO:colcon.colcon_core.shell:Creating environment descriptor '/home/ubuntu/ros2_ws2/src/install/turtlebot3_fake_node/share/turtlebot3_fake_node/hook/cmake_prefix_path.dsv'
[9.809s] INFO:colcon.colcon_core.shell:Creating environment hook '/home/ubuntu/ros2_ws2/src/install/turtlebot3_fake_node/share/turtlebot3_fake_node/hook/cmake_prefix_path.sh'
[9.809s] Level 1:colcon.colcon_core.environment:checking '/home/ubuntu/ros2_ws2/src/install/turtlebot3_fake_node/lib'
[9.809s] Level 1:colcon.colcon_core.environment:checking '/home/ubuntu/ros2_ws2/src/install/turtlebot3_fake_node/bin'
[9.809s] Level 1:colcon.colcon_core.environment:checking '/home/ubuntu/ros2_ws2/src/install/turtlebot3_fake_node/lib/pkgconfig/turtlebot3_fake_node.pc'
[9.810s] Level 1:colcon.colcon_core.environment:checking '/home/ubuntu/ros2_ws2/src/install/turtlebot3_fake_node/lib/python3.10/site-packages'
[9.810s] Level 1:colcon.colcon_core.environment:checking '/home/ubuntu/ros2_ws2/src/install/turtlebot3_fake_node/bin'
[9.824s] INFO:colcon.colcon_core.shell:Creating package script '/home/ubuntu/ros2_ws2/src/install/turtlebot3_fake_node/share/turtlebot3_fake_node/package.ps1'
[9.825s] INFO:colcon.colcon_core.shell:Creating package descriptor '/home/ubuntu/ros2_ws2/src/install/turtlebot3_fake_node/share/turtlebot3_fake_node/package.dsv'
[9.825s] INFO:colcon.colcon_core.shell:Creating package script '/home/ubuntu/ros2_ws2/src/install/turtlebot3_fake_node/share/turtlebot3_fake_node/package.sh'
[9.825s] INFO:colcon.colcon_core.shell:Creating package script '/home/ubuntu/ros2_ws2/src/install/turtlebot3_fake_node/share/turtlebot3_fake_node/package.bash'
[9.825s] INFO:colcon.colcon_core.shell:Creating package script '/home/ubuntu/ros2_ws2/src/install/turtlebot3_fake_node/share/turtlebot3_fake_node/package.zsh'
[9.826s] Level 1:colcon.colcon_core.environment:create_file_with_runtime_dependencies(/home/ubuntu/ros2_ws2/src/install/turtlebot3_fake_node/share/colcon-core/packages/turtlebot3_fake_node)
[9.863s] Level 1:colcon.colcon_core.environment:create_environment_scripts_only(turtlebot3_fake_node)
[9.878s] Level 1:colcon.colcon_core.environment:checking '/home/ubuntu/ros2_ws2/src/install/turtlebot3_fake_node' for CMake module files
[9.878s] Level 1:colcon.colcon_core.environment:checking '/home/ubuntu/ros2_ws2/src/install/turtlebot3_fake_node' for CMake config files
[9.878s] Level 1:colcon.colcon_core.shell:create_environment_hook('turtlebot3_fake_node', 'cmake_prefix_path')
[9.893s] INFO:colcon.colcon_core.shell:Creating environment hook '/home/ubuntu/ros2_ws2/src/install/turtlebot3_fake_node/share/turtlebot3_fake_node/hook/cmake_prefix_path.ps1'
[9.893s] INFO:colcon.colcon_core.shell:Creating environment descriptor '/home/ubuntu/ros2_ws2/src/install/turtlebot3_fake_node/share/turtlebot3_fake_node/hook/cmake_prefix_path.dsv'
[9.894s] INFO:colcon.colcon_core.shell:Creating environment hook '/home/ubuntu/ros2_ws2/src/install/turtlebot3_fake_node/share/turtlebot3_fake_node/hook/cmake_prefix_path.sh'
[9.894s] Level 1:colcon.colcon_core.environment:checking '/home/ubuntu/ros2_ws2/src/install/turtlebot3_fake_node/lib'
[9.894s] Level 1:colcon.colcon_core.environment:checking '/home/ubuntu/ros2_ws2/src/install/turtlebot3_fake_node/bin'
[9.894s] Level 1:colcon.colcon_core.environment:checking '/home/ubuntu/ros2_ws2/src/install/turtlebot3_fake_node/lib/pkgconfig/turtlebot3_fake_node.pc'
[9.894s] Level 1:colcon.colcon_core.environment:checking '/home/ubuntu/ros2_ws2/src/install/turtlebot3_fake_node/lib/python3.10/site-packages'
[9.895s] Level 1:colcon.colcon_core.environment:checking '/home/ubuntu/ros2_ws2/src/install/turtlebot3_fake_node/bin'
[9.909s] INFO:colcon.colcon_core.shell:Creating package script '/home/ubuntu/ros2_ws2/src/install/turtlebot3_fake_node/share/turtlebot3_fake_node/package.ps1'
[9.909s] INFO:colcon.colcon_core.shell:Creating package descriptor '/home/ubuntu/ros2_ws2/src/install/turtlebot3_fake_node/share/turtlebot3_fake_node/package.dsv'
[9.910s] INFO:colcon.colcon_core.shell:Creating package script '/home/ubuntu/ros2_ws2/src/install/turtlebot3_fake_node/share/turtlebot3_fake_node/package.sh'
[9.910s] INFO:colcon.colcon_core.shell:Creating package script '/home/ubuntu/ros2_ws2/src/install/turtlebot3_fake_node/share/turtlebot3_fake_node/package.bash'
[9.910s] INFO:colcon.colcon_core.shell:Creating package script '/home/ubuntu/ros2_ws2/src/install/turtlebot3_fake_node/share/turtlebot3_fake_node/package.zsh'
[9.911s] Level 1:colcon.colcon_core.environment:create_file_with_runtime_dependencies(/home/ubuntu/ros2_ws2/src/install/turtlebot3_fake_node/share/colcon-core/packages/turtlebot3_fake_node)
[13.707s] DEBUG:colcon.colcon_core.event_handler.log_command:Invoked command in '/home/ubuntu/ros2_ws2/src/build/turtlebot3_gazebo' returned '0': CMAKE_PREFIX_PATH=${CMAKE_PREFIX_PATH}:/home/ubuntu/ros2_ws2/install/rob599_hw3:/opt/ros/humble /usr/bin/cmake --build /home/ubuntu/ros2_ws2/src/build/turtlebot3_gazebo -- -j16 -l16
[13.726s] DEBUG:colcon.colcon_core.event_handler.log_command:Invoking command in '/home/ubuntu/ros2_ws2/src/build/turtlebot3_gazebo': CMAKE_PREFIX_PATH=${CMAKE_PREFIX_PATH}:/home/ubuntu/ros2_ws2/install/rob599_hw3:/opt/ros/humble /usr/bin/cmake --install /home/ubuntu/ros2_ws2/src/build/turtlebot3_gazebo
[13.764s] Level 1:colcon.colcon_core.environment:create_environment_scripts_only(turtlebot3_gazebo)
[13.764s] DEBUG:colcon.colcon_core.event_handler.log_command:Invoked command in '/home/ubuntu/ros2_ws2/src/build/turtlebot3_gazebo' returned '0': CMAKE_PREFIX_PATH=${CMAKE_PREFIX_PATH}:/home/ubuntu/ros2_ws2/install/rob599_hw3:/opt/ros/humble /usr/bin/cmake --install /home/ubuntu/ros2_ws2/src/build/turtlebot3_gazebo
[13.771s] Level 1:colcon.colcon_core.environment:checking '/home/ubuntu/ros2_ws2/src/install/turtlebot3_gazebo' for CMake module files
[13.771s] Level 1:colcon.colcon_core.environment:checking '/home/ubuntu/ros2_ws2/src/install/turtlebot3_gazebo' for CMake config files
[13.771s] Level 1:colcon.colcon_core.shell:create_environment_hook('turtlebot3_gazebo', 'cmake_prefix_path')
[13.778s] INFO:colcon.colcon_core.shell:Creating environment hook '/home/ubuntu/ros2_ws2/src/install/turtlebot3_gazebo/share/turtlebot3_gazebo/hook/cmake_prefix_path.ps1'
[13.778s] INFO:colcon.colcon_core.shell:Creating environment descriptor '/home/ubuntu/ros2_ws2/src/install/turtlebot3_gazebo/share/turtlebot3_gazebo/hook/cmake_prefix_path.dsv'
[13.778s] INFO:colcon.colcon_core.shell:Creating environment hook '/home/ubuntu/ros2_ws2/src/install/turtlebot3_gazebo/share/turtlebot3_gazebo/hook/cmake_prefix_path.sh'
[13.778s] Level 1:colcon.colcon_core.environment:checking '/home/ubuntu/ros2_ws2/src/install/turtlebot3_gazebo/lib'
[13.778s] Level 1:colcon.colcon_core.environment:checking '/home/ubuntu/ros2_ws2/src/install/turtlebot3_gazebo/bin'
[13.778s] Level 1:colcon.colcon_core.environment:checking '/home/ubuntu/ros2_ws2/src/install/turtlebot3_gazebo/lib/pkgconfig/turtlebot3_gazebo.pc'
[13.778s] Level 1:colcon.colcon_core.environment:checking '/home/ubuntu/ros2_ws2/src/install/turtlebot3_gazebo/lib/python3.10/site-packages'
[13.779s] Level 1:colcon.colcon_core.environment:checking '/home/ubuntu/ros2_ws2/src/install/turtlebot3_gazebo/bin'
[13.785s] INFO:colcon.colcon_core.shell:Creating package script '/home/ubuntu/ros2_ws2/src/install/turtlebot3_gazebo/share/turtlebot3_gazebo/package.ps1'
[13.785s] INFO:colcon.colcon_core.shell:Creating package descriptor '/home/ubuntu/ros2_ws2/src/install/turtlebot3_gazebo/share/turtlebot3_gazebo/package.dsv'
[13.785s] INFO:colcon.colcon_core.shell:Creating package script '/home/ubuntu/ros2_ws2/src/install/turtlebot3_gazebo/share/turtlebot3_gazebo/package.sh'
[13.785s] INFO:colcon.colcon_core.shell:Creating package script '/home/ubuntu/ros2_ws2/src/install/turtlebot3_gazebo/share/turtlebot3_gazebo/package.bash'
[13.785s] INFO:colcon.colcon_core.shell:Creating package script '/home/ubuntu/ros2_ws2/src/install/turtlebot3_gazebo/share/turtlebot3_gazebo/package.zsh'
[13.785s] Level 1:colcon.colcon_core.environment:create_file_with_runtime_dependencies(/home/ubuntu/ros2_ws2/src/install/turtlebot3_gazebo/share/colcon-core/packages/turtlebot3_gazebo)
[13.814s] Level 1:colcon.colcon_core.environment:create_environment_scripts_only(turtlebot3_gazebo)
[13.824s] Level 1:colcon.colcon_core.environment:checking '/home/ubuntu/ros2_ws2/src/install/turtlebot3_gazebo' for CMake module files
[13.824s] Level 1:colcon.colcon_core.environment:checking '/home/ubuntu/ros2_ws2/src/install/turtlebot3_gazebo' for CMake config files
[13.824s] Level 1:colcon.colcon_core.shell:create_environment_hook('turtlebot3_gazebo', 'cmake_prefix_path')
[13.830s] INFO:colcon.colcon_core.shell:Creating environment hook '/home/ubuntu/ros2_ws2/src/install/turtlebot3_gazebo/share/turtlebot3_gazebo/hook/cmake_prefix_path.ps1'
[13.830s] INFO:colcon.colcon_core.shell:Creating environment descriptor '/home/ubuntu/ros2_ws2/src/install/turtlebot3_gazebo/share/turtlebot3_gazebo/hook/cmake_prefix_path.dsv'
[13.830s] INFO:colcon.colcon_core.shell:Creating environment hook '/home/ubuntu/ros2_ws2/src/install/turtlebot3_gazebo/share/turtlebot3_gazebo/hook/cmake_prefix_path.sh'
[13.831s] Level 1:colcon.colcon_core.environment:checking '/home/ubuntu/ros2_ws2/src/install/turtlebot3_gazebo/lib'
[13.831s] Level 1:colcon.colcon_core.environment:checking '/home/ubuntu/ros2_ws2/src/install/turtlebot3_gazebo/bin'
[13.831s] Level 1:colcon.colcon_core.environment:checking '/home/ubuntu/ros2_ws2/src/install/turtlebot3_gazebo/lib/pkgconfig/turtlebot3_gazebo.pc'
[13.831s] Level 1:colcon.colcon_core.environment:checking '/home/ubuntu/ros2_ws2/src/install/turtlebot3_gazebo/lib/python3.10/site-packages'
[13.831s] Level 1:colcon.colcon_core.environment:checking '/home/ubuntu/ros2_ws2/src/install/turtlebot3_gazebo/bin'
[13.837s] INFO:colcon.colcon_core.shell:Creating package script '/home/ubuntu/ros2_ws2/src/install/turtlebot3_gazebo/share/turtlebot3_gazebo/package.ps1'
[13.837s] INFO:colcon.colcon_core.shell:Creating package descriptor '/home/ubuntu/ros2_ws2/src/install/turtlebot3_gazebo/share/turtlebot3_gazebo/package.dsv'
[13.837s] INFO:colcon.colcon_core.shell:Creating package script '/home/ubuntu/ros2_ws2/src/install/turtlebot3_gazebo/share/turtlebot3_gazebo/package.sh'
[13.837s] INFO:colcon.colcon_core.shell:Creating package script '/home/ubuntu/ros2_ws2/src/install/turtlebot3_gazebo/share/turtlebot3_gazebo/package.bash'
[13.838s] INFO:colcon.colcon_core.shell:Creating package script '/home/ubuntu/ros2_ws2/src/install/turtlebot3_gazebo/share/turtlebot3_gazebo/package.zsh'
[13.838s] Level 1:colcon.colcon_core.environment:create_file_with_runtime_dependencies(/home/ubuntu/ros2_ws2/src/install/turtlebot3_gazebo/share/colcon-core/packages/turtlebot3_gazebo)
[13.838s] INFO:colcon.colcon_ros.task.ament_python.build:Building ROS package in '/home/ubuntu/ros2_ws2/src/rob599_hw3' with build type 'ament_python'
[13.838s] Level 1:colcon.colcon_core.shell:create_environment_hook('rob599_hw3', 'ament_prefix_path')
[13.845s] INFO:colcon.colcon_core.shell:Creating environment hook '/home/ubuntu/ros2_ws2/src/install/rob599_hw3/share/rob599_hw3/hook/ament_prefix_path.ps1'
[13.845s] INFO:colcon.colcon_core.shell:Creating environment descriptor '/home/ubuntu/ros2_ws2/src/install/rob599_hw3/share/rob599_hw3/hook/ament_prefix_path.dsv'
[13.845s] INFO:colcon.colcon_core.shell:Creating environment hook '/home/ubuntu/ros2_ws2/src/install/rob599_hw3/share/rob599_hw3/hook/ament_prefix_path.sh'
[13.851s] INFO:colcon.colcon_core.shell:Skip shell extension 'powershell' for command environment: Not usable outside of PowerShell
[13.852s] DEBUG:colcon.colcon_core.shell:Skip shell extension 'dsv' for command environment
[13.866s] INFO:colcon.colcon_ros.task.ament_cmake.build:Building ROS package in '/home/ubuntu/ros2_ws2/src/turtlebot3_simulations/turtlebot3_simulations' with build type 'ament_cmake'
[13.866s] INFO:colcon.colcon_cmake.task.cmake.build:Building CMake package in '/home/ubuntu/ros2_ws2/src/turtlebot3_simulations/turtlebot3_simulations'
[13.874s] INFO:colcon.colcon_core.shell:Skip shell extension 'powershell' for command environment: Not usable outside of PowerShell
[13.874s] DEBUG:colcon.colcon_core.shell:Skip shell extension 'dsv' for command environment
[14.026s] INFO:colcon.colcon_core.task.python.build:Building Python package in '/home/ubuntu/ros2_ws2/src/rob599_hw3'
[14.040s] INFO:colcon.colcon_core.shell:Skip shell extension 'powershell' for command environment: Not usable outside of PowerShell
[14.040s] DEBUG:colcon.colcon_core.shell:Skip shell extension 'dsv' for command environment
[14.068s] DEBUG:colcon.colcon_core.event_handler.log_command:Invoking command in '/home/ubuntu/ros2_ws2/src/build/turtlebot3_simulations': AMENT_PREFIX_PATH=/home/ubuntu/ros2_ws2/src/install/turtlebot3_gazebo:/home/ubuntu/ros2_ws2/src/install/turtlebot3_fake_node:${AMENT_PREFIX_PATH} CMAKE_PREFIX_PATH=/home/ubuntu/ros2_ws2/src/install/turtlebot3_gazebo:/home/ubuntu/ros2_ws2/src/install/turtlebot3_fake_node:/home/ubuntu/ros2_ws2/install/turtlebot3_simulations:/home/ubuntu/ros2_ws2/install/turtlebot3_gazebo:/home/ubuntu/ros2_ws2/install/turtlebot3_fake_node:/home/ubuntu/ros2_ws2/install/rob599_msgs2:/home/ubuntu/ros2_ws2/install/rob599_hw3:/opt/ros/humble /usr/bin/cmake /home/ubuntu/ros2_ws2/src/turtlebot3_simulations/turtlebot3_simulations -DCMAKE_INSTALL_PREFIX=/home/ubuntu/ros2_ws2/src/install/turtlebot3_simulations
[14.269s] DEBUG:colcon.colcon_core.event_handler.log_command:Invoking command in '/home/ubuntu/ros2_ws2/src/rob599_hw3': AMENT_PREFIX_PATH=/home/ubuntu/ros2_ws2/src/install/turtlebot3_gazebo:/home/ubuntu/ros2_ws2/src/install/rob599_msgs2:${AMENT_PREFIX_PATH} CMAKE_PREFIX_PATH=/home/ubuntu/ros2_ws2/src/install/turtlebot3_gazebo:/home/ubuntu/ros2_ws2/src/install/rob599_msgs2:${CMAKE_PREFIX_PATH} LD_LIBRARY_PATH=/home/ubuntu/ros2_ws2/src/install/rob599_msgs2/lib:/home/ubuntu/ros2_ws2/install/rob599_msgs2/lib:/usr/lib/x86_64-linux-gnu/gazebo-11/plugins:/opt/ros/humble/opt/rviz_ogre_vendor/lib:/opt/ros/humble/lib/x86_64-linux-gnu:/opt/ros/humble/lib:/usr/lib/x86_64-linux-gnu/gazebo-11/plugins:/usr/lib/x86_64-linux-gnu/gazebo-11/plugins:/usr/lib/x86_64-linux-gnu/gazebo-11/plugins:/usr/lib/x86_64-linux-gnu/gazebo-11/plugins:/usr/lib/x86_64-linux-gnu/gazebo-11/plugins:/usr/lib/x86_64-linux-gnu/gazebo-11/plugins:/usr/lib/x86_64-linux-gnu/gazebo-11/plugins:/usr/lib/x86_64-linux-gnu/gazebo-11/plugins:/usr/lib/x86_64-linux-gnu/gazebo-11/plugins:/usr/lib/x86_64-linux-gnu/gazebo-11/plugins:/usr/lib/x86_64-linux-gnu/gazebo-11/plugins:/usr/lib/x86_64-linux-gnu/gazebo-11/plugins:/usr/lib/x86_64-linux-gnu/gazebo-11/plugins:/usr/lib/x86_64-linux-gnu/gazebo-11/plugins:/usr/lib/x86_64-linux-gnu/gazebo-11/plugins PYTHONPATH=/home/ubuntu/ros2_ws2/src/build/rob599_hw3/prefix_override:/home/ubuntu/ros2_ws2/src/install/rob599_hw3/lib/python3.10/site-packages:/home/ubuntu/ros2_ws2/src/install/rob599_msgs2/local/lib/python3.10/dist-packages:${PYTHONPATH} /usr/bin/python3 setup.py egg_info --egg-base ../build/rob599_hw3 build --build-base /home/ubuntu/ros2_ws2/src/build/rob599_hw3/build install --record /home/ubuntu/ros2_ws2/src/build/rob599_hw3/install.log --single-version-externally-managed
[14.400s] DEBUG:colcon.colcon_core.event_handler.log_command:Invoked command in '/home/ubuntu/ros2_ws2/src/build/turtlebot3_simulations' returned '0': AMENT_PREFIX_PATH=/home/ubuntu/ros2_ws2/src/install/turtlebot3_gazebo:/home/ubuntu/ros2_ws2/src/install/turtlebot3_fake_node:${AMENT_PREFIX_PATH} CMAKE_PREFIX_PATH=/home/ubuntu/ros2_ws2/src/install/turtlebot3_gazebo:/home/ubuntu/ros2_ws2/src/install/turtlebot3_fake_node:/home/ubuntu/ros2_ws2/install/turtlebot3_simulations:/home/ubuntu/ros2_ws2/install/turtlebot3_gazebo:/home/ubuntu/ros2_ws2/install/turtlebot3_fake_node:/home/ubuntu/ros2_ws2/install/rob599_msgs2:/home/ubuntu/ros2_ws2/install/rob599_hw3:/opt/ros/humble /usr/bin/cmake /home/ubuntu/ros2_ws2/src/turtlebot3_simulations/turtlebot3_simulations -DCMAKE_INSTALL_PREFIX=/home/ubuntu/ros2_ws2/src/install/turtlebot3_simulations
[14.401s] DEBUG:colcon.colcon_core.event_handler.log_command:Invoking command in '/home/ubuntu/ros2_ws2/src/build/turtlebot3_simulations': AMENT_PREFIX_PATH=/home/ubuntu/ros2_ws2/src/install/turtlebot3_gazebo:/home/ubuntu/ros2_ws2/src/install/turtlebot3_fake_node:${AMENT_PREFIX_PATH} CMAKE_PREFIX_PATH=/home/ubuntu/ros2_ws2/src/install/turtlebot3_gazebo:/home/ubuntu/ros2_ws2/src/install/turtlebot3_fake_node:/home/ubuntu/ros2_ws2/install/turtlebot3_simulations:/home/ubuntu/ros2_ws2/install/turtlebot3_gazebo:/home/ubuntu/ros2_ws2/install/turtlebot3_fake_node:/home/ubuntu/ros2_ws2/install/rob599_msgs2:/home/ubuntu/ros2_ws2/install/rob599_hw3:/opt/ros/humble /usr/bin/cmake --build /home/ubuntu/ros2_ws2/src/build/turtlebot3_simulations -- -j16 -l16
[14.422s] DEBUG:colcon.colcon_core.event_handler.log_command:Invoked command in '/home/ubuntu/ros2_ws2/src/build/turtlebot3_simulations' returned '0': AMENT_PREFIX_PATH=/home/ubuntu/ros2_ws2/src/install/turtlebot3_gazebo:/home/ubuntu/ros2_ws2/src/install/turtlebot3_fake_node:${AMENT_PREFIX_PATH} CMAKE_PREFIX_PATH=/home/ubuntu/ros2_ws2/src/install/turtlebot3_gazebo:/home/ubuntu/ros2_ws2/src/install/turtlebot3_fake_node:/home/ubuntu/ros2_ws2/install/turtlebot3_simulations:/home/ubuntu/ros2_ws2/install/turtlebot3_gazebo:/home/ubuntu/ros2_ws2/install/turtlebot3_fake_node:/home/ubuntu/ros2_ws2/install/rob599_msgs2:/home/ubuntu/ros2_ws2/install/rob599_hw3:/opt/ros/humble /usr/bin/cmake --build /home/ubuntu/ros2_ws2/src/build/turtlebot3_simulations -- -j16 -l16
[14.431s] DEBUG:colcon.colcon_core.event_handler.log_command:Invoked command in '/home/ubuntu/ros2_ws2/src/rob599_hw3' returned '0': AMENT_PREFIX_PATH=/home/ubuntu/ros2_ws2/src/install/turtlebot3_gazebo:/home/ubuntu/ros2_ws2/src/install/rob599_msgs2:${AMENT_PREFIX_PATH} CMAKE_PREFIX_PATH=/home/ubuntu/ros2_ws2/src/install/turtlebot3_gazebo:/home/ubuntu/ros2_ws2/src/install/rob599_msgs2:${CMAKE_PREFIX_PATH} LD_LIBRARY_PATH=/home/ubuntu/ros2_ws2/src/install/rob599_msgs2/lib:/home/ubuntu/ros2_ws2/install/rob599_msgs2/lib:/usr/lib/x86_64-linux-gnu/gazebo-11/plugins:/opt/ros/humble/opt/rviz_ogre_vendor/lib:/opt/ros/humble/lib/x86_64-linux-gnu:/opt/ros/humble/lib:/usr/lib/x86_64-linux-gnu/gazebo-11/plugins:/usr/lib/x86_64-linux-gnu/gazebo-11/plugins:/usr/lib/x86_64-linux-gnu/gazebo-11/plugins:/usr/lib/x86_64-linux-gnu/gazebo-11/plugins:/usr/lib/x86_64-linux-gnu/gazebo-11/plugins:/usr/lib/x86_64-linux-gnu/gazebo-11/plugins:/usr/lib/x86_64-linux-gnu/gazebo-11/plugins:/usr/lib/x86_64-linux-gnu/gazebo-11/plugins:/usr/lib/x86_64-linux-gnu/gazebo-11/plugins:/usr/lib/x86_64-linux-gnu/gazebo-11/plugins:/usr/lib/x86_64-linux-gnu/gazebo-11/plugins:/usr/lib/x86_64-linux-gnu/gazebo-11/plugins:/usr/lib/x86_64-linux-gnu/gazebo-11/plugins:/usr/lib/x86_64-linux-gnu/gazebo-11/plugins:/usr/lib/x86_64-linux-gnu/gazebo-11/plugins PYTHONPATH=/home/ubuntu/ros2_ws2/src/build/rob599_hw3/prefix_override:/home/ubuntu/ros2_ws2/src/install/rob599_hw3/lib/python3.10/site-packages:/home/ubuntu/ros2_ws2/src/install/rob599_msgs2/local/lib/python3.10/dist-packages:${PYTHONPATH} /usr/bin/python3 setup.py egg_info --egg-base ../build/rob599_hw3 build --build-base /home/ubuntu/ros2_ws2/src/build/rob599_hw3/build install --record /home/ubuntu/ros2_ws2/src/build/rob599_hw3/install.log --single-version-externally-managed
[14.439s] Level 1:colcon.colcon_core.environment:checking '/home/ubuntu/ros2_ws2/src/install/rob599_hw3' for CMake module files
[14.439s] Level 1:colcon.colcon_core.environment:checking '/home/ubuntu/ros2_ws2/src/install/rob599_hw3' for CMake config files
[14.439s] Level 1:colcon.colcon_core.environment:checking '/home/ubuntu/ros2_ws2/src/install/rob599_hw3/lib'
[14.439s] Level 1:colcon.colcon_core.environment:checking '/home/ubuntu/ros2_ws2/src/install/rob599_hw3/bin'
[14.439s] Level 1:colcon.colcon_core.environment:checking '/home/ubuntu/ros2_ws2/src/install/rob599_hw3/lib/pkgconfig/rob599_hw3.pc'
[14.439s] Level 1:colcon.colcon_core.environment:checking '/home/ubuntu/ros2_ws2/src/install/rob599_hw3/lib/python3.10/site-packages'
[14.439s] Level 1:colcon.colcon_core.shell:create_environment_hook('rob599_hw3', 'pythonpath')
[14.447s] INFO:colcon.colcon_core.shell:Creating environment hook '/home/ubuntu/ros2_ws2/src/install/rob599_hw3/share/rob599_hw3/hook/pythonpath.ps1'
[14.447s] INFO:colcon.colcon_core.shell:Creating environment descriptor '/home/ubuntu/ros2_ws2/src/install/rob599_hw3/share/rob599_hw3/hook/pythonpath.dsv'
[14.447s] INFO:colcon.colcon_core.shell:Creating environment hook '/home/ubuntu/ros2_ws2/src/install/rob599_hw3/share/rob599_hw3/hook/pythonpath.sh'
[14.447s] Level 1:colcon.colcon_core.environment:checking '/home/ubuntu/ros2_ws2/src/install/rob599_hw3/bin'
[14.447s] Level 1:colcon.colcon_core.environment:create_environment_scripts_only(rob599_hw3)
[14.454s] INFO:colcon.colcon_core.shell:Creating package script '/home/ubuntu/ros2_ws2/src/install/rob599_hw3/share/rob599_hw3/package.ps1'
[14.454s] INFO:colcon.colcon_core.shell:Creating package descriptor '/home/ubuntu/ros2_ws2/src/install/rob599_hw3/share/rob599_hw3/package.dsv'
[14.455s] INFO:colcon.colcon_core.shell:Creating package script '/home/ubuntu/ros2_ws2/src/install/rob599_hw3/share/rob599_hw3/package.sh'
[14.455s] INFO:colcon.colcon_core.shell:Creating package script '/home/ubuntu/ros2_ws2/src/install/rob599_hw3/share/rob599_hw3/package.bash'
[14.455s] INFO:colcon.colcon_core.shell:Creating package script '/home/ubuntu/ros2_ws2/src/install/rob599_hw3/share/rob599_hw3/package.zsh'
[14.455s] Level 1:colcon.colcon_core.environment:create_file_with_runtime_dependencies(/home/ubuntu/ros2_ws2/src/install/rob599_hw3/share/colcon-core/packages/rob599_hw3)
[14.457s] DEBUG:colcon.colcon_core.event_handler.log_command:Invoking command in '/home/ubuntu/ros2_ws2/src/build/turtlebot3_simulations': AMENT_PREFIX_PATH=/home/ubuntu/ros2_ws2/src/install/turtlebot3_gazebo:/home/ubuntu/ros2_ws2/src/install/turtlebot3_fake_node:${AMENT_PREFIX_PATH} CMAKE_PREFIX_PATH=/home/ubuntu/ros2_ws2/src/install/turtlebot3_gazebo:/home/ubuntu/ros2_ws2/src/install/turtlebot3_fake_node:/home/ubuntu/ros2_ws2/install/turtlebot3_simulations:/home/ubuntu/ros2_ws2/install/turtlebot3_gazebo:/home/ubuntu/ros2_ws2/install/turtlebot3_fake_node:/home/ubuntu/ros2_ws2/install/rob599_msgs2:/home/ubuntu/ros2_ws2/install/rob599_hw3:/opt/ros/humble /usr/bin/cmake --install /home/ubuntu/ros2_ws2/src/build/turtlebot3_simulations
[14.462s] Level 1:colcon.colcon_core.environment:create_environment_scripts_only(turtlebot3_simulations)
[14.462s] DEBUG:colcon.colcon_core.event_handler.log_command:Invoked command in '/home/ubuntu/ros2_ws2/src/build/turtlebot3_simulations' returned '0': AMENT_PREFIX_PATH=/home/ubuntu/ros2_ws2/src/install/turtlebot3_gazebo:/home/ubuntu/ros2_ws2/src/install/turtlebot3_fake_node:${AMENT_PREFIX_PATH} CMAKE_PREFIX_PATH=/home/ubuntu/ros2_ws2/src/install/turtlebot3_gazebo:/home/ubuntu/ros2_ws2/src/install/turtlebot3_fake_node:/home/ubuntu/ros2_ws2/install/turtlebot3_simulations:/home/ubuntu/ros2_ws2/install/turtlebot3_gazebo:/home/ubuntu/ros2_ws2/install/turtlebot3_fake_node:/home/ubuntu/ros2_ws2/install/rob599_msgs2:/home/ubuntu/ros2_ws2/install/rob599_hw3:/opt/ros/humble /usr/bin/cmake --install /home/ubuntu/ros2_ws2/src/build/turtlebot3_simulations
[14.471s] Level 1:colcon.colcon_core.environment:checking '/home/ubuntu/ros2_ws2/src/install/turtlebot3_simulations' for CMake module files
[14.471s] Level 1:colcon.colcon_core.environment:checking '/home/ubuntu/ros2_ws2/src/install/turtlebot3_simulations' for CMake config files
[14.471s] Level 1:colcon.colcon_core.shell:create_environment_hook('turtlebot3_simulations', 'cmake_prefix_path')
[14.484s] INFO:colcon.colcon_core.shell:Creating environment hook '/home/ubuntu/ros2_ws2/src/install/turtlebot3_simulations/share/turtlebot3_simulations/hook/cmake_prefix_path.ps1'
[14.485s] INFO:colcon.colcon_core.shell:Creating environment descriptor '/home/ubuntu/ros2_ws2/src/install/turtlebot3_simulations/share/turtlebot3_simulations/hook/cmake_prefix_path.dsv'
[14.485s] INFO:colcon.colcon_core.shell:Creating environment hook '/home/ubuntu/ros2_ws2/src/install/turtlebot3_simulations/share/turtlebot3_simulations/hook/cmake_prefix_path.sh'
[14.485s] Level 1:colcon.colcon_core.environment:checking '/home/ubuntu/ros2_ws2/src/install/turtlebot3_simulations/bin'
[14.485s] Level 1:colcon.colcon_core.environment:checking '/home/ubuntu/ros2_ws2/src/install/turtlebot3_simulations/lib/pkgconfig/turtlebot3_simulations.pc'
[14.485s] Level 1:colcon.colcon_core.environment:checking '/home/ubuntu/ros2_ws2/src/install/turtlebot3_simulations/lib/python3.10/site-packages'
[14.485s] Level 1:colcon.colcon_core.environment:checking '/home/ubuntu/ros2_ws2/src/install/turtlebot3_simulations/bin'
[14.492s] INFO:colcon.colcon_core.shell:Creating package script '/home/ubuntu/ros2_ws2/src/install/turtlebot3_simulations/share/turtlebot3_simulations/package.ps1'
[14.492s] INFO:colcon.colcon_core.shell:Creating package descriptor '/home/ubuntu/ros2_ws2/src/install/turtlebot3_simulations/share/turtlebot3_simulations/package.dsv'
[14.493s] INFO:colcon.colcon_core.shell:Creating package script '/home/ubuntu/ros2_ws2/src/install/turtlebot3_simulations/share/turtlebot3_simulations/package.sh'
[14.493s] INFO:colcon.colcon_core.shell:Creating package script '/home/ubuntu/ros2_ws2/src/install/turtlebot3_simulations/share/turtlebot3_simulations/package.bash'
[14.493s] INFO:colcon.colcon_core.shell:Creating package script '/home/ubuntu/ros2_ws2/src/install/turtlebot3_simulations/share/turtlebot3_simulations/package.zsh'
[14.493s] Level 1:colcon.colcon_core.environment:create_file_with_runtime_dependencies(/home/ubuntu/ros2_ws2/src/install/turtlebot3_simulations/share/colcon-core/packages/turtlebot3_simulations)
[14.514s] Level 1:colcon.colcon_core.environment:create_environment_scripts_only(turtlebot3_simulations)
[14.522s] Level 1:colcon.colcon_core.environment:checking '/home/ubuntu/ros2_ws2/src/install/turtlebot3_simulations' for CMake module files
[14.522s] Level 1:colcon.colcon_core.environment:checking '/home/ubuntu/ros2_ws2/src/install/turtlebot3_simulations' for CMake config files
[14.523s] Level 1:colcon.colcon_core.shell:create_environment_hook('turtlebot3_simulations', 'cmake_prefix_path')
[14.529s] INFO:colcon.colcon_core.shell:Creating environment hook '/home/ubuntu/ros2_ws2/src/install/turtlebot3_simulations/share/turtlebot3_simulations/hook/cmake_prefix_path.ps1'
[14.529s] INFO:colcon.colcon_core.shell:Creating environment descriptor '/home/ubuntu/ros2_ws2/src/install/turtlebot3_simulations/share/turtlebot3_simulations/hook/cmake_prefix_path.dsv'
[14.529s] INFO:colcon.colcon_core.shell:Creating environment hook '/home/ubuntu/ros2_ws2/src/install/turtlebot3_simulations/share/turtlebot3_simulations/hook/cmake_prefix_path.sh'
[14.529s] Level 1:colcon.colcon_core.environment:checking '/home/ubuntu/ros2_ws2/src/install/turtlebot3_simulations/bin'
[14.529s] Level 1:colcon.colcon_core.environment:checking '/home/ubuntu/ros2_ws2/src/install/turtlebot3_simulations/lib/pkgconfig/turtlebot3_simulations.pc'
[14.529s] Level 1:colcon.colcon_core.environment:checking '/home/ubuntu/ros2_ws2/src/install/turtlebot3_simulations/lib/python3.10/site-packages'
[14.529s] Level 1:colcon.colcon_core.environment:checking '/home/ubuntu/ros2_ws2/src/install/turtlebot3_simulations/bin'
[14.536s] INFO:colcon.colcon_core.shell:Creating package script '/home/ubuntu/ros2_ws2/src/install/turtlebot3_simulations/share/turtlebot3_simulations/package.ps1'
[14.536s] INFO:colcon.colcon_core.shell:Creating package descriptor '/home/ubuntu/ros2_ws2/src/install/turtlebot3_simulations/share/turtlebot3_simulations/package.dsv'
[14.536s] INFO:colcon.colcon_core.shell:Creating package script '/home/ubuntu/ros2_ws2/src/install/turtlebot3_simulations/share/turtlebot3_simulations/package.sh'
[14.537s] INFO:colcon.colcon_core.shell:Creating package script '/home/ubuntu/ros2_ws2/src/install/turtlebot3_simulations/share/turtlebot3_simulations/package.bash'
[14.537s] INFO:colcon.colcon_core.shell:Creating package script '/home/ubuntu/ros2_ws2/src/install/turtlebot3_simulations/share/turtlebot3_simulations/package.zsh'
[14.537s] Level 1:colcon.colcon_core.environment:create_file_with_runtime_dependencies(/home/ubuntu/ros2_ws2/src/install/turtlebot3_simulations/share/colcon-core/packages/turtlebot3_simulations)
[14.537s] DEBUG:colcon.colcon_parallel_executor.executor.parallel:closing loop
[14.537s] DEBUG:colcon.colcon_parallel_executor.executor.parallel:loop closed
[14.537s] DEBUG:colcon.colcon_parallel_executor.executor.parallel:run_until_complete finished with '0'
[14.537s] DEBUG:colcon.colcon_core.event_reactor:joining thread
[14.547s] INFO:colcon.colcon_core.plugin_system:Skipping extension 'colcon_notification.desktop_notification.terminal_notifier': Not used on non-Darwin systems
[14.547s] INFO:colcon.colcon_core.plugin_system:Skipping extension 'colcon_notification.desktop_notification.win32': Not used on non-Windows systems
[14.547s] INFO:colcon.colcon_notification.desktop_notification:Sending desktop notification using 'notify2'
[14.562s] DEBUG:colcon.colcon_core.event_reactor:joined thread
[14.572s] INFO:colcon.colcon_core.shell:Creating prefix script '/home/ubuntu/ros2_ws2/src/install/local_setup.ps1'
[14.573s] INFO:colcon.colcon_core.shell:Creating prefix util module '/home/ubuntu/ros2_ws2/src/install/_local_setup_util_ps1.py'
[14.573s] INFO:colcon.colcon_core.shell:Creating prefix chain script '/home/ubuntu/ros2_ws2/src/install/setup.ps1'
[14.580s] INFO:colcon.colcon_core.shell:Creating prefix script '/home/ubuntu/ros2_ws2/src/install/local_setup.sh'
[14.581s] INFO:colcon.colcon_core.shell:Creating prefix util module '/home/ubuntu/ros2_ws2/src/install/_local_setup_util_sh.py'
[14.581s] INFO:colcon.colcon_core.shell:Creating prefix chain script '/home/ubuntu/ros2_ws2/src/install/setup.sh'
[14.588s] INFO:colcon.colcon_core.shell:Creating prefix script '/home/ubuntu/ros2_ws2/src/install/local_setup.bash'
[14.588s] INFO:colcon.colcon_core.shell:Creating prefix chain script '/home/ubuntu/ros2_ws2/src/install/setup.bash'
[14.595s] INFO:colcon.colcon_core.shell:Creating prefix script '/home/ubuntu/ros2_ws2/src/install/local_setup.zsh'
[14.596s] INFO:colcon.colcon_core.shell:Creating prefix chain script '/home/ubuntu/ros2_ws2/src/install/setup.zsh'
