running egg_info
creating ../../build/rob599_hw3/rob599_hw3.egg-info
writing ../../build/rob599_hw3/rob599_hw3.egg-info/PKG-INFO
writing dependency_links to ../../build/rob599_hw3/rob599_hw3.egg-info/dependency_links.txt
writing entry points to ../../build/rob599_hw3/rob599_hw3.egg-info/entry_points.txt
writing requirements to ../../build/rob599_hw3/rob599_hw3.egg-info/requires.txt
writing top-level names to ../../build/rob599_hw3/rob599_hw3.egg-info/top_level.txt
writing manifest file '../../build/rob599_hw3/rob599_hw3.egg-info/SOURCES.txt'
reading manifest file '../../build/rob599_hw3/rob599_hw3.egg-info/SOURCES.txt'
adding license file 'LICENSE'
writing manifest file '../../build/rob599_hw3/rob599_hw3.egg-info/SOURCES.txt'
running build
running build_py
creating /home/ubuntu/ros2_ws2/build/rob599_hw3/build
creating /home/ubuntu/ros2_ws2/build/rob599_hw3/build/lib
creating /home/ubuntu/ros2_ws2/build/rob599_hw3/build/lib/rob599_hw3
copying rob599_hw3/goto_action_client.py -> /home/ubuntu/ros2_ws2/build/rob599_hw3/build/lib/rob599_hw3
copying rob599_hw3/__init__.py -> /home/ubuntu/ros2_ws2/build/rob599_hw3/build/lib/rob599_hw3
copying rob599_hw3/places.py -> /home/ubuntu/ros2_ws2/build/rob599_hw3/build/lib/rob599_hw3
running install
running install_lib
running install_data
running install_egg_info
removing '/home/ubuntu/ros2_ws2/install/rob599_hw3/lib/python3.10/site-packages/rob599_hw3-0.0.0-py3.10.egg-info' (and everything under it)
Copying ../../build/rob599_hw3/rob599_hw3.egg-info to /home/ubuntu/ros2_ws2/install/rob599_hw3/lib/python3.10/site-packages/rob599_hw3-0.0.0-py3.10.egg-info
running install_scripts
Installing places script to /home/ubuntu/ros2_ws2/install/rob599_hw3/lib/rob599_hw3
writing list of installed files to '/home/ubuntu/ros2_ws2/build/rob599_hw3/install.log'
