[0.454s] DEBUG:colcon:Command line arguments: ['/home/ubuntu/.local/bin/colcon', 'build']
[0.454s] DEBUG:colcon:Parsed command line arguments: Namespace(log_base=None, log_level=None, verb_name='build', build_base='build', install_base='install', merge_install=False, symlink_install=False, test_result_base=None, continue_on_error=False, executor='parallel', parallel_workers=16, event_handlers=None, ignore_user_meta=False, metas=['./colcon.meta'], base_paths=['.'], packages_ignore=None, packages_ignore_regex=None, paths=None, packages_up_to=None, packages_up_to_regex=None, packages_above=None, packages_above_and_dependencies=None, packages_above_depth=None, packages_select_by_dep=None, packages_skip_by_dep=None, packages_skip_up_to=None, packages_select_build_failed=False, packages_skip_build_finished=False, packages_select_test_failures=False, packages_skip_test_passed=False, packages_select=None, packages_skip=None, packages_select_regex=None, packages_skip_regex=None, packages_start=None, packages_end=None, allow_overriding=[], cmake_args=None, cmake_target=None, cmake_target_skip_unavailable=False, cmake_clean_cache=False, cmake_clean_first=False, cmake_force_configure=False, ament_cmake_args=None, catkin_cmake_args=None, catkin_skip_building_tests=False, verb_parser=<colcon_defaults.argument_parser.defaults.DefaultArgumentsDecorator object at 0x7f004b6bbc10>, verb_extension=<colcon_core.verb.build.BuildVerb object at 0x7f004c8ba3e0>, main=<bound method BuildVerb.main of <colcon_core.verb.build.BuildVerb object at 0x7f004c8ba3e0>>)
[0.476s] Level 1:colcon.colcon_core.package_discovery:discover_packages(colcon_meta) check parameters
[0.476s] Level 1:colcon.colcon_core.package_discovery:discover_packages(recursive) check parameters
[0.476s] Level 1:colcon.colcon_core.package_discovery:discover_packages(ignore) check parameters
[0.476s] Level 1:colcon.colcon_core.package_discovery:discover_packages(path) check parameters
[0.476s] Level 1:colcon.colcon_core.package_discovery:discover_packages(colcon_meta) discover
[0.476s] Level 1:colcon.colcon_core.package_discovery:discover_packages(recursive) discover
[0.476s] INFO:colcon.colcon_core.package_discovery:Crawling recursively for packages in '/home/ubuntu/ros2_ws2/src'
[0.476s] Level 1:colcon.colcon_core.package_identification:_identify(.) by extensions ['ignore', 'ignore_ament_install']
[0.476s] Level 1:colcon.colcon_core.package_identification:_identify(.) by extension 'ignore'
[0.476s] Level 1:colcon.colcon_core.package_identification:_identify(.) by extension 'ignore_ament_install'
[0.476s] Level 1:colcon.colcon_core.package_identification:_identify(.) by extensions ['colcon_pkg']
[0.476s] Level 1:colcon.colcon_core.package_identification:_identify(.) by extension 'colcon_pkg'
[0.476s] Level 1:colcon.colcon_core.package_identification:_identify(.) by extensions ['colcon_meta']
[0.476s] Level 1:colcon.colcon_core.package_identification:_identify(.) by extension 'colcon_meta'
[0.476s] Level 1:colcon.colcon_core.package_identification:_identify(.) by extensions ['ros']
[0.476s] Level 1:colcon.colcon_core.package_identification:_identify(.) by extension 'ros'
[0.482s] Level 1:colcon.colcon_core.package_identification:_identify(.) by extensions ['cmake', 'python']
[0.482s] Level 1:colcon.colcon_core.package_identification:_identify(.) by extension 'cmake'
[0.482s] Level 1:colcon.colcon_core.package_identification:_identify(.) by extension 'python'
[0.482s] Level 1:colcon.colcon_core.package_identification:_identify(.) by extensions ['python_setup_py']
[0.482s] Level 1:colcon.colcon_core.package_identification:_identify(.) by extension 'python_setup_py'
[0.482s] Level 1:colcon.colcon_core.package_identification:_identify(build) by extensions ['ignore', 'ignore_ament_install']
[0.482s] Level 1:colcon.colcon_core.package_identification:_identify(build) by extension 'ignore'
[0.482s] Level 1:colcon.colcon_core.package_identification:_identify(build) ignored
[0.482s] Level 1:colcon.colcon_core.package_identification:_identify(install) by extensions ['ignore', 'ignore_ament_install']
[0.482s] Level 1:colcon.colcon_core.package_identification:_identify(install) by extension 'ignore'
[0.482s] Level 1:colcon.colcon_core.package_identification:_identify(install) ignored
[0.483s] Level 1:colcon.colcon_core.package_identification:_identify(log) by extensions ['ignore', 'ignore_ament_install']
[0.483s] Level 1:colcon.colcon_core.package_identification:_identify(log) by extension 'ignore'
[0.483s] Level 1:colcon.colcon_core.package_identification:_identify(log) ignored
[0.483s] Level 1:colcon.colcon_core.package_identification:_identify(rob599_hw3) by extensions ['ignore', 'ignore_ament_install']
[0.483s] Level 1:colcon.colcon_core.package_identification:_identify(rob599_hw3) by extension 'ignore'
[0.483s] Level 1:colcon.colcon_core.package_identification:_identify(rob599_hw3) by extension 'ignore_ament_install'
[0.483s] Level 1:colcon.colcon_core.package_identification:_identify(rob599_hw3) by extensions ['colcon_pkg']
[0.483s] Level 1:colcon.colcon_core.package_identification:_identify(rob599_hw3) by extension 'colcon_pkg'
[0.483s] Level 1:colcon.colcon_core.package_identification:_identify(rob599_hw3) by extensions ['colcon_meta']
[0.483s] Level 1:colcon.colcon_core.package_identification:_identify(rob599_hw3) by extension 'colcon_meta'
[0.483s] Level 1:colcon.colcon_core.package_identification:_identify(rob599_hw3) by extensions ['ros']
[0.483s] Level 1:colcon.colcon_core.package_identification:_identify(rob599_hw3) by extension 'ros'
[0.484s] DEBUG:colcon.colcon_core.package_identification:Package 'rob599_hw3' with type 'ros.ament_python' and name 'rob599_hw3'
[0.484s] Level 1:colcon.colcon_core.package_identification:_identify(rob599_msgs2) by extensions ['ignore', 'ignore_ament_install']
[0.484s] Level 1:colcon.colcon_core.package_identification:_identify(rob599_msgs2) by extension 'ignore'
[0.484s] Level 1:colcon.colcon_core.package_identification:_identify(rob599_msgs2) by extension 'ignore_ament_install'
[0.484s] Level 1:colcon.colcon_core.package_identification:_identify(rob599_msgs2) by extensions ['colcon_pkg']
[0.484s] Level 1:colcon.colcon_core.package_identification:_identify(rob599_msgs2) by extension 'colcon_pkg'
[0.484s] Level 1:colcon.colcon_core.package_identification:_identify(rob599_msgs2) by extensions ['colcon_meta']
[0.484s] Level 1:colcon.colcon_core.package_identification:_identify(rob599_msgs2) by extension 'colcon_meta'
[0.484s] Level 1:colcon.colcon_core.package_identification:_identify(rob599_msgs2) by extensions ['ros']
[0.484s] Level 1:colcon.colcon_core.package_identification:_identify(rob599_msgs2) by extension 'ros'
[0.484s] DEBUG:colcon.colcon_core.package_identification:Package 'rob599_msgs2' with type 'ros.ament_cmake' and name 'rob599_msgs2'
[0.484s] Level 1:colcon.colcon_core.package_identification:_identify(turtlebot3_simulations) by extensions ['ignore', 'ignore_ament_install']
[0.485s] Level 1:colcon.colcon_core.package_identification:_identify(turtlebot3_simulations) by extension 'ignore'
[0.485s] Level 1:colcon.colcon_core.package_identification:_identify(turtlebot3_simulations) by extension 'ignore_ament_install'
[0.485s] Level 1:colcon.colcon_core.package_identification:_identify(turtlebot3_simulations) by extensions ['colcon_pkg']
[0.485s] Level 1:colcon.colcon_core.package_identification:_identify(turtlebot3_simulations) by extension 'colcon_pkg'
[0.485s] Level 1:colcon.colcon_core.package_identification:_identify(turtlebot3_simulations) by extensions ['colcon_meta']
[0.485s] Level 1:colcon.colcon_core.package_identification:_identify(turtlebot3_simulations) by extension 'colcon_meta'
[0.485s] Level 1:colcon.colcon_core.package_identification:_identify(turtlebot3_simulations) by extensions ['ros']
[0.485s] Level 1:colcon.colcon_core.package_identification:_identify(turtlebot3_simulations) by extension 'ros'
[0.485s] Level 1:colcon.colcon_core.package_identification:_identify(turtlebot3_simulations) by extensions ['cmake', 'python']
[0.485s] Level 1:colcon.colcon_core.package_identification:_identify(turtlebot3_simulations) by extension 'cmake'
[0.485s] Level 1:colcon.colcon_core.package_identification:_identify(turtlebot3_simulations) by extension 'python'
[0.485s] Level 1:colcon.colcon_core.package_identification:_identify(turtlebot3_simulations) by extensions ['python_setup_py']
[0.485s] Level 1:colcon.colcon_core.package_identification:_identify(turtlebot3_simulations) by extension 'python_setup_py'
[0.485s] Level 1:colcon.colcon_core.package_identification:_identify(turtlebot3_simulations/turtlebot3_fake_node) by extensions ['ignore', 'ignore_ament_install']
[0.485s] Level 1:colcon.colcon_core.package_identification:_identify(turtlebot3_simulations/turtlebot3_fake_node) by extension 'ignore'
[0.485s] Level 1:colcon.colcon_core.package_identification:_identify(turtlebot3_simulations/turtlebot3_fake_node) by extension 'ignore_ament_install'
[0.485s] Level 1:colcon.colcon_core.package_identification:_identify(turtlebot3_simulations/turtlebot3_fake_node) by extensions ['colcon_pkg']
[0.485s] Level 1:colcon.colcon_core.package_identification:_identify(turtlebot3_simulations/turtlebot3_fake_node) by extension 'colcon_pkg'
[0.485s] Level 1:colcon.colcon_core.package_identification:_identify(turtlebot3_simulations/turtlebot3_fake_node) by extensions ['colcon_meta']
[0.485s] Level 1:colcon.colcon_core.package_identification:_identify(turtlebot3_simulations/turtlebot3_fake_node) by extension 'colcon_meta'
[0.485s] Level 1:colcon.colcon_core.package_identification:_identify(turtlebot3_simulations/turtlebot3_fake_node) by extensions ['ros']
[0.485s] Level 1:colcon.colcon_core.package_identification:_identify(turtlebot3_simulations/turtlebot3_fake_node) by extension 'ros'
[0.485s] DEBUG:colcon.colcon_core.package_identification:Package 'turtlebot3_simulations/turtlebot3_fake_node' with type 'ros.ament_cmake' and name 'turtlebot3_fake_node'
[0.486s] Level 1:colcon.colcon_core.package_identification:_identify(turtlebot3_simulations/turtlebot3_gazebo) by extensions ['ignore', 'ignore_ament_install']
[0.486s] Level 1:colcon.colcon_core.package_identification:_identify(turtlebot3_simulations/turtlebot3_gazebo) by extension 'ignore'
[0.486s] Level 1:colcon.colcon_core.package_identification:_identify(turtlebot3_simulations/turtlebot3_gazebo) by extension 'ignore_ament_install'
[0.486s] Level 1:colcon.colcon_core.package_identification:_identify(turtlebot3_simulations/turtlebot3_gazebo) by extensions ['colcon_pkg']
[0.486s] Level 1:colcon.colcon_core.package_identification:_identify(turtlebot3_simulations/turtlebot3_gazebo) by extension 'colcon_pkg'
[0.486s] Level 1:colcon.colcon_core.package_identification:_identify(turtlebot3_simulations/turtlebot3_gazebo) by extensions ['colcon_meta']
[0.486s] Level 1:colcon.colcon_core.package_identification:_identify(turtlebot3_simulations/turtlebot3_gazebo) by extension 'colcon_meta'
[0.486s] Level 1:colcon.colcon_core.package_identification:_identify(turtlebot3_simulations/turtlebot3_gazebo) by extensions ['ros']
[0.486s] Level 1:colcon.colcon_core.package_identification:_identify(turtlebot3_simulations/turtlebot3_gazebo) by extension 'ros'
[0.486s] DEBUG:colcon.colcon_core.package_identification:Package 'turtlebot3_simulations/turtlebot3_gazebo' with type 'ros.ament_cmake' and name 'turtlebot3_gazebo'
[0.486s] Level 1:colcon.colcon_core.package_identification:_identify(turtlebot3_simulations/turtlebot3_simulations) by extensions ['ignore', 'ignore_ament_install']
[0.486s] Level 1:colcon.colcon_core.package_identification:_identify(turtlebot3_simulations/turtlebot3_simulations) by extension 'ignore'
[0.486s] Level 1:colcon.colcon_core.package_identification:_identify(turtlebot3_simulations/turtlebot3_simulations) by extension 'ignore_ament_install'
[0.486s] Level 1:colcon.colcon_core.package_identification:_identify(turtlebot3_simulations/turtlebot3_simulations) by extensions ['colcon_pkg']
[0.486s] Level 1:colcon.colcon_core.package_identification:_identify(turtlebot3_simulations/turtlebot3_simulations) by extension 'colcon_pkg'
[0.486s] Level 1:colcon.colcon_core.package_identification:_identify(turtlebot3_simulations/turtlebot3_simulations) by extensions ['colcon_meta']
[0.486s] Level 1:colcon.colcon_core.package_identification:_identify(turtlebot3_simulations/turtlebot3_simulations) by extension 'colcon_meta'
[0.486s] Level 1:colcon.colcon_core.package_identification:_identify(turtlebot3_simulations/turtlebot3_simulations) by extensions ['ros']
[0.486s] Level 1:colcon.colcon_core.package_identification:_identify(turtlebot3_simulations/turtlebot3_simulations) by extension 'ros'
[0.487s] DEBUG:colcon.colcon_core.package_identification:Package 'turtlebot3_simulations/turtlebot3_simulations' with type 'ros.ament_cmake' and name 'turtlebot3_simulations'
[0.487s] Level 1:colcon.colcon_core.package_discovery:discover_packages(recursive) using defaults
[0.487s] Level 1:colcon.colcon_core.package_discovery:discover_packages(ignore) discover
[0.487s] Level 1:colcon.colcon_core.package_discovery:discover_packages(ignore) using defaults
[0.487s] Level 1:colcon.colcon_core.package_discovery:discover_packages(path) discover
[0.487s] Level 1:colcon.colcon_core.package_discovery:discover_packages(path) using defaults
[0.527s] Level 1:colcon.colcon_core.package_discovery:discover_packages(prefix_path) check parameters
[0.527s] Level 1:colcon.colcon_core.package_discovery:discover_packages(prefix_path) discover
[0.540s] DEBUG:colcon.colcon_installed_package_information.package_discovery:Found 5 installed packages in /home/ubuntu/ros2_ws2/install
[0.547s] DEBUG:colcon.colcon_installed_package_information.package_discovery:Found 381 installed packages in /opt/ros/humble
[0.548s] Level 1:colcon.colcon_core.package_discovery:discover_packages(prefix_path) using defaults
[0.600s] Level 5:colcon.colcon_core.verb:set package 'rob599_msgs2' build argument 'cmake_args' from command line to 'None'
[0.600s] Level 5:colcon.colcon_core.verb:set package 'rob599_msgs2' build argument 'cmake_target' from command line to 'None'
[0.600s] Level 5:colcon.colcon_core.verb:set package 'rob599_msgs2' build argument 'cmake_target_skip_unavailable' from command line to 'False'
[0.600s] Level 5:colcon.colcon_core.verb:set package 'rob599_msgs2' build argument 'cmake_clean_cache' from command line to 'False'
[0.600s] Level 5:colcon.colcon_core.verb:set package 'rob599_msgs2' build argument 'cmake_clean_first' from command line to 'False'
[0.600s] Level 5:colcon.colcon_core.verb:set package 'rob599_msgs2' build argument 'cmake_force_configure' from command line to 'False'
[0.600s] Level 5:colcon.colcon_core.verb:set package 'rob599_msgs2' build argument 'ament_cmake_args' from command line to 'None'
[0.600s] Level 5:colcon.colcon_core.verb:set package 'rob599_msgs2' build argument 'catkin_cmake_args' from command line to 'None'
[0.600s] Level 5:colcon.colcon_core.verb:set package 'rob599_msgs2' build argument 'catkin_skip_building_tests' from command line to 'False'
[0.600s] DEBUG:colcon.colcon_core.verb:Building package 'rob599_msgs2' with the following arguments: {'ament_cmake_args': None, 'build_base': '/home/ubuntu/ros2_ws2/src/build/rob599_msgs2', 'catkin_cmake_args': None, 'catkin_skip_building_tests': False, 'cmake_args': None, 'cmake_clean_cache': False, 'cmake_clean_first': False, 'cmake_force_configure': False, 'cmake_target': None, 'cmake_target_skip_unavailable': False, 'install_base': '/home/ubuntu/ros2_ws2/src/install/rob599_msgs2', 'merge_install': False, 'path': '/home/ubuntu/ros2_ws2/src/rob599_msgs2', 'symlink_install': False, 'test_result_base': None}
[0.606s] Level 5:colcon.colcon_core.verb:set package 'turtlebot3_fake_node' build argument 'cmake_args' from command line to 'None'
[0.607s] Level 5:colcon.colcon_core.verb:set package 'turtlebot3_fake_node' build argument 'cmake_target' from command line to 'None'
[0.607s] Level 5:colcon.colcon_core.verb:set package 'turtlebot3_fake_node' build argument 'cmake_target_skip_unavailable' from command line to 'False'
[0.607s] Level 5:colcon.colcon_core.verb:set package 'turtlebot3_fake_node' build argument 'cmake_clean_cache' from command line to 'False'
[0.607s] Level 5:colcon.colcon_core.verb:set package 'turtlebot3_fake_node' build argument 'cmake_clean_first' from command line to 'False'
[0.607s] Level 5:colcon.colcon_core.verb:set package 'turtlebot3_fake_node' build argument 'cmake_force_configure' from command line to 'False'
[0.607s] Level 5:colcon.colcon_core.verb:set package 'turtlebot3_fake_node' build argument 'ament_cmake_args' from command line to 'None'
[0.607s] Level 5:colcon.colcon_core.verb:set package 'turtlebot3_fake_node' build argument 'catkin_cmake_args' from command line to 'None'
[0.607s] Level 5:colcon.colcon_core.verb:set package 'turtlebot3_fake_node' build argument 'catkin_skip_building_tests' from command line to 'False'
[0.607s] DEBUG:colcon.colcon_core.verb:Building package 'turtlebot3_fake_node' with the following arguments: {'ament_cmake_args': None, 'build_base': '/home/ubuntu/ros2_ws2/src/build/turtlebot3_fake_node', 'catkin_cmake_args': None, 'catkin_skip_building_tests': False, 'cmake_args': None, 'cmake_clean_cache': False, 'cmake_clean_first': False, 'cmake_force_configure': False, 'cmake_target': None, 'cmake_target_skip_unavailable': False, 'install_base': '/home/ubuntu/ros2_ws2/src/install/turtlebot3_fake_node', 'merge_install': False, 'path': '/home/ubuntu/ros2_ws2/src/turtlebot3_simulations/turtlebot3_fake_node', 'symlink_install': False, 'test_result_base': None}
[0.613s] Level 5:colcon.colcon_core.verb:set package 'turtlebot3_gazebo' build argument 'cmake_args' from command line to 'None'
[0.613s] Level 5:colcon.colcon_core.verb:set package 'turtlebot3_gazebo' build argument 'cmake_target' from command line to 'None'
[0.613s] Level 5:colcon.colcon_core.verb:set package 'turtlebot3_gazebo' build argument 'cmake_target_skip_unavailable' from command line to 'False'
[0.613s] Level 5:colcon.colcon_core.verb:set package 'turtlebot3_gazebo' build argument 'cmake_clean_cache' from command line to 'False'
[0.613s] Level 5:colcon.colcon_core.verb:set package 'turtlebot3_gazebo' build argument 'cmake_clean_first' from command line to 'False'
[0.613s] Level 5:colcon.colcon_core.verb:set package 'turtlebot3_gazebo' build argument 'cmake_force_configure' from command line to 'False'
[0.613s] Level 5:colcon.colcon_core.verb:set package 'turtlebot3_gazebo' build argument 'ament_cmake_args' from command line to 'None'
[0.613s] Level 5:colcon.colcon_core.verb:set package 'turtlebot3_gazebo' build argument 'catkin_cmake_args' from command line to 'None'
[0.613s] Level 5:colcon.colcon_core.verb:set package 'turtlebot3_gazebo' build argument 'catkin_skip_building_tests' from command line to 'False'
[0.613s] DEBUG:colcon.colcon_core.verb:Building package 'turtlebot3_gazebo' with the following arguments: {'ament_cmake_args': None, 'build_base': '/home/ubuntu/ros2_ws2/src/build/turtlebot3_gazebo', 'catkin_cmake_args': None, 'catkin_skip_building_tests': False, 'cmake_args': None, 'cmake_clean_cache': False, 'cmake_clean_first': False, 'cmake_force_configure': False, 'cmake_target': None, 'cmake_target_skip_unavailable': False, 'install_base': '/home/ubuntu/ros2_ws2/src/install/turtlebot3_gazebo', 'merge_install': False, 'path': '/home/ubuntu/ros2_ws2/src/turtlebot3_simulations/turtlebot3_gazebo', 'symlink_install': False, 'test_result_base': None}
[0.619s] Level 5:colcon.colcon_core.verb:set package 'rob599_hw3' build argument 'cmake_args' from command line to 'None'
[0.619s] Level 5:colcon.colcon_core.verb:set package 'rob599_hw3' build argument 'cmake_target' from command line to 'None'
[0.619s] Level 5:colcon.colcon_core.verb:set package 'rob599_hw3' build argument 'cmake_target_skip_unavailable' from command line to 'False'
[0.619s] Level 5:colcon.colcon_core.verb:set package 'rob599_hw3' build argument 'cmake_clean_cache' from command line to 'False'
[0.619s] Level 5:colcon.colcon_core.verb:set package 'rob599_hw3' build argument 'cmake_clean_first' from command line to 'False'
[0.619s] Level 5:colcon.colcon_core.verb:set package 'rob599_hw3' build argument 'cmake_force_configure' from command line to 'False'
[0.619s] Level 5:colcon.colcon_core.verb:set package 'rob599_hw3' build argument 'ament_cmake_args' from command line to 'None'
[0.619s] Level 5:colcon.colcon_core.verb:set package 'rob599_hw3' build argument 'catkin_cmake_args' from command line to 'None'
[0.619s] Level 5:colcon.colcon_core.verb:set package 'rob599_hw3' build argument 'catkin_skip_building_tests' from command line to 'False'
[0.619s] DEBUG:colcon.colcon_core.verb:Building package 'rob599_hw3' with the following arguments: {'ament_cmake_args': None, 'build_base': '/home/ubuntu/ros2_ws2/src/build/rob599_hw3', 'catkin_cmake_args': None, 'catkin_skip_building_tests': False, 'cmake_args': None, 'cmake_clean_cache': False, 'cmake_clean_first': False, 'cmake_force_configure': False, 'cmake_target': None, 'cmake_target_skip_unavailable': False, 'install_base': '/home/ubuntu/ros2_ws2/src/install/rob599_hw3', 'merge_install': False, 'path': '/home/ubuntu/ros2_ws2/src/rob599_hw3', 'symlink_install': False, 'test_result_base': None}
[0.625s] Level 5:colcon.colcon_core.verb:set package 'turtlebot3_simulations' build argument 'cmake_args' from command line to 'None'
[0.625s] Level 5:colcon.colcon_core.verb:set package 'turtlebot3_simulations' build argument 'cmake_target' from command line to 'None'
[0.625s] Level 5:colcon.colcon_core.verb:set package 'turtlebot3_simulations' build argument 'cmake_target_skip_unavailable' from command line to 'False'
[0.625s] Level 5:colcon.colcon_core.verb:set package 'turtlebot3_simulations' build argument 'cmake_clean_cache' from command line to 'False'
[0.625s] Level 5:colcon.colcon_core.verb:set package 'turtlebot3_simulations' build argument 'cmake_clean_first' from command line to 'False'
[0.625s] Level 5:colcon.colcon_core.verb:set package 'turtlebot3_simulations' build argument 'cmake_force_configure' from command line to 'False'
[0.625s] Level 5:colcon.colcon_core.verb:set package 'turtlebot3_simulations' build argument 'ament_cmake_args' from command line to 'None'
[0.625s] Level 5:colcon.colcon_core.verb:set package 'turtlebot3_simulations' build argument 'catkin_cmake_args' from command line to 'None'
[0.625s] Level 5:colcon.colcon_core.verb:set package 'turtlebot3_simulations' build argument 'catkin_skip_building_tests' from command line to 'False'
[0.625s] DEBUG:colcon.colcon_core.verb:Building package 'turtlebot3_simulations' with the following arguments: {'ament_cmake_args': None, 'build_base': '/home/ubuntu/ros2_ws2/src/build/turtlebot3_simulations', 'catkin_cmake_args': None, 'catkin_skip_building_tests': False, 'cmake_args': None, 'cmake_clean_cache': False, 'cmake_clean_first': False, 'cmake_force_configure': False, 'cmake_target': None, 'cmake_target_skip_unavailable': False, 'install_base': '/home/ubuntu/ros2_ws2/src/install/turtlebot3_simulations', 'merge_install': False, 'path': '/home/ubuntu/ros2_ws2/src/turtlebot3_simulations/turtlebot3_simulations', 'symlink_install': False, 'test_result_base': None}
[0.632s] INFO:colcon.colcon_core.executor:Executing jobs using 'parallel' executor
[0.638s] DEBUG:colcon.colcon_parallel_executor.executor.parallel:run_until_complete
[0.638s] INFO:colcon.colcon_ros.task.ament_cmake.build:Building ROS package in '/home/ubuntu/ros2_ws2/src/turtlebot3_simulations/turtlebot3_gazebo' with build type 'ament_cmake'
[0.639s] INFO:colcon.colcon_cmake.task.cmake.build:Building CMake package in '/home/ubuntu/ros2_ws2/src/turtlebot3_simulations/turtlebot3_gazebo'
[0.646s] INFO:colcon.colcon_core.plugin_system:Skipping extension 'colcon_core.shell.bat': Not used on non-Windows systems
[0.646s] INFO:colcon.colcon_core.shell:Skip shell extension 'powershell' for command environment: Not usable outside of PowerShell
[0.646s] DEBUG:colcon.colcon_core.shell:Skip shell extension 'dsv' for command environment
[0.666s] INFO:colcon.colcon_ros.task.ament_cmake.build:Building ROS package in '/home/ubuntu/ros2_ws2/src/rob599_msgs2' with build type 'ament_cmake'
[0.666s] INFO:colcon.colcon_cmake.task.cmake.build:Building CMake package in '/home/ubuntu/ros2_ws2/src/rob599_msgs2'
[0.674s] INFO:colcon.colcon_core.shell:Skip shell extension 'powershell' for command environment: Not usable outside of PowerShell
[0.674s] DEBUG:colcon.colcon_core.shell:Skip shell extension 'dsv' for command environment
[0.694s] INFO:colcon.colcon_ros.task.ament_cmake.build:Building ROS package in '/home/ubuntu/ros2_ws2/src/turtlebot3_simulations/turtlebot3_fake_node' with build type 'ament_cmake'
[0.694s] INFO:colcon.colcon_cmake.task.cmake.build:Building CMake package in '/home/ubuntu/ros2_ws2/src/turtlebot3_simulations/turtlebot3_fake_node'
[0.701s] INFO:colcon.colcon_core.shell:Skip shell extension 'powershell' for command environment: Not usable outside of PowerShell
[0.701s] DEBUG:colcon.colcon_core.shell:Skip shell extension 'dsv' for command environment
[0.726s] DEBUG:colcon.colcon_core.event_handler.log_command:Invoking command in '/home/ubuntu/ros2_ws2/src/build/turtlebot3_gazebo': CMAKE_PREFIX_PATH=${CMAKE_PREFIX_PATH}:/home/ubuntu/ros2_ws2/install/rob599_hw3:/opt/ros/humble /usr/bin/cmake --build /home/ubuntu/ros2_ws2/src/build/turtlebot3_gazebo -- -j16 -l16
[0.728s] DEBUG:colcon.colcon_core.event_handler.log_command:Invoking command in '/home/ubuntu/ros2_ws2/src/build/rob599_msgs2': CMAKE_PREFIX_PATH=${CMAKE_PREFIX_PATH}:/home/ubuntu/ros2_ws2/install/rob599_hw3:/opt/ros/humble /usr/bin/cmake --build /home/ubuntu/ros2_ws2/src/build/rob599_msgs2 -- -j16 -l16
[0.729s] DEBUG:colcon.colcon_core.event_handler.log_command:Invoking command in '/home/ubuntu/ros2_ws2/src/build/turtlebot3_fake_node': CMAKE_PREFIX_PATH=${CMAKE_PREFIX_PATH}:/home/ubuntu/ros2_ws2/install/rob599_hw3:/opt/ros/humble /usr/bin/cmake --build /home/ubuntu/ros2_ws2/src/build/turtlebot3_fake_node -- -j16 -l16
[0.772s] DEBUG:colcon.colcon_core.event_handler.log_command:Invoked command in '/home/ubuntu/ros2_ws2/src/build/turtlebot3_fake_node' returned '0': CMAKE_PREFIX_PATH=${CMAKE_PREFIX_PATH}:/home/ubuntu/ros2_ws2/install/rob599_hw3:/opt/ros/humble /usr/bin/cmake --build /home/ubuntu/ros2_ws2/src/build/turtlebot3_fake_node -- -j16 -l16
[0.795s] DEBUG:colcon.colcon_core.event_handler.log_command:Invoking command in '/home/ubuntu/ros2_ws2/src/build/turtlebot3_fake_node': CMAKE_PREFIX_PATH=${CMAKE_PREFIX_PATH}:/home/ubuntu/ros2_ws2/install/rob599_hw3:/opt/ros/humble /usr/bin/cmake --install /home/ubuntu/ros2_ws2/src/build/turtlebot3_fake_node
[0.796s] DEBUG:colcon.colcon_core.event_handler.log_command:Invoked command in '/home/ubuntu/ros2_ws2/src/build/turtlebot3_gazebo' returned '0': CMAKE_PREFIX_PATH=${CMAKE_PREFIX_PATH}:/home/ubuntu/ros2_ws2/install/rob599_hw3:/opt/ros/humble /usr/bin/cmake --build /home/ubuntu/ros2_ws2/src/build/turtlebot3_gazebo -- -j16 -l16
[0.801s] Level 1:colcon.colcon_core.environment:create_environment_scripts_only(turtlebot3_fake_node)
[0.803s] DEBUG:colcon.colcon_core.event_handler.log_command:Invoked command in '/home/ubuntu/ros2_ws2/src/build/turtlebot3_fake_node' returned '0': CMAKE_PREFIX_PATH=${CMAKE_PREFIX_PATH}:/home/ubuntu/ros2_ws2/install/rob599_hw3:/opt/ros/humble /usr/bin/cmake --install /home/ubuntu/ros2_ws2/src/build/turtlebot3_fake_node
[0.820s] Level 1:colcon.colcon_core.environment:checking '/home/ubuntu/ros2_ws2/src/install/turtlebot3_fake_node' for CMake module files
[0.820s] Level 1:colcon.colcon_core.environment:checking '/home/ubuntu/ros2_ws2/src/install/turtlebot3_fake_node' for CMake config files
[0.820s] Level 1:colcon.colcon_core.shell:create_environment_hook('turtlebot3_fake_node', 'cmake_prefix_path')
[0.836s] INFO:colcon.colcon_core.shell:Creating environment hook '/home/ubuntu/ros2_ws2/src/install/turtlebot3_fake_node/share/turtlebot3_fake_node/hook/cmake_prefix_path.ps1'
[0.837s] INFO:colcon.colcon_core.shell:Creating environment descriptor '/home/ubuntu/ros2_ws2/src/install/turtlebot3_fake_node/share/turtlebot3_fake_node/hook/cmake_prefix_path.dsv'
[0.837s] INFO:colcon.colcon_core.shell:Creating environment hook '/home/ubuntu/ros2_ws2/src/install/turtlebot3_fake_node/share/turtlebot3_fake_node/hook/cmake_prefix_path.sh'
[0.838s] Level 1:colcon.colcon_core.environment:checking '/home/ubuntu/ros2_ws2/src/install/turtlebot3_fake_node/lib'
[0.838s] Level 1:colcon.colcon_core.environment:checking '/home/ubuntu/ros2_ws2/src/install/turtlebot3_fake_node/bin'
[0.838s] Level 1:colcon.colcon_core.environment:checking '/home/ubuntu/ros2_ws2/src/install/turtlebot3_fake_node/lib/pkgconfig/turtlebot3_fake_node.pc'
[0.839s] Level 1:colcon.colcon_core.environment:checking '/home/ubuntu/ros2_ws2/src/install/turtlebot3_fake_node/lib/python3.10/site-packages'
[0.839s] Level 1:colcon.colcon_core.environment:checking '/home/ubuntu/ros2_ws2/src/install/turtlebot3_fake_node/bin'
[0.848s] INFO:colcon.colcon_core.shell:Creating package script '/home/ubuntu/ros2_ws2/src/install/turtlebot3_fake_node/share/turtlebot3_fake_node/package.ps1'
[0.849s] INFO:colcon.colcon_core.shell:Creating package descriptor '/home/ubuntu/ros2_ws2/src/install/turtlebot3_fake_node/share/turtlebot3_fake_node/package.dsv'
[0.849s] INFO:colcon.colcon_core.shell:Creating package script '/home/ubuntu/ros2_ws2/src/install/turtlebot3_fake_node/share/turtlebot3_fake_node/package.sh'
[0.849s] INFO:colcon.colcon_core.shell:Creating package script '/home/ubuntu/ros2_ws2/src/install/turtlebot3_fake_node/share/turtlebot3_fake_node/package.bash'
[0.850s] INFO:colcon.colcon_core.shell:Creating package script '/home/ubuntu/ros2_ws2/src/install/turtlebot3_fake_node/share/turtlebot3_fake_node/package.zsh'
[0.850s] Level 1:colcon.colcon_core.environment:create_file_with_runtime_dependencies(/home/ubuntu/ros2_ws2/src/install/turtlebot3_fake_node/share/colcon-core/packages/turtlebot3_fake_node)
[0.852s] DEBUG:colcon.colcon_core.event_handler.log_command:Invoking command in '/home/ubuntu/ros2_ws2/src/build/turtlebot3_gazebo': CMAKE_PREFIX_PATH=${CMAKE_PREFIX_PATH}:/home/ubuntu/ros2_ws2/install/rob599_hw3:/opt/ros/humble /usr/bin/cmake --install /home/ubuntu/ros2_ws2/src/build/turtlebot3_gazebo
[0.859s] Level 1:colcon.colcon_core.environment:create_environment_scripts_only(turtlebot3_gazebo)
[0.864s] DEBUG:colcon.colcon_core.event_handler.log_command:Invoked command in '/home/ubuntu/ros2_ws2/src/build/turtlebot3_gazebo' returned '0': CMAKE_PREFIX_PATH=${CMAKE_PREFIX_PATH}:/home/ubuntu/ros2_ws2/install/rob599_hw3:/opt/ros/humble /usr/bin/cmake --install /home/ubuntu/ros2_ws2/src/build/turtlebot3_gazebo
[0.875s] Level 1:colcon.colcon_core.environment:checking '/home/ubuntu/ros2_ws2/src/install/turtlebot3_gazebo' for CMake module files
[0.875s] Level 1:colcon.colcon_core.environment:checking '/home/ubuntu/ros2_ws2/src/install/turtlebot3_gazebo' for CMake config files
[0.875s] Level 1:colcon.colcon_core.shell:create_environment_hook('turtlebot3_gazebo', 'cmake_prefix_path')
[0.882s] INFO:colcon.colcon_core.shell:Creating environment hook '/home/ubuntu/ros2_ws2/src/install/turtlebot3_gazebo/share/turtlebot3_gazebo/hook/cmake_prefix_path.ps1'
[0.882s] INFO:colcon.colcon_core.shell:Creating environment descriptor '/home/ubuntu/ros2_ws2/src/install/turtlebot3_gazebo/share/turtlebot3_gazebo/hook/cmake_prefix_path.dsv'
[0.883s] INFO:colcon.colcon_core.shell:Creating environment hook '/home/ubuntu/ros2_ws2/src/install/turtlebot3_gazebo/share/turtlebot3_gazebo/hook/cmake_prefix_path.sh'
[0.883s] Level 1:colcon.colcon_core.environment:checking '/home/ubuntu/ros2_ws2/src/install/turtlebot3_gazebo/lib'
[0.883s] Level 1:colcon.colcon_core.environment:checking '/home/ubuntu/ros2_ws2/src/install/turtlebot3_gazebo/bin'
[0.883s] Level 1:colcon.colcon_core.environment:checking '/home/ubuntu/ros2_ws2/src/install/turtlebot3_gazebo/lib/pkgconfig/turtlebot3_gazebo.pc'
[0.883s] Level 1:colcon.colcon_core.environment:checking '/home/ubuntu/ros2_ws2/src/install/turtlebot3_gazebo/lib/python3.10/site-packages'
[0.883s] Level 1:colcon.colcon_core.environment:checking '/home/ubuntu/ros2_ws2/src/install/turtlebot3_gazebo/bin'
[0.890s] INFO:colcon.colcon_core.shell:Creating package script '/home/ubuntu/ros2_ws2/src/install/turtlebot3_gazebo/share/turtlebot3_gazebo/package.ps1'
[0.891s] INFO:colcon.colcon_core.shell:Creating package descriptor '/home/ubuntu/ros2_ws2/src/install/turtlebot3_gazebo/share/turtlebot3_gazebo/package.dsv'
[0.891s] INFO:colcon.colcon_core.shell:Creating package script '/home/ubuntu/ros2_ws2/src/install/turtlebot3_gazebo/share/turtlebot3_gazebo/package.sh'
[0.891s] INFO:colcon.colcon_core.shell:Creating package script '/home/ubuntu/ros2_ws2/src/install/turtlebot3_gazebo/share/turtlebot3_gazebo/package.bash'
[0.891s] INFO:colcon.colcon_core.shell:Creating package script '/home/ubuntu/ros2_ws2/src/install/turtlebot3_gazebo/share/turtlebot3_gazebo/package.zsh'
[0.891s] Level 1:colcon.colcon_core.environment:create_file_with_runtime_dependencies(/home/ubuntu/ros2_ws2/src/install/turtlebot3_gazebo/share/colcon-core/packages/turtlebot3_gazebo)
[0.899s] Level 1:colcon.colcon_core.environment:create_environment_scripts_only(turtlebot3_fake_node)
[0.906s] Level 1:colcon.colcon_core.environment:checking '/home/ubuntu/ros2_ws2/src/install/turtlebot3_fake_node' for CMake module files
[0.906s] Level 1:colcon.colcon_core.environment:checking '/home/ubuntu/ros2_ws2/src/install/turtlebot3_fake_node' for CMake config files
[0.906s] Level 1:colcon.colcon_core.shell:create_environment_hook('turtlebot3_fake_node', 'cmake_prefix_path')
[0.913s] INFO:colcon.colcon_core.shell:Creating environment hook '/home/ubuntu/ros2_ws2/src/install/turtlebot3_fake_node/share/turtlebot3_fake_node/hook/cmake_prefix_path.ps1'
[0.914s] INFO:colcon.colcon_core.shell:Creating environment descriptor '/home/ubuntu/ros2_ws2/src/install/turtlebot3_fake_node/share/turtlebot3_fake_node/hook/cmake_prefix_path.dsv'
[0.914s] INFO:colcon.colcon_core.shell:Creating environment hook '/home/ubuntu/ros2_ws2/src/install/turtlebot3_fake_node/share/turtlebot3_fake_node/hook/cmake_prefix_path.sh'
[0.914s] Level 1:colcon.colcon_core.environment:checking '/home/ubuntu/ros2_ws2/src/install/turtlebot3_fake_node/lib'
[0.914s] Level 1:colcon.colcon_core.environment:checking '/home/ubuntu/ros2_ws2/src/install/turtlebot3_fake_node/bin'
[0.914s] Level 1:colcon.colcon_core.environment:checking '/home/ubuntu/ros2_ws2/src/install/turtlebot3_fake_node/lib/pkgconfig/turtlebot3_fake_node.pc'
[0.914s] Level 1:colcon.colcon_core.environment:checking '/home/ubuntu/ros2_ws2/src/install/turtlebot3_fake_node/lib/python3.10/site-packages'
[0.914s] Level 1:colcon.colcon_core.environment:checking '/home/ubuntu/ros2_ws2/src/install/turtlebot3_fake_node/bin'
[0.922s] INFO:colcon.colcon_core.shell:Creating package script '/home/ubuntu/ros2_ws2/src/install/turtlebot3_fake_node/share/turtlebot3_fake_node/package.ps1'
[0.922s] INFO:colcon.colcon_core.shell:Creating package descriptor '/home/ubuntu/ros2_ws2/src/install/turtlebot3_fake_node/share/turtlebot3_fake_node/package.dsv'
[0.923s] INFO:colcon.colcon_core.shell:Creating package script '/home/ubuntu/ros2_ws2/src/install/turtlebot3_fake_node/share/turtlebot3_fake_node/package.sh'
[0.923s] INFO:colcon.colcon_core.shell:Creating package script '/home/ubuntu/ros2_ws2/src/install/turtlebot3_fake_node/share/turtlebot3_fake_node/package.bash'
[0.923s] INFO:colcon.colcon_core.shell:Creating package script '/home/ubuntu/ros2_ws2/src/install/turtlebot3_fake_node/share/turtlebot3_fake_node/package.zsh'
[0.923s] Level 1:colcon.colcon_core.environment:create_file_with_runtime_dependencies(/home/ubuntu/ros2_ws2/src/install/turtlebot3_fake_node/share/colcon-core/packages/turtlebot3_fake_node)
[0.931s] Level 1:colcon.colcon_core.environment:create_environment_scripts_only(turtlebot3_gazebo)
[0.938s] Level 1:colcon.colcon_core.environment:checking '/home/ubuntu/ros2_ws2/src/install/turtlebot3_gazebo' for CMake module files
[0.938s] Level 1:colcon.colcon_core.environment:checking '/home/ubuntu/ros2_ws2/src/install/turtlebot3_gazebo' for CMake config files
[0.939s] Level 1:colcon.colcon_core.shell:create_environment_hook('turtlebot3_gazebo', 'cmake_prefix_path')
[0.945s] INFO:colcon.colcon_core.shell:Creating environment hook '/home/ubuntu/ros2_ws2/src/install/turtlebot3_gazebo/share/turtlebot3_gazebo/hook/cmake_prefix_path.ps1'
[0.945s] INFO:colcon.colcon_core.shell:Creating environment descriptor '/home/ubuntu/ros2_ws2/src/install/turtlebot3_gazebo/share/turtlebot3_gazebo/hook/cmake_prefix_path.dsv'
[0.945s] INFO:colcon.colcon_core.shell:Creating environment hook '/home/ubuntu/ros2_ws2/src/install/turtlebot3_gazebo/share/turtlebot3_gazebo/hook/cmake_prefix_path.sh'
[0.946s] Level 1:colcon.colcon_core.environment:checking '/home/ubuntu/ros2_ws2/src/install/turtlebot3_gazebo/lib'
[0.946s] Level 1:colcon.colcon_core.environment:checking '/home/ubuntu/ros2_ws2/src/install/turtlebot3_gazebo/bin'
[0.946s] Level 1:colcon.colcon_core.environment:checking '/home/ubuntu/ros2_ws2/src/install/turtlebot3_gazebo/lib/pkgconfig/turtlebot3_gazebo.pc'
[0.946s] Level 1:colcon.colcon_core.environment:checking '/home/ubuntu/ros2_ws2/src/install/turtlebot3_gazebo/lib/python3.10/site-packages'
[0.946s] Level 1:colcon.colcon_core.environment:checking '/home/ubuntu/ros2_ws2/src/install/turtlebot3_gazebo/bin'
[0.953s] INFO:colcon.colcon_core.shell:Creating package script '/home/ubuntu/ros2_ws2/src/install/turtlebot3_gazebo/share/turtlebot3_gazebo/package.ps1'
[0.953s] INFO:colcon.colcon_core.shell:Creating package descriptor '/home/ubuntu/ros2_ws2/src/install/turtlebot3_gazebo/share/turtlebot3_gazebo/package.dsv'
[0.953s] INFO:colcon.colcon_core.shell:Creating package script '/home/ubuntu/ros2_ws2/src/install/turtlebot3_gazebo/share/turtlebot3_gazebo/package.sh'
[0.953s] INFO:colcon.colcon_core.shell:Creating package script '/home/ubuntu/ros2_ws2/src/install/turtlebot3_gazebo/share/turtlebot3_gazebo/package.bash'
[0.953s] INFO:colcon.colcon_core.shell:Creating package script '/home/ubuntu/ros2_ws2/src/install/turtlebot3_gazebo/share/turtlebot3_gazebo/package.zsh'
[0.954s] Level 1:colcon.colcon_core.environment:create_file_with_runtime_dependencies(/home/ubuntu/ros2_ws2/src/install/turtlebot3_gazebo/share/colcon-core/packages/turtlebot3_gazebo)
[0.954s] INFO:colcon.colcon_ros.task.ament_cmake.build:Building ROS package in '/home/ubuntu/ros2_ws2/src/turtlebot3_simulations/turtlebot3_simulations' with build type 'ament_cmake'
[0.954s] INFO:colcon.colcon_cmake.task.cmake.build:Building CMake package in '/home/ubuntu/ros2_ws2/src/turtlebot3_simulations/turtlebot3_simulations'
[0.961s] INFO:colcon.colcon_core.shell:Skip shell extension 'powershell' for command environment: Not usable outside of PowerShell
[0.961s] DEBUG:colcon.colcon_core.shell:Skip shell extension 'dsv' for command environment
[0.983s] DEBUG:colcon.colcon_core.event_handler.log_command:Invoked command in '/home/ubuntu/ros2_ws2/src/build/rob599_msgs2' returned '0': CMAKE_PREFIX_PATH=${CMAKE_PREFIX_PATH}:/home/ubuntu/ros2_ws2/install/rob599_hw3:/opt/ros/humble /usr/bin/cmake --build /home/ubuntu/ros2_ws2/src/build/rob599_msgs2 -- -j16 -l16
[0.986s] DEBUG:colcon.colcon_core.event_handler.log_command:Invoking command in '/home/ubuntu/ros2_ws2/src/build/turtlebot3_simulations': AMENT_PREFIX_PATH=/home/ubuntu/ros2_ws2/src/install/turtlebot3_gazebo:/home/ubuntu/ros2_ws2/src/install/turtlebot3_fake_node:${AMENT_PREFIX_PATH} CMAKE_PREFIX_PATH=/home/ubuntu/ros2_ws2/src/install/turtlebot3_gazebo:/home/ubuntu/ros2_ws2/src/install/turtlebot3_fake_node:/home/ubuntu/ros2_ws2/install/turtlebot3_simulations:/home/ubuntu/ros2_ws2/install/turtlebot3_gazebo:/home/ubuntu/ros2_ws2/install/turtlebot3_fake_node:/home/ubuntu/ros2_ws2/install/rob599_msgs2:/home/ubuntu/ros2_ws2/install/rob599_hw3:/opt/ros/humble /usr/bin/cmake --build /home/ubuntu/ros2_ws2/src/build/turtlebot3_simulations -- -j16 -l16
[1.007s] DEBUG:colcon.colcon_core.event_handler.log_command:Invoked command in '/home/ubuntu/ros2_ws2/src/build/turtlebot3_simulations' returned '0': AMENT_PREFIX_PATH=/home/ubuntu/ros2_ws2/src/install/turtlebot3_gazebo:/home/ubuntu/ros2_ws2/src/install/turtlebot3_fake_node:${AMENT_PREFIX_PATH} CMAKE_PREFIX_PATH=/home/ubuntu/ros2_ws2/src/install/turtlebot3_gazebo:/home/ubuntu/ros2_ws2/src/install/turtlebot3_fake_node:/home/ubuntu/ros2_ws2/install/turtlebot3_simulations:/home/ubuntu/ros2_ws2/install/turtlebot3_gazebo:/home/ubuntu/ros2_ws2/install/turtlebot3_fake_node:/home/ubuntu/ros2_ws2/install/rob599_msgs2:/home/ubuntu/ros2_ws2/install/rob599_hw3:/opt/ros/humble /usr/bin/cmake --build /home/ubuntu/ros2_ws2/src/build/turtlebot3_simulations -- -j16 -l16
[1.017s] DEBUG:colcon.colcon_core.event_handler.log_command:Invoking command in '/home/ubuntu/ros2_ws2/src/build/turtlebot3_simulations': AMENT_PREFIX_PATH=/home/ubuntu/ros2_ws2/src/install/turtlebot3_gazebo:/home/ubuntu/ros2_ws2/src/install/turtlebot3_fake_node:${AMENT_PREFIX_PATH} CMAKE_PREFIX_PATH=/home/ubuntu/ros2_ws2/src/install/turtlebot3_gazebo:/home/ubuntu/ros2_ws2/src/install/turtlebot3_fake_node:/home/ubuntu/ros2_ws2/install/turtlebot3_simulations:/home/ubuntu/ros2_ws2/install/turtlebot3_gazebo:/home/ubuntu/ros2_ws2/install/turtlebot3_fake_node:/home/ubuntu/ros2_ws2/install/rob599_msgs2:/home/ubuntu/ros2_ws2/install/rob599_hw3:/opt/ros/humble /usr/bin/cmake --install /home/ubuntu/ros2_ws2/src/build/turtlebot3_simulations
[1.022s] Level 1:colcon.colcon_core.environment:create_environment_scripts_only(turtlebot3_simulations)
[1.024s] DEBUG:colcon.colcon_core.event_handler.log_command:Invoked command in '/home/ubuntu/ros2_ws2/src/build/turtlebot3_simulations' returned '0': AMENT_PREFIX_PATH=/home/ubuntu/ros2_ws2/src/install/turtlebot3_gazebo:/home/ubuntu/ros2_ws2/src/install/turtlebot3_fake_node:${AMENT_PREFIX_PATH} CMAKE_PREFIX_PATH=/home/ubuntu/ros2_ws2/src/install/turtlebot3_gazebo:/home/ubuntu/ros2_ws2/src/install/turtlebot3_fake_node:/home/ubuntu/ros2_ws2/install/turtlebot3_simulations:/home/ubuntu/ros2_ws2/install/turtlebot3_gazebo:/home/ubuntu/ros2_ws2/install/turtlebot3_fake_node:/home/ubuntu/ros2_ws2/install/rob599_msgs2:/home/ubuntu/ros2_ws2/install/rob599_hw3:/opt/ros/humble /usr/bin/cmake --install /home/ubuntu/ros2_ws2/src/build/turtlebot3_simulations
[1.034s] Level 1:colcon.colcon_core.environment:checking '/home/ubuntu/ros2_ws2/src/install/turtlebot3_simulations' for CMake module files
[1.034s] Level 1:colcon.colcon_core.environment:checking '/home/ubuntu/ros2_ws2/src/install/turtlebot3_simulations' for CMake config files
[1.035s] Level 1:colcon.colcon_core.shell:create_environment_hook('turtlebot3_simulations', 'cmake_prefix_path')
[1.042s] INFO:colcon.colcon_core.shell:Creating environment hook '/home/ubuntu/ros2_ws2/src/install/turtlebot3_simulations/share/turtlebot3_simulations/hook/cmake_prefix_path.ps1'
[1.042s] INFO:colcon.colcon_core.shell:Creating environment descriptor '/home/ubuntu/ros2_ws2/src/install/turtlebot3_simulations/share/turtlebot3_simulations/hook/cmake_prefix_path.dsv'
[1.042s] INFO:colcon.colcon_core.shell:Creating environment hook '/home/ubuntu/ros2_ws2/src/install/turtlebot3_simulations/share/turtlebot3_simulations/hook/cmake_prefix_path.sh'
[1.043s] Level 1:colcon.colcon_core.environment:checking '/home/ubuntu/ros2_ws2/src/install/turtlebot3_simulations/bin'
[1.043s] Level 1:colcon.colcon_core.environment:checking '/home/ubuntu/ros2_ws2/src/install/turtlebot3_simulations/lib/pkgconfig/turtlebot3_simulations.pc'
[1.043s] Level 1:colcon.colcon_core.environment:checking '/home/ubuntu/ros2_ws2/src/install/turtlebot3_simulations/lib/python3.10/site-packages'
[1.043s] Level 1:colcon.colcon_core.environment:checking '/home/ubuntu/ros2_ws2/src/install/turtlebot3_simulations/bin'
[1.050s] INFO:colcon.colcon_core.shell:Creating package script '/home/ubuntu/ros2_ws2/src/install/turtlebot3_simulations/share/turtlebot3_simulations/package.ps1'
[1.050s] INFO:colcon.colcon_core.shell:Creating package descriptor '/home/ubuntu/ros2_ws2/src/install/turtlebot3_simulations/share/turtlebot3_simulations/package.dsv'
[1.050s] INFO:colcon.colcon_core.shell:Creating package script '/home/ubuntu/ros2_ws2/src/install/turtlebot3_simulations/share/turtlebot3_simulations/package.sh'
[1.050s] INFO:colcon.colcon_core.shell:Creating package script '/home/ubuntu/ros2_ws2/src/install/turtlebot3_simulations/share/turtlebot3_simulations/package.bash'
[1.051s] INFO:colcon.colcon_core.shell:Creating package script '/home/ubuntu/ros2_ws2/src/install/turtlebot3_simulations/share/turtlebot3_simulations/package.zsh'
[1.051s] Level 1:colcon.colcon_core.environment:create_file_with_runtime_dependencies(/home/ubuntu/ros2_ws2/src/install/turtlebot3_simulations/share/colcon-core/packages/turtlebot3_simulations)
[1.053s] DEBUG:colcon.colcon_core.event_handler.log_command:Invoking command in '/home/ubuntu/ros2_ws2/src/build/rob599_msgs2': CMAKE_PREFIX_PATH=${CMAKE_PREFIX_PATH}:/home/ubuntu/ros2_ws2/install/rob599_hw3:/opt/ros/humble /usr/bin/cmake --install /home/ubuntu/ros2_ws2/src/build/rob599_msgs2
[1.077s] Level 1:colcon.colcon_core.environment:create_environment_scripts_only(turtlebot3_simulations)
[1.085s] Level 1:colcon.colcon_core.environment:checking '/home/ubuntu/ros2_ws2/src/install/turtlebot3_simulations' for CMake module files
[1.086s] Level 1:colcon.colcon_core.environment:checking '/home/ubuntu/ros2_ws2/src/install/turtlebot3_simulations' for CMake config files
[1.087s] Level 1:colcon.colcon_core.shell:create_environment_hook('turtlebot3_simulations', 'cmake_prefix_path')
[1.094s] INFO:colcon.colcon_core.shell:Creating environment hook '/home/ubuntu/ros2_ws2/src/install/turtlebot3_simulations/share/turtlebot3_simulations/hook/cmake_prefix_path.ps1'
[1.094s] INFO:colcon.colcon_core.shell:Creating environment descriptor '/home/ubuntu/ros2_ws2/src/install/turtlebot3_simulations/share/turtlebot3_simulations/hook/cmake_prefix_path.dsv'
[1.094s] INFO:colcon.colcon_core.shell:Creating environment hook '/home/ubuntu/ros2_ws2/src/install/turtlebot3_simulations/share/turtlebot3_simulations/hook/cmake_prefix_path.sh'
[1.095s] Level 1:colcon.colcon_core.environment:checking '/home/ubuntu/ros2_ws2/src/install/turtlebot3_simulations/bin'
[1.095s] Level 1:colcon.colcon_core.environment:checking '/home/ubuntu/ros2_ws2/src/install/turtlebot3_simulations/lib/pkgconfig/turtlebot3_simulations.pc'
[1.095s] Level 1:colcon.colcon_core.environment:checking '/home/ubuntu/ros2_ws2/src/install/turtlebot3_simulations/lib/python3.10/site-packages'
[1.095s] Level 1:colcon.colcon_core.environment:checking '/home/ubuntu/ros2_ws2/src/install/turtlebot3_simulations/bin'
[1.102s] INFO:colcon.colcon_core.shell:Creating package script '/home/ubuntu/ros2_ws2/src/install/turtlebot3_simulations/share/turtlebot3_simulations/package.ps1'
[1.102s] INFO:colcon.colcon_core.shell:Creating package descriptor '/home/ubuntu/ros2_ws2/src/install/turtlebot3_simulations/share/turtlebot3_simulations/package.dsv'
[1.102s] INFO:colcon.colcon_core.shell:Creating package script '/home/ubuntu/ros2_ws2/src/install/turtlebot3_simulations/share/turtlebot3_simulations/package.sh'
[1.102s] INFO:colcon.colcon_core.shell:Creating package script '/home/ubuntu/ros2_ws2/src/install/turtlebot3_simulations/share/turtlebot3_simulations/package.bash'
[1.102s] INFO:colcon.colcon_core.shell:Creating package script '/home/ubuntu/ros2_ws2/src/install/turtlebot3_simulations/share/turtlebot3_simulations/package.zsh'
[1.102s] Level 1:colcon.colcon_core.environment:create_file_with_runtime_dependencies(/home/ubuntu/ros2_ws2/src/install/turtlebot3_simulations/share/colcon-core/packages/turtlebot3_simulations)
[1.103s] Level 1:colcon.colcon_core.environment:create_environment_scripts_only(rob599_msgs2)
[1.103s] DEBUG:colcon.colcon_core.event_handler.log_command:Invoked command in '/home/ubuntu/ros2_ws2/src/build/rob599_msgs2' returned '0': CMAKE_PREFIX_PATH=${CMAKE_PREFIX_PATH}:/home/ubuntu/ros2_ws2/install/rob599_hw3:/opt/ros/humble /usr/bin/cmake --install /home/ubuntu/ros2_ws2/src/build/rob599_msgs2
[1.110s] Level 1:colcon.colcon_core.environment:checking '/home/ubuntu/ros2_ws2/src/install/rob599_msgs2' for CMake module files
[1.110s] Level 1:colcon.colcon_core.environment:checking '/home/ubuntu/ros2_ws2/src/install/rob599_msgs2' for CMake config files
[1.111s] Level 1:colcon.colcon_core.shell:create_environment_hook('rob599_msgs2', 'cmake_prefix_path')
[1.117s] INFO:colcon.colcon_core.shell:Creating environment hook '/home/ubuntu/ros2_ws2/src/install/rob599_msgs2/share/rob599_msgs2/hook/cmake_prefix_path.ps1'
[1.118s] INFO:colcon.colcon_core.shell:Creating environment descriptor '/home/ubuntu/ros2_ws2/src/install/rob599_msgs2/share/rob599_msgs2/hook/cmake_prefix_path.dsv'
[1.118s] INFO:colcon.colcon_core.shell:Creating environment hook '/home/ubuntu/ros2_ws2/src/install/rob599_msgs2/share/rob599_msgs2/hook/cmake_prefix_path.sh'
[1.118s] Level 1:colcon.colcon_core.environment:checking '/home/ubuntu/ros2_ws2/src/install/rob599_msgs2/lib'
[1.118s] Level 1:colcon.colcon_core.shell:create_environment_hook('rob599_msgs2', 'ld_library_path_lib')
[1.125s] INFO:colcon.colcon_core.shell:Creating environment hook '/home/ubuntu/ros2_ws2/src/install/rob599_msgs2/share/rob599_msgs2/hook/ld_library_path_lib.ps1'
[1.125s] INFO:colcon.colcon_core.shell:Creating environment descriptor '/home/ubuntu/ros2_ws2/src/install/rob599_msgs2/share/rob599_msgs2/hook/ld_library_path_lib.dsv'
[1.125s] INFO:colcon.colcon_core.shell:Creating environment hook '/home/ubuntu/ros2_ws2/src/install/rob599_msgs2/share/rob599_msgs2/hook/ld_library_path_lib.sh'
[1.125s] Level 1:colcon.colcon_core.environment:checking '/home/ubuntu/ros2_ws2/src/install/rob599_msgs2/bin'
[1.125s] Level 1:colcon.colcon_core.environment:checking '/home/ubuntu/ros2_ws2/src/install/rob599_msgs2/lib/pkgconfig/rob599_msgs2.pc'
[1.125s] Level 1:colcon.colcon_core.environment:checking '/home/ubuntu/ros2_ws2/src/install/rob599_msgs2/lib/python3.10/site-packages'
[1.125s] Level 1:colcon.colcon_core.environment:checking '/home/ubuntu/ros2_ws2/src/install/rob599_msgs2/bin'
[1.133s] INFO:colcon.colcon_core.shell:Creating package script '/home/ubuntu/ros2_ws2/src/install/rob599_msgs2/share/rob599_msgs2/package.ps1'
[1.133s] INFO:colcon.colcon_core.shell:Creating package descriptor '/home/ubuntu/ros2_ws2/src/install/rob599_msgs2/share/rob599_msgs2/package.dsv'
[1.133s] INFO:colcon.colcon_core.shell:Creating package script '/home/ubuntu/ros2_ws2/src/install/rob599_msgs2/share/rob599_msgs2/package.sh'
[1.133s] INFO:colcon.colcon_core.shell:Creating package script '/home/ubuntu/ros2_ws2/src/install/rob599_msgs2/share/rob599_msgs2/package.bash'
[1.133s] INFO:colcon.colcon_core.shell:Creating package script '/home/ubuntu/ros2_ws2/src/install/rob599_msgs2/share/rob599_msgs2/package.zsh'
[1.134s] Level 1:colcon.colcon_core.environment:create_file_with_runtime_dependencies(/home/ubuntu/ros2_ws2/src/install/rob599_msgs2/share/colcon-core/packages/rob599_msgs2)
[1.190s] Level 1:colcon.colcon_core.environment:create_environment_scripts_only(rob599_msgs2)
[1.197s] Level 1:colcon.colcon_core.environment:checking '/home/ubuntu/ros2_ws2/src/install/rob599_msgs2' for CMake module files
[1.197s] Level 1:colcon.colcon_core.environment:checking '/home/ubuntu/ros2_ws2/src/install/rob599_msgs2' for CMake config files
[1.197s] Level 1:colcon.colcon_core.shell:create_environment_hook('rob599_msgs2', 'cmake_prefix_path')
[1.204s] INFO:colcon.colcon_core.shell:Creating environment hook '/home/ubuntu/ros2_ws2/src/install/rob599_msgs2/share/rob599_msgs2/hook/cmake_prefix_path.ps1'
[1.204s] INFO:colcon.colcon_core.shell:Creating environment descriptor '/home/ubuntu/ros2_ws2/src/install/rob599_msgs2/share/rob599_msgs2/hook/cmake_prefix_path.dsv'
[1.204s] INFO:colcon.colcon_core.shell:Creating environment hook '/home/ubuntu/ros2_ws2/src/install/rob599_msgs2/share/rob599_msgs2/hook/cmake_prefix_path.sh'
[1.204s] Level 1:colcon.colcon_core.environment:checking '/home/ubuntu/ros2_ws2/src/install/rob599_msgs2/lib'
[1.204s] Level 1:colcon.colcon_core.shell:create_environment_hook('rob599_msgs2', 'ld_library_path_lib')
[1.211s] INFO:colcon.colcon_core.shell:Creating environment hook '/home/ubuntu/ros2_ws2/src/install/rob599_msgs2/share/rob599_msgs2/hook/ld_library_path_lib.ps1'
[1.211s] INFO:colcon.colcon_core.shell:Creating environment descriptor '/home/ubuntu/ros2_ws2/src/install/rob599_msgs2/share/rob599_msgs2/hook/ld_library_path_lib.dsv'
[1.211s] INFO:colcon.colcon_core.shell:Creating environment hook '/home/ubuntu/ros2_ws2/src/install/rob599_msgs2/share/rob599_msgs2/hook/ld_library_path_lib.sh'
[1.211s] Level 1:colcon.colcon_core.environment:checking '/home/ubuntu/ros2_ws2/src/install/rob599_msgs2/bin'
[1.211s] Level 1:colcon.colcon_core.environment:checking '/home/ubuntu/ros2_ws2/src/install/rob599_msgs2/lib/pkgconfig/rob599_msgs2.pc'
[1.211s] Level 1:colcon.colcon_core.environment:checking '/home/ubuntu/ros2_ws2/src/install/rob599_msgs2/lib/python3.10/site-packages'
[1.211s] Level 1:colcon.colcon_core.environment:checking '/home/ubuntu/ros2_ws2/src/install/rob599_msgs2/bin'
[1.224s] INFO:colcon.colcon_core.shell:Creating package script '/home/ubuntu/ros2_ws2/src/install/rob599_msgs2/share/rob599_msgs2/package.ps1'
[1.224s] INFO:colcon.colcon_core.shell:Creating package descriptor '/home/ubuntu/ros2_ws2/src/install/rob599_msgs2/share/rob599_msgs2/package.dsv'
[1.224s] INFO:colcon.colcon_core.shell:Creating package script '/home/ubuntu/ros2_ws2/src/install/rob599_msgs2/share/rob599_msgs2/package.sh'
[1.224s] INFO:colcon.colcon_core.shell:Creating package script '/home/ubuntu/ros2_ws2/src/install/rob599_msgs2/share/rob599_msgs2/package.bash'
[1.224s] INFO:colcon.colcon_core.shell:Creating package script '/home/ubuntu/ros2_ws2/src/install/rob599_msgs2/share/rob599_msgs2/package.zsh'
[1.225s] Level 1:colcon.colcon_core.environment:create_file_with_runtime_dependencies(/home/ubuntu/ros2_ws2/src/install/rob599_msgs2/share/colcon-core/packages/rob599_msgs2)
[1.225s] INFO:colcon.colcon_ros.task.ament_python.build:Building ROS package in '/home/ubuntu/ros2_ws2/src/rob599_hw3' with build type 'ament_python'
[1.225s] Level 1:colcon.colcon_core.shell:create_environment_hook('rob599_hw3', 'ament_prefix_path')
[1.232s] INFO:colcon.colcon_core.shell:Creating environment hook '/home/ubuntu/ros2_ws2/src/install/rob599_hw3/share/rob599_hw3/hook/ament_prefix_path.ps1'
[1.232s] INFO:colcon.colcon_core.shell:Creating environment descriptor '/home/ubuntu/ros2_ws2/src/install/rob599_hw3/share/rob599_hw3/hook/ament_prefix_path.dsv'
[1.232s] INFO:colcon.colcon_core.shell:Creating environment hook '/home/ubuntu/ros2_ws2/src/install/rob599_hw3/share/rob599_hw3/hook/ament_prefix_path.sh'
[1.239s] INFO:colcon.colcon_core.shell:Skip shell extension 'powershell' for command environment: Not usable outside of PowerShell
[1.239s] DEBUG:colcon.colcon_core.shell:Skip shell extension 'dsv' for command environment
[1.396s] INFO:colcon.colcon_core.task.python.build:Building Python package in '/home/ubuntu/ros2_ws2/src/rob599_hw3'
[1.403s] INFO:colcon.colcon_core.shell:Skip shell extension 'powershell' for command environment: Not usable outside of PowerShell
[1.403s] DEBUG:colcon.colcon_core.shell:Skip shell extension 'dsv' for command environment
[1.613s] DEBUG:colcon.colcon_core.event_handler.log_command:Invoking command in '/home/ubuntu/ros2_ws2/src/rob599_hw3': AMENT_PREFIX_PATH=/home/ubuntu/ros2_ws2/src/install/turtlebot3_gazebo:/home/ubuntu/ros2_ws2/src/install/rob599_msgs2:${AMENT_PREFIX_PATH} CMAKE_PREFIX_PATH=/home/ubuntu/ros2_ws2/src/install/turtlebot3_gazebo:/home/ubuntu/ros2_ws2/src/install/rob599_msgs2:${CMAKE_PREFIX_PATH} LD_LIBRARY_PATH=/home/ubuntu/ros2_ws2/src/install/rob599_msgs2/lib:/home/ubuntu/ros2_ws2/install/rob599_msgs2/lib:/usr/lib/x86_64-linux-gnu/gazebo-11/plugins:/opt/ros/humble/opt/rviz_ogre_vendor/lib:/opt/ros/humble/lib/x86_64-linux-gnu:/opt/ros/humble/lib:/usr/lib/x86_64-linux-gnu/gazebo-11/plugins:/usr/lib/x86_64-linux-gnu/gazebo-11/plugins:/usr/lib/x86_64-linux-gnu/gazebo-11/plugins:/usr/lib/x86_64-linux-gnu/gazebo-11/plugins:/usr/lib/x86_64-linux-gnu/gazebo-11/plugins:/usr/lib/x86_64-linux-gnu/gazebo-11/plugins:/usr/lib/x86_64-linux-gnu/gazebo-11/plugins:/usr/lib/x86_64-linux-gnu/gazebo-11/plugins:/usr/lib/x86_64-linux-gnu/gazebo-11/plugins:/usr/lib/x86_64-linux-gnu/gazebo-11/plugins:/usr/lib/x86_64-linux-gnu/gazebo-11/plugins:/usr/lib/x86_64-linux-gnu/gazebo-11/plugins:/usr/lib/x86_64-linux-gnu/gazebo-11/plugins:/usr/lib/x86_64-linux-gnu/gazebo-11/plugins:/usr/lib/x86_64-linux-gnu/gazebo-11/plugins:/usr/lib/x86_64-linux-gnu/gazebo-11/plugins:/usr/lib/x86_64-linux-gnu/gazebo-11/plugins:/usr/lib/x86_64-linux-gnu/gazebo-11/plugins:/usr/lib/x86_64-linux-gnu/gazebo-11/plugins:/usr/lib/x86_64-linux-gnu/gazebo-11/plugins:/usr/lib/x86_64-linux-gnu/gazebo-11/plugins PYTHONPATH=/home/ubuntu/ros2_ws2/src/build/rob599_hw3/prefix_override:/home/ubuntu/ros2_ws2/src/install/rob599_hw3/lib/python3.10/site-packages:/home/ubuntu/ros2_ws2/src/install/rob599_msgs2/local/lib/python3.10/dist-packages:${PYTHONPATH} /usr/bin/python3 setup.py egg_info --egg-base ../build/rob599_hw3 build --build-base /home/ubuntu/ros2_ws2/src/build/rob599_hw3/build install --record /home/ubuntu/ros2_ws2/src/build/rob599_hw3/install.log --single-version-externally-managed
[1.762s] DEBUG:colcon.colcon_core.event_handler.log_command:Invoked command in '/home/ubuntu/ros2_ws2/src/rob599_hw3' returned '0': AMENT_PREFIX_PATH=/home/ubuntu/ros2_ws2/src/install/turtlebot3_gazebo:/home/ubuntu/ros2_ws2/src/install/rob599_msgs2:${AMENT_PREFIX_PATH} CMAKE_PREFIX_PATH=/home/ubuntu/ros2_ws2/src/install/turtlebot3_gazebo:/home/ubuntu/ros2_ws2/src/install/rob599_msgs2:${CMAKE_PREFIX_PATH} LD_LIBRARY_PATH=/home/ubuntu/ros2_ws2/src/install/rob599_msgs2/lib:/home/ubuntu/ros2_ws2/install/rob599_msgs2/lib:/usr/lib/x86_64-linux-gnu/gazebo-11/plugins:/opt/ros/humble/opt/rviz_ogre_vendor/lib:/opt/ros/humble/lib/x86_64-linux-gnu:/opt/ros/humble/lib:/usr/lib/x86_64-linux-gnu/gazebo-11/plugins:/usr/lib/x86_64-linux-gnu/gazebo-11/plugins:/usr/lib/x86_64-linux-gnu/gazebo-11/plugins:/usr/lib/x86_64-linux-gnu/gazebo-11/plugins:/usr/lib/x86_64-linux-gnu/gazebo-11/plugins:/usr/lib/x86_64-linux-gnu/gazebo-11/plugins:/usr/lib/x86_64-linux-gnu/gazebo-11/plugins:/usr/lib/x86_64-linux-gnu/gazebo-11/plugins:/usr/lib/x86_64-linux-gnu/gazebo-11/plugins:/usr/lib/x86_64-linux-gnu/gazebo-11/plugins:/usr/lib/x86_64-linux-gnu/gazebo-11/plugins:/usr/lib/x86_64-linux-gnu/gazebo-11/plugins:/usr/lib/x86_64-linux-gnu/gazebo-11/plugins:/usr/lib/x86_64-linux-gnu/gazebo-11/plugins:/usr/lib/x86_64-linux-gnu/gazebo-11/plugins:/usr/lib/x86_64-linux-gnu/gazebo-11/plugins:/usr/lib/x86_64-linux-gnu/gazebo-11/plugins:/usr/lib/x86_64-linux-gnu/gazebo-11/plugins:/usr/lib/x86_64-linux-gnu/gazebo-11/plugins:/usr/lib/x86_64-linux-gnu/gazebo-11/plugins:/usr/lib/x86_64-linux-gnu/gazebo-11/plugins PYTHONPATH=/home/ubuntu/ros2_ws2/src/build/rob599_hw3/prefix_override:/home/ubuntu/ros2_ws2/src/install/rob599_hw3/lib/python3.10/site-packages:/home/ubuntu/ros2_ws2/src/install/rob599_msgs2/local/lib/python3.10/dist-packages:${PYTHONPATH} /usr/bin/python3 setup.py egg_info --egg-base ../build/rob599_hw3 build --build-base /home/ubuntu/ros2_ws2/src/build/rob599_hw3/build install --record /home/ubuntu/ros2_ws2/src/build/rob599_hw3/install.log --single-version-externally-managed
[1.769s] Level 1:colcon.colcon_core.environment:checking '/home/ubuntu/ros2_ws2/src/install/rob599_hw3' for CMake module files
[1.769s] Level 1:colcon.colcon_core.environment:checking '/home/ubuntu/ros2_ws2/src/install/rob599_hw3' for CMake config files
[1.769s] Level 1:colcon.colcon_core.environment:checking '/home/ubuntu/ros2_ws2/src/install/rob599_hw3/lib'
[1.770s] Level 1:colcon.colcon_core.environment:checking '/home/ubuntu/ros2_ws2/src/install/rob599_hw3/bin'
[1.770s] Level 1:colcon.colcon_core.environment:checking '/home/ubuntu/ros2_ws2/src/install/rob599_hw3/lib/pkgconfig/rob599_hw3.pc'
[1.770s] Level 1:colcon.colcon_core.environment:checking '/home/ubuntu/ros2_ws2/src/install/rob599_hw3/lib/python3.10/site-packages'
[1.770s] Level 1:colcon.colcon_core.shell:create_environment_hook('rob599_hw3', 'pythonpath')
[1.777s] INFO:colcon.colcon_core.shell:Creating environment hook '/home/ubuntu/ros2_ws2/src/install/rob599_hw3/share/rob599_hw3/hook/pythonpath.ps1'
[1.777s] INFO:colcon.colcon_core.shell:Creating environment descriptor '/home/ubuntu/ros2_ws2/src/install/rob599_hw3/share/rob599_hw3/hook/pythonpath.dsv'
[1.777s] INFO:colcon.colcon_core.shell:Creating environment hook '/home/ubuntu/ros2_ws2/src/install/rob599_hw3/share/rob599_hw3/hook/pythonpath.sh'
[1.777s] Level 1:colcon.colcon_core.environment:checking '/home/ubuntu/ros2_ws2/src/install/rob599_hw3/bin'
[1.777s] Level 1:colcon.colcon_core.environment:create_environment_scripts_only(rob599_hw3)
[1.784s] INFO:colcon.colcon_core.shell:Creating package script '/home/ubuntu/ros2_ws2/src/install/rob599_hw3/share/rob599_hw3/package.ps1'
[1.784s] INFO:colcon.colcon_core.shell:Creating package descriptor '/home/ubuntu/ros2_ws2/src/install/rob599_hw3/share/rob599_hw3/package.dsv'
[1.784s] INFO:colcon.colcon_core.shell:Creating package script '/home/ubuntu/ros2_ws2/src/install/rob599_hw3/share/rob599_hw3/package.sh'
[1.784s] INFO:colcon.colcon_core.shell:Creating package script '/home/ubuntu/ros2_ws2/src/install/rob599_hw3/share/rob599_hw3/package.bash'
[1.784s] INFO:colcon.colcon_core.shell:Creating package script '/home/ubuntu/ros2_ws2/src/install/rob599_hw3/share/rob599_hw3/package.zsh'
[1.784s] Level 1:colcon.colcon_core.environment:create_file_with_runtime_dependencies(/home/ubuntu/ros2_ws2/src/install/rob599_hw3/share/colcon-core/packages/rob599_hw3)
[1.785s] DEBUG:colcon.colcon_parallel_executor.executor.parallel:closing loop
[1.785s] DEBUG:colcon.colcon_parallel_executor.executor.parallel:loop closed
[1.785s] DEBUG:colcon.colcon_parallel_executor.executor.parallel:run_until_complete finished with '0'
[1.785s] DEBUG:colcon.colcon_core.event_reactor:joining thread
[1.794s] INFO:colcon.colcon_core.plugin_system:Skipping extension 'colcon_notification.desktop_notification.terminal_notifier': Not used on non-Darwin systems
[1.794s] INFO:colcon.colcon_core.plugin_system:Skipping extension 'colcon_notification.desktop_notification.win32': Not used on non-Windows systems
[1.794s] INFO:colcon.colcon_notification.desktop_notification:Sending desktop notification using 'notify2'
[1.808s] DEBUG:colcon.colcon_core.event_reactor:joined thread
[1.815s] INFO:colcon.colcon_core.shell:Creating prefix script '/home/ubuntu/ros2_ws2/src/install/local_setup.ps1'
[1.815s] INFO:colcon.colcon_core.shell:Creating prefix util module '/home/ubuntu/ros2_ws2/src/install/_local_setup_util_ps1.py'
[1.816s] INFO:colcon.colcon_core.shell:Creating prefix chain script '/home/ubuntu/ros2_ws2/src/install/setup.ps1'
[1.823s] INFO:colcon.colcon_core.shell:Creating prefix script '/home/ubuntu/ros2_ws2/src/install/local_setup.sh'
[1.823s] INFO:colcon.colcon_core.shell:Creating prefix util module '/home/ubuntu/ros2_ws2/src/install/_local_setup_util_sh.py'
[1.823s] INFO:colcon.colcon_core.shell:Creating prefix chain script '/home/ubuntu/ros2_ws2/src/install/setup.sh'
[1.830s] INFO:colcon.colcon_core.shell:Creating prefix script '/home/ubuntu/ros2_ws2/src/install/local_setup.bash'
[1.830s] INFO:colcon.colcon_core.shell:Creating prefix chain script '/home/ubuntu/ros2_ws2/src/install/setup.bash'
[1.837s] INFO:colcon.colcon_core.shell:Creating prefix script '/home/ubuntu/ros2_ws2/src/install/local_setup.zsh'
[1.837s] INFO:colcon.colcon_core.shell:Creating prefix chain script '/home/ubuntu/ros2_ws2/src/install/setup.zsh'
