[0.040s] Invoking command in '/home/ubuntu/ros2_ws2/build/turtlebot3_simulations': CMAKE_PREFIX_PATH=/home/ubuntu/ros2_ws2/install/turtlebot3_gazebo:/home/ubuntu/ros2_ws2/install/turtlebot3_fake_node:/home/ubuntu/ros2_ws2/install/turtlebot3_simulations:/home/ubuntu/ros2_ws2/install/rob599_msgs2:/home/ubuntu/ros2_ws2/install/rob599_hw3:/opt/ros/humble /usr/bin/cmake --build /home/ubuntu/ros2_ws2/build/turtlebot3_simulations -- -j16 -l16
[0.071s] Invoked command in '/home/ubuntu/ros2_ws2/build/turtlebot3_simulations' returned '0': CMAKE_PREFIX_PATH=/home/ubuntu/ros2_ws2/install/turtlebot3_gazebo:/home/ubuntu/ros2_ws2/install/turtlebot3_fake_node:/home/ubuntu/ros2_ws2/install/turtlebot3_simulations:/home/ubuntu/ros2_ws2/install/rob599_msgs2:/home/ubuntu/ros2_ws2/install/rob599_hw3:/opt/ros/humble /usr/bin/cmake --build /home/ubuntu/ros2_ws2/build/turtlebot3_simulations -- -j16 -l16
[0.090s] Invoking command in '/home/ubuntu/ros2_ws2/build/turtlebot3_simulations': CMAKE_PREFIX_PATH=/home/ubuntu/ros2_ws2/install/turtlebot3_gazebo:/home/ubuntu/ros2_ws2/install/turtlebot3_fake_node:/home/ubuntu/ros2_ws2/install/turtlebot3_simulations:/home/ubuntu/ros2_ws2/install/rob599_msgs2:/home/ubuntu/ros2_ws2/install/rob599_hw3:/opt/ros/humble /usr/bin/cmake --install /home/ubuntu/ros2_ws2/build/turtlebot3_simulations
[0.100s] -- Install configuration: ""
[0.100s] -- Up-to-date: /home/ubuntu/ros2_ws2/install/turtlebot3_simulations/share/ament_index/resource_index/package_run_dependencies/turtlebot3_simulations
[0.100s] -- Up-to-date: /home/ubuntu/ros2_ws2/install/turtlebot3_simulations/share/ament_index/resource_index/parent_prefix_path/turtlebot3_simulations
[0.101s] -- Up-to-date: /home/ubuntu/ros2_ws2/install/turtlebot3_simulations/share/turtlebot3_simulations/environment/ament_prefix_path.sh
[0.101s] -- Up-to-date: /home/ubuntu/ros2_ws2/install/turtlebot3_simulations/share/turtlebot3_simulations/environment/ament_prefix_path.dsv
[0.101s] -- Up-to-date: /home/ubuntu/ros2_ws2/install/turtlebot3_simulations/share/turtlebot3_simulations/environment/path.sh
[0.101s] -- Up-to-date: /home/ubuntu/ros2_ws2/install/turtlebot3_simulations/share/turtlebot3_simulations/environment/path.dsv
[0.102s] -- Up-to-date: /home/ubuntu/ros2_ws2/install/turtlebot3_simulations/share/turtlebot3_simulations/local_setup.bash
[0.103s] -- Up-to-date: /home/ubuntu/ros2_ws2/install/turtlebot3_simulations/share/turtlebot3_simulations/local_setup.sh
[0.104s] -- Up-to-date: /home/ubuntu/ros2_ws2/install/turtlebot3_simulations/share/turtlebot3_simulations/local_setup.zsh
[0.104s] -- Up-to-date: /home/ubuntu/ros2_ws2/install/turtlebot3_simulations/share/turtlebot3_simulations/local_setup.dsv
[0.104s] -- Installing: /home/ubuntu/ros2_ws2/install/turtlebot3_simulations/share/turtlebot3_simulations/package.dsv
[0.104s] -- Up-to-date: /home/ubuntu/ros2_ws2/install/turtlebot3_simulations/share/ament_index/resource_index/packages/turtlebot3_simulations
[0.105s] -- Up-to-date: /home/ubuntu/ros2_ws2/install/turtlebot3_simulations/share/turtlebot3_simulations/cmake/turtlebot3_simulationsConfig.cmake
[0.105s] -- Up-to-date: /home/ubuntu/ros2_ws2/install/turtlebot3_simulations/share/turtlebot3_simulations/cmake/turtlebot3_simulationsConfig-version.cmake
[0.105s] -- Up-to-date: /home/ubuntu/ros2_ws2/install/turtlebot3_simulations/share/turtlebot3_simulations/package.xml
[0.105s] Invoked command in '/home/ubuntu/ros2_ws2/build/turtlebot3_simulations' returned '0': CMAKE_PREFIX_PATH=/home/ubuntu/ros2_ws2/install/turtlebot3_gazebo:/home/ubuntu/ros2_ws2/install/turtlebot3_fake_node:/home/ubuntu/ros2_ws2/install/turtlebot3_simulations:/home/ubuntu/ros2_ws2/install/rob599_msgs2:/home/ubuntu/ros2_ws2/install/rob599_hw3:/opt/ros/humble /usr/bin/cmake --install /home/ubuntu/ros2_ws2/build/turtlebot3_simulations
