[0.038s] Invoking command in '/home/ubuntu/ros2_ws2/build/turtlebot3_fake_node': CMAKE_PREFIX_PATH=${CMAKE_PREFIX_PATH}:/home/ubuntu/ros2_ws2/install/rob599_hw3:/opt/ros/humble /usr/bin/cmake /home/ubuntu/ros2_ws2/src/turtlebot3_simulations/turtlebot3_fake_node -DCMAKE_INSTALL_PREFIX=/home/ubuntu/ros2_ws2/install/turtlebot3_fake_node
[0.266s] -- The C compiler identification is GNU 11.4.0
[0.496s] -- The CXX compiler identification is GNU 11.4.0
[0.502s] -- Detecting C compiler ABI info
[0.549s] -- Detecting C compiler ABI info - done
[0.556s] -- Check for working C compiler: /usr/bin/cc - skipped
[0.556s] -- Detecting C compile features
[0.556s] -- Detecting C compile features - done
[0.559s] -- Detecting CXX compiler ABI info
[0.615s] -- Detecting CXX compiler ABI info - done
[0.620s] -- Check for working CXX compiler: /usr/bin/c++ - skipped
[0.620s] -- Detecting CXX compile features
[0.620s] -- Detecting CXX compile features - done
[0.623s] -- Found ament_cmake: 1.3.8 (/opt/ros/humble/share/ament_cmake/cmake)
[0.733s] -- Found Python3: /usr/bin/python3 (found version "3.10.12") found components: Interpreter 
[0.833s] -- Found geometry_msgs: 4.2.3 (/opt/ros/humble/share/geometry_msgs/cmake)
[0.885s] -- Found rosidl_generator_c: 3.1.5 (/opt/ros/humble/share/rosidl_generator_c/cmake)
[0.888s] -- Found rosidl_adapter: 3.1.5 (/opt/ros/humble/share/rosidl_adapter/cmake)
[0.894s] -- Found rosidl_generator_cpp: 3.1.5 (/opt/ros/humble/share/rosidl_generator_cpp/cmake)
[0.912s] -- Using all available rosidl_typesupport_c: rosidl_typesupport_fastrtps_c;rosidl_typesupport_introspection_c
[0.924s] -- Using all available rosidl_typesupport_cpp: rosidl_typesupport_fastrtps_cpp;rosidl_typesupport_introspection_cpp
[1.013s] -- Found nav_msgs: 4.2.3 (/opt/ros/humble/share/nav_msgs/cmake)
[1.074s] -- Found rclcpp: 16.0.8 (/opt/ros/humble/share/rclcpp/cmake)
[1.143s] -- Found rmw_implementation_cmake: 6.1.1 (/opt/ros/humble/share/rmw_implementation_cmake/cmake)
[1.148s] -- Found rmw_fastrtps_cpp: 6.2.6 (/opt/ros/humble/share/rmw_fastrtps_cpp/cmake)
[1.253s] -- Found OpenSSL: /usr/lib/x86_64-linux-gnu/libcrypto.so (found version "3.0.2")  
[1.281s] -- Found FastRTPS: /opt/ros/humble/include  
[1.326s] -- Using RMW implementation 'rmw_fastrtps_cpp' as default
[1.338s] -- Looking for pthread.h
[1.384s] -- Looking for pthread.h - found
[1.384s] -- Performing Test CMAKE_HAVE_LIBC_PTHREAD
[1.429s] -- Performing Test CMAKE_HAVE_LIBC_PTHREAD - Success
[1.429s] -- Found Threads: TRUE  
[1.530s] -- Found sensor_msgs: 4.2.3 (/opt/ros/humble/share/sensor_msgs/cmake)
[1.591s] -- Found tf2: 0.25.6 (/opt/ros/humble/share/tf2/cmake)
[1.612s] -- Found tf2_msgs: 0.25.6 (/opt/ros/humble/share/tf2_msgs/cmake)
[1.707s] -- Found turtlebot3_msgs: 2.2.3 (/opt/ros/humble/share/turtlebot3_msgs/cmake)
[1.840s] -- Configuring done
[1.848s] -- Generating done
[1.848s] -- Build files have been written to: /home/ubuntu/ros2_ws2/build/turtlebot3_fake_node
[1.855s] Invoked command in '/home/ubuntu/ros2_ws2/build/turtlebot3_fake_node' returned '0': CMAKE_PREFIX_PATH=${CMAKE_PREFIX_PATH}:/home/ubuntu/ros2_ws2/install/rob599_hw3:/opt/ros/humble /usr/bin/cmake /home/ubuntu/ros2_ws2/src/turtlebot3_simulations/turtlebot3_fake_node -DCMAKE_INSTALL_PREFIX=/home/ubuntu/ros2_ws2/install/turtlebot3_fake_node
[1.857s] Invoking command in '/home/ubuntu/ros2_ws2/build/turtlebot3_fake_node': CMAKE_PREFIX_PATH=${CMAKE_PREFIX_PATH}:/home/ubuntu/ros2_ws2/install/rob599_hw3:/opt/ros/humble /usr/bin/cmake --build /home/ubuntu/ros2_ws2/build/turtlebot3_fake_node -- -j16 -l16
[1.892s] [ 50%] [32mBuilding CXX object CMakeFiles/turtlebot3_fake_node.dir/src/turtlebot3_fake_node.cpp.o[0m
[9.759s] [100%] [32m[1mLinking CXX executable turtlebot3_fake_node[0m
[10.370s] [100%] Built target turtlebot3_fake_node
[10.382s] Invoked command in '/home/ubuntu/ros2_ws2/build/turtlebot3_fake_node' returned '0': CMAKE_PREFIX_PATH=${CMAKE_PREFIX_PATH}:/home/ubuntu/ros2_ws2/install/rob599_hw3:/opt/ros/humble /usr/bin/cmake --build /home/ubuntu/ros2_ws2/build/turtlebot3_fake_node -- -j16 -l16
[10.410s] Invoking command in '/home/ubuntu/ros2_ws2/build/turtlebot3_fake_node': CMAKE_PREFIX_PATH=${CMAKE_PREFIX_PATH}:/home/ubuntu/ros2_ws2/install/rob599_hw3:/opt/ros/humble /usr/bin/cmake --install /home/ubuntu/ros2_ws2/build/turtlebot3_fake_node
[10.419s] -- Install configuration: ""
[10.419s] -- Installing: /home/ubuntu/ros2_ws2/install/turtlebot3_fake_node/lib/turtlebot3_fake_node/turtlebot3_fake_node
[10.426s] -- Set runtime path of "/home/ubuntu/ros2_ws2/install/turtlebot3_fake_node/lib/turtlebot3_fake_node/turtlebot3_fake_node" to ""
[10.426s] -- Up-to-date: /home/ubuntu/ros2_ws2/install/turtlebot3_fake_node/share/turtlebot3_fake_node/launch
[10.426s] -- Up-to-date: /home/ubuntu/ros2_ws2/install/turtlebot3_fake_node/share/turtlebot3_fake_node/launch/turtlebot3_fake_node.launch.py
[10.426s] -- Up-to-date: /home/ubuntu/ros2_ws2/install/turtlebot3_fake_node/share/turtlebot3_fake_node/launch/rviz2.launch.py
[10.426s] -- Up-to-date: /home/ubuntu/ros2_ws2/install/turtlebot3_fake_node/share/turtlebot3_fake_node/param
[10.426s] -- Up-to-date: /home/ubuntu/ros2_ws2/install/turtlebot3_fake_node/share/turtlebot3_fake_node/param/burger.yaml
[10.426s] -- Up-to-date: /home/ubuntu/ros2_ws2/install/turtlebot3_fake_node/share/turtlebot3_fake_node/param/waffle_pi.yaml
[10.426s] -- Up-to-date: /home/ubuntu/ros2_ws2/install/turtlebot3_fake_node/share/turtlebot3_fake_node/param/waffle.yaml
[10.427s] -- Up-to-date: /home/ubuntu/ros2_ws2/install/turtlebot3_fake_node/include/
[10.427s] -- Up-to-date: /home/ubuntu/ros2_ws2/install/turtlebot3_fake_node/include//turtlebot3_fake_node
[10.427s] -- Up-to-date: /home/ubuntu/ros2_ws2/install/turtlebot3_fake_node/include//turtlebot3_fake_node/turtlebot3_fake_node.hpp
[10.427s] -- Installing: /home/ubuntu/ros2_ws2/install/turtlebot3_fake_node/share/ament_index/resource_index/package_run_dependencies/turtlebot3_fake_node
[10.427s] -- Installing: /home/ubuntu/ros2_ws2/install/turtlebot3_fake_node/share/ament_index/resource_index/parent_prefix_path/turtlebot3_fake_node
[10.427s] -- Up-to-date: /home/ubuntu/ros2_ws2/install/turtlebot3_fake_node/share/turtlebot3_fake_node/environment/ament_prefix_path.sh
[10.427s] -- Installing: /home/ubuntu/ros2_ws2/install/turtlebot3_fake_node/share/turtlebot3_fake_node/environment/ament_prefix_path.dsv
[10.427s] -- Up-to-date: /home/ubuntu/ros2_ws2/install/turtlebot3_fake_node/share/turtlebot3_fake_node/environment/path.sh
[10.427s] -- Installing: /home/ubuntu/ros2_ws2/install/turtlebot3_fake_node/share/turtlebot3_fake_node/environment/path.dsv
[10.427s] -- Installing: /home/ubuntu/ros2_ws2/install/turtlebot3_fake_node/share/turtlebot3_fake_node/local_setup.bash
[10.427s] -- Installing: /home/ubuntu/ros2_ws2/install/turtlebot3_fake_node/share/turtlebot3_fake_node/local_setup.sh
[10.427s] -- Installing: /home/ubuntu/ros2_ws2/install/turtlebot3_fake_node/share/turtlebot3_fake_node/local_setup.zsh
[10.428s] -- Installing: /home/ubuntu/ros2_ws2/install/turtlebot3_fake_node/share/turtlebot3_fake_node/local_setup.dsv
[10.428s] -- Installing: /home/ubuntu/ros2_ws2/install/turtlebot3_fake_node/share/turtlebot3_fake_node/package.dsv
[10.428s] -- Installing: /home/ubuntu/ros2_ws2/install/turtlebot3_fake_node/share/ament_index/resource_index/packages/turtlebot3_fake_node
[10.428s] -- Installing: /home/ubuntu/ros2_ws2/install/turtlebot3_fake_node/share/turtlebot3_fake_node/cmake/ament_cmake_export_include_directories-extras.cmake
[10.428s] -- Installing: /home/ubuntu/ros2_ws2/install/turtlebot3_fake_node/share/turtlebot3_fake_node/cmake/ament_cmake_export_dependencies-extras.cmake
[10.428s] -- Installing: /home/ubuntu/ros2_ws2/install/turtlebot3_fake_node/share/turtlebot3_fake_node/cmake/turtlebot3_fake_nodeConfig.cmake
[10.428s] -- Installing: /home/ubuntu/ros2_ws2/install/turtlebot3_fake_node/share/turtlebot3_fake_node/cmake/turtlebot3_fake_nodeConfig-version.cmake
[10.428s] -- Up-to-date: /home/ubuntu/ros2_ws2/install/turtlebot3_fake_node/share/turtlebot3_fake_node/package.xml
[10.430s] Invoked command in '/home/ubuntu/ros2_ws2/build/turtlebot3_fake_node' returned '0': CMAKE_PREFIX_PATH=${CMAKE_PREFIX_PATH}:/home/ubuntu/ros2_ws2/install/rob599_hw3:/opt/ros/humble /usr/bin/cmake --install /home/ubuntu/ros2_ws2/build/turtlebot3_fake_node
