[  1%] Built target rob599_msgs2__cpp
[ 12%] Built target rob599_msgs2__rosidl_generator_c
[ 12%] Built target ament_cmake_python_copy_rob599_msgs2
[ 23%] Built target rob599_msgs2__rosidl_typesupport_fastrtps_c
[ 47%] Built target rob599_msgs2__rosidl_typesupport_introspection_c
[ 47%] Built target rob599_msgs2__rosidl_typesupport_fastrtps_cpp
[ 57%] Built target rob599_msgs2__rosidl_typesupport_introspection_cpp
[ 68%] Built target rob599_msgs2__rosidl_typesupport_cpp
[ 79%] Built target rob599_msgs2__rosidl_typesupport_c
[ 79%] Built target rob599_msgs2
[ 80%] Built target rob599_msgs2__py
[ 90%] Built target rob599_msgs2__rosidl_generator_py
[ 96%] Built target rob599_msgs2__rosidl_typesupport_c__pyext
[ 96%] Built target rob599_msgs2__rosidl_typesupport_fastrtps_c__pyext
[100%] Built target rob599_msgs2__rosidl_typesupport_introspection_c__pyext
running egg_info
writing rob599_msgs2.egg-info/PKG-INFO
writing dependency_links to rob599_msgs2.egg-info/dependency_links.txt
writing top-level names to rob599_msgs2.egg-info/top_level.txt
reading manifest file 'rob599_msgs2.egg-info/SOURCES.txt'
writing manifest file 'rob599_msgs2.egg-info/SOURCES.txt'
[100%] Built target ament_cmake_python_build_rob599_msgs2_egg
-- Install configuration: ""
-- Up-to-date: /home/ubuntu/ros2_ws2/install/rob599_msgs2/share/ament_index/resource_index/rosidl_interfaces/rob599_msgs2
-- Up-to-date: /home/ubuntu/ros2_ws2/install/rob599_msgs2/include/rob599_msgs2/rob599_msgs2
-- Up-to-date: /home/ubuntu/ros2_ws2/install/rob599_msgs2/include/rob599_msgs2/rob599_msgs2/msg
-- Up-to-date: /home/ubuntu/ros2_ws2/install/rob599_msgs2/include/rob599_msgs2/rob599_msgs2/msg/rosidl_generator_c__visibility_control.h
-- Up-to-date: /home/ubuntu/ros2_ws2/install/rob599_msgs2/include/rob599_msgs2/rob599_msgs2/srv
-- Up-to-date: /home/ubuntu/ros2_ws2/install/rob599_msgs2/include/rob599_msgs2/rob599_msgs2/srv/clear_positions.h
-- Up-to-date: /home/ubuntu/ros2_ws2/install/rob599_msgs2/include/rob599_msgs2/rob599_msgs2/srv/save.h
-- Up-to-date: /home/ubuntu/ros2_ws2/install/rob599_msgs2/include/rob599_msgs2/rob599_msgs2/srv/load.h
-- Up-to-date: /home/ubuntu/ros2_ws2/install/rob599_msgs2/include/rob599_msgs2/rob599_msgs2/srv/detail
-- Up-to-date: /home/ubuntu/ros2_ws2/install/rob599_msgs2/include/rob599_msgs2/rob599_msgs2/srv/detail/load__struct.h
-- Up-to-date: /home/ubuntu/ros2_ws2/install/rob599_msgs2/include/rob599_msgs2/rob599_msgs2/srv/detail/save__type_support.h
-- Up-to-date: /home/ubuntu/ros2_ws2/install/rob599_msgs2/include/rob599_msgs2/rob599_msgs2/srv/detail/load__type_support.h
-- Up-to-date: /home/ubuntu/ros2_ws2/install/rob599_msgs2/include/rob599_msgs2/rob599_msgs2/srv/detail/save__struct.h
-- Up-to-date: /home/ubuntu/ros2_ws2/install/rob599_msgs2/include/rob599_msgs2/rob599_msgs2/srv/detail/memorize_position__functions.c
-- Up-to-date: /home/ubuntu/ros2_ws2/install/rob599_msgs2/include/rob599_msgs2/rob599_msgs2/srv/detail/clear_positions__type_support.h
-- Up-to-date: /home/ubuntu/ros2_ws2/install/rob599_msgs2/include/rob599_msgs2/rob599_msgs2/srv/detail/save__functions.c
-- Up-to-date: /home/ubuntu/ros2_ws2/install/rob599_msgs2/include/rob599_msgs2/rob599_msgs2/srv/detail/clear_positions__functions.c
-- Up-to-date: /home/ubuntu/ros2_ws2/install/rob599_msgs2/include/rob599_msgs2/rob599_msgs2/srv/detail/memorize_position__struct.h
-- Up-to-date: /home/ubuntu/ros2_ws2/install/rob599_msgs2/include/rob599_msgs2/rob599_msgs2/srv/detail/memorize_position__type_support.h
-- Up-to-date: /home/ubuntu/ros2_ws2/install/rob599_msgs2/include/rob599_msgs2/rob599_msgs2/srv/detail/save__functions.h
-- Up-to-date: /home/ubuntu/ros2_ws2/install/rob599_msgs2/include/rob599_msgs2/rob599_msgs2/srv/detail/clear_positions__functions.h
-- Up-to-date: /home/ubuntu/ros2_ws2/install/rob599_msgs2/include/rob599_msgs2/rob599_msgs2/srv/detail/clear_positions__struct.h
-- Up-to-date: /home/ubuntu/ros2_ws2/install/rob599_msgs2/include/rob599_msgs2/rob599_msgs2/srv/detail/load__functions.c
-- Up-to-date: /home/ubuntu/ros2_ws2/install/rob599_msgs2/include/rob599_msgs2/rob599_msgs2/srv/detail/memorize_position__functions.h
-- Up-to-date: /home/ubuntu/ros2_ws2/install/rob599_msgs2/include/rob599_msgs2/rob599_msgs2/srv/detail/load__functions.h
-- Up-to-date: /home/ubuntu/ros2_ws2/install/rob599_msgs2/include/rob599_msgs2/rob599_msgs2/srv/memorize_position.h
-- Up-to-date: /home/ubuntu/ros2_ws2/install/rob599_msgs2/include/rob599_msgs2/rob599_msgs2/action
-- Up-to-date: /home/ubuntu/ros2_ws2/install/rob599_msgs2/include/rob599_msgs2/rob599_msgs2/action/go_to.h
-- Up-to-date: /home/ubuntu/ros2_ws2/install/rob599_msgs2/include/rob599_msgs2/rob599_msgs2/action/detail
-- Up-to-date: /home/ubuntu/ros2_ws2/install/rob599_msgs2/include/rob599_msgs2/rob599_msgs2/action/detail/go_to__functions.c
-- Up-to-date: /home/ubuntu/ros2_ws2/install/rob599_msgs2/include/rob599_msgs2/rob599_msgs2/action/detail/go_to__type_support.h
-- Up-to-date: /home/ubuntu/ros2_ws2/install/rob599_msgs2/include/rob599_msgs2/rob599_msgs2/action/detail/go_to__functions.h
-- Up-to-date: /home/ubuntu/ros2_ws2/install/rob599_msgs2/include/rob599_msgs2/rob599_msgs2/action/detail/go_to__struct.h
-- Up-to-date: /home/ubuntu/ros2_ws2/install/rob599_msgs2/share/rob599_msgs2/environment/library_path.sh
-- Up-to-date: /home/ubuntu/ros2_ws2/install/rob599_msgs2/share/rob599_msgs2/environment/library_path.dsv
-- Up-to-date: /home/ubuntu/ros2_ws2/install/rob599_msgs2/lib/librob599_msgs2__rosidl_generator_c.so
-- Up-to-date: /home/ubuntu/ros2_ws2/install/rob599_msgs2/include/rob599_msgs2/rob599_msgs2
-- Up-to-date: /home/ubuntu/ros2_ws2/install/rob599_msgs2/include/rob599_msgs2/rob599_msgs2/msg
-- Up-to-date: /home/ubuntu/ros2_ws2/install/rob599_msgs2/include/rob599_msgs2/rob599_msgs2/msg/rosidl_typesupport_fastrtps_c__visibility_control.h
-- Up-to-date: /home/ubuntu/ros2_ws2/install/rob599_msgs2/include/rob599_msgs2/rob599_msgs2/srv
-- Up-to-date: /home/ubuntu/ros2_ws2/install/rob599_msgs2/include/rob599_msgs2/rob599_msgs2/srv/detail
-- Up-to-date: /home/ubuntu/ros2_ws2/install/rob599_msgs2/include/rob599_msgs2/rob599_msgs2/srv/detail/clear_positions__rosidl_typesupport_fastrtps_c.h
-- Up-to-date: /home/ubuntu/ros2_ws2/install/rob599_msgs2/include/rob599_msgs2/rob599_msgs2/srv/detail/save__rosidl_typesupport_fastrtps_c.h
-- Up-to-date: /home/ubuntu/ros2_ws2/install/rob599_msgs2/include/rob599_msgs2/rob599_msgs2/srv/detail/memorize_position__rosidl_typesupport_fastrtps_c.h
-- Up-to-date: /home/ubuntu/ros2_ws2/install/rob599_msgs2/include/rob599_msgs2/rob599_msgs2/srv/detail/load__rosidl_typesupport_fastrtps_c.h
-- Up-to-date: /home/ubuntu/ros2_ws2/install/rob599_msgs2/include/rob599_msgs2/rob599_msgs2/action
-- Up-to-date: /home/ubuntu/ros2_ws2/install/rob599_msgs2/include/rob599_msgs2/rob599_msgs2/action/detail
-- Up-to-date: /home/ubuntu/ros2_ws2/install/rob599_msgs2/include/rob599_msgs2/rob599_msgs2/action/detail/go_to__rosidl_typesupport_fastrtps_c.h
-- Up-to-date: /home/ubuntu/ros2_ws2/install/rob599_msgs2/lib/librob599_msgs2__rosidl_typesupport_fastrtps_c.so
-- Up-to-date: /home/ubuntu/ros2_ws2/install/rob599_msgs2/include/rob599_msgs2/rob599_msgs2
-- Up-to-date: /home/ubuntu/ros2_ws2/install/rob599_msgs2/include/rob599_msgs2/rob599_msgs2/msg
-- Up-to-date: /home/ubuntu/ros2_ws2/install/rob599_msgs2/include/rob599_msgs2/rob599_msgs2/msg/rosidl_typesupport_introspection_c__visibility_control.h
-- Up-to-date: /home/ubuntu/ros2_ws2/install/rob599_msgs2/include/rob599_msgs2/rob599_msgs2/srv
-- Up-to-date: /home/ubuntu/ros2_ws2/install/rob599_msgs2/include/rob599_msgs2/rob599_msgs2/srv/detail
-- Up-to-date: /home/ubuntu/ros2_ws2/install/rob599_msgs2/include/rob599_msgs2/rob599_msgs2/srv/detail/memorize_position__type_support.c
-- Up-to-date: /home/ubuntu/ros2_ws2/install/rob599_msgs2/include/rob599_msgs2/rob599_msgs2/srv/detail/save__rosidl_typesupport_introspection_c.h
-- Up-to-date: /home/ubuntu/ros2_ws2/install/rob599_msgs2/include/rob599_msgs2/rob599_msgs2/srv/detail/save__type_support.c
-- Up-to-date: /home/ubuntu/ros2_ws2/install/rob599_msgs2/include/rob599_msgs2/rob599_msgs2/srv/detail/load__rosidl_typesupport_introspection_c.h
-- Up-to-date: /home/ubuntu/ros2_ws2/install/rob599_msgs2/include/rob599_msgs2/rob599_msgs2/srv/detail/memorize_position__rosidl_typesupport_introspection_c.h
-- Up-to-date: /home/ubuntu/ros2_ws2/install/rob599_msgs2/include/rob599_msgs2/rob599_msgs2/srv/detail/clear_positions__type_support.c
-- Up-to-date: /home/ubuntu/ros2_ws2/install/rob599_msgs2/include/rob599_msgs2/rob599_msgs2/srv/detail/load__type_support.c
-- Up-to-date: /home/ubuntu/ros2_ws2/install/rob599_msgs2/include/rob599_msgs2/rob599_msgs2/srv/detail/clear_positions__rosidl_typesupport_introspection_c.h
-- Up-to-date: /home/ubuntu/ros2_ws2/install/rob599_msgs2/include/rob599_msgs2/rob599_msgs2/action
-- Up-to-date: /home/ubuntu/ros2_ws2/install/rob599_msgs2/include/rob599_msgs2/rob599_msgs2/action/detail
-- Up-to-date: /home/ubuntu/ros2_ws2/install/rob599_msgs2/include/rob599_msgs2/rob599_msgs2/action/detail/go_to__rosidl_typesupport_introspection_c.h
-- Up-to-date: /home/ubuntu/ros2_ws2/install/rob599_msgs2/include/rob599_msgs2/rob599_msgs2/action/detail/go_to__type_support.c
-- Up-to-date: /home/ubuntu/ros2_ws2/install/rob599_msgs2/lib/librob599_msgs2__rosidl_typesupport_introspection_c.so
-- Up-to-date: /home/ubuntu/ros2_ws2/install/rob599_msgs2/lib/librob599_msgs2__rosidl_typesupport_c.so
-- Up-to-date: /home/ubuntu/ros2_ws2/install/rob599_msgs2/include/rob599_msgs2/rob599_msgs2
-- Up-to-date: /home/ubuntu/ros2_ws2/install/rob599_msgs2/include/rob599_msgs2/rob599_msgs2/srv
-- Up-to-date: /home/ubuntu/ros2_ws2/install/rob599_msgs2/include/rob599_msgs2/rob599_msgs2/srv/load.hpp
-- Up-to-date: /home/ubuntu/ros2_ws2/install/rob599_msgs2/include/rob599_msgs2/rob599_msgs2/srv/memorize_position.hpp
-- Up-to-date: /home/ubuntu/ros2_ws2/install/rob599_msgs2/include/rob599_msgs2/rob599_msgs2/srv/clear_positions.hpp
-- Up-to-date: /home/ubuntu/ros2_ws2/install/rob599_msgs2/include/rob599_msgs2/rob599_msgs2/srv/detail
-- Up-to-date: /home/ubuntu/ros2_ws2/install/rob599_msgs2/include/rob599_msgs2/rob599_msgs2/srv/detail/save__traits.hpp
-- Up-to-date: /home/ubuntu/ros2_ws2/install/rob599_msgs2/include/rob599_msgs2/rob599_msgs2/srv/detail/clear_positions__struct.hpp
-- Up-to-date: /home/ubuntu/ros2_ws2/install/rob599_msgs2/include/rob599_msgs2/rob599_msgs2/srv/detail/memorize_position__struct.hpp
-- Up-to-date: /home/ubuntu/ros2_ws2/install/rob599_msgs2/include/rob599_msgs2/rob599_msgs2/srv/detail/memorize_position__traits.hpp
-- Up-to-date: /home/ubuntu/ros2_ws2/install/rob599_msgs2/include/rob599_msgs2/rob599_msgs2/srv/detail/save__struct.hpp
-- Up-to-date: /home/ubuntu/ros2_ws2/install/rob599_msgs2/include/rob599_msgs2/rob599_msgs2/srv/detail/memorize_position__builder.hpp
-- Up-to-date: /home/ubuntu/ros2_ws2/install/rob599_msgs2/include/rob599_msgs2/rob599_msgs2/srv/detail/clear_positions__builder.hpp
-- Up-to-date: /home/ubuntu/ros2_ws2/install/rob599_msgs2/include/rob599_msgs2/rob599_msgs2/srv/detail/load__struct.hpp
-- Up-to-date: /home/ubuntu/ros2_ws2/install/rob599_msgs2/include/rob599_msgs2/rob599_msgs2/srv/detail/clear_positions__traits.hpp
-- Up-to-date: /home/ubuntu/ros2_ws2/install/rob599_msgs2/include/rob599_msgs2/rob599_msgs2/srv/detail/load__builder.hpp
-- Up-to-date: /home/ubuntu/ros2_ws2/install/rob599_msgs2/include/rob599_msgs2/rob599_msgs2/srv/detail/save__builder.hpp
-- Up-to-date: /home/ubuntu/ros2_ws2/install/rob599_msgs2/include/rob599_msgs2/rob599_msgs2/srv/detail/load__traits.hpp
-- Up-to-date: /home/ubuntu/ros2_ws2/install/rob599_msgs2/include/rob599_msgs2/rob599_msgs2/srv/save.hpp
-- Up-to-date: /home/ubuntu/ros2_ws2/install/rob599_msgs2/include/rob599_msgs2/rob599_msgs2/action
-- Up-to-date: /home/ubuntu/ros2_ws2/install/rob599_msgs2/include/rob599_msgs2/rob599_msgs2/action/go_to.hpp
-- Up-to-date: /home/ubuntu/ros2_ws2/install/rob599_msgs2/include/rob599_msgs2/rob599_msgs2/action/detail
-- Up-to-date: /home/ubuntu/ros2_ws2/install/rob599_msgs2/include/rob599_msgs2/rob599_msgs2/action/detail/go_to__traits.hpp
-- Up-to-date: /home/ubuntu/ros2_ws2/install/rob599_msgs2/include/rob599_msgs2/rob599_msgs2/action/detail/go_to__struct.hpp
-- Up-to-date: /home/ubuntu/ros2_ws2/install/rob599_msgs2/include/rob599_msgs2/rob599_msgs2/action/detail/go_to__builder.hpp
-- Up-to-date: /home/ubuntu/ros2_ws2/install/rob599_msgs2/include/rob599_msgs2/rob599_msgs2
-- Up-to-date: /home/ubuntu/ros2_ws2/install/rob599_msgs2/include/rob599_msgs2/rob599_msgs2/msg
-- Up-to-date: /home/ubuntu/ros2_ws2/install/rob599_msgs2/include/rob599_msgs2/rob599_msgs2/msg/rosidl_typesupport_fastrtps_cpp__visibility_control.h
-- Up-to-date: /home/ubuntu/ros2_ws2/install/rob599_msgs2/include/rob599_msgs2/rob599_msgs2/srv
-- Up-to-date: /home/ubuntu/ros2_ws2/install/rob599_msgs2/include/rob599_msgs2/rob599_msgs2/srv/detail
-- Up-to-date: /home/ubuntu/ros2_ws2/install/rob599_msgs2/include/rob599_msgs2/rob599_msgs2/srv/detail/load__rosidl_typesupport_fastrtps_cpp.hpp
-- Up-to-date: /home/ubuntu/ros2_ws2/install/rob599_msgs2/include/rob599_msgs2/rob599_msgs2/srv/detail/memorize_position__rosidl_typesupport_fastrtps_cpp.hpp
-- Up-to-date: /home/ubuntu/ros2_ws2/install/rob599_msgs2/include/rob599_msgs2/rob599_msgs2/srv/detail/dds_fastrtps
-- Up-to-date: /home/ubuntu/ros2_ws2/install/rob599_msgs2/include/rob599_msgs2/rob599_msgs2/srv/detail/clear_positions__rosidl_typesupport_fastrtps_cpp.hpp
-- Up-to-date: /home/ubuntu/ros2_ws2/install/rob599_msgs2/include/rob599_msgs2/rob599_msgs2/srv/detail/save__rosidl_typesupport_fastrtps_cpp.hpp
-- Up-to-date: /home/ubuntu/ros2_ws2/install/rob599_msgs2/include/rob599_msgs2/rob599_msgs2/action
-- Up-to-date: /home/ubuntu/ros2_ws2/install/rob599_msgs2/include/rob599_msgs2/rob599_msgs2/action/detail
-- Up-to-date: /home/ubuntu/ros2_ws2/install/rob599_msgs2/include/rob599_msgs2/rob599_msgs2/action/detail/dds_fastrtps
-- Up-to-date: /home/ubuntu/ros2_ws2/install/rob599_msgs2/include/rob599_msgs2/rob599_msgs2/action/detail/go_to__rosidl_typesupport_fastrtps_cpp.hpp
-- Up-to-date: /home/ubuntu/ros2_ws2/install/rob599_msgs2/lib/librob599_msgs2__rosidl_typesupport_fastrtps_cpp.so
-- Up-to-date: /home/ubuntu/ros2_ws2/install/rob599_msgs2/include/rob599_msgs2/rob599_msgs2
-- Up-to-date: /home/ubuntu/ros2_ws2/install/rob599_msgs2/include/rob599_msgs2/rob599_msgs2/srv
-- Up-to-date: /home/ubuntu/ros2_ws2/install/rob599_msgs2/include/rob599_msgs2/rob599_msgs2/srv/detail
-- Up-to-date: /home/ubuntu/ros2_ws2/install/rob599_msgs2/include/rob599_msgs2/rob599_msgs2/srv/detail/save__type_support.cpp
-- Up-to-date: /home/ubuntu/ros2_ws2/install/rob599_msgs2/include/rob599_msgs2/rob599_msgs2/srv/detail/load__rosidl_typesupport_introspection_cpp.hpp
-- Up-to-date: /home/ubuntu/ros2_ws2/install/rob599_msgs2/include/rob599_msgs2/rob599_msgs2/srv/detail/memorize_position__type_support.cpp
-- Up-to-date: /home/ubuntu/ros2_ws2/install/rob599_msgs2/include/rob599_msgs2/rob599_msgs2/srv/detail/clear_positions__rosidl_typesupport_introspection_cpp.hpp
-- Up-to-date: /home/ubuntu/ros2_ws2/install/rob599_msgs2/include/rob599_msgs2/rob599_msgs2/srv/detail/load__type_support.cpp
-- Up-to-date: /home/ubuntu/ros2_ws2/install/rob599_msgs2/include/rob599_msgs2/rob599_msgs2/srv/detail/memorize_position__rosidl_typesupport_introspection_cpp.hpp
-- Up-to-date: /home/ubuntu/ros2_ws2/install/rob599_msgs2/include/rob599_msgs2/rob599_msgs2/srv/detail/save__rosidl_typesupport_introspection_cpp.hpp
-- Up-to-date: /home/ubuntu/ros2_ws2/install/rob599_msgs2/include/rob599_msgs2/rob599_msgs2/srv/detail/clear_positions__type_support.cpp
-- Up-to-date: /home/ubuntu/ros2_ws2/install/rob599_msgs2/include/rob599_msgs2/rob599_msgs2/action
-- Up-to-date: /home/ubuntu/ros2_ws2/install/rob599_msgs2/include/rob599_msgs2/rob599_msgs2/action/detail
-- Up-to-date: /home/ubuntu/ros2_ws2/install/rob599_msgs2/include/rob599_msgs2/rob599_msgs2/action/detail/go_to__type_support.cpp
-- Up-to-date: /home/ubuntu/ros2_ws2/install/rob599_msgs2/include/rob599_msgs2/rob599_msgs2/action/detail/go_to__rosidl_typesupport_introspection_cpp.hpp
-- Up-to-date: /home/ubuntu/ros2_ws2/install/rob599_msgs2/lib/librob599_msgs2__rosidl_typesupport_introspection_cpp.so
-- Up-to-date: /home/ubuntu/ros2_ws2/install/rob599_msgs2/lib/librob599_msgs2__rosidl_typesupport_cpp.so
-- Up-to-date: /home/ubuntu/ros2_ws2/install/rob599_msgs2/share/rob599_msgs2/environment/pythonpath.sh
-- Up-to-date: /home/ubuntu/ros2_ws2/install/rob599_msgs2/share/rob599_msgs2/environment/pythonpath.dsv
-- Up-to-date: /home/ubuntu/ros2_ws2/install/rob599_msgs2/local/lib/python3.10/dist-packages/rob599_msgs2-0.0.0-py3.10.egg-info
-- Installing: /home/ubuntu/ros2_ws2/install/rob599_msgs2/local/lib/python3.10/dist-packages/rob599_msgs2-0.0.0-py3.10.egg-info/SOURCES.txt
-- Installing: /home/ubuntu/ros2_ws2/install/rob599_msgs2/local/lib/python3.10/dist-packages/rob599_msgs2-0.0.0-py3.10.egg-info/top_level.txt
-- Installing: /home/ubuntu/ros2_ws2/install/rob599_msgs2/local/lib/python3.10/dist-packages/rob599_msgs2-0.0.0-py3.10.egg-info/dependency_links.txt
-- Installing: /home/ubuntu/ros2_ws2/install/rob599_msgs2/local/lib/python3.10/dist-packages/rob599_msgs2-0.0.0-py3.10.egg-info/PKG-INFO
-- Up-to-date: /home/ubuntu/ros2_ws2/install/rob599_msgs2/local/lib/python3.10/dist-packages/rob599_msgs2
-- Up-to-date: /home/ubuntu/ros2_ws2/install/rob599_msgs2/local/lib/python3.10/dist-packages/rob599_msgs2/_rob599_msgs2_s.ep.rosidl_typesupport_introspection_c.c
-- Up-to-date: /home/ubuntu/ros2_ws2/install/rob599_msgs2/local/lib/python3.10/dist-packages/rob599_msgs2/_rob599_msgs2_s.ep.rosidl_typesupport_fastrtps_c.c
-- Up-to-date: /home/ubuntu/ros2_ws2/install/rob599_msgs2/local/lib/python3.10/dist-packages/rob599_msgs2/rob599_msgs2_s__rosidl_typesupport_c.cpython-310-x86_64-linux-gnu.so
-- Up-to-date: /home/ubuntu/ros2_ws2/install/rob599_msgs2/local/lib/python3.10/dist-packages/rob599_msgs2/rob599_msgs2_s__rosidl_typesupport_fastrtps_c.cpython-310-x86_64-linux-gnu.so
-- Up-to-date: /home/ubuntu/ros2_ws2/install/rob599_msgs2/local/lib/python3.10/dist-packages/rob599_msgs2/__init__.py
-- Up-to-date: /home/ubuntu/ros2_ws2/install/rob599_msgs2/local/lib/python3.10/dist-packages/rob599_msgs2/_rob599_msgs2_s.ep.rosidl_typesupport_c.c
-- Up-to-date: /home/ubuntu/ros2_ws2/install/rob599_msgs2/local/lib/python3.10/dist-packages/rob599_msgs2/rob599_msgs2_s__rosidl_typesupport_introspection_c.cpython-310-x86_64-linux-gnu.so
-- Up-to-date: /home/ubuntu/ros2_ws2/install/rob599_msgs2/local/lib/python3.10/dist-packages/rob599_msgs2/librob599_msgs2__rosidl_generator_py.so
-- Up-to-date: /home/ubuntu/ros2_ws2/install/rob599_msgs2/local/lib/python3.10/dist-packages/rob599_msgs2/srv
-- Up-to-date: /home/ubuntu/ros2_ws2/install/rob599_msgs2/local/lib/python3.10/dist-packages/rob599_msgs2/srv/_load.py
-- Up-to-date: /home/ubuntu/ros2_ws2/install/rob599_msgs2/local/lib/python3.10/dist-packages/rob599_msgs2/srv/_save_s.c
-- Up-to-date: /home/ubuntu/ros2_ws2/install/rob599_msgs2/local/lib/python3.10/dist-packages/rob599_msgs2/srv/_memorize_position_s.c
-- Up-to-date: /home/ubuntu/ros2_ws2/install/rob599_msgs2/local/lib/python3.10/dist-packages/rob599_msgs2/srv/_clear_positions_s.c
-- Up-to-date: /home/ubuntu/ros2_ws2/install/rob599_msgs2/local/lib/python3.10/dist-packages/rob599_msgs2/srv/_clear_positions.py
-- Up-to-date: /home/ubuntu/ros2_ws2/install/rob599_msgs2/local/lib/python3.10/dist-packages/rob599_msgs2/srv/__init__.py
-- Up-to-date: /home/ubuntu/ros2_ws2/install/rob599_msgs2/local/lib/python3.10/dist-packages/rob599_msgs2/srv/_save.py
-- Up-to-date: /home/ubuntu/ros2_ws2/install/rob599_msgs2/local/lib/python3.10/dist-packages/rob599_msgs2/srv/_memorize_position.py
-- Up-to-date: /home/ubuntu/ros2_ws2/install/rob599_msgs2/local/lib/python3.10/dist-packages/rob599_msgs2/srv/_load_s.c
-- Up-to-date: /home/ubuntu/ros2_ws2/install/rob599_msgs2/local/lib/python3.10/dist-packages/rob599_msgs2/action
-- Up-to-date: /home/ubuntu/ros2_ws2/install/rob599_msgs2/local/lib/python3.10/dist-packages/rob599_msgs2/action/__init__.py
-- Up-to-date: /home/ubuntu/ros2_ws2/install/rob599_msgs2/local/lib/python3.10/dist-packages/rob599_msgs2/action/_go_to_s.c
-- Up-to-date: /home/ubuntu/ros2_ws2/install/rob599_msgs2/local/lib/python3.10/dist-packages/rob599_msgs2/action/_go_to.py
Listing '/home/ubuntu/ros2_ws2/install/rob599_msgs2/local/lib/python3.10/dist-packages/rob599_msgs2'...
Listing '/home/ubuntu/ros2_ws2/install/rob599_msgs2/local/lib/python3.10/dist-packages/rob599_msgs2/action'...
Listing '/home/ubuntu/ros2_ws2/install/rob599_msgs2/local/lib/python3.10/dist-packages/rob599_msgs2/srv'...
-- Up-to-date: /home/ubuntu/ros2_ws2/install/rob599_msgs2/local/lib/python3.10/dist-packages/rob599_msgs2/rob599_msgs2_s__rosidl_typesupport_fastrtps_c.cpython-310-x86_64-linux-gnu.so
-- Up-to-date: /home/ubuntu/ros2_ws2/install/rob599_msgs2/local/lib/python3.10/dist-packages/rob599_msgs2/rob599_msgs2_s__rosidl_typesupport_introspection_c.cpython-310-x86_64-linux-gnu.so
-- Up-to-date: /home/ubuntu/ros2_ws2/install/rob599_msgs2/local/lib/python3.10/dist-packages/rob599_msgs2/rob599_msgs2_s__rosidl_typesupport_c.cpython-310-x86_64-linux-gnu.so
-- Up-to-date: /home/ubuntu/ros2_ws2/install/rob599_msgs2/lib/librob599_msgs2__rosidl_generator_py.so
-- Up-to-date: /home/ubuntu/ros2_ws2/install/rob599_msgs2/share/rob599_msgs2/srv/MemorizePosition.idl
-- Up-to-date: /home/ubuntu/ros2_ws2/install/rob599_msgs2/share/rob599_msgs2/srv/ClearPositions.idl
-- Up-to-date: /home/ubuntu/ros2_ws2/install/rob599_msgs2/share/rob599_msgs2/srv/Save.idl
-- Up-to-date: /home/ubuntu/ros2_ws2/install/rob599_msgs2/share/rob599_msgs2/srv/Load.idl
-- Up-to-date: /home/ubuntu/ros2_ws2/install/rob599_msgs2/share/rob599_msgs2/action/GoTo.idl
-- Up-to-date: /home/ubuntu/ros2_ws2/install/rob599_msgs2/share/rob599_msgs2/srv/MemorizePosition.srv
-- Up-to-date: /home/ubuntu/ros2_ws2/install/rob599_msgs2/share/rob599_msgs2/srv/MemorizePosition_Request.msg
-- Up-to-date: /home/ubuntu/ros2_ws2/install/rob599_msgs2/share/rob599_msgs2/srv/MemorizePosition_Response.msg
-- Up-to-date: /home/ubuntu/ros2_ws2/install/rob599_msgs2/share/rob599_msgs2/srv/ClearPositions.srv
-- Up-to-date: /home/ubuntu/ros2_ws2/install/rob599_msgs2/share/rob599_msgs2/srv/ClearPositions_Request.msg
-- Up-to-date: /home/ubuntu/ros2_ws2/install/rob599_msgs2/share/rob599_msgs2/srv/ClearPositions_Response.msg
-- Up-to-date: /home/ubuntu/ros2_ws2/install/rob599_msgs2/share/rob599_msgs2/srv/Save.srv
-- Up-to-date: /home/ubuntu/ros2_ws2/install/rob599_msgs2/share/rob599_msgs2/srv/Save_Request.msg
-- Up-to-date: /home/ubuntu/ros2_ws2/install/rob599_msgs2/share/rob599_msgs2/srv/Save_Response.msg
-- Up-to-date: /home/ubuntu/ros2_ws2/install/rob599_msgs2/share/rob599_msgs2/srv/Load.srv
-- Up-to-date: /home/ubuntu/ros2_ws2/install/rob599_msgs2/share/rob599_msgs2/srv/Load_Request.msg
-- Up-to-date: /home/ubuntu/ros2_ws2/install/rob599_msgs2/share/rob599_msgs2/srv/Load_Response.msg
-- Up-to-date: /home/ubuntu/ros2_ws2/install/rob599_msgs2/share/rob599_msgs2/action/GoTo.action
-- Up-to-date: /home/ubuntu/ros2_ws2/install/rob599_msgs2/share/ament_index/resource_index/package_run_dependencies/rob599_msgs2
-- Up-to-date: /home/ubuntu/ros2_ws2/install/rob599_msgs2/share/ament_index/resource_index/parent_prefix_path/rob599_msgs2
-- Up-to-date: /home/ubuntu/ros2_ws2/install/rob599_msgs2/share/rob599_msgs2/environment/ament_prefix_path.sh
-- Up-to-date: /home/ubuntu/ros2_ws2/install/rob599_msgs2/share/rob599_msgs2/environment/ament_prefix_path.dsv
-- Up-to-date: /home/ubuntu/ros2_ws2/install/rob599_msgs2/share/rob599_msgs2/environment/path.sh
-- Up-to-date: /home/ubuntu/ros2_ws2/install/rob599_msgs2/share/rob599_msgs2/environment/path.dsv
-- Up-to-date: /home/ubuntu/ros2_ws2/install/rob599_msgs2/share/rob599_msgs2/local_setup.bash
-- Up-to-date: /home/ubuntu/ros2_ws2/install/rob599_msgs2/share/rob599_msgs2/local_setup.sh
-- Up-to-date: /home/ubuntu/ros2_ws2/install/rob599_msgs2/share/rob599_msgs2/local_setup.zsh
-- Up-to-date: /home/ubuntu/ros2_ws2/install/rob599_msgs2/share/rob599_msgs2/local_setup.dsv
-- Installing: /home/ubuntu/ros2_ws2/install/rob599_msgs2/share/rob599_msgs2/package.dsv
-- Up-to-date: /home/ubuntu/ros2_ws2/install/rob599_msgs2/share/ament_index/resource_index/packages/rob599_msgs2
-- Up-to-date: /home/ubuntu/ros2_ws2/install/rob599_msgs2/share/rob599_msgs2/cmake/export_rob599_msgs2__rosidl_generator_cExport.cmake
-- Up-to-date: /home/ubuntu/ros2_ws2/install/rob599_msgs2/share/rob599_msgs2/cmake/export_rob599_msgs2__rosidl_generator_cExport-noconfig.cmake
-- Up-to-date: /home/ubuntu/ros2_ws2/install/rob599_msgs2/share/rob599_msgs2/cmake/export_rob599_msgs2__rosidl_typesupport_fastrtps_cExport.cmake
-- Up-to-date: /home/ubuntu/ros2_ws2/install/rob599_msgs2/share/rob599_msgs2/cmake/export_rob599_msgs2__rosidl_typesupport_fastrtps_cExport-noconfig.cmake
-- Up-to-date: /home/ubuntu/ros2_ws2/install/rob599_msgs2/share/rob599_msgs2/cmake/rob599_msgs2__rosidl_typesupport_introspection_cExport.cmake
-- Up-to-date: /home/ubuntu/ros2_ws2/install/rob599_msgs2/share/rob599_msgs2/cmake/rob599_msgs2__rosidl_typesupport_introspection_cExport-noconfig.cmake
-- Up-to-date: /home/ubuntu/ros2_ws2/install/rob599_msgs2/share/rob599_msgs2/cmake/rob599_msgs2__rosidl_typesupport_cExport.cmake
-- Up-to-date: /home/ubuntu/ros2_ws2/install/rob599_msgs2/share/rob599_msgs2/cmake/rob599_msgs2__rosidl_typesupport_cExport-noconfig.cmake
-- Up-to-date: /home/ubuntu/ros2_ws2/install/rob599_msgs2/share/rob599_msgs2/cmake/export_rob599_msgs2__rosidl_generator_cppExport.cmake
-- Up-to-date: /home/ubuntu/ros2_ws2/install/rob599_msgs2/share/rob599_msgs2/cmake/export_rob599_msgs2__rosidl_typesupport_fastrtps_cppExport.cmake
-- Up-to-date: /home/ubuntu/ros2_ws2/install/rob599_msgs2/share/rob599_msgs2/cmake/export_rob599_msgs2__rosidl_typesupport_fastrtps_cppExport-noconfig.cmake
-- Up-to-date: /home/ubuntu/ros2_ws2/install/rob599_msgs2/share/rob599_msgs2/cmake/rob599_msgs2__rosidl_typesupport_introspection_cppExport.cmake
-- Up-to-date: /home/ubuntu/ros2_ws2/install/rob599_msgs2/share/rob599_msgs2/cmake/rob599_msgs2__rosidl_typesupport_introspection_cppExport-noconfig.cmake
-- Up-to-date: /home/ubuntu/ros2_ws2/install/rob599_msgs2/share/rob599_msgs2/cmake/rob599_msgs2__rosidl_typesupport_cppExport.cmake
-- Up-to-date: /home/ubuntu/ros2_ws2/install/rob599_msgs2/share/rob599_msgs2/cmake/rob599_msgs2__rosidl_typesupport_cppExport-noconfig.cmake
-- Up-to-date: /home/ubuntu/ros2_ws2/install/rob599_msgs2/share/rob599_msgs2/cmake/export_rob599_msgs2__rosidl_generator_pyExport.cmake
-- Up-to-date: /home/ubuntu/ros2_ws2/install/rob599_msgs2/share/rob599_msgs2/cmake/export_rob599_msgs2__rosidl_generator_pyExport-noconfig.cmake
-- Up-to-date: /home/ubuntu/ros2_ws2/install/rob599_msgs2/share/rob599_msgs2/cmake/rosidl_cmake-extras.cmake
-- Up-to-date: /home/ubuntu/ros2_ws2/install/rob599_msgs2/share/rob599_msgs2/cmake/ament_cmake_export_dependencies-extras.cmake
-- Up-to-date: /home/ubuntu/ros2_ws2/install/rob599_msgs2/share/rob599_msgs2/cmake/ament_cmake_export_include_directories-extras.cmake
-- Up-to-date: /home/ubuntu/ros2_ws2/install/rob599_msgs2/share/rob599_msgs2/cmake/ament_cmake_export_libraries-extras.cmake
-- Up-to-date: /home/ubuntu/ros2_ws2/install/rob599_msgs2/share/rob599_msgs2/cmake/ament_cmake_export_targets-extras.cmake
-- Up-to-date: /home/ubuntu/ros2_ws2/install/rob599_msgs2/share/rob599_msgs2/cmake/rosidl_cmake_export_typesupport_targets-extras.cmake
-- Up-to-date: /home/ubuntu/ros2_ws2/install/rob599_msgs2/share/rob599_msgs2/cmake/rosidl_cmake_export_typesupport_libraries-extras.cmake
-- Up-to-date: /home/ubuntu/ros2_ws2/install/rob599_msgs2/share/rob599_msgs2/cmake/rob599_msgs2Config.cmake
-- Up-to-date: /home/ubuntu/ros2_ws2/install/rob599_msgs2/share/rob599_msgs2/cmake/rob599_msgs2Config-version.cmake
-- Up-to-date: /home/ubuntu/ros2_ws2/install/rob599_msgs2/share/rob599_msgs2/package.xml
