[0.531s] DEBUG:colcon:Command line arguments: ['/home/ubuntu/.local/bin/colcon', 'build']
[0.531s] DEBUG:colcon:Parsed command line arguments: Namespace(log_base=None, log_level=None, verb_name='build', build_base='build', install_base='install', merge_install=False, symlink_install=False, test_result_base=None, continue_on_error=False, executor='parallel', parallel_workers=16, event_handlers=None, ignore_user_meta=False, metas=['./colcon.meta'], base_paths=['.'], packages_ignore=None, packages_ignore_regex=None, paths=None, packages_up_to=None, packages_up_to_regex=None, packages_above=None, packages_above_and_dependencies=None, packages_above_depth=None, packages_select_by_dep=None, packages_skip_by_dep=None, packages_skip_up_to=None, packages_select_build_failed=False, packages_skip_build_finished=False, packages_select_test_failures=False, packages_skip_test_passed=False, packages_select=None, packages_skip=None, packages_select_regex=None, packages_skip_regex=None, packages_start=None, packages_end=None, allow_overriding=[], cmake_args=None, cmake_target=None, cmake_target_skip_unavailable=False, cmake_clean_cache=False, cmake_clean_first=False, cmake_force_configure=False, ament_cmake_args=None, catkin_cmake_args=None, catkin_skip_building_tests=False, verb_parser=<colcon_defaults.argument_parser.defaults.DefaultArgumentsDecorator object at 0x7f2b224633d0>, verb_extension=<colcon_core.verb.build.BuildVerb object at 0x7f2b236623b0>, main=<bound method BuildVerb.main of <colcon_core.verb.build.BuildVerb object at 0x7f2b236623b0>>)
[0.557s] Level 1:colcon.colcon_core.package_discovery:discover_packages(colcon_meta) check parameters
[0.557s] Level 1:colcon.colcon_core.package_discovery:discover_packages(recursive) check parameters
[0.557s] Level 1:colcon.colcon_core.package_discovery:discover_packages(ignore) check parameters
[0.557s] Level 1:colcon.colcon_core.package_discovery:discover_packages(path) check parameters
[0.557s] Level 1:colcon.colcon_core.package_discovery:discover_packages(colcon_meta) discover
[0.557s] Level 1:colcon.colcon_core.package_discovery:discover_packages(recursive) discover
[0.557s] INFO:colcon.colcon_core.package_discovery:Crawling recursively for packages in '/home/ubuntu/ros2_ws2'
[0.557s] Level 1:colcon.colcon_core.package_identification:_identify(.) by extensions ['ignore', 'ignore_ament_install']
[0.557s] Level 1:colcon.colcon_core.package_identification:_identify(.) by extension 'ignore'
[0.557s] Level 1:colcon.colcon_core.package_identification:_identify(.) by extension 'ignore_ament_install'
[0.557s] Level 1:colcon.colcon_core.package_identification:_identify(.) by extensions ['colcon_pkg']
[0.557s] Level 1:colcon.colcon_core.package_identification:_identify(.) by extension 'colcon_pkg'
[0.557s] Level 1:colcon.colcon_core.package_identification:_identify(.) by extensions ['colcon_meta']
[0.557s] Level 1:colcon.colcon_core.package_identification:_identify(.) by extension 'colcon_meta'
[0.557s] Level 1:colcon.colcon_core.package_identification:_identify(.) by extensions ['ros']
[0.557s] Level 1:colcon.colcon_core.package_identification:_identify(.) by extension 'ros'
[0.565s] Level 1:colcon.colcon_core.package_identification:_identify(.) by extensions ['cmake', 'python']
[0.565s] Level 1:colcon.colcon_core.package_identification:_identify(.) by extension 'cmake'
[0.565s] Level 1:colcon.colcon_core.package_identification:_identify(.) by extension 'python'
[0.565s] Level 1:colcon.colcon_core.package_identification:_identify(.) by extensions ['python_setup_py']
[0.565s] Level 1:colcon.colcon_core.package_identification:_identify(.) by extension 'python_setup_py'
[0.565s] Level 1:colcon.colcon_core.package_identification:_identify(build) by extensions ['ignore', 'ignore_ament_install']
[0.565s] Level 1:colcon.colcon_core.package_identification:_identify(build) by extension 'ignore'
[0.565s] Level 1:colcon.colcon_core.package_identification:_identify(build) ignored
[0.565s] Level 1:colcon.colcon_core.package_identification:_identify(install) by extensions ['ignore', 'ignore_ament_install']
[0.565s] Level 1:colcon.colcon_core.package_identification:_identify(install) by extension 'ignore'
[0.565s] Level 1:colcon.colcon_core.package_identification:_identify(install) ignored
[0.565s] Level 1:colcon.colcon_core.package_identification:_identify(launch) by extensions ['ignore', 'ignore_ament_install']
[0.565s] Level 1:colcon.colcon_core.package_identification:_identify(launch) by extension 'ignore'
[0.565s] Level 1:colcon.colcon_core.package_identification:_identify(launch) by extension 'ignore_ament_install'
[0.565s] Level 1:colcon.colcon_core.package_identification:_identify(launch) by extensions ['colcon_pkg']
[0.565s] Level 1:colcon.colcon_core.package_identification:_identify(launch) by extension 'colcon_pkg'
[0.565s] Level 1:colcon.colcon_core.package_identification:_identify(launch) by extensions ['colcon_meta']
[0.565s] Level 1:colcon.colcon_core.package_identification:_identify(launch) by extension 'colcon_meta'
[0.566s] Level 1:colcon.colcon_core.package_identification:_identify(launch) by extensions ['ros']
[0.566s] Level 1:colcon.colcon_core.package_identification:_identify(launch) by extension 'ros'
[0.566s] Level 1:colcon.colcon_core.package_identification:_identify(launch) by extensions ['cmake', 'python']
[0.566s] Level 1:colcon.colcon_core.package_identification:_identify(launch) by extension 'cmake'
[0.566s] Level 1:colcon.colcon_core.package_identification:_identify(launch) by extension 'python'
[0.566s] Level 1:colcon.colcon_core.package_identification:_identify(launch) by extensions ['python_setup_py']
[0.566s] Level 1:colcon.colcon_core.package_identification:_identify(launch) by extension 'python_setup_py'
[0.566s] Level 1:colcon.colcon_core.package_identification:_identify(log) by extensions ['ignore', 'ignore_ament_install']
[0.566s] Level 1:colcon.colcon_core.package_identification:_identify(log) by extension 'ignore'
[0.566s] Level 1:colcon.colcon_core.package_identification:_identify(log) ignored
[0.566s] Level 1:colcon.colcon_core.package_identification:_identify(src) by extensions ['ignore', 'ignore_ament_install']
[0.566s] Level 1:colcon.colcon_core.package_identification:_identify(src) by extension 'ignore'
[0.566s] Level 1:colcon.colcon_core.package_identification:_identify(src) by extension 'ignore_ament_install'
[0.566s] Level 1:colcon.colcon_core.package_identification:_identify(src) by extensions ['colcon_pkg']
[0.566s] Level 1:colcon.colcon_core.package_identification:_identify(src) by extension 'colcon_pkg'
[0.566s] Level 1:colcon.colcon_core.package_identification:_identify(src) by extensions ['colcon_meta']
[0.566s] Level 1:colcon.colcon_core.package_identification:_identify(src) by extension 'colcon_meta'
[0.566s] Level 1:colcon.colcon_core.package_identification:_identify(src) by extensions ['ros']
[0.566s] Level 1:colcon.colcon_core.package_identification:_identify(src) by extension 'ros'
[0.566s] Level 1:colcon.colcon_core.package_identification:_identify(src) by extensions ['cmake', 'python']
[0.566s] Level 1:colcon.colcon_core.package_identification:_identify(src) by extension 'cmake'
[0.566s] Level 1:colcon.colcon_core.package_identification:_identify(src) by extension 'python'
[0.566s] Level 1:colcon.colcon_core.package_identification:_identify(src) by extensions ['python_setup_py']
[0.566s] Level 1:colcon.colcon_core.package_identification:_identify(src) by extension 'python_setup_py'
[0.566s] Level 1:colcon.colcon_core.package_identification:_identify(src/build) by extensions ['ignore', 'ignore_ament_install']
[0.566s] Level 1:colcon.colcon_core.package_identification:_identify(src/build) by extension 'ignore'
[0.566s] Level 1:colcon.colcon_core.package_identification:_identify(src/build) ignored
[0.566s] Level 1:colcon.colcon_core.package_identification:_identify(src/install) by extensions ['ignore', 'ignore_ament_install']
[0.566s] Level 1:colcon.colcon_core.package_identification:_identify(src/install) by extension 'ignore'
[0.566s] Level 1:colcon.colcon_core.package_identification:_identify(src/install) ignored
[0.566s] Level 1:colcon.colcon_core.package_identification:_identify(src/log) by extensions ['ignore', 'ignore_ament_install']
[0.566s] Level 1:colcon.colcon_core.package_identification:_identify(src/log) by extension 'ignore'
[0.566s] Level 1:colcon.colcon_core.package_identification:_identify(src/log) ignored
[0.567s] Level 1:colcon.colcon_core.package_identification:_identify(src/rob599_hw3) by extensions ['ignore', 'ignore_ament_install']
[0.567s] Level 1:colcon.colcon_core.package_identification:_identify(src/rob599_hw3) by extension 'ignore'
[0.567s] Level 1:colcon.colcon_core.package_identification:_identify(src/rob599_hw3) by extension 'ignore_ament_install'
[0.567s] Level 1:colcon.colcon_core.package_identification:_identify(src/rob599_hw3) by extensions ['colcon_pkg']
[0.567s] Level 1:colcon.colcon_core.package_identification:_identify(src/rob599_hw3) by extension 'colcon_pkg'
[0.567s] Level 1:colcon.colcon_core.package_identification:_identify(src/rob599_hw3) by extensions ['colcon_meta']
[0.567s] Level 1:colcon.colcon_core.package_identification:_identify(src/rob599_hw3) by extension 'colcon_meta'
[0.567s] Level 1:colcon.colcon_core.package_identification:_identify(src/rob599_hw3) by extensions ['ros']
[0.567s] Level 1:colcon.colcon_core.package_identification:_identify(src/rob599_hw3) by extension 'ros'
[0.568s] DEBUG:colcon.colcon_core.package_identification:Package 'src/rob599_hw3' with type 'ros.ament_python' and name 'rob599_hw3'
[0.568s] Level 1:colcon.colcon_core.package_identification:_identify(src/rob599_msgs2) by extensions ['ignore', 'ignore_ament_install']
[0.568s] Level 1:colcon.colcon_core.package_identification:_identify(src/rob599_msgs2) by extension 'ignore'
[0.569s] Level 1:colcon.colcon_core.package_identification:_identify(src/rob599_msgs2) by extension 'ignore_ament_install'
[0.569s] Level 1:colcon.colcon_core.package_identification:_identify(src/rob599_msgs2) by extensions ['colcon_pkg']
[0.569s] Level 1:colcon.colcon_core.package_identification:_identify(src/rob599_msgs2) by extension 'colcon_pkg'
[0.569s] Level 1:colcon.colcon_core.package_identification:_identify(src/rob599_msgs2) by extensions ['colcon_meta']
[0.569s] Level 1:colcon.colcon_core.package_identification:_identify(src/rob599_msgs2) by extension 'colcon_meta'
[0.569s] Level 1:colcon.colcon_core.package_identification:_identify(src/rob599_msgs2) by extensions ['ros']
[0.569s] Level 1:colcon.colcon_core.package_identification:_identify(src/rob599_msgs2) by extension 'ros'
[0.569s] DEBUG:colcon.colcon_core.package_identification:Package 'src/rob599_msgs2' with type 'ros.ament_cmake' and name 'rob599_msgs2'
[0.569s] Level 1:colcon.colcon_core.package_identification:_identify(src/turtlebot3_simulations) by extensions ['ignore', 'ignore_ament_install']
[0.569s] Level 1:colcon.colcon_core.package_identification:_identify(src/turtlebot3_simulations) by extension 'ignore'
[0.569s] Level 1:colcon.colcon_core.package_identification:_identify(src/turtlebot3_simulations) by extension 'ignore_ament_install'
[0.569s] Level 1:colcon.colcon_core.package_identification:_identify(src/turtlebot3_simulations) by extensions ['colcon_pkg']
[0.569s] Level 1:colcon.colcon_core.package_identification:_identify(src/turtlebot3_simulations) by extension 'colcon_pkg'
[0.569s] Level 1:colcon.colcon_core.package_identification:_identify(src/turtlebot3_simulations) by extensions ['colcon_meta']
[0.569s] Level 1:colcon.colcon_core.package_identification:_identify(src/turtlebot3_simulations) by extension 'colcon_meta'
[0.569s] Level 1:colcon.colcon_core.package_identification:_identify(src/turtlebot3_simulations) by extensions ['ros']
[0.569s] Level 1:colcon.colcon_core.package_identification:_identify(src/turtlebot3_simulations) by extension 'ros'
[0.569s] Level 1:colcon.colcon_core.package_identification:_identify(src/turtlebot3_simulations) by extensions ['cmake', 'python']
[0.569s] Level 1:colcon.colcon_core.package_identification:_identify(src/turtlebot3_simulations) by extension 'cmake'
[0.569s] Level 1:colcon.colcon_core.package_identification:_identify(src/turtlebot3_simulations) by extension 'python'
[0.570s] Level 1:colcon.colcon_core.package_identification:_identify(src/turtlebot3_simulations) by extensions ['python_setup_py']
[0.570s] Level 1:colcon.colcon_core.package_identification:_identify(src/turtlebot3_simulations) by extension 'python_setup_py'
[0.570s] Level 1:colcon.colcon_core.package_identification:_identify(src/turtlebot3_simulations/turtlebot3_fake_node) by extensions ['ignore', 'ignore_ament_install']
[0.570s] Level 1:colcon.colcon_core.package_identification:_identify(src/turtlebot3_simulations/turtlebot3_fake_node) by extension 'ignore'
[0.570s] Level 1:colcon.colcon_core.package_identification:_identify(src/turtlebot3_simulations/turtlebot3_fake_node) by extension 'ignore_ament_install'
[0.570s] Level 1:colcon.colcon_core.package_identification:_identify(src/turtlebot3_simulations/turtlebot3_fake_node) by extensions ['colcon_pkg']
[0.570s] Level 1:colcon.colcon_core.package_identification:_identify(src/turtlebot3_simulations/turtlebot3_fake_node) by extension 'colcon_pkg'
[0.570s] Level 1:colcon.colcon_core.package_identification:_identify(src/turtlebot3_simulations/turtlebot3_fake_node) by extensions ['colcon_meta']
[0.570s] Level 1:colcon.colcon_core.package_identification:_identify(src/turtlebot3_simulations/turtlebot3_fake_node) by extension 'colcon_meta'
[0.570s] Level 1:colcon.colcon_core.package_identification:_identify(src/turtlebot3_simulations/turtlebot3_fake_node) by extensions ['ros']
[0.570s] Level 1:colcon.colcon_core.package_identification:_identify(src/turtlebot3_simulations/turtlebot3_fake_node) by extension 'ros'
[0.570s] DEBUG:colcon.colcon_core.package_identification:Package 'src/turtlebot3_simulations/turtlebot3_fake_node' with type 'ros.ament_cmake' and name 'turtlebot3_fake_node'
[0.570s] Level 1:colcon.colcon_core.package_identification:_identify(src/turtlebot3_simulations/turtlebot3_gazebo) by extensions ['ignore', 'ignore_ament_install']
[0.571s] Level 1:colcon.colcon_core.package_identification:_identify(src/turtlebot3_simulations/turtlebot3_gazebo) by extension 'ignore'
[0.571s] Level 1:colcon.colcon_core.package_identification:_identify(src/turtlebot3_simulations/turtlebot3_gazebo) by extension 'ignore_ament_install'
[0.571s] Level 1:colcon.colcon_core.package_identification:_identify(src/turtlebot3_simulations/turtlebot3_gazebo) by extensions ['colcon_pkg']
[0.571s] Level 1:colcon.colcon_core.package_identification:_identify(src/turtlebot3_simulations/turtlebot3_gazebo) by extension 'colcon_pkg'
[0.571s] Level 1:colcon.colcon_core.package_identification:_identify(src/turtlebot3_simulations/turtlebot3_gazebo) by extensions ['colcon_meta']
[0.571s] Level 1:colcon.colcon_core.package_identification:_identify(src/turtlebot3_simulations/turtlebot3_gazebo) by extension 'colcon_meta'
[0.571s] Level 1:colcon.colcon_core.package_identification:_identify(src/turtlebot3_simulations/turtlebot3_gazebo) by extensions ['ros']
[0.571s] Level 1:colcon.colcon_core.package_identification:_identify(src/turtlebot3_simulations/turtlebot3_gazebo) by extension 'ros'
[0.571s] DEBUG:colcon.colcon_core.package_identification:Package 'src/turtlebot3_simulations/turtlebot3_gazebo' with type 'ros.ament_cmake' and name 'turtlebot3_gazebo'
[0.571s] Level 1:colcon.colcon_core.package_identification:_identify(src/turtlebot3_simulations/turtlebot3_simulations) by extensions ['ignore', 'ignore_ament_install']
[0.571s] Level 1:colcon.colcon_core.package_identification:_identify(src/turtlebot3_simulations/turtlebot3_simulations) by extension 'ignore'
[0.571s] Level 1:colcon.colcon_core.package_identification:_identify(src/turtlebot3_simulations/turtlebot3_simulations) by extension 'ignore_ament_install'
[0.571s] Level 1:colcon.colcon_core.package_identification:_identify(src/turtlebot3_simulations/turtlebot3_simulations) by extensions ['colcon_pkg']
[0.571s] Level 1:colcon.colcon_core.package_identification:_identify(src/turtlebot3_simulations/turtlebot3_simulations) by extension 'colcon_pkg'
[0.571s] Level 1:colcon.colcon_core.package_identification:_identify(src/turtlebot3_simulations/turtlebot3_simulations) by extensions ['colcon_meta']
[0.571s] Level 1:colcon.colcon_core.package_identification:_identify(src/turtlebot3_simulations/turtlebot3_simulations) by extension 'colcon_meta'
[0.571s] Level 1:colcon.colcon_core.package_identification:_identify(src/turtlebot3_simulations/turtlebot3_simulations) by extensions ['ros']
[0.571s] Level 1:colcon.colcon_core.package_identification:_identify(src/turtlebot3_simulations/turtlebot3_simulations) by extension 'ros'
[0.572s] DEBUG:colcon.colcon_core.package_identification:Package 'src/turtlebot3_simulations/turtlebot3_simulations' with type 'ros.ament_cmake' and name 'turtlebot3_simulations'
[0.572s] Level 1:colcon.colcon_core.package_discovery:discover_packages(recursive) using defaults
[0.572s] Level 1:colcon.colcon_core.package_discovery:discover_packages(ignore) discover
[0.572s] Level 1:colcon.colcon_core.package_discovery:discover_packages(ignore) using defaults
[0.572s] Level 1:colcon.colcon_core.package_discovery:discover_packages(path) discover
[0.572s] Level 1:colcon.colcon_core.package_discovery:discover_packages(path) using defaults
[0.621s] Level 1:colcon.colcon_core.package_discovery:discover_packages(prefix_path) check parameters
[0.621s] Level 1:colcon.colcon_core.package_discovery:discover_packages(prefix_path) discover
[0.637s] DEBUG:colcon.colcon_installed_package_information.package_discovery:Found 5 installed packages in /home/ubuntu/ros2_ws2/install
[0.645s] DEBUG:colcon.colcon_installed_package_information.package_discovery:Found 381 installed packages in /opt/ros/humble
[0.646s] Level 1:colcon.colcon_core.package_discovery:discover_packages(prefix_path) using defaults
[0.708s] Level 5:colcon.colcon_core.verb:set package 'rob599_msgs2' build argument 'cmake_args' from command line to 'None'
[0.708s] Level 5:colcon.colcon_core.verb:set package 'rob599_msgs2' build argument 'cmake_target' from command line to 'None'
[0.708s] Level 5:colcon.colcon_core.verb:set package 'rob599_msgs2' build argument 'cmake_target_skip_unavailable' from command line to 'False'
[0.708s] Level 5:colcon.colcon_core.verb:set package 'rob599_msgs2' build argument 'cmake_clean_cache' from command line to 'False'
[0.708s] Level 5:colcon.colcon_core.verb:set package 'rob599_msgs2' build argument 'cmake_clean_first' from command line to 'False'
[0.708s] Level 5:colcon.colcon_core.verb:set package 'rob599_msgs2' build argument 'cmake_force_configure' from command line to 'False'
[0.708s] Level 5:colcon.colcon_core.verb:set package 'rob599_msgs2' build argument 'ament_cmake_args' from command line to 'None'
[0.708s] Level 5:colcon.colcon_core.verb:set package 'rob599_msgs2' build argument 'catkin_cmake_args' from command line to 'None'
[0.708s] Level 5:colcon.colcon_core.verb:set package 'rob599_msgs2' build argument 'catkin_skip_building_tests' from command line to 'False'
[0.708s] DEBUG:colcon.colcon_core.verb:Building package 'rob599_msgs2' with the following arguments: {'ament_cmake_args': None, 'build_base': '/home/ubuntu/ros2_ws2/build/rob599_msgs2', 'catkin_cmake_args': None, 'catkin_skip_building_tests': False, 'cmake_args': None, 'cmake_clean_cache': False, 'cmake_clean_first': False, 'cmake_force_configure': False, 'cmake_target': None, 'cmake_target_skip_unavailable': False, 'install_base': '/home/ubuntu/ros2_ws2/install/rob599_msgs2', 'merge_install': False, 'path': '/home/ubuntu/ros2_ws2/src/rob599_msgs2', 'symlink_install': False, 'test_result_base': None}
[0.716s] Level 5:colcon.colcon_core.verb:set package 'turtlebot3_fake_node' build argument 'cmake_args' from command line to 'None'
[0.716s] Level 5:colcon.colcon_core.verb:set package 'turtlebot3_fake_node' build argument 'cmake_target' from command line to 'None'
[0.716s] Level 5:colcon.colcon_core.verb:set package 'turtlebot3_fake_node' build argument 'cmake_target_skip_unavailable' from command line to 'False'
[0.716s] Level 5:colcon.colcon_core.verb:set package 'turtlebot3_fake_node' build argument 'cmake_clean_cache' from command line to 'False'
[0.716s] Level 5:colcon.colcon_core.verb:set package 'turtlebot3_fake_node' build argument 'cmake_clean_first' from command line to 'False'
[0.716s] Level 5:colcon.colcon_core.verb:set package 'turtlebot3_fake_node' build argument 'cmake_force_configure' from command line to 'False'
[0.716s] Level 5:colcon.colcon_core.verb:set package 'turtlebot3_fake_node' build argument 'ament_cmake_args' from command line to 'None'
[0.716s] Level 5:colcon.colcon_core.verb:set package 'turtlebot3_fake_node' build argument 'catkin_cmake_args' from command line to 'None'
[0.716s] Level 5:colcon.colcon_core.verb:set package 'turtlebot3_fake_node' build argument 'catkin_skip_building_tests' from command line to 'False'
[0.716s] DEBUG:colcon.colcon_core.verb:Building package 'turtlebot3_fake_node' with the following arguments: {'ament_cmake_args': None, 'build_base': '/home/ubuntu/ros2_ws2/build/turtlebot3_fake_node', 'catkin_cmake_args': None, 'catkin_skip_building_tests': False, 'cmake_args': None, 'cmake_clean_cache': False, 'cmake_clean_first': False, 'cmake_force_configure': False, 'cmake_target': None, 'cmake_target_skip_unavailable': False, 'install_base': '/home/ubuntu/ros2_ws2/install/turtlebot3_fake_node', 'merge_install': False, 'path': '/home/ubuntu/ros2_ws2/src/turtlebot3_simulations/turtlebot3_fake_node', 'symlink_install': False, 'test_result_base': None}
[0.724s] Level 5:colcon.colcon_core.verb:set package 'turtlebot3_gazebo' build argument 'cmake_args' from command line to 'None'
[0.724s] Level 5:colcon.colcon_core.verb:set package 'turtlebot3_gazebo' build argument 'cmake_target' from command line to 'None'
[0.724s] Level 5:colcon.colcon_core.verb:set package 'turtlebot3_gazebo' build argument 'cmake_target_skip_unavailable' from command line to 'False'
[0.724s] Level 5:colcon.colcon_core.verb:set package 'turtlebot3_gazebo' build argument 'cmake_clean_cache' from command line to 'False'
[0.724s] Level 5:colcon.colcon_core.verb:set package 'turtlebot3_gazebo' build argument 'cmake_clean_first' from command line to 'False'
[0.724s] Level 5:colcon.colcon_core.verb:set package 'turtlebot3_gazebo' build argument 'cmake_force_configure' from command line to 'False'
[0.724s] Level 5:colcon.colcon_core.verb:set package 'turtlebot3_gazebo' build argument 'ament_cmake_args' from command line to 'None'
[0.724s] Level 5:colcon.colcon_core.verb:set package 'turtlebot3_gazebo' build argument 'catkin_cmake_args' from command line to 'None'
[0.724s] Level 5:colcon.colcon_core.verb:set package 'turtlebot3_gazebo' build argument 'catkin_skip_building_tests' from command line to 'False'
[0.724s] DEBUG:colcon.colcon_core.verb:Building package 'turtlebot3_gazebo' with the following arguments: {'ament_cmake_args': None, 'build_base': '/home/ubuntu/ros2_ws2/build/turtlebot3_gazebo', 'catkin_cmake_args': None, 'catkin_skip_building_tests': False, 'cmake_args': None, 'cmake_clean_cache': False, 'cmake_clean_first': False, 'cmake_force_configure': False, 'cmake_target': None, 'cmake_target_skip_unavailable': False, 'install_base': '/home/ubuntu/ros2_ws2/install/turtlebot3_gazebo', 'merge_install': False, 'path': '/home/ubuntu/ros2_ws2/src/turtlebot3_simulations/turtlebot3_gazebo', 'symlink_install': False, 'test_result_base': None}
[0.732s] Level 5:colcon.colcon_core.verb:set package 'rob599_hw3' build argument 'cmake_args' from command line to 'None'
[0.732s] Level 5:colcon.colcon_core.verb:set package 'rob599_hw3' build argument 'cmake_target' from command line to 'None'
[0.732s] Level 5:colcon.colcon_core.verb:set package 'rob599_hw3' build argument 'cmake_target_skip_unavailable' from command line to 'False'
[0.732s] Level 5:colcon.colcon_core.verb:set package 'rob599_hw3' build argument 'cmake_clean_cache' from command line to 'False'
[0.732s] Level 5:colcon.colcon_core.verb:set package 'rob599_hw3' build argument 'cmake_clean_first' from command line to 'False'
[0.732s] Level 5:colcon.colcon_core.verb:set package 'rob599_hw3' build argument 'cmake_force_configure' from command line to 'False'
[0.732s] Level 5:colcon.colcon_core.verb:set package 'rob599_hw3' build argument 'ament_cmake_args' from command line to 'None'
[0.732s] Level 5:colcon.colcon_core.verb:set package 'rob599_hw3' build argument 'catkin_cmake_args' from command line to 'None'
[0.732s] Level 5:colcon.colcon_core.verb:set package 'rob599_hw3' build argument 'catkin_skip_building_tests' from command line to 'False'
[0.732s] DEBUG:colcon.colcon_core.verb:Building package 'rob599_hw3' with the following arguments: {'ament_cmake_args': None, 'build_base': '/home/ubuntu/ros2_ws2/build/rob599_hw3', 'catkin_cmake_args': None, 'catkin_skip_building_tests': False, 'cmake_args': None, 'cmake_clean_cache': False, 'cmake_clean_first': False, 'cmake_force_configure': False, 'cmake_target': None, 'cmake_target_skip_unavailable': False, 'install_base': '/home/ubuntu/ros2_ws2/install/rob599_hw3', 'merge_install': False, 'path': '/home/ubuntu/ros2_ws2/src/rob599_hw3', 'symlink_install': False, 'test_result_base': None}
[0.740s] Level 5:colcon.colcon_core.verb:set package 'turtlebot3_simulations' build argument 'cmake_args' from command line to 'None'
[0.740s] Level 5:colcon.colcon_core.verb:set package 'turtlebot3_simulations' build argument 'cmake_target' from command line to 'None'
[0.740s] Level 5:colcon.colcon_core.verb:set package 'turtlebot3_simulations' build argument 'cmake_target_skip_unavailable' from command line to 'False'
[0.740s] Level 5:colcon.colcon_core.verb:set package 'turtlebot3_simulations' build argument 'cmake_clean_cache' from command line to 'False'
[0.740s] Level 5:colcon.colcon_core.verb:set package 'turtlebot3_simulations' build argument 'cmake_clean_first' from command line to 'False'
[0.740s] Level 5:colcon.colcon_core.verb:set package 'turtlebot3_simulations' build argument 'cmake_force_configure' from command line to 'False'
[0.740s] Level 5:colcon.colcon_core.verb:set package 'turtlebot3_simulations' build argument 'ament_cmake_args' from command line to 'None'
[0.740s] Level 5:colcon.colcon_core.verb:set package 'turtlebot3_simulations' build argument 'catkin_cmake_args' from command line to 'None'
[0.740s] Level 5:colcon.colcon_core.verb:set package 'turtlebot3_simulations' build argument 'catkin_skip_building_tests' from command line to 'False'
[0.740s] DEBUG:colcon.colcon_core.verb:Building package 'turtlebot3_simulations' with the following arguments: {'ament_cmake_args': None, 'build_base': '/home/ubuntu/ros2_ws2/build/turtlebot3_simulations', 'catkin_cmake_args': None, 'catkin_skip_building_tests': False, 'cmake_args': None, 'cmake_clean_cache': False, 'cmake_clean_first': False, 'cmake_force_configure': False, 'cmake_target': None, 'cmake_target_skip_unavailable': False, 'install_base': '/home/ubuntu/ros2_ws2/install/turtlebot3_simulations', 'merge_install': False, 'path': '/home/ubuntu/ros2_ws2/src/turtlebot3_simulations/turtlebot3_simulations', 'symlink_install': False, 'test_result_base': None}
[0.747s] INFO:colcon.colcon_core.executor:Executing jobs using 'parallel' executor
[0.756s] DEBUG:colcon.colcon_parallel_executor.executor.parallel:run_until_complete
[0.756s] INFO:colcon.colcon_ros.task.ament_cmake.build:Building ROS package in '/home/ubuntu/ros2_ws2/src/turtlebot3_simulations/turtlebot3_gazebo' with build type 'ament_cmake'
[0.756s] INFO:colcon.colcon_cmake.task.cmake.build:Building CMake package in '/home/ubuntu/ros2_ws2/src/turtlebot3_simulations/turtlebot3_gazebo'
[0.765s] INFO:colcon.colcon_core.plugin_system:Skipping extension 'colcon_core.shell.bat': Not used on non-Windows systems
[0.765s] INFO:colcon.colcon_core.shell:Skip shell extension 'powershell' for command environment: Not usable outside of PowerShell
[0.765s] DEBUG:colcon.colcon_core.shell:Skip shell extension 'dsv' for command environment
[0.790s] INFO:colcon.colcon_ros.task.ament_cmake.build:Building ROS package in '/home/ubuntu/ros2_ws2/src/rob599_msgs2' with build type 'ament_cmake'
[0.791s] INFO:colcon.colcon_cmake.task.cmake.build:Building CMake package in '/home/ubuntu/ros2_ws2/src/rob599_msgs2'
[0.800s] INFO:colcon.colcon_core.shell:Skip shell extension 'powershell' for command environment: Not usable outside of PowerShell
[0.800s] DEBUG:colcon.colcon_core.shell:Skip shell extension 'dsv' for command environment
[0.825s] INFO:colcon.colcon_ros.task.ament_cmake.build:Building ROS package in '/home/ubuntu/ros2_ws2/src/turtlebot3_simulations/turtlebot3_fake_node' with build type 'ament_cmake'
[0.826s] INFO:colcon.colcon_cmake.task.cmake.build:Building CMake package in '/home/ubuntu/ros2_ws2/src/turtlebot3_simulations/turtlebot3_fake_node'
[0.834s] INFO:colcon.colcon_core.shell:Skip shell extension 'powershell' for command environment: Not usable outside of PowerShell
[0.834s] DEBUG:colcon.colcon_core.shell:Skip shell extension 'dsv' for command environment
[0.862s] DEBUG:colcon.colcon_core.event_handler.log_command:Invoking command in '/home/ubuntu/ros2_ws2/build/turtlebot3_gazebo': CMAKE_PREFIX_PATH=${CMAKE_PREFIX_PATH}:/home/ubuntu/ros2_ws2/install/rob599_hw3:/opt/ros/humble /usr/bin/cmake --build /home/ubuntu/ros2_ws2/build/turtlebot3_gazebo -- -j16 -l16
[0.865s] DEBUG:colcon.colcon_core.event_handler.log_command:Invoking command in '/home/ubuntu/ros2_ws2/build/rob599_msgs2': CMAKE_PREFIX_PATH=${CMAKE_PREFIX_PATH}:/home/ubuntu/ros2_ws2/install/rob599_hw3:/opt/ros/humble /usr/bin/cmake --build /home/ubuntu/ros2_ws2/build/rob599_msgs2 -- -j16 -l16
[0.867s] DEBUG:colcon.colcon_core.event_handler.log_command:Invoking command in '/home/ubuntu/ros2_ws2/build/turtlebot3_fake_node': CMAKE_PREFIX_PATH=${CMAKE_PREFIX_PATH}:/home/ubuntu/ros2_ws2/install/rob599_hw3:/opt/ros/humble /usr/bin/cmake --build /home/ubuntu/ros2_ws2/build/turtlebot3_fake_node -- -j16 -l16
[0.931s] DEBUG:colcon.colcon_core.event_handler.log_command:Invoked command in '/home/ubuntu/ros2_ws2/build/turtlebot3_fake_node' returned '0': CMAKE_PREFIX_PATH=${CMAKE_PREFIX_PATH}:/home/ubuntu/ros2_ws2/install/rob599_hw3:/opt/ros/humble /usr/bin/cmake --build /home/ubuntu/ros2_ws2/build/turtlebot3_fake_node -- -j16 -l16
[0.954s] DEBUG:colcon.colcon_core.event_handler.log_command:Invoked command in '/home/ubuntu/ros2_ws2/build/turtlebot3_gazebo' returned '0': CMAKE_PREFIX_PATH=${CMAKE_PREFIX_PATH}:/home/ubuntu/ros2_ws2/install/rob599_hw3:/opt/ros/humble /usr/bin/cmake --build /home/ubuntu/ros2_ws2/build/turtlebot3_gazebo -- -j16 -l16
[0.964s] DEBUG:colcon.colcon_core.event_handler.log_command:Invoking command in '/home/ubuntu/ros2_ws2/build/turtlebot3_fake_node': CMAKE_PREFIX_PATH=${CMAKE_PREFIX_PATH}:/home/ubuntu/ros2_ws2/install/rob599_hw3:/opt/ros/humble /usr/bin/cmake --install /home/ubuntu/ros2_ws2/build/turtlebot3_fake_node
[0.981s] Level 1:colcon.colcon_core.environment:create_environment_scripts_only(turtlebot3_fake_node)
[0.982s] DEBUG:colcon.colcon_core.event_handler.log_command:Invoked command in '/home/ubuntu/ros2_ws2/build/turtlebot3_fake_node' returned '0': CMAKE_PREFIX_PATH=${CMAKE_PREFIX_PATH}:/home/ubuntu/ros2_ws2/install/rob599_hw3:/opt/ros/humble /usr/bin/cmake --install /home/ubuntu/ros2_ws2/build/turtlebot3_fake_node
[0.994s] Level 1:colcon.colcon_core.environment:checking '/home/ubuntu/ros2_ws2/install/turtlebot3_fake_node' for CMake module files
[0.995s] Level 1:colcon.colcon_core.environment:checking '/home/ubuntu/ros2_ws2/install/turtlebot3_fake_node' for CMake config files
[0.995s] Level 1:colcon.colcon_core.shell:create_environment_hook('turtlebot3_fake_node', 'cmake_prefix_path')
[1.003s] INFO:colcon.colcon_core.shell:Creating environment hook '/home/ubuntu/ros2_ws2/install/turtlebot3_fake_node/share/turtlebot3_fake_node/hook/cmake_prefix_path.ps1'
[1.004s] INFO:colcon.colcon_core.shell:Creating environment descriptor '/home/ubuntu/ros2_ws2/install/turtlebot3_fake_node/share/turtlebot3_fake_node/hook/cmake_prefix_path.dsv'
[1.004s] INFO:colcon.colcon_core.shell:Creating environment hook '/home/ubuntu/ros2_ws2/install/turtlebot3_fake_node/share/turtlebot3_fake_node/hook/cmake_prefix_path.sh'
[1.005s] Level 1:colcon.colcon_core.environment:checking '/home/ubuntu/ros2_ws2/install/turtlebot3_fake_node/lib'
[1.005s] Level 1:colcon.colcon_core.environment:checking '/home/ubuntu/ros2_ws2/install/turtlebot3_fake_node/bin'
[1.005s] Level 1:colcon.colcon_core.environment:checking '/home/ubuntu/ros2_ws2/install/turtlebot3_fake_node/lib/pkgconfig/turtlebot3_fake_node.pc'
[1.005s] Level 1:colcon.colcon_core.environment:checking '/home/ubuntu/ros2_ws2/install/turtlebot3_fake_node/lib/python3.10/site-packages'
[1.005s] Level 1:colcon.colcon_core.environment:checking '/home/ubuntu/ros2_ws2/install/turtlebot3_fake_node/bin'
[1.021s] INFO:colcon.colcon_core.shell:Creating package script '/home/ubuntu/ros2_ws2/install/turtlebot3_fake_node/share/turtlebot3_fake_node/package.ps1'
[1.022s] INFO:colcon.colcon_core.shell:Creating package descriptor '/home/ubuntu/ros2_ws2/install/turtlebot3_fake_node/share/turtlebot3_fake_node/package.dsv'
[1.022s] INFO:colcon.colcon_core.shell:Creating package script '/home/ubuntu/ros2_ws2/install/turtlebot3_fake_node/share/turtlebot3_fake_node/package.sh'
[1.023s] INFO:colcon.colcon_core.shell:Creating package script '/home/ubuntu/ros2_ws2/install/turtlebot3_fake_node/share/turtlebot3_fake_node/package.bash'
[1.024s] INFO:colcon.colcon_core.shell:Creating package script '/home/ubuntu/ros2_ws2/install/turtlebot3_fake_node/share/turtlebot3_fake_node/package.zsh'
[1.024s] Level 1:colcon.colcon_core.environment:create_file_with_runtime_dependencies(/home/ubuntu/ros2_ws2/install/turtlebot3_fake_node/share/colcon-core/packages/turtlebot3_fake_node)
[1.027s] DEBUG:colcon.colcon_core.event_handler.log_command:Invoking command in '/home/ubuntu/ros2_ws2/build/turtlebot3_gazebo': CMAKE_PREFIX_PATH=${CMAKE_PREFIX_PATH}:/home/ubuntu/ros2_ws2/install/rob599_hw3:/opt/ros/humble /usr/bin/cmake --install /home/ubuntu/ros2_ws2/build/turtlebot3_gazebo
[1.035s] Level 1:colcon.colcon_core.environment:create_environment_scripts_only(turtlebot3_gazebo)
[1.042s] DEBUG:colcon.colcon_core.event_handler.log_command:Invoked command in '/home/ubuntu/ros2_ws2/build/turtlebot3_gazebo' returned '0': CMAKE_PREFIX_PATH=${CMAKE_PREFIX_PATH}:/home/ubuntu/ros2_ws2/install/rob599_hw3:/opt/ros/humble /usr/bin/cmake --install /home/ubuntu/ros2_ws2/build/turtlebot3_gazebo
[1.048s] Level 1:colcon.colcon_core.environment:checking '/home/ubuntu/ros2_ws2/install/turtlebot3_gazebo' for CMake module files
[1.049s] Level 1:colcon.colcon_core.environment:checking '/home/ubuntu/ros2_ws2/install/turtlebot3_gazebo' for CMake config files
[1.049s] Level 1:colcon.colcon_core.shell:create_environment_hook('turtlebot3_gazebo', 'cmake_prefix_path')
[1.057s] INFO:colcon.colcon_core.shell:Creating environment hook '/home/ubuntu/ros2_ws2/install/turtlebot3_gazebo/share/turtlebot3_gazebo/hook/cmake_prefix_path.ps1'
[1.057s] INFO:colcon.colcon_core.shell:Creating environment descriptor '/home/ubuntu/ros2_ws2/install/turtlebot3_gazebo/share/turtlebot3_gazebo/hook/cmake_prefix_path.dsv'
[1.057s] INFO:colcon.colcon_core.shell:Creating environment hook '/home/ubuntu/ros2_ws2/install/turtlebot3_gazebo/share/turtlebot3_gazebo/hook/cmake_prefix_path.sh'
[1.058s] Level 1:colcon.colcon_core.environment:checking '/home/ubuntu/ros2_ws2/install/turtlebot3_gazebo/lib'
[1.058s] Level 1:colcon.colcon_core.environment:checking '/home/ubuntu/ros2_ws2/install/turtlebot3_gazebo/bin'
[1.058s] Level 1:colcon.colcon_core.environment:checking '/home/ubuntu/ros2_ws2/install/turtlebot3_gazebo/lib/pkgconfig/turtlebot3_gazebo.pc'
[1.058s] Level 1:colcon.colcon_core.environment:checking '/home/ubuntu/ros2_ws2/install/turtlebot3_gazebo/lib/python3.10/site-packages'
[1.058s] Level 1:colcon.colcon_core.environment:checking '/home/ubuntu/ros2_ws2/install/turtlebot3_gazebo/bin'
[1.066s] INFO:colcon.colcon_core.shell:Creating package script '/home/ubuntu/ros2_ws2/install/turtlebot3_gazebo/share/turtlebot3_gazebo/package.ps1'
[1.066s] INFO:colcon.colcon_core.shell:Creating package descriptor '/home/ubuntu/ros2_ws2/install/turtlebot3_gazebo/share/turtlebot3_gazebo/package.dsv'
[1.066s] INFO:colcon.colcon_core.shell:Creating package script '/home/ubuntu/ros2_ws2/install/turtlebot3_gazebo/share/turtlebot3_gazebo/package.sh'
[1.067s] INFO:colcon.colcon_core.shell:Creating package script '/home/ubuntu/ros2_ws2/install/turtlebot3_gazebo/share/turtlebot3_gazebo/package.bash'
[1.067s] INFO:colcon.colcon_core.shell:Creating package script '/home/ubuntu/ros2_ws2/install/turtlebot3_gazebo/share/turtlebot3_gazebo/package.zsh'
[1.067s] Level 1:colcon.colcon_core.environment:create_file_with_runtime_dependencies(/home/ubuntu/ros2_ws2/install/turtlebot3_gazebo/share/colcon-core/packages/turtlebot3_gazebo)
[1.076s] Level 1:colcon.colcon_core.environment:create_environment_scripts_only(turtlebot3_fake_node)
[1.084s] Level 1:colcon.colcon_core.environment:checking '/home/ubuntu/ros2_ws2/install/turtlebot3_fake_node' for CMake module files
[1.084s] Level 1:colcon.colcon_core.environment:checking '/home/ubuntu/ros2_ws2/install/turtlebot3_fake_node' for CMake config files
[1.085s] Level 1:colcon.colcon_core.shell:create_environment_hook('turtlebot3_fake_node', 'cmake_prefix_path')
[1.093s] INFO:colcon.colcon_core.shell:Creating environment hook '/home/ubuntu/ros2_ws2/install/turtlebot3_fake_node/share/turtlebot3_fake_node/hook/cmake_prefix_path.ps1'
[1.093s] INFO:colcon.colcon_core.shell:Creating environment descriptor '/home/ubuntu/ros2_ws2/install/turtlebot3_fake_node/share/turtlebot3_fake_node/hook/cmake_prefix_path.dsv'
[1.093s] INFO:colcon.colcon_core.shell:Creating environment hook '/home/ubuntu/ros2_ws2/install/turtlebot3_fake_node/share/turtlebot3_fake_node/hook/cmake_prefix_path.sh'
[1.094s] Level 1:colcon.colcon_core.environment:checking '/home/ubuntu/ros2_ws2/install/turtlebot3_fake_node/lib'
[1.094s] Level 1:colcon.colcon_core.environment:checking '/home/ubuntu/ros2_ws2/install/turtlebot3_fake_node/bin'
[1.094s] Level 1:colcon.colcon_core.environment:checking '/home/ubuntu/ros2_ws2/install/turtlebot3_fake_node/lib/pkgconfig/turtlebot3_fake_node.pc'
[1.094s] Level 1:colcon.colcon_core.environment:checking '/home/ubuntu/ros2_ws2/install/turtlebot3_fake_node/lib/python3.10/site-packages'
[1.094s] Level 1:colcon.colcon_core.environment:checking '/home/ubuntu/ros2_ws2/install/turtlebot3_fake_node/bin'
[1.102s] INFO:colcon.colcon_core.shell:Creating package script '/home/ubuntu/ros2_ws2/install/turtlebot3_fake_node/share/turtlebot3_fake_node/package.ps1'
[1.103s] INFO:colcon.colcon_core.shell:Creating package descriptor '/home/ubuntu/ros2_ws2/install/turtlebot3_fake_node/share/turtlebot3_fake_node/package.dsv'
[1.103s] INFO:colcon.colcon_core.shell:Creating package script '/home/ubuntu/ros2_ws2/install/turtlebot3_fake_node/share/turtlebot3_fake_node/package.sh'
[1.103s] INFO:colcon.colcon_core.shell:Creating package script '/home/ubuntu/ros2_ws2/install/turtlebot3_fake_node/share/turtlebot3_fake_node/package.bash'
[1.103s] INFO:colcon.colcon_core.shell:Creating package script '/home/ubuntu/ros2_ws2/install/turtlebot3_fake_node/share/turtlebot3_fake_node/package.zsh'
[1.103s] Level 1:colcon.colcon_core.environment:create_file_with_runtime_dependencies(/home/ubuntu/ros2_ws2/install/turtlebot3_fake_node/share/colcon-core/packages/turtlebot3_fake_node)
[1.113s] Level 1:colcon.colcon_core.environment:create_environment_scripts_only(turtlebot3_gazebo)
[1.121s] Level 1:colcon.colcon_core.environment:checking '/home/ubuntu/ros2_ws2/install/turtlebot3_gazebo' for CMake module files
[1.121s] Level 1:colcon.colcon_core.environment:checking '/home/ubuntu/ros2_ws2/install/turtlebot3_gazebo' for CMake config files
[1.121s] Level 1:colcon.colcon_core.shell:create_environment_hook('turtlebot3_gazebo', 'cmake_prefix_path')
[1.130s] INFO:colcon.colcon_core.shell:Creating environment hook '/home/ubuntu/ros2_ws2/install/turtlebot3_gazebo/share/turtlebot3_gazebo/hook/cmake_prefix_path.ps1'
[1.130s] INFO:colcon.colcon_core.shell:Creating environment descriptor '/home/ubuntu/ros2_ws2/install/turtlebot3_gazebo/share/turtlebot3_gazebo/hook/cmake_prefix_path.dsv'
[1.130s] INFO:colcon.colcon_core.shell:Creating environment hook '/home/ubuntu/ros2_ws2/install/turtlebot3_gazebo/share/turtlebot3_gazebo/hook/cmake_prefix_path.sh'
[1.131s] Level 1:colcon.colcon_core.environment:checking '/home/ubuntu/ros2_ws2/install/turtlebot3_gazebo/lib'
[1.131s] Level 1:colcon.colcon_core.environment:checking '/home/ubuntu/ros2_ws2/install/turtlebot3_gazebo/bin'
[1.131s] Level 1:colcon.colcon_core.environment:checking '/home/ubuntu/ros2_ws2/install/turtlebot3_gazebo/lib/pkgconfig/turtlebot3_gazebo.pc'
[1.131s] Level 1:colcon.colcon_core.environment:checking '/home/ubuntu/ros2_ws2/install/turtlebot3_gazebo/lib/python3.10/site-packages'
[1.131s] Level 1:colcon.colcon_core.environment:checking '/home/ubuntu/ros2_ws2/install/turtlebot3_gazebo/bin'
[1.139s] INFO:colcon.colcon_core.shell:Creating package script '/home/ubuntu/ros2_ws2/install/turtlebot3_gazebo/share/turtlebot3_gazebo/package.ps1'
[1.139s] INFO:colcon.colcon_core.shell:Creating package descriptor '/home/ubuntu/ros2_ws2/install/turtlebot3_gazebo/share/turtlebot3_gazebo/package.dsv'
[1.139s] INFO:colcon.colcon_core.shell:Creating package script '/home/ubuntu/ros2_ws2/install/turtlebot3_gazebo/share/turtlebot3_gazebo/package.sh'
[1.140s] INFO:colcon.colcon_core.shell:Creating package script '/home/ubuntu/ros2_ws2/install/turtlebot3_gazebo/share/turtlebot3_gazebo/package.bash'
[1.140s] INFO:colcon.colcon_core.shell:Creating package script '/home/ubuntu/ros2_ws2/install/turtlebot3_gazebo/share/turtlebot3_gazebo/package.zsh'
[1.140s] Level 1:colcon.colcon_core.environment:create_file_with_runtime_dependencies(/home/ubuntu/ros2_ws2/install/turtlebot3_gazebo/share/colcon-core/packages/turtlebot3_gazebo)
[1.140s] INFO:colcon.colcon_ros.task.ament_cmake.build:Building ROS package in '/home/ubuntu/ros2_ws2/src/turtlebot3_simulations/turtlebot3_simulations' with build type 'ament_cmake'
[1.140s] INFO:colcon.colcon_cmake.task.cmake.build:Building CMake package in '/home/ubuntu/ros2_ws2/src/turtlebot3_simulations/turtlebot3_simulations'
[1.149s] INFO:colcon.colcon_core.shell:Skip shell extension 'powershell' for command environment: Not usable outside of PowerShell
[1.149s] DEBUG:colcon.colcon_core.shell:Skip shell extension 'dsv' for command environment
[1.175s] DEBUG:colcon.colcon_core.event_handler.log_command:Invoked command in '/home/ubuntu/ros2_ws2/build/rob599_msgs2' returned '0': CMAKE_PREFIX_PATH=${CMAKE_PREFIX_PATH}:/home/ubuntu/ros2_ws2/install/rob599_hw3:/opt/ros/humble /usr/bin/cmake --build /home/ubuntu/ros2_ws2/build/rob599_msgs2 -- -j16 -l16
[1.179s] DEBUG:colcon.colcon_core.event_handler.log_command:Invoking command in '/home/ubuntu/ros2_ws2/build/turtlebot3_simulations': CMAKE_PREFIX_PATH=/home/ubuntu/ros2_ws2/install/turtlebot3_gazebo:/home/ubuntu/ros2_ws2/install/turtlebot3_fake_node:/home/ubuntu/ros2_ws2/install/turtlebot3_simulations:/home/ubuntu/ros2_ws2/install/rob599_msgs2:/home/ubuntu/ros2_ws2/install/rob599_hw3:/opt/ros/humble /usr/bin/cmake --build /home/ubuntu/ros2_ws2/build/turtlebot3_simulations -- -j16 -l16
[1.204s] DEBUG:colcon.colcon_core.event_handler.log_command:Invoked command in '/home/ubuntu/ros2_ws2/build/turtlebot3_simulations' returned '0': CMAKE_PREFIX_PATH=/home/ubuntu/ros2_ws2/install/turtlebot3_gazebo:/home/ubuntu/ros2_ws2/install/turtlebot3_fake_node:/home/ubuntu/ros2_ws2/install/turtlebot3_simulations:/home/ubuntu/ros2_ws2/install/rob599_msgs2:/home/ubuntu/ros2_ws2/install/rob599_hw3:/opt/ros/humble /usr/bin/cmake --build /home/ubuntu/ros2_ws2/build/turtlebot3_simulations -- -j16 -l16
[1.218s] DEBUG:colcon.colcon_core.event_handler.log_command:Invoking command in '/home/ubuntu/ros2_ws2/build/turtlebot3_simulations': CMAKE_PREFIX_PATH=/home/ubuntu/ros2_ws2/install/turtlebot3_gazebo:/home/ubuntu/ros2_ws2/install/turtlebot3_fake_node:/home/ubuntu/ros2_ws2/install/turtlebot3_simulations:/home/ubuntu/ros2_ws2/install/rob599_msgs2:/home/ubuntu/ros2_ws2/install/rob599_hw3:/opt/ros/humble /usr/bin/cmake --install /home/ubuntu/ros2_ws2/build/turtlebot3_simulations
[1.233s] Level 1:colcon.colcon_core.environment:create_environment_scripts_only(turtlebot3_simulations)
[1.234s] DEBUG:colcon.colcon_core.event_handler.log_command:Invoked command in '/home/ubuntu/ros2_ws2/build/turtlebot3_simulations' returned '0': CMAKE_PREFIX_PATH=/home/ubuntu/ros2_ws2/install/turtlebot3_gazebo:/home/ubuntu/ros2_ws2/install/turtlebot3_fake_node:/home/ubuntu/ros2_ws2/install/turtlebot3_simulations:/home/ubuntu/ros2_ws2/install/rob599_msgs2:/home/ubuntu/ros2_ws2/install/rob599_hw3:/opt/ros/humble /usr/bin/cmake --install /home/ubuntu/ros2_ws2/build/turtlebot3_simulations
[1.242s] Level 1:colcon.colcon_core.environment:checking '/home/ubuntu/ros2_ws2/install/turtlebot3_simulations' for CMake module files
[1.242s] Level 1:colcon.colcon_core.environment:checking '/home/ubuntu/ros2_ws2/install/turtlebot3_simulations' for CMake config files
[1.242s] Level 1:colcon.colcon_core.shell:create_environment_hook('turtlebot3_simulations', 'cmake_prefix_path')
[1.249s] INFO:colcon.colcon_core.shell:Creating environment hook '/home/ubuntu/ros2_ws2/install/turtlebot3_simulations/share/turtlebot3_simulations/hook/cmake_prefix_path.ps1'
[1.250s] INFO:colcon.colcon_core.shell:Creating environment descriptor '/home/ubuntu/ros2_ws2/install/turtlebot3_simulations/share/turtlebot3_simulations/hook/cmake_prefix_path.dsv'
[1.250s] INFO:colcon.colcon_core.shell:Creating environment hook '/home/ubuntu/ros2_ws2/install/turtlebot3_simulations/share/turtlebot3_simulations/hook/cmake_prefix_path.sh'
[1.250s] Level 1:colcon.colcon_core.environment:checking '/home/ubuntu/ros2_ws2/install/turtlebot3_simulations/bin'
[1.250s] Level 1:colcon.colcon_core.environment:checking '/home/ubuntu/ros2_ws2/install/turtlebot3_simulations/lib/pkgconfig/turtlebot3_simulations.pc'
[1.251s] Level 1:colcon.colcon_core.environment:checking '/home/ubuntu/ros2_ws2/install/turtlebot3_simulations/lib/python3.10/site-packages'
[1.251s] Level 1:colcon.colcon_core.environment:checking '/home/ubuntu/ros2_ws2/install/turtlebot3_simulations/bin'
[1.258s] INFO:colcon.colcon_core.shell:Creating package script '/home/ubuntu/ros2_ws2/install/turtlebot3_simulations/share/turtlebot3_simulations/package.ps1'
[1.259s] INFO:colcon.colcon_core.shell:Creating package descriptor '/home/ubuntu/ros2_ws2/install/turtlebot3_simulations/share/turtlebot3_simulations/package.dsv'
[1.259s] INFO:colcon.colcon_core.shell:Creating package script '/home/ubuntu/ros2_ws2/install/turtlebot3_simulations/share/turtlebot3_simulations/package.sh'
[1.259s] INFO:colcon.colcon_core.shell:Creating package script '/home/ubuntu/ros2_ws2/install/turtlebot3_simulations/share/turtlebot3_simulations/package.bash'
[1.259s] INFO:colcon.colcon_core.shell:Creating package script '/home/ubuntu/ros2_ws2/install/turtlebot3_simulations/share/turtlebot3_simulations/package.zsh'
[1.259s] Level 1:colcon.colcon_core.environment:create_file_with_runtime_dependencies(/home/ubuntu/ros2_ws2/install/turtlebot3_simulations/share/colcon-core/packages/turtlebot3_simulations)
[1.261s] DEBUG:colcon.colcon_core.event_handler.log_command:Invoking command in '/home/ubuntu/ros2_ws2/build/rob599_msgs2': CMAKE_PREFIX_PATH=${CMAKE_PREFIX_PATH}:/home/ubuntu/ros2_ws2/install/rob599_hw3:/opt/ros/humble /usr/bin/cmake --install /home/ubuntu/ros2_ws2/build/rob599_msgs2
[1.288s] Level 1:colcon.colcon_core.environment:create_environment_scripts_only(turtlebot3_simulations)
[1.312s] Level 1:colcon.colcon_core.environment:checking '/home/ubuntu/ros2_ws2/install/turtlebot3_simulations' for CMake module files
[1.312s] Level 1:colcon.colcon_core.environment:checking '/home/ubuntu/ros2_ws2/install/turtlebot3_simulations' for CMake config files
[1.313s] Level 1:colcon.colcon_core.shell:create_environment_hook('turtlebot3_simulations', 'cmake_prefix_path')
[1.327s] INFO:colcon.colcon_core.shell:Creating environment hook '/home/ubuntu/ros2_ws2/install/turtlebot3_simulations/share/turtlebot3_simulations/hook/cmake_prefix_path.ps1'
[1.328s] INFO:colcon.colcon_core.shell:Creating environment descriptor '/home/ubuntu/ros2_ws2/install/turtlebot3_simulations/share/turtlebot3_simulations/hook/cmake_prefix_path.dsv'
[1.328s] INFO:colcon.colcon_core.shell:Creating environment hook '/home/ubuntu/ros2_ws2/install/turtlebot3_simulations/share/turtlebot3_simulations/hook/cmake_prefix_path.sh'
[1.328s] Level 1:colcon.colcon_core.environment:checking '/home/ubuntu/ros2_ws2/install/turtlebot3_simulations/bin'
[1.329s] Level 1:colcon.colcon_core.environment:checking '/home/ubuntu/ros2_ws2/install/turtlebot3_simulations/lib/pkgconfig/turtlebot3_simulations.pc'
[1.329s] Level 1:colcon.colcon_core.environment:checking '/home/ubuntu/ros2_ws2/install/turtlebot3_simulations/lib/python3.10/site-packages'
[1.329s] Level 1:colcon.colcon_core.environment:checking '/home/ubuntu/ros2_ws2/install/turtlebot3_simulations/bin'
[1.337s] INFO:colcon.colcon_core.shell:Creating package script '/home/ubuntu/ros2_ws2/install/turtlebot3_simulations/share/turtlebot3_simulations/package.ps1'
[1.337s] INFO:colcon.colcon_core.shell:Creating package descriptor '/home/ubuntu/ros2_ws2/install/turtlebot3_simulations/share/turtlebot3_simulations/package.dsv'
[1.338s] INFO:colcon.colcon_core.shell:Creating package script '/home/ubuntu/ros2_ws2/install/turtlebot3_simulations/share/turtlebot3_simulations/package.sh'
[1.338s] INFO:colcon.colcon_core.shell:Creating package script '/home/ubuntu/ros2_ws2/install/turtlebot3_simulations/share/turtlebot3_simulations/package.bash'
[1.338s] INFO:colcon.colcon_core.shell:Creating package script '/home/ubuntu/ros2_ws2/install/turtlebot3_simulations/share/turtlebot3_simulations/package.zsh'
[1.338s] Level 1:colcon.colcon_core.environment:create_file_with_runtime_dependencies(/home/ubuntu/ros2_ws2/install/turtlebot3_simulations/share/colcon-core/packages/turtlebot3_simulations)
[1.339s] Level 1:colcon.colcon_core.environment:create_environment_scripts_only(rob599_msgs2)
[1.340s] DEBUG:colcon.colcon_core.event_handler.log_command:Invoked command in '/home/ubuntu/ros2_ws2/build/rob599_msgs2' returned '0': CMAKE_PREFIX_PATH=${CMAKE_PREFIX_PATH}:/home/ubuntu/ros2_ws2/install/rob599_hw3:/opt/ros/humble /usr/bin/cmake --install /home/ubuntu/ros2_ws2/build/rob599_msgs2
[1.349s] Level 1:colcon.colcon_core.environment:checking '/home/ubuntu/ros2_ws2/install/rob599_msgs2' for CMake module files
[1.350s] Level 1:colcon.colcon_core.environment:checking '/home/ubuntu/ros2_ws2/install/rob599_msgs2' for CMake config files
[1.350s] Level 1:colcon.colcon_core.shell:create_environment_hook('rob599_msgs2', 'cmake_prefix_path')
[1.363s] INFO:colcon.colcon_core.shell:Creating environment hook '/home/ubuntu/ros2_ws2/install/rob599_msgs2/share/rob599_msgs2/hook/cmake_prefix_path.ps1'
[1.363s] INFO:colcon.colcon_core.shell:Creating environment descriptor '/home/ubuntu/ros2_ws2/install/rob599_msgs2/share/rob599_msgs2/hook/cmake_prefix_path.dsv'
[1.364s] INFO:colcon.colcon_core.shell:Creating environment hook '/home/ubuntu/ros2_ws2/install/rob599_msgs2/share/rob599_msgs2/hook/cmake_prefix_path.sh'
[1.364s] Level 1:colcon.colcon_core.environment:checking '/home/ubuntu/ros2_ws2/install/rob599_msgs2/lib'
[1.364s] Level 1:colcon.colcon_core.shell:create_environment_hook('rob599_msgs2', 'ld_library_path_lib')
[1.376s] INFO:colcon.colcon_core.shell:Creating environment hook '/home/ubuntu/ros2_ws2/install/rob599_msgs2/share/rob599_msgs2/hook/ld_library_path_lib.ps1'
[1.376s] INFO:colcon.colcon_core.shell:Creating environment descriptor '/home/ubuntu/ros2_ws2/install/rob599_msgs2/share/rob599_msgs2/hook/ld_library_path_lib.dsv'
[1.376s] INFO:colcon.colcon_core.shell:Creating environment hook '/home/ubuntu/ros2_ws2/install/rob599_msgs2/share/rob599_msgs2/hook/ld_library_path_lib.sh'
[1.376s] Level 1:colcon.colcon_core.environment:checking '/home/ubuntu/ros2_ws2/install/rob599_msgs2/bin'
[1.377s] Level 1:colcon.colcon_core.environment:checking '/home/ubuntu/ros2_ws2/install/rob599_msgs2/lib/pkgconfig/rob599_msgs2.pc'
[1.377s] Level 1:colcon.colcon_core.environment:checking '/home/ubuntu/ros2_ws2/install/rob599_msgs2/lib/python3.10/site-packages'
[1.377s] Level 1:colcon.colcon_core.environment:checking '/home/ubuntu/ros2_ws2/install/rob599_msgs2/bin'
[1.386s] INFO:colcon.colcon_core.shell:Creating package script '/home/ubuntu/ros2_ws2/install/rob599_msgs2/share/rob599_msgs2/package.ps1'
[1.387s] INFO:colcon.colcon_core.shell:Creating package descriptor '/home/ubuntu/ros2_ws2/install/rob599_msgs2/share/rob599_msgs2/package.dsv'
[1.387s] INFO:colcon.colcon_core.shell:Creating package script '/home/ubuntu/ros2_ws2/install/rob599_msgs2/share/rob599_msgs2/package.sh'
[1.387s] INFO:colcon.colcon_core.shell:Creating package script '/home/ubuntu/ros2_ws2/install/rob599_msgs2/share/rob599_msgs2/package.bash'
[1.387s] INFO:colcon.colcon_core.shell:Creating package script '/home/ubuntu/ros2_ws2/install/rob599_msgs2/share/rob599_msgs2/package.zsh'
[1.387s] Level 1:colcon.colcon_core.environment:create_file_with_runtime_dependencies(/home/ubuntu/ros2_ws2/install/rob599_msgs2/share/colcon-core/packages/rob599_msgs2)
[1.457s] Level 1:colcon.colcon_core.environment:create_environment_scripts_only(rob599_msgs2)
[1.466s] Level 1:colcon.colcon_core.environment:checking '/home/ubuntu/ros2_ws2/install/rob599_msgs2' for CMake module files
[1.466s] Level 1:colcon.colcon_core.environment:checking '/home/ubuntu/ros2_ws2/install/rob599_msgs2' for CMake config files
[1.466s] Level 1:colcon.colcon_core.shell:create_environment_hook('rob599_msgs2', 'cmake_prefix_path')
[1.474s] INFO:colcon.colcon_core.shell:Creating environment hook '/home/ubuntu/ros2_ws2/install/rob599_msgs2/share/rob599_msgs2/hook/cmake_prefix_path.ps1'
[1.474s] INFO:colcon.colcon_core.shell:Creating environment descriptor '/home/ubuntu/ros2_ws2/install/rob599_msgs2/share/rob599_msgs2/hook/cmake_prefix_path.dsv'
[1.475s] INFO:colcon.colcon_core.shell:Creating environment hook '/home/ubuntu/ros2_ws2/install/rob599_msgs2/share/rob599_msgs2/hook/cmake_prefix_path.sh'
[1.475s] Level 1:colcon.colcon_core.environment:checking '/home/ubuntu/ros2_ws2/install/rob599_msgs2/lib'
[1.475s] Level 1:colcon.colcon_core.shell:create_environment_hook('rob599_msgs2', 'ld_library_path_lib')
[1.483s] INFO:colcon.colcon_core.shell:Creating environment hook '/home/ubuntu/ros2_ws2/install/rob599_msgs2/share/rob599_msgs2/hook/ld_library_path_lib.ps1'
[1.483s] INFO:colcon.colcon_core.shell:Creating environment descriptor '/home/ubuntu/ros2_ws2/install/rob599_msgs2/share/rob599_msgs2/hook/ld_library_path_lib.dsv'
[1.483s] INFO:colcon.colcon_core.shell:Creating environment hook '/home/ubuntu/ros2_ws2/install/rob599_msgs2/share/rob599_msgs2/hook/ld_library_path_lib.sh'
[1.484s] Level 1:colcon.colcon_core.environment:checking '/home/ubuntu/ros2_ws2/install/rob599_msgs2/bin'
[1.484s] Level 1:colcon.colcon_core.environment:checking '/home/ubuntu/ros2_ws2/install/rob599_msgs2/lib/pkgconfig/rob599_msgs2.pc'
[1.484s] Level 1:colcon.colcon_core.environment:checking '/home/ubuntu/ros2_ws2/install/rob599_msgs2/lib/python3.10/site-packages'
[1.484s] Level 1:colcon.colcon_core.environment:checking '/home/ubuntu/ros2_ws2/install/rob599_msgs2/bin'
[1.505s] INFO:colcon.colcon_core.shell:Creating package script '/home/ubuntu/ros2_ws2/install/rob599_msgs2/share/rob599_msgs2/package.ps1'
[1.506s] INFO:colcon.colcon_core.shell:Creating package descriptor '/home/ubuntu/ros2_ws2/install/rob599_msgs2/share/rob599_msgs2/package.dsv'
[1.506s] INFO:colcon.colcon_core.shell:Creating package script '/home/ubuntu/ros2_ws2/install/rob599_msgs2/share/rob599_msgs2/package.sh'
[1.506s] INFO:colcon.colcon_core.shell:Creating package script '/home/ubuntu/ros2_ws2/install/rob599_msgs2/share/rob599_msgs2/package.bash'
[1.507s] INFO:colcon.colcon_core.shell:Creating package script '/home/ubuntu/ros2_ws2/install/rob599_msgs2/share/rob599_msgs2/package.zsh'
[1.507s] Level 1:colcon.colcon_core.environment:create_file_with_runtime_dependencies(/home/ubuntu/ros2_ws2/install/rob599_msgs2/share/colcon-core/packages/rob599_msgs2)
[1.507s] INFO:colcon.colcon_ros.task.ament_python.build:Building ROS package in '/home/ubuntu/ros2_ws2/src/rob599_hw3' with build type 'ament_python'
[1.507s] Level 1:colcon.colcon_core.shell:create_environment_hook('rob599_hw3', 'ament_prefix_path')
[1.516s] INFO:colcon.colcon_core.shell:Creating environment hook '/home/ubuntu/ros2_ws2/install/rob599_hw3/share/rob599_hw3/hook/ament_prefix_path.ps1'
[1.516s] INFO:colcon.colcon_core.shell:Creating environment descriptor '/home/ubuntu/ros2_ws2/install/rob599_hw3/share/rob599_hw3/hook/ament_prefix_path.dsv'
[1.516s] INFO:colcon.colcon_core.shell:Creating environment hook '/home/ubuntu/ros2_ws2/install/rob599_hw3/share/rob599_hw3/hook/ament_prefix_path.sh'
[1.524s] INFO:colcon.colcon_core.shell:Skip shell extension 'powershell' for command environment: Not usable outside of PowerShell
[1.525s] DEBUG:colcon.colcon_core.shell:Skip shell extension 'dsv' for command environment
[1.723s] INFO:colcon.colcon_core.task.python.build:Building Python package in '/home/ubuntu/ros2_ws2/src/rob599_hw3'
[1.731s] INFO:colcon.colcon_core.shell:Skip shell extension 'powershell' for command environment: Not usable outside of PowerShell
[1.731s] DEBUG:colcon.colcon_core.shell:Skip shell extension 'dsv' for command environment
[1.981s] DEBUG:colcon.colcon_core.event_handler.log_command:Invoking command in '/home/ubuntu/ros2_ws2/src/rob599_hw3': CMAKE_PREFIX_PATH=/home/ubuntu/ros2_ws2/install/turtlebot3_gazebo:/home/ubuntu/ros2_ws2/install/rob599_msgs2:/home/ubuntu/ros2_ws2/install/turtlebot3_simulations:/home/ubuntu/ros2_ws2/install/turtlebot3_fake_node LD_LIBRARY_PATH=/home/ubuntu/ros2_ws2/install/rob599_msgs2/lib:/usr/lib/x86_64-linux-gnu/gazebo-11/plugins:/opt/ros/humble/opt/rviz_ogre_vendor/lib:/opt/ros/humble/lib/x86_64-linux-gnu:/opt/ros/humble/lib:/usr/lib/x86_64-linux-gnu/gazebo-11/plugins:/usr/lib/x86_64-linux-gnu/gazebo-11/plugins:/usr/lib/x86_64-linux-gnu/gazebo-11/plugins PYTHONPATH=/home/ubuntu/ros2_ws2/build/rob599_hw3/prefix_override:/home/ubuntu/ros2_ws2/install/rob599_hw3/lib/python3.10/site-packages:${PYTHONPATH} /usr/bin/python3 setup.py egg_info --egg-base ../../build/rob599_hw3 build --build-base /home/ubuntu/ros2_ws2/build/rob599_hw3/build install --record /home/ubuntu/ros2_ws2/build/rob599_hw3/install.log --single-version-externally-managed
[2.160s] DEBUG:colcon.colcon_core.event_handler.log_command:Invoked command in '/home/ubuntu/ros2_ws2/src/rob599_hw3' returned '0': CMAKE_PREFIX_PATH=/home/ubuntu/ros2_ws2/install/turtlebot3_gazebo:/home/ubuntu/ros2_ws2/install/rob599_msgs2:/home/ubuntu/ros2_ws2/install/turtlebot3_simulations:/home/ubuntu/ros2_ws2/install/turtlebot3_fake_node LD_LIBRARY_PATH=/home/ubuntu/ros2_ws2/install/rob599_msgs2/lib:/usr/lib/x86_64-linux-gnu/gazebo-11/plugins:/opt/ros/humble/opt/rviz_ogre_vendor/lib:/opt/ros/humble/lib/x86_64-linux-gnu:/opt/ros/humble/lib:/usr/lib/x86_64-linux-gnu/gazebo-11/plugins:/usr/lib/x86_64-linux-gnu/gazebo-11/plugins:/usr/lib/x86_64-linux-gnu/gazebo-11/plugins PYTHONPATH=/home/ubuntu/ros2_ws2/build/rob599_hw3/prefix_override:/home/ubuntu/ros2_ws2/install/rob599_hw3/lib/python3.10/site-packages:${PYTHONPATH} /usr/bin/python3 setup.py egg_info --egg-base ../../build/rob599_hw3 build --build-base /home/ubuntu/ros2_ws2/build/rob599_hw3/build install --record /home/ubuntu/ros2_ws2/build/rob599_hw3/install.log --single-version-externally-managed
[2.169s] Level 1:colcon.colcon_core.environment:checking '/home/ubuntu/ros2_ws2/install/rob599_hw3' for CMake module files
[2.169s] Level 1:colcon.colcon_core.environment:checking '/home/ubuntu/ros2_ws2/install/rob599_hw3' for CMake config files
[2.170s] Level 1:colcon.colcon_core.environment:checking '/home/ubuntu/ros2_ws2/install/rob599_hw3/lib'
[2.170s] Level 1:colcon.colcon_core.environment:checking '/home/ubuntu/ros2_ws2/install/rob599_hw3/bin'
[2.170s] Level 1:colcon.colcon_core.environment:checking '/home/ubuntu/ros2_ws2/install/rob599_hw3/lib/pkgconfig/rob599_hw3.pc'
[2.170s] Level 1:colcon.colcon_core.environment:checking '/home/ubuntu/ros2_ws2/install/rob599_hw3/lib/python3.10/site-packages'
[2.170s] Level 1:colcon.colcon_core.shell:create_environment_hook('rob599_hw3', 'pythonpath')
[2.177s] INFO:colcon.colcon_core.shell:Creating environment hook '/home/ubuntu/ros2_ws2/install/rob599_hw3/share/rob599_hw3/hook/pythonpath.ps1'
[2.178s] INFO:colcon.colcon_core.shell:Creating environment descriptor '/home/ubuntu/ros2_ws2/install/rob599_hw3/share/rob599_hw3/hook/pythonpath.dsv'
[2.178s] INFO:colcon.colcon_core.shell:Creating environment hook '/home/ubuntu/ros2_ws2/install/rob599_hw3/share/rob599_hw3/hook/pythonpath.sh'
[2.178s] Level 1:colcon.colcon_core.environment:checking '/home/ubuntu/ros2_ws2/install/rob599_hw3/bin'
[2.178s] Level 1:colcon.colcon_core.environment:create_environment_scripts_only(rob599_hw3)
[2.185s] INFO:colcon.colcon_core.shell:Creating package script '/home/ubuntu/ros2_ws2/install/rob599_hw3/share/rob599_hw3/package.ps1'
[2.186s] INFO:colcon.colcon_core.shell:Creating package descriptor '/home/ubuntu/ros2_ws2/install/rob599_hw3/share/rob599_hw3/package.dsv'
[2.186s] INFO:colcon.colcon_core.shell:Creating package script '/home/ubuntu/ros2_ws2/install/rob599_hw3/share/rob599_hw3/package.sh'
[2.186s] INFO:colcon.colcon_core.shell:Creating package script '/home/ubuntu/ros2_ws2/install/rob599_hw3/share/rob599_hw3/package.bash'
[2.186s] INFO:colcon.colcon_core.shell:Creating package script '/home/ubuntu/ros2_ws2/install/rob599_hw3/share/rob599_hw3/package.zsh'
[2.186s] Level 1:colcon.colcon_core.environment:create_file_with_runtime_dependencies(/home/ubuntu/ros2_ws2/install/rob599_hw3/share/colcon-core/packages/rob599_hw3)
[2.187s] DEBUG:colcon.colcon_parallel_executor.executor.parallel:closing loop
[2.187s] DEBUG:colcon.colcon_parallel_executor.executor.parallel:loop closed
[2.187s] DEBUG:colcon.colcon_parallel_executor.executor.parallel:run_until_complete finished with '0'
[2.187s] DEBUG:colcon.colcon_core.event_reactor:joining thread
[2.201s] INFO:colcon.colcon_core.plugin_system:Skipping extension 'colcon_notification.desktop_notification.terminal_notifier': Not used on non-Darwin systems
[2.201s] INFO:colcon.colcon_core.plugin_system:Skipping extension 'colcon_notification.desktop_notification.win32': Not used on non-Windows systems
[2.201s] INFO:colcon.colcon_notification.desktop_notification:Sending desktop notification using 'notify2'
[2.211s] DEBUG:colcon.colcon_core.event_reactor:joined thread
[2.219s] INFO:colcon.colcon_core.shell:Creating prefix script '/home/ubuntu/ros2_ws2/install/local_setup.ps1'
[2.219s] INFO:colcon.colcon_core.shell:Creating prefix util module '/home/ubuntu/ros2_ws2/install/_local_setup_util_ps1.py'
[2.220s] INFO:colcon.colcon_core.shell:Creating prefix chain script '/home/ubuntu/ros2_ws2/install/setup.ps1'
[2.228s] INFO:colcon.colcon_core.shell:Creating prefix script '/home/ubuntu/ros2_ws2/install/local_setup.sh'
[2.228s] INFO:colcon.colcon_core.shell:Creating prefix util module '/home/ubuntu/ros2_ws2/install/_local_setup_util_sh.py'
[2.228s] INFO:colcon.colcon_core.shell:Creating prefix chain script '/home/ubuntu/ros2_ws2/install/setup.sh'
[2.237s] INFO:colcon.colcon_core.shell:Creating prefix script '/home/ubuntu/ros2_ws2/install/local_setup.bash'
[2.237s] INFO:colcon.colcon_core.shell:Creating prefix chain script '/home/ubuntu/ros2_ws2/install/setup.bash'
[2.245s] INFO:colcon.colcon_core.shell:Creating prefix script '/home/ubuntu/ros2_ws2/install/local_setup.zsh'
[2.245s] INFO:colcon.colcon_core.shell:Creating prefix chain script '/home/ubuntu/ros2_ws2/install/setup.zsh'
